ARM GAS  /var/folders/sg/pxk9dyzj7jz_x3889hx3b3dw0000gn/T//ccdk3bmB.s 			page 1


   1              		.cpu cortex-m4
   2              		.arch armv7e-m
   3              		.fpu fpv4-sp-d16
   4              		.eabi_attribute 27, 1
   5              		.eabi_attribute 28, 1
   6              		.eabi_attribute 20, 1
   7              		.eabi_attribute 21, 1
   8              		.eabi_attribute 23, 3
   9              		.eabi_attribute 24, 1
  10              		.eabi_attribute 25, 1
  11              		.eabi_attribute 26, 1
  12              		.eabi_attribute 30, 1
  13              		.eabi_attribute 34, 1
  14              		.eabi_attribute 18, 4
  15              		.file	"c_board_comm.c"
  16              		.text
  17              	.Ltext0:
  18              		.cfi_sections	.debug_frame
  19              		.file 1 "Sentry/src/c_board_comm.c"
  20              		.section	.text.C_Board_Recv_Supercap_Info,"ax",%progbits
  21              		.align	1
  22              		.global	C_Board_Recv_Supercap_Info
  23              		.syntax unified
  24              		.thumb
  25              		.thumb_func
  27              	C_Board_Recv_Supercap_Info:
  28              	.LVL0:
  29              	.LFB144:
   1:Sentry/src/c_board_comm.c **** // Referenced https://github.com/PurdueRM/wlb/blob/main/src/app/src/board_comm_task.c
   2:Sentry/src/c_board_comm.c **** 
   3:Sentry/src/c_board_comm.c **** #include "c_board_comm.h"
   4:Sentry/src/c_board_comm.c **** #include "bsp_can.h"
   5:Sentry/src/c_board_comm.c **** #include "robot.h"
   6:Sentry/src/c_board_comm.c **** #include "referee_system.h"
   7:Sentry/src/c_board_comm.c **** #include "supercap.h"
   8:Sentry/src/c_board_comm.c **** Board_Comm_Package_t g_board_comm_package; // 
   9:Sentry/src/c_board_comm.c **** CAN_Instance_t *g_board_communication; // the master board 
  10:Sentry/src/c_board_comm.c **** // CAN_Instance_t *g_board_slave; // the slave board
  11:Sentry/src/c_board_comm.c **** extern Referee_System_t Referee_System;
  12:Sentry/src/c_board_comm.c **** extern Supercap_t g_supercap;
  13:Sentry/src/c_board_comm.c **** uint8_t g_board_comm_package_first_part_established = 0; // flag to check if the first part of the 
  14:Sentry/src/c_board_comm.c **** uint8_t g_board_comm_package_second_part_established = 0; // flag to check if the second part of th
  15:Sentry/src/c_board_comm.c **** uint8_t master_debug = 0;
  16:Sentry/src/c_board_comm.c **** uint8_t slave_debug = 0;
  17:Sentry/src/c_board_comm.c **** float entered_send = 0.0;
  18:Sentry/src/c_board_comm.c **** 
  19:Sentry/src/c_board_comm.c **** uint8_t g_board_comm_sending_pending = 0;
  20:Sentry/src/c_board_comm.c **** 
  21:Sentry/src/c_board_comm.c **** /**
  22:Sentry/src/c_board_comm.c ****  * @brief Registers the callback functions and inits the CAN_Instance_t
  23:Sentry/src/c_board_comm.c ****  *        depending on if its the master or the slave board
  24:Sentry/src/c_board_comm.c ****  * @param
  25:Sentry/src/c_board_comm.c ****  */
  26:Sentry/src/c_board_comm.c **** void C_Board_Comm_Task_Init() {
  27:Sentry/src/c_board_comm.c ****     #ifdef MASTER 
  28:Sentry/src/c_board_comm.c ****         #pragma message "Master C_Board_Comm_Task_Init() is complied"
  29:Sentry/src/c_board_comm.c ****         // g_board_master = CAN_Device_Register(1, 0x310, 0x300, C_Board_Recv_Supercap_Info);
ARM GAS  /var/folders/sg/pxk9dyzj7jz_x3889hx3b3dw0000gn/T//ccdk3bmB.s 			page 2


  30:Sentry/src/c_board_comm.c ****         // g_board_slave = CAN_Device_Register(1, 0x301, 0x311, C_Board_Recv_Ref_Info);
  31:Sentry/src/c_board_comm.c **** 
  32:Sentry/src/c_board_comm.c ****         master_debug = 1;
  33:Sentry/src/c_board_comm.c **** 
  34:Sentry/src/c_board_comm.c ****         g_board_communication = CAN_Device_Register(2, 0x10, 0x00, C_Board_Recv_Supercap_Info);
  35:Sentry/src/c_board_comm.c ****     #else 
  36:Sentry/src/c_board_comm.c ****         #pragma message "Slave C_Board_Comm_Task_Init() is compiled"
  37:Sentry/src/c_board_comm.c ****         // g_board_slave = CAN_Device_Register(1, 0x300, 0x310, C_Board_Recv_Supercap_Info);
  38:Sentry/src/c_board_comm.c ****         // g_board_master = CAN_Device_Register(1, 0x311, 0x301, C_Board_Recv_Ref_Info);
  39:Sentry/src/c_board_comm.c **** 
  40:Sentry/src/c_board_comm.c ****         // slave_debug = 1;
  41:Sentry/src/c_board_comm.c ****         g_board_communication = CAN_Device_Register(2, 0x00, 0x10, C_Board_Recv_Ref_Info);
  42:Sentry/src/c_board_comm.c ****     #endif
  43:Sentry/src/c_board_comm.c **** }
  44:Sentry/src/c_board_comm.c **** 
  45:Sentry/src/c_board_comm.c **** /**
  46:Sentry/src/c_board_comm.c ****  * @brief Callback function for receiving power limit info from 
  47:Sentry/src/c_board_comm.c ****  *        the master board
  48:Sentry/src/c_board_comm.c ****  * @param
  49:Sentry/src/c_board_comm.c ****  */
  50:Sentry/src/c_board_comm.c **** void C_Board_Recv_Ref_Info(CAN_Instance_t *can_instance)
  51:Sentry/src/c_board_comm.c **** {
  52:Sentry/src/c_board_comm.c ****     g_board_comm_package_first_part_established = 1; //debugging
  53:Sentry/src/c_board_comm.c ****     memcpy(&g_board_comm_package.power_limit, can_instance->rx_buffer, sizeof(uint16_t));
  54:Sentry/src/c_board_comm.c **** }
  55:Sentry/src/c_board_comm.c **** 
  56:Sentry/src/c_board_comm.c **** /**
  57:Sentry/src/c_board_comm.c ****  * @brief Callback function for receiving supercap info from
  58:Sentry/src/c_board_comm.c ****  *        the slave board
  59:Sentry/src/c_board_comm.c ****  * @param
  60:Sentry/src/c_board_comm.c ****  */
  61:Sentry/src/c_board_comm.c **** void C_Board_Recv_Supercap_Info(CAN_Instance_t* can_instance)
  62:Sentry/src/c_board_comm.c **** {
  30              		.loc 1 62 1 view -0
  31              		.cfi_startproc
  32              		@ args = 0, pretend = 0, frame = 0
  33              		@ frame_needed = 0, uses_anonymous_args = 0
  34              		@ link register save eliminated.
  63:Sentry/src/c_board_comm.c ****     g_board_comm_package_second_part_established = 1; // debugging
  35              		.loc 1 63 5 view .LVU1
  36              		.loc 1 63 50 is_stmt 0 view .LVU2
  37 0000 0F4B     		ldr	r3, .L2
  38 0002 0122     		movs	r2, #1
  39 0004 1A70     		strb	r2, [r3]
  64:Sentry/src/c_board_comm.c ****     memcpy(&g_board_comm_package.Vo, &can_instance->rx_buffer[0], sizeof(float));
  40              		.loc 1 64 5 is_stmt 1 view .LVU3
  41 0006 D0F81230 		ldr	r3, [r0, #18]	@ unaligned
  42 000a 0E49     		ldr	r1, .L2+4
  43 000c 0B60     		str	r3, [r1]
  65:Sentry/src/c_board_comm.c ****     memcpy(&g_board_comm_package.Ps, &can_instance->rx_buffer[sizeof(float)], sizeof(float));
  44              		.loc 1 65 5 view .LVU4
  45 000e D0F81620 		ldr	r2, [r0, #22]	@ unaligned
  46 0012 4A60     		str	r2, [r1, #4]
  66:Sentry/src/c_board_comm.c ****     g_supercap.Vo = g_board_comm_package.Vo; // update the supercap voltage
  47              		.loc 1 66 5 view .LVU5
  48 0014 07EE903A 		vmov	s15, r3
  49              		.loc 1 66 19 is_stmt 0 view .LVU6
ARM GAS  /var/folders/sg/pxk9dyzj7jz_x3889hx3b3dw0000gn/T//ccdk3bmB.s 			page 3


  50 0018 0B49     		ldr	r1, .L2+8
  51 001a 0B61     		str	r3, [r1, #16]	@ float
  67:Sentry/src/c_board_comm.c ****     g_supercap.Ps = g_board_comm_package.Ps; // update the supercap power reference
  52              		.loc 1 67 5 is_stmt 1 view .LVU7
  53              		.loc 1 67 19 is_stmt 0 view .LVU8
  54 001c CA61     		str	r2, [r1, #28]	@ float
  68:Sentry/src/c_board_comm.c ****     uint8_t supercap_percent = (g_supercap.Vo - SUPERCAP_DEPLETED_VOLTAGE) / (SUPERCAP_FULL_VOLTAGE
  55              		.loc 1 68 5 is_stmt 1 view .LVU9
  56              		.loc 1 68 47 is_stmt 0 view .LVU10
  57 001e F2EE086A 		vmov.f32	s13, #1.2e+1
  58 0022 77EEE67A 		vsub.f32	s15, s15, s13
  59              		.loc 1 68 76 view .LVU11
  60 0026 87EEA67A 		vdiv.f32	s14, s15, s13
  61              		.loc 1 68 130 view .LVU12
  62 002a DFED087A 		vldr.32	s15, .L2+12
  63 002e 67EE277A 		vmul.f32	s15, s14, s15
  64              		.loc 1 68 13 view .LVU13
  65 0032 FCEEE77A 		vcvt.u32.f32	s15, s15
  66 0036 17EE903A 		vmov	r3, s15	@ int
  67              	.LVL1:
  69:Sentry/src/c_board_comm.c ****     g_supercap.supercap_percent = supercap_percent;
  68              		.loc 1 69 5 is_stmt 1 view .LVU14
  69              		.loc 1 69 33 is_stmt 0 view .LVU15
  70 003a 8B72     		strb	r3, [r1, #10]
  70:Sentry/src/c_board_comm.c **** }
  71              		.loc 1 70 1 view .LVU16
  72 003c 7047     		bx	lr
  73              	.L3:
  74 003e 00BF     		.align	2
  75              	.L2:
  76 0040 00000000 		.word	g_board_comm_package_second_part_established
  77 0044 00000000 		.word	g_board_comm_package
  78 0048 00000000 		.word	g_supercap
  79 004c 0000C842 		.word	1120403456
  80              		.cfi_endproc
  81              	.LFE144:
  83              		.section	.text.C_Board_Comm_Task_Init,"ax",%progbits
  84              		.align	1
  85              		.global	C_Board_Comm_Task_Init
  86              		.syntax unified
  87              		.thumb
  88              		.thumb_func
  90              	C_Board_Comm_Task_Init:
  91              	.LFB142:
  26:Sentry/src/c_board_comm.c ****     #ifdef MASTER 
  92              		.loc 1 26 31 is_stmt 1 view -0
  93              		.cfi_startproc
  94              		@ args = 0, pretend = 0, frame = 0
  95              		@ frame_needed = 0, uses_anonymous_args = 0
  96 0000 08B5     		push	{r3, lr}
  97              	.LCFI0:
  98              		.cfi_def_cfa_offset 8
  99              		.cfi_offset 3, -8
 100              		.cfi_offset 14, -4
  32:Sentry/src/c_board_comm.c **** 
 101              		.loc 1 32 9 view .LVU18
  32:Sentry/src/c_board_comm.c **** 
ARM GAS  /var/folders/sg/pxk9dyzj7jz_x3889hx3b3dw0000gn/T//ccdk3bmB.s 			page 4


 102              		.loc 1 32 22 is_stmt 0 view .LVU19
 103 0002 064B     		ldr	r3, .L6
 104 0004 0122     		movs	r2, #1
 105 0006 1A70     		strb	r2, [r3]
  34:Sentry/src/c_board_comm.c ****     #else 
 106              		.loc 1 34 9 is_stmt 1 view .LVU20
  34:Sentry/src/c_board_comm.c ****     #else 
 107              		.loc 1 34 33 is_stmt 0 view .LVU21
 108 0008 054B     		ldr	r3, .L6+4
 109 000a 0022     		movs	r2, #0
 110 000c 1021     		movs	r1, #16
 111 000e 0220     		movs	r0, #2
 112 0010 FFF7FEFF 		bl	CAN_Device_Register
 113              	.LVL2:
  34:Sentry/src/c_board_comm.c ****     #else 
 114              		.loc 1 34 31 discriminator 1 view .LVU22
 115 0014 034B     		ldr	r3, .L6+8
 116 0016 1860     		str	r0, [r3]
  43:Sentry/src/c_board_comm.c **** 
 117              		.loc 1 43 1 view .LVU23
 118 0018 08BD     		pop	{r3, pc}
 119              	.L7:
 120 001a 00BF     		.align	2
 121              	.L6:
 122 001c 00000000 		.word	master_debug
 123 0020 00000000 		.word	C_Board_Recv_Supercap_Info
 124 0024 00000000 		.word	g_board_communication
 125              		.cfi_endproc
 126              	.LFE142:
 128              		.section	.text.C_Board_Recv_Ref_Info,"ax",%progbits
 129              		.align	1
 130              		.global	C_Board_Recv_Ref_Info
 131              		.syntax unified
 132              		.thumb
 133              		.thumb_func
 135              	C_Board_Recv_Ref_Info:
 136              	.LVL3:
 137              	.LFB143:
  51:Sentry/src/c_board_comm.c ****     g_board_comm_package_first_part_established = 1; //debugging
 138              		.loc 1 51 1 is_stmt 1 view -0
 139              		.cfi_startproc
 140              		@ args = 0, pretend = 0, frame = 0
 141              		@ frame_needed = 0, uses_anonymous_args = 0
 142              		@ link register save eliminated.
  52:Sentry/src/c_board_comm.c ****     memcpy(&g_board_comm_package.power_limit, can_instance->rx_buffer, sizeof(uint16_t));
 143              		.loc 1 52 5 view .LVU25
  52:Sentry/src/c_board_comm.c ****     memcpy(&g_board_comm_package.power_limit, can_instance->rx_buffer, sizeof(uint16_t));
 144              		.loc 1 52 49 is_stmt 0 view .LVU26
 145 0000 034B     		ldr	r3, .L9
 146 0002 0122     		movs	r2, #1
 147 0004 1A70     		strb	r2, [r3]
  53:Sentry/src/c_board_comm.c **** }
 148              		.loc 1 53 5 is_stmt 1 view .LVU27
 149 0006 428A     		ldrh	r2, [r0, #18]	@ unaligned
 150 0008 024B     		ldr	r3, .L9+4
 151 000a 1A81     		strh	r2, [r3, #8]	@ movhi
  54:Sentry/src/c_board_comm.c **** 
ARM GAS  /var/folders/sg/pxk9dyzj7jz_x3889hx3b3dw0000gn/T//ccdk3bmB.s 			page 5


 152              		.loc 1 54 1 is_stmt 0 view .LVU28
 153 000c 7047     		bx	lr
 154              	.L10:
 155 000e 00BF     		.align	2
 156              	.L9:
 157 0010 00000000 		.word	g_board_comm_package_first_part_established
 158 0014 00000000 		.word	g_board_comm_package
 159              		.cfi_endproc
 160              	.LFE143:
 162              		.section	.text.C_Board_Comm_Send_Loop,"ax",%progbits
 163              		.align	1
 164              		.global	C_Board_Comm_Send_Loop
 165              		.syntax unified
 166              		.thumb
 167              		.thumb_func
 169              	C_Board_Comm_Send_Loop:
 170              	.LFB145:
  71:Sentry/src/c_board_comm.c **** 
  72:Sentry/src/c_board_comm.c **** /**
  73:Sentry/src/c_board_comm.c ****  * @brief Send the info over the can.
  74:Sentry/src/c_board_comm.c ****  *        Make sure you call CAN_Transmit(g_board_communication)
  75:Sentry/src/c_board_comm.c ****  *        in the motor_tasks.
  76:Sentry/src/c_board_comm.c ****  *        If nothing is sending, please make sure the CAN/Board is powered
  77:Sentry/src/c_board_comm.c ****  *        with 5V or more. 3.3V was not enough
  78:Sentry/src/c_board_comm.c ****  * @param
  79:Sentry/src/c_board_comm.c ****  */
  80:Sentry/src/c_board_comm.c **** void C_Board_Comm_Send_Loop()
  81:Sentry/src/c_board_comm.c **** {
 171              		.loc 1 81 1 is_stmt 1 view -0
 172              		.cfi_startproc
 173              		@ args = 0, pretend = 0, frame = 0
 174              		@ frame_needed = 0, uses_anonymous_args = 0
 175              		@ link register save eliminated.
  82:Sentry/src/c_board_comm.c ****     #ifdef MASTER
  83:Sentry/src/c_board_comm.c ****         uint8_t chassis_powered_on = 0;
 176              		.loc 1 83 9 view .LVU30
 177              	.LVL4:
  84:Sentry/src/c_board_comm.c ****         if (Referee_System.Robot_State.Chassis_Power_Output == 0) {
 178              		.loc 1 84 9 view .LVU31
 179              		.loc 1 84 61 is_stmt 0 view .LVU32
 180 0000 0A4B     		ldr	r3, .L14
 181 0002 93F85D31 		ldrb	r3, [r3, #349]	@ zero_extendqisi2
 182              		.loc 1 84 12 view .LVU33
 183 0006 13F00203 		ands	r3, r3, #2
 184 000a 00D0     		beq	.L12
  85:Sentry/src/c_board_comm.c ****             chassis_powered_on = 0;
  86:Sentry/src/c_board_comm.c ****         }
  87:Sentry/src/c_board_comm.c ****         else {
  88:Sentry/src/c_board_comm.c ****             chassis_powered_on = 1;
 185              		.loc 1 88 32 view .LVU34
 186 000c 0123     		movs	r3, #1
 187              	.L12:
 188              	.LVL5:
  89:Sentry/src/c_board_comm.c ****         }
  90:Sentry/src/c_board_comm.c ****         uint16_t max_power = Referee_System.Robot_State.Chassis_Power_Max >= 100 ? 100 : Referee_Sy
 189              		.loc 1 90 9 is_stmt 1 view .LVU35
 190              		.loc 1 90 56 is_stmt 0 view .LVU36
ARM GAS  /var/folders/sg/pxk9dyzj7jz_x3889hx3b3dw0000gn/T//ccdk3bmB.s 			page 6


 191 000e 074A     		ldr	r2, .L14
 192 0010 B2F85B21 		ldrh	r2, [r2, #347]	@ unaligned
 193              		.loc 1 90 88 view .LVU37
 194 0014 642A     		cmp	r2, #100
 195 0016 28BF     		it	cs
 196 0018 6422     		movcs	r2, #100
 197              	.LVL6:
  91:Sentry/src/c_board_comm.c ****         memcpy(&(g_board_communication->tx_buffer[0]), &(max_power), sizeof(uint16_t)); // &(Refere
 198              		.loc 1 91 9 is_stmt 1 view .LVU38
 199              		.loc 1 91 39 is_stmt 0 view .LVU39
 200 001a 0549     		ldr	r1, .L14+4
 201 001c 0968     		ldr	r1, [r1]
 202              		.loc 1 91 9 view .LVU40
 203 001e 4A81     		strh	r2, [r1, #10]	@ unaligned
  92:Sentry/src/c_board_comm.c ****         memcpy(&(g_board_communication->tx_buffer[sizeof(uint16_t)]), &(chassis_powered_on), sizeof
 204              		.loc 1 92 9 is_stmt 1 view .LVU41
 205 0020 0B73     		strb	r3, [r1, #12]
  93:Sentry/src/c_board_comm.c ****         g_board_comm_sending_pending = 1;
 206              		.loc 1 93 9 view .LVU42
 207              		.loc 1 93 38 is_stmt 0 view .LVU43
 208 0022 044B     		ldr	r3, .L14+8
 209              	.LVL7:
 210              		.loc 1 93 38 view .LVU44
 211 0024 0122     		movs	r2, #1
 212              	.LVL8:
 213              		.loc 1 93 38 view .LVU45
 214 0026 1A70     		strb	r2, [r3]
  94:Sentry/src/c_board_comm.c ****     #else
  95:Sentry/src/c_board_comm.c ****         memcpy(&(g_board_communication->tx_buffer[0]), &(g_supercap.Vo), sizeof(float)); // Vo
  96:Sentry/src/c_board_comm.c ****         memcpy(&(g_board_communication->tx_buffer[sizeof(float)]), &(g_supercap.Ps), sizeof(float))
  97:Sentry/src/c_board_comm.c ****         // g_board_communication->tx_buffer[0] = 1;
  98:Sentry/src/c_board_comm.c ****         // g_board_communication->tx_buffer[1] = 2;
  99:Sentry/src/c_board_comm.c ****         // g_board_communication->tx_buffer[2] = 3;
 100:Sentry/src/c_board_comm.c ****         // g_board_communication->tx_buffer[3] = 4;
 101:Sentry/src/c_board_comm.c ****         // g_board_communication->tx_buffer[4] = 5;
 102:Sentry/src/c_board_comm.c ****         // g_board_communication->tx_buffer[5] = 6;
 103:Sentry/src/c_board_comm.c ****         // g_board_communication->tx_buffer[6] = 7;
 104:Sentry/src/c_board_comm.c ****         // g_board_communication->tx_buffer[7] = 8; // TODO: REMOVE THIS LATER. FOR DEBUGGING PURPO
 105:Sentry/src/c_board_comm.c ****         g_board_comm_sending_pending = 1;
 106:Sentry/src/c_board_comm.c ****     #endif
 107:Sentry/src/c_board_comm.c **** 
 108:Sentry/src/c_board_comm.c ****     // entered_send += 0.0001; // TODO DELETE LATER AFTER DEBUGGING. CAUSES MEMORY ERROR
 109:Sentry/src/c_board_comm.c **** }...
 215              		.loc 1 109 1 view .LVU46
 216 0028 7047     		bx	lr
 217              	.L15:
 218 002a 00BF     		.align	2
 219              	.L14:
 220 002c 00000000 		.word	Referee_System
 221 0030 00000000 		.word	g_board_communication
 222 0034 00000000 		.word	g_board_comm_sending_pending
 223              		.cfi_endproc
 224              	.LFE145:
 226              		.global	g_board_comm_sending_pending
 227              		.section	.bss.g_board_comm_sending_pending,"aw",%nobits
 230              	g_board_comm_sending_pending:
 231 0000 00       		.space	1
ARM GAS  /var/folders/sg/pxk9dyzj7jz_x3889hx3b3dw0000gn/T//ccdk3bmB.s 			page 7


 232              		.global	entered_send
 233              		.section	.bss.entered_send,"aw",%nobits
 234              		.align	2
 237              	entered_send:
 238 0000 00000000 		.space	4
 239              		.global	slave_debug
 240              		.section	.bss.slave_debug,"aw",%nobits
 243              	slave_debug:
 244 0000 00       		.space	1
 245              		.global	master_debug
 246              		.section	.bss.master_debug,"aw",%nobits
 249              	master_debug:
 250 0000 00       		.space	1
 251              		.global	g_board_comm_package_second_part_established
 252              		.section	.bss.g_board_comm_package_second_part_established,"aw",%nobits
 255              	g_board_comm_package_second_part_established:
 256 0000 00       		.space	1
 257              		.global	g_board_comm_package_first_part_established
 258              		.section	.bss.g_board_comm_package_first_part_established,"aw",%nobits
 261              	g_board_comm_package_first_part_established:
 262 0000 00       		.space	1
 263              		.global	g_board_communication
 264              		.section	.bss.g_board_communication,"aw",%nobits
 265              		.align	2
 268              	g_board_communication:
 269 0000 00000000 		.space	4
 270              		.global	g_board_comm_package
 271              		.section	.bss.g_board_comm_package,"aw",%nobits
 272              		.align	2
 275              	g_board_comm_package:
 276 0000 00000000 		.space	12
 276      00000000 
 276      00000000 
 277              		.text
 278              	.Letext0:
 279              		.file 2 "/Applications/ArmGNUToolchain/14.3.rel1/arm-none-eabi/arm-none-eabi/include/machine/_defa
 280              		.file 3 "/Applications/ArmGNUToolchain/14.3.rel1/arm-none-eabi/arm-none-eabi/include/sys/_stdint.h
 281              		.file 4 "control-base/typec-board-base/Drivers/CMSIS/Device/ST/STM32F4xx/Include/stm32f407xx.h"
 282              		.file 5 "control-base/typec-board-base/Drivers/CMSIS/Device/ST/STM32F4xx/Include/stm32f4xx.h"
 283              		.file 6 "control-base/typec-board-base/Drivers/STM32F4xx_HAL_Driver/Inc/stm32f4xx_hal_def.h"
 284              		.file 7 "control-base/typec-board-base/Drivers/STM32F4xx_HAL_Driver/Inc/stm32f4xx_hal_dma.h"
 285              		.file 8 "control-base/typec-board-base/Drivers/STM32F4xx_HAL_Driver/Inc/stm32f4xx_hal_can.h"
 286              		.file 9 "control-base/typec-board-base/Drivers/STM32F4xx_HAL_Driver/Inc/stm32f4xx_hal_uart.h"
 287              		.file 10 "Sentry/inc/c_board_comm.h"
 288              		.file 11 "control-base/bsp/inc/bsp_can.h"
 289              		.file 12 "control-base/devices/inc/supercap.h"
 290              		.file 13 "control-base/devices/inc/referee_system.h"
ARM GAS  /var/folders/sg/pxk9dyzj7jz_x3889hx3b3dw0000gn/T//ccdk3bmB.s 			page 8


DEFINED SYMBOLS
                            *ABS*:00000000 c_board_comm.c
/var/folders/sg/pxk9dyzj7jz_x3889hx3b3dw0000gn/T//ccdk3bmB.s:21     .text.C_Board_Recv_Supercap_Info:00000000 $t
/var/folders/sg/pxk9dyzj7jz_x3889hx3b3dw0000gn/T//ccdk3bmB.s:27     .text.C_Board_Recv_Supercap_Info:00000000 C_Board_Recv_Supercap_Info
/var/folders/sg/pxk9dyzj7jz_x3889hx3b3dw0000gn/T//ccdk3bmB.s:76     .text.C_Board_Recv_Supercap_Info:00000040 $d
/var/folders/sg/pxk9dyzj7jz_x3889hx3b3dw0000gn/T//ccdk3bmB.s:255    .bss.g_board_comm_package_second_part_established:00000000 g_board_comm_package_second_part_established
/var/folders/sg/pxk9dyzj7jz_x3889hx3b3dw0000gn/T//ccdk3bmB.s:275    .bss.g_board_comm_package:00000000 g_board_comm_package
/var/folders/sg/pxk9dyzj7jz_x3889hx3b3dw0000gn/T//ccdk3bmB.s:84     .text.C_Board_Comm_Task_Init:00000000 $t
/var/folders/sg/pxk9dyzj7jz_x3889hx3b3dw0000gn/T//ccdk3bmB.s:90     .text.C_Board_Comm_Task_Init:00000000 C_Board_Comm_Task_Init
/var/folders/sg/pxk9dyzj7jz_x3889hx3b3dw0000gn/T//ccdk3bmB.s:122    .text.C_Board_Comm_Task_Init:0000001c $d
/var/folders/sg/pxk9dyzj7jz_x3889hx3b3dw0000gn/T//ccdk3bmB.s:249    .bss.master_debug:00000000 master_debug
/var/folders/sg/pxk9dyzj7jz_x3889hx3b3dw0000gn/T//ccdk3bmB.s:268    .bss.g_board_communication:00000000 g_board_communication
/var/folders/sg/pxk9dyzj7jz_x3889hx3b3dw0000gn/T//ccdk3bmB.s:129    .text.C_Board_Recv_Ref_Info:00000000 $t
/var/folders/sg/pxk9dyzj7jz_x3889hx3b3dw0000gn/T//ccdk3bmB.s:135    .text.C_Board_Recv_Ref_Info:00000000 C_Board_Recv_Ref_Info
/var/folders/sg/pxk9dyzj7jz_x3889hx3b3dw0000gn/T//ccdk3bmB.s:157    .text.C_Board_Recv_Ref_Info:00000010 $d
/var/folders/sg/pxk9dyzj7jz_x3889hx3b3dw0000gn/T//ccdk3bmB.s:261    .bss.g_board_comm_package_first_part_established:00000000 g_board_comm_package_first_part_established
/var/folders/sg/pxk9dyzj7jz_x3889hx3b3dw0000gn/T//ccdk3bmB.s:163    .text.C_Board_Comm_Send_Loop:00000000 $t
/var/folders/sg/pxk9dyzj7jz_x3889hx3b3dw0000gn/T//ccdk3bmB.s:169    .text.C_Board_Comm_Send_Loop:00000000 C_Board_Comm_Send_Loop
/var/folders/sg/pxk9dyzj7jz_x3889hx3b3dw0000gn/T//ccdk3bmB.s:220    .text.C_Board_Comm_Send_Loop:0000002c $d
/var/folders/sg/pxk9dyzj7jz_x3889hx3b3dw0000gn/T//ccdk3bmB.s:230    .bss.g_board_comm_sending_pending:00000000 g_board_comm_sending_pending
/var/folders/sg/pxk9dyzj7jz_x3889hx3b3dw0000gn/T//ccdk3bmB.s:231    .bss.g_board_comm_sending_pending:00000000 $d
/var/folders/sg/pxk9dyzj7jz_x3889hx3b3dw0000gn/T//ccdk3bmB.s:237    .bss.entered_send:00000000 entered_send
/var/folders/sg/pxk9dyzj7jz_x3889hx3b3dw0000gn/T//ccdk3bmB.s:234    .bss.entered_send:00000000 $d
/var/folders/sg/pxk9dyzj7jz_x3889hx3b3dw0000gn/T//ccdk3bmB.s:243    .bss.slave_debug:00000000 slave_debug
/var/folders/sg/pxk9dyzj7jz_x3889hx3b3dw0000gn/T//ccdk3bmB.s:244    .bss.slave_debug:00000000 $d
/var/folders/sg/pxk9dyzj7jz_x3889hx3b3dw0000gn/T//ccdk3bmB.s:250    .bss.master_debug:00000000 $d
/var/folders/sg/pxk9dyzj7jz_x3889hx3b3dw0000gn/T//ccdk3bmB.s:256    .bss.g_board_comm_package_second_part_established:00000000 $d
/var/folders/sg/pxk9dyzj7jz_x3889hx3b3dw0000gn/T//ccdk3bmB.s:262    .bss.g_board_comm_package_first_part_established:00000000 $d
/var/folders/sg/pxk9dyzj7jz_x3889hx3b3dw0000gn/T//ccdk3bmB.s:265    .bss.g_board_communication:00000000 $d
/var/folders/sg/pxk9dyzj7jz_x3889hx3b3dw0000gn/T//ccdk3bmB.s:272    .bss.g_board_comm_package:00000000 $d

UNDEFINED SYMBOLS
g_supercap
CAN_Device_Register
Referee_System
