ARM GAS  /var/folders/sg/pxk9dyzj7jz_x3889hx3b3dw0000gn/T//ccR9II1U.s 			page 1


   1              		.cpu cortex-m4
   2              		.arch armv7e-m
   3              		.fpu fpv4-sp-d16
   4              		.eabi_attribute 27, 1
   5              		.eabi_attribute 28, 1
   6              		.eabi_attribute 20, 1
   7              		.eabi_attribute 21, 1
   8              		.eabi_attribute 23, 3
   9              		.eabi_attribute 24, 1
  10              		.eabi_attribute 25, 1
  11              		.eabi_attribute 26, 1
  12              		.eabi_attribute 30, 1
  13              		.eabi_attribute 34, 1
  14              		.eabi_attribute 18, 4
  15              		.file	"robot.c"
  16              		.text
  17              	.Ltext0:
  18              		.cfi_sections	.debug_frame
  19              		.file 1 "Sentry/src/robot.c"
  20              		.section	.text.Robot_Tasks_UI,"ax",%progbits
  21              		.align	1
  22              		.global	Robot_Tasks_UI
  23              		.syntax unified
  24              		.thumb
  25              		.thumb_func
  27              	Robot_Tasks_UI:
  28              	.LVL0:
  29              	.LFB146:
  30              		.file 2 "Sentry/inc/robot_tasks.h"
   1:Sentry/inc/robot_tasks.h **** #pragma once
   2:Sentry/inc/robot_tasks.h **** 
   3:Sentry/inc/robot_tasks.h **** #include "FreeRTOS.h"
   4:Sentry/inc/robot_tasks.h **** #include "task.h"
   5:Sentry/inc/robot_tasks.h **** #include "main.h"
   6:Sentry/inc/robot_tasks.h **** #include "cmsis_os.h"
   7:Sentry/inc/robot_tasks.h **** 
   8:Sentry/inc/robot_tasks.h **** #include "robot.h"
   9:Sentry/inc/robot_tasks.h **** #include "launch_task.h"
  10:Sentry/inc/robot_tasks.h **** #include "motor_task.h"
  11:Sentry/inc/robot_tasks.h **** #include "debug_task.h"
  12:Sentry/inc/robot_tasks.h **** #include "jetson_orin.h"
  13:Sentry/inc/robot_tasks.h **** #include "bsp_serial.h"
  14:Sentry/inc/robot_tasks.h **** #include "bsp_daemon.h"
  15:Sentry/inc/robot_tasks.h **** #include "c_board_comm.h"
  16:Sentry/inc/robot_tasks.h **** 
  17:Sentry/inc/robot_tasks.h **** extern void IMU_Task(void const *pvParameters);
  18:Sentry/inc/robot_tasks.h **** 
  19:Sentry/inc/robot_tasks.h **** osThreadId imu_task_handle;
  20:Sentry/inc/robot_tasks.h **** osThreadId robot_command_task_handle;
  21:Sentry/inc/robot_tasks.h **** osThreadId motor_task_handle;
  22:Sentry/inc/robot_tasks.h **** osThreadId ui_task_handle;
  23:Sentry/inc/robot_tasks.h **** osThreadId debug_task_handle;
  24:Sentry/inc/robot_tasks.h **** osThreadId jetson_orin_task_handle;
  25:Sentry/inc/robot_tasks.h **** osThreadId daemon_task_handle;
  26:Sentry/inc/robot_tasks.h **** osThreadId c_board_comm_task_handle;
  27:Sentry/inc/robot_tasks.h **** 
  28:Sentry/inc/robot_tasks.h **** void Robot_Tasks_Robot_Command(void const *argument);
ARM GAS  /var/folders/sg/pxk9dyzj7jz_x3889hx3b3dw0000gn/T//ccR9II1U.s 			page 2


  29:Sentry/inc/robot_tasks.h **** void Robot_Tasks_Motor(void const *argument);
  30:Sentry/inc/robot_tasks.h **** void Robot_Tasks_IMU(void const *argument);
  31:Sentry/inc/robot_tasks.h **** void Robot_Tasks_UI(void const *argument);
  32:Sentry/inc/robot_tasks.h **** void Robot_Tasks_Debug(void const *argument);
  33:Sentry/inc/robot_tasks.h **** void Robot_Tasks_Jetson_Orin(void const *argument);
  34:Sentry/inc/robot_tasks.h **** void Robot_Tasks_Daemon(void const *argument);
  35:Sentry/inc/robot_tasks.h **** void Robot_Tasks_C_Board_Comm(void const *argument);
  36:Sentry/inc/robot_tasks.h **** 
  37:Sentry/inc/robot_tasks.h **** void Robot_Tasks_Start()
  38:Sentry/inc/robot_tasks.h **** {
  39:Sentry/inc/robot_tasks.h ****     osThreadDef(imu_task, Robot_Tasks_IMU, osPriorityAboveNormal, 0, 1024);
  40:Sentry/inc/robot_tasks.h ****     imu_task_handle = osThreadCreate(osThread(imu_task), NULL);
  41:Sentry/inc/robot_tasks.h **** 
  42:Sentry/inc/robot_tasks.h ****     osThreadDef(motor_task, Robot_Tasks_Motor, osPriorityAboveNormal, 0, 256);
  43:Sentry/inc/robot_tasks.h ****     motor_task_handle = osThreadCreate(osThread(motor_task), NULL);
  44:Sentry/inc/robot_tasks.h **** 
  45:Sentry/inc/robot_tasks.h ****     osThreadDef(robot_command_task, Robot_Tasks_Robot_Command, osPriorityAboveNormal, 0, 256);
  46:Sentry/inc/robot_tasks.h ****     robot_command_task_handle = osThreadCreate(osThread(robot_command_task), NULL);
  47:Sentry/inc/robot_tasks.h **** 
  48:Sentry/inc/robot_tasks.h ****     osThreadDef(ui_task, Robot_Tasks_UI, osPriorityAboveNormal, 0, 256);
  49:Sentry/inc/robot_tasks.h ****     ui_task_handle = osThreadCreate(osThread(ui_task), NULL);
  50:Sentry/inc/robot_tasks.h **** 
  51:Sentry/inc/robot_tasks.h ****     osThreadDef(debug_task, Robot_Tasks_Debug, osPriorityAboveNormal, 0, 256);
  52:Sentry/inc/robot_tasks.h ****     debug_task_handle = osThreadCreate(osThread(debug_task), NULL);
  53:Sentry/inc/robot_tasks.h **** 
  54:Sentry/inc/robot_tasks.h ****     osThreadDef(jetson_orin_task, Robot_Tasks_Jetson_Orin, osPriorityAboveNormal, 0, 256);
  55:Sentry/inc/robot_tasks.h ****     jetson_orin_task_handle = osThreadCreate(osThread(jetson_orin_task), NULL);
  56:Sentry/inc/robot_tasks.h **** 
  57:Sentry/inc/robot_tasks.h ****     osThreadDef(daemon_task, Robot_Tasks_Daemon, osPriorityAboveNormal, 0, 256);
  58:Sentry/inc/robot_tasks.h ****     daemon_task_handle = osThreadCreate(osThread(daemon_task), NULL);
  59:Sentry/inc/robot_tasks.h **** 
  60:Sentry/inc/robot_tasks.h ****     osThreadDef(c_board_comm_task, Robot_Tasks_C_Board_Comm, osPriorityAboveNormal, 0, 256);
  61:Sentry/inc/robot_tasks.h ****     c_board_comm_task_handle = osThreadCreate(osThread(c_board_comm_task), NULL);
  62:Sentry/inc/robot_tasks.h **** }
  63:Sentry/inc/robot_tasks.h **** 
  64:Sentry/inc/robot_tasks.h **** void Robot_Tasks_Robot_Command(void const *argument)
  65:Sentry/inc/robot_tasks.h **** {
  66:Sentry/inc/robot_tasks.h ****     portTickType xLastWakeTime;
  67:Sentry/inc/robot_tasks.h ****     xLastWakeTime = xTaskGetTickCount();
  68:Sentry/inc/robot_tasks.h ****     const TickType_t TimeIncrement = pdMS_TO_TICKS(2);
  69:Sentry/inc/robot_tasks.h ****     while (1)
  70:Sentry/inc/robot_tasks.h ****     {
  71:Sentry/inc/robot_tasks.h ****         Robot_Command_Loop();
  72:Sentry/inc/robot_tasks.h ****         vTaskDelayUntil(&xLastWakeTime, TimeIncrement);
  73:Sentry/inc/robot_tasks.h ****     }
  74:Sentry/inc/robot_tasks.h **** }
  75:Sentry/inc/robot_tasks.h **** 
  76:Sentry/inc/robot_tasks.h **** __weak void Robot_Tasks_IMU(void const *argument)
  77:Sentry/inc/robot_tasks.h **** {
  78:Sentry/inc/robot_tasks.h ****     IMU_Task(argument);
  79:Sentry/inc/robot_tasks.h **** }
  80:Sentry/inc/robot_tasks.h **** 
  81:Sentry/inc/robot_tasks.h **** void Robot_Tasks_Motor(void const *argument)
  82:Sentry/inc/robot_tasks.h **** {
  83:Sentry/inc/robot_tasks.h ****     portTickType xLastWakeTime;
  84:Sentry/inc/robot_tasks.h ****     xLastWakeTime = xTaskGetTickCount();
  85:Sentry/inc/robot_tasks.h ****     const TickType_t TimeIncrement = pdMS_TO_TICKS(1);
ARM GAS  /var/folders/sg/pxk9dyzj7jz_x3889hx3b3dw0000gn/T//ccR9II1U.s 			page 3


  86:Sentry/inc/robot_tasks.h ****     while (1)
  87:Sentry/inc/robot_tasks.h ****     {
  88:Sentry/inc/robot_tasks.h ****         Motor_Task_Loop();
  89:Sentry/inc/robot_tasks.h ****         vTaskDelayUntil(&xLastWakeTime, TimeIncrement);
  90:Sentry/inc/robot_tasks.h ****     }
  91:Sentry/inc/robot_tasks.h **** }
  92:Sentry/inc/robot_tasks.h **** 
  93:Sentry/inc/robot_tasks.h **** void Robot_Tasks_UI(void const *argument)
  94:Sentry/inc/robot_tasks.h **** {
  31              		.loc 2 94 1 view -0
  32              		.cfi_startproc
  33              		@ args = 0, pretend = 0, frame = 8
  34              		@ frame_needed = 0, uses_anonymous_args = 0
  35              		.loc 2 94 1 is_stmt 0 view .LVU1
  36 0000 00B5     		push	{lr}
  37              	.LCFI0:
  38              		.cfi_def_cfa_offset 4
  39              		.cfi_offset 14, -4
  40 0002 83B0     		sub	sp, sp, #12
  41              	.LCFI1:
  42              		.cfi_def_cfa_offset 16
  95:Sentry/inc/robot_tasks.h ****     portTickType xLastWakeTime;
  43              		.loc 2 95 5 is_stmt 1 view .LVU2
  96:Sentry/inc/robot_tasks.h ****     xLastWakeTime = xTaskGetTickCount();
  44              		.loc 2 96 5 view .LVU3
  45              		.loc 2 96 21 is_stmt 0 view .LVU4
  46 0004 FFF7FEFF 		bl	xTaskGetTickCount
  47              	.LVL1:
  48              		.loc 2 96 19 discriminator 1 view .LVU5
  49 0008 0190     		str	r0, [sp, #4]
  97:Sentry/inc/robot_tasks.h ****     const TickType_t TimeIncrement = pdMS_TO_TICKS(1);
  50              		.loc 2 97 5 is_stmt 1 view .LVU6
  51              	.LVL2:
  52              	.L2:
  98:Sentry/inc/robot_tasks.h ****     while (1)
  53              		.loc 2 98 5 view .LVU7
  99:Sentry/inc/robot_tasks.h ****     {
 100:Sentry/inc/robot_tasks.h ****         // UI_Task_Loop();
 101:Sentry/inc/robot_tasks.h ****         vTaskDelayUntil(&xLastWakeTime, TimeIncrement);
  54              		.loc 2 101 9 discriminator 1 view .LVU8
  55 000a 0121     		movs	r1, #1
  56 000c 01A8     		add	r0, sp, #4
  57 000e FFF7FEFF 		bl	vTaskDelayUntil
  58              	.LVL3:
  98:Sentry/inc/robot_tasks.h ****     while (1)
  59              		.loc 2 98 11 view .LVU9
  60 0012 FAE7     		b	.L2
  61              		.cfi_endproc
  62              	.LFE146:
  64              		.section	.text.Robot_Tasks_IMU,"ax",%progbits
  65              		.align	1
  66              		.weak	Robot_Tasks_IMU
  67              		.syntax unified
  68              		.thumb
  69              		.thumb_func
  71              	Robot_Tasks_IMU:
  72              	.LVL4:
ARM GAS  /var/folders/sg/pxk9dyzj7jz_x3889hx3b3dw0000gn/T//ccR9II1U.s 			page 4


  73              	.LFB144:
  77:Sentry/inc/robot_tasks.h ****     IMU_Task(argument);
  74              		.loc 2 77 1 view -0
  75              		.cfi_startproc
  76              		@ args = 0, pretend = 0, frame = 0
  77              		@ frame_needed = 0, uses_anonymous_args = 0
  77:Sentry/inc/robot_tasks.h ****     IMU_Task(argument);
  78              		.loc 2 77 1 is_stmt 0 view .LVU11
  79 0000 08B5     		push	{r3, lr}
  80              	.LCFI2:
  81              		.cfi_def_cfa_offset 8
  82              		.cfi_offset 3, -8
  83              		.cfi_offset 14, -4
  78:Sentry/inc/robot_tasks.h **** }
  84              		.loc 2 78 5 is_stmt 1 view .LVU12
  85 0002 FFF7FEFF 		bl	IMU_Task
  86              	.LVL5:
  79:Sentry/inc/robot_tasks.h **** 
  87              		.loc 2 79 1 is_stmt 0 view .LVU13
  88 0006 08BD     		pop	{r3, pc}
  89              		.cfi_endproc
  90              	.LFE144:
  92              		.section	.text.Robot_Tasks_Motor,"ax",%progbits
  93              		.align	1
  94              		.global	Robot_Tasks_Motor
  95              		.syntax unified
  96              		.thumb
  97              		.thumb_func
  99              	Robot_Tasks_Motor:
 100              	.LVL6:
 101              	.LFB145:
  82:Sentry/inc/robot_tasks.h ****     portTickType xLastWakeTime;
 102              		.loc 2 82 1 is_stmt 1 view -0
 103              		.cfi_startproc
 104              		@ args = 0, pretend = 0, frame = 8
 105              		@ frame_needed = 0, uses_anonymous_args = 0
  82:Sentry/inc/robot_tasks.h ****     portTickType xLastWakeTime;
 106              		.loc 2 82 1 is_stmt 0 view .LVU15
 107 0000 00B5     		push	{lr}
 108              	.LCFI3:
 109              		.cfi_def_cfa_offset 4
 110              		.cfi_offset 14, -4
 111 0002 83B0     		sub	sp, sp, #12
 112              	.LCFI4:
 113              		.cfi_def_cfa_offset 16
  83:Sentry/inc/robot_tasks.h ****     xLastWakeTime = xTaskGetTickCount();
 114              		.loc 2 83 5 is_stmt 1 view .LVU16
  84:Sentry/inc/robot_tasks.h ****     const TickType_t TimeIncrement = pdMS_TO_TICKS(1);
 115              		.loc 2 84 5 view .LVU17
  84:Sentry/inc/robot_tasks.h ****     const TickType_t TimeIncrement = pdMS_TO_TICKS(1);
 116              		.loc 2 84 21 is_stmt 0 view .LVU18
 117 0004 FFF7FEFF 		bl	xTaskGetTickCount
 118              	.LVL7:
  84:Sentry/inc/robot_tasks.h ****     const TickType_t TimeIncrement = pdMS_TO_TICKS(1);
 119              		.loc 2 84 19 discriminator 1 view .LVU19
 120 0008 0190     		str	r0, [sp, #4]
  85:Sentry/inc/robot_tasks.h ****     while (1)
ARM GAS  /var/folders/sg/pxk9dyzj7jz_x3889hx3b3dw0000gn/T//ccR9II1U.s 			page 5


 121              		.loc 2 85 5 is_stmt 1 view .LVU20
 122              	.LVL8:
 123              	.L7:
  86:Sentry/inc/robot_tasks.h ****     {
 124              		.loc 2 86 5 view .LVU21
  88:Sentry/inc/robot_tasks.h ****         vTaskDelayUntil(&xLastWakeTime, TimeIncrement);
 125              		.loc 2 88 9 view .LVU22
 126 000a FFF7FEFF 		bl	Motor_Task_Loop
 127              	.LVL9:
  89:Sentry/inc/robot_tasks.h ****     }
 128              		.loc 2 89 9 discriminator 1 view .LVU23
 129 000e 0121     		movs	r1, #1
 130 0010 01A8     		add	r0, sp, #4
 131 0012 FFF7FEFF 		bl	vTaskDelayUntil
 132              	.LVL10:
  86:Sentry/inc/robot_tasks.h ****     {
 133              		.loc 2 86 11 view .LVU24
 134 0016 F8E7     		b	.L7
 135              		.cfi_endproc
 136              	.LFE145:
 138              		.section	.text.Robot_Tasks_Debug,"ax",%progbits
 139              		.align	1
 140              		.global	Robot_Tasks_Debug
 141              		.syntax unified
 142              		.thumb
 143              		.thumb_func
 145              	Robot_Tasks_Debug:
 146              	.LVL11:
 147              	.LFB147:
 102:Sentry/inc/robot_tasks.h ****     }
 103:Sentry/inc/robot_tasks.h **** }
 104:Sentry/inc/robot_tasks.h **** 
 105:Sentry/inc/robot_tasks.h **** void Robot_Tasks_Debug(void const *argument)
 106:Sentry/inc/robot_tasks.h **** {
 148              		.loc 2 106 1 view -0
 149              		.cfi_startproc
 150              		@ args = 0, pretend = 0, frame = 8
 151              		@ frame_needed = 0, uses_anonymous_args = 0
 152              		.loc 2 106 1 is_stmt 0 view .LVU26
 153 0000 00B5     		push	{lr}
 154              	.LCFI5:
 155              		.cfi_def_cfa_offset 4
 156              		.cfi_offset 14, -4
 157 0002 83B0     		sub	sp, sp, #12
 158              	.LCFI6:
 159              		.cfi_def_cfa_offset 16
 107:Sentry/inc/robot_tasks.h ****     portTickType xLastWakeTime;
 160              		.loc 2 107 5 is_stmt 1 view .LVU27
 108:Sentry/inc/robot_tasks.h ****     xLastWakeTime = xTaskGetTickCount();
 161              		.loc 2 108 5 view .LVU28
 162              		.loc 2 108 21 is_stmt 0 view .LVU29
 163 0004 FFF7FEFF 		bl	xTaskGetTickCount
 164              	.LVL12:
 165              		.loc 2 108 19 discriminator 1 view .LVU30
 166 0008 0190     		str	r0, [sp, #4]
 109:Sentry/inc/robot_tasks.h ****     const TickType_t TimeIncrement = pdMS_TO_TICKS(DEBUG_PERIOD);
 167              		.loc 2 109 5 is_stmt 1 view .LVU31
ARM GAS  /var/folders/sg/pxk9dyzj7jz_x3889hx3b3dw0000gn/T//ccR9II1U.s 			page 6


 168              	.LVL13:
 169              	.L10:
 110:Sentry/inc/robot_tasks.h ****     while (1)
 170              		.loc 2 110 5 view .LVU32
 111:Sentry/inc/robot_tasks.h ****     {
 112:Sentry/inc/robot_tasks.h ****         Debug_Task_Loop();
 171              		.loc 2 112 9 view .LVU33
 172 000a FFF7FEFF 		bl	Debug_Task_Loop
 173              	.LVL14:
 113:Sentry/inc/robot_tasks.h ****         vTaskDelayUntil(&xLastWakeTime, TimeIncrement);
 174              		.loc 2 113 9 discriminator 1 view .LVU34
 175 000e 0A21     		movs	r1, #10
 176 0010 01A8     		add	r0, sp, #4
 177 0012 FFF7FEFF 		bl	vTaskDelayUntil
 178              	.LVL15:
 110:Sentry/inc/robot_tasks.h ****     while (1)
 179              		.loc 2 110 11 view .LVU35
 180 0016 F8E7     		b	.L10
 181              		.cfi_endproc
 182              	.LFE147:
 184              		.section	.text.Robot_Tasks_Jetson_Orin,"ax",%progbits
 185              		.align	1
 186              		.global	Robot_Tasks_Jetson_Orin
 187              		.syntax unified
 188              		.thumb
 189              		.thumb_func
 191              	Robot_Tasks_Jetson_Orin:
 192              	.LVL16:
 193              	.LFB148:
 114:Sentry/inc/robot_tasks.h ****     }
 115:Sentry/inc/robot_tasks.h **** }
 116:Sentry/inc/robot_tasks.h **** 
 117:Sentry/inc/robot_tasks.h **** void Robot_Tasks_Jetson_Orin(void const *argument)
 118:Sentry/inc/robot_tasks.h **** {
 194              		.loc 2 118 1 view -0
 195              		.cfi_startproc
 196              		@ args = 0, pretend = 0, frame = 8
 197              		@ frame_needed = 0, uses_anonymous_args = 0
 198              		.loc 2 118 1 is_stmt 0 view .LVU37
 199 0000 00B5     		push	{lr}
 200              	.LCFI7:
 201              		.cfi_def_cfa_offset 4
 202              		.cfi_offset 14, -4
 203 0002 83B0     		sub	sp, sp, #12
 204              	.LCFI8:
 205              		.cfi_def_cfa_offset 16
 119:Sentry/inc/robot_tasks.h ****     portTickType xLastWakeTime;
 206              		.loc 2 119 5 is_stmt 1 view .LVU38
 120:Sentry/inc/robot_tasks.h ****     xLastWakeTime = xTaskGetTickCount();
 207              		.loc 2 120 5 view .LVU39
 208              		.loc 2 120 21 is_stmt 0 view .LVU40
 209 0004 FFF7FEFF 		bl	xTaskGetTickCount
 210              	.LVL17:
 211              		.loc 2 120 19 discriminator 1 view .LVU41
 212 0008 0190     		str	r0, [sp, #4]
 121:Sentry/inc/robot_tasks.h ****     const TickType_t TimeIncrement = pdMS_TO_TICKS(JETSON_ORIN_PERIOD);
 213              		.loc 2 121 5 is_stmt 1 view .LVU42
ARM GAS  /var/folders/sg/pxk9dyzj7jz_x3889hx3b3dw0000gn/T//ccR9II1U.s 			page 7


 214              	.LVL18:
 215              	.L13:
 122:Sentry/inc/robot_tasks.h ****     while (1)
 216              		.loc 2 122 5 view .LVU43
 123:Sentry/inc/robot_tasks.h ****     {
 124:Sentry/inc/robot_tasks.h ****         Jetson_Orin_Send_Data();
 217              		.loc 2 124 9 view .LVU44
 218 000a FFF7FEFF 		bl	Jetson_Orin_Send_Data
 219              	.LVL19:
 125:Sentry/inc/robot_tasks.h ****         vTaskDelayUntil(&xLastWakeTime, TimeIncrement);
 220              		.loc 2 125 9 discriminator 1 view .LVU45
 221 000e 0421     		movs	r1, #4
 222 0010 0DEB0100 		add	r0, sp, r1
 223 0014 FFF7FEFF 		bl	vTaskDelayUntil
 224              	.LVL20:
 122:Sentry/inc/robot_tasks.h ****     while (1)
 225              		.loc 2 122 11 view .LVU46
 226 0018 F7E7     		b	.L13
 227              		.cfi_endproc
 228              	.LFE148:
 230              		.section	.text.Robot_Tasks_Daemon,"ax",%progbits
 231              		.align	1
 232              		.global	Robot_Tasks_Daemon
 233              		.syntax unified
 234              		.thumb
 235              		.thumb_func
 237              	Robot_Tasks_Daemon:
 238              	.LVL21:
 239              	.LFB149:
 126:Sentry/inc/robot_tasks.h ****     }
 127:Sentry/inc/robot_tasks.h **** }
 128:Sentry/inc/robot_tasks.h **** 
 129:Sentry/inc/robot_tasks.h **** void Robot_Tasks_Daemon(void const *argument)
 130:Sentry/inc/robot_tasks.h **** {
 240              		.loc 2 130 1 view -0
 241              		.cfi_startproc
 242              		@ args = 0, pretend = 0, frame = 8
 243              		@ frame_needed = 0, uses_anonymous_args = 0
 244              		.loc 2 130 1 is_stmt 0 view .LVU48
 245 0000 00B5     		push	{lr}
 246              	.LCFI9:
 247              		.cfi_def_cfa_offset 4
 248              		.cfi_offset 14, -4
 249 0002 83B0     		sub	sp, sp, #12
 250              	.LCFI10:
 251              		.cfi_def_cfa_offset 16
 131:Sentry/inc/robot_tasks.h ****     portTickType xLastWakeTime;
 252              		.loc 2 131 5 is_stmt 1 view .LVU49
 132:Sentry/inc/robot_tasks.h ****     xLastWakeTime = xTaskGetTickCount();
 253              		.loc 2 132 5 view .LVU50
 254              		.loc 2 132 21 is_stmt 0 view .LVU51
 255 0004 FFF7FEFF 		bl	xTaskGetTickCount
 256              	.LVL22:
 257              		.loc 2 132 19 discriminator 1 view .LVU52
 258 0008 0190     		str	r0, [sp, #4]
 133:Sentry/inc/robot_tasks.h ****     const TickType_t TimeIncrement = pdMS_TO_TICKS(DAEMON_PERIOD);
 259              		.loc 2 133 5 is_stmt 1 view .LVU53
ARM GAS  /var/folders/sg/pxk9dyzj7jz_x3889hx3b3dw0000gn/T//ccR9II1U.s 			page 8


 260              	.LVL23:
 261              	.L16:
 134:Sentry/inc/robot_tasks.h ****     while (1)
 262              		.loc 2 134 5 view .LVU54
 135:Sentry/inc/robot_tasks.h ****     {
 136:Sentry/inc/robot_tasks.h ****         Daemon_Task_Loop();
 263              		.loc 2 136 9 view .LVU55
 264 000a FFF7FEFF 		bl	Daemon_Task_Loop
 265              	.LVL24:
 137:Sentry/inc/robot_tasks.h ****         vTaskDelayUntil(&xLastWakeTime, TimeIncrement);
 266              		.loc 2 137 9 discriminator 1 view .LVU56
 267 000e 0A21     		movs	r1, #10
 268 0010 01A8     		add	r0, sp, #4
 269 0012 FFF7FEFF 		bl	vTaskDelayUntil
 270              	.LVL25:
 134:Sentry/inc/robot_tasks.h ****     while (1)
 271              		.loc 2 134 11 view .LVU57
 272 0016 F8E7     		b	.L16
 273              		.cfi_endproc
 274              	.LFE149:
 276              		.section	.text.Robot_Tasks_C_Board_Comm,"ax",%progbits
 277              		.align	1
 278              		.global	Robot_Tasks_C_Board_Comm
 279              		.syntax unified
 280              		.thumb
 281              		.thumb_func
 283              	Robot_Tasks_C_Board_Comm:
 284              	.LVL26:
 285              	.LFB150:
 138:Sentry/inc/robot_tasks.h ****     }
 139:Sentry/inc/robot_tasks.h **** }
 140:Sentry/inc/robot_tasks.h **** 
 141:Sentry/inc/robot_tasks.h **** void Robot_Tasks_C_Board_Comm(void const *argument)
 142:Sentry/inc/robot_tasks.h **** {
 286              		.loc 2 142 1 view -0
 287              		.cfi_startproc
 288              		@ args = 0, pretend = 0, frame = 8
 289              		@ frame_needed = 0, uses_anonymous_args = 0
 290              		.loc 2 142 1 is_stmt 0 view .LVU59
 291 0000 00B5     		push	{lr}
 292              	.LCFI11:
 293              		.cfi_def_cfa_offset 4
 294              		.cfi_offset 14, -4
 295 0002 83B0     		sub	sp, sp, #12
 296              	.LCFI12:
 297              		.cfi_def_cfa_offset 16
 143:Sentry/inc/robot_tasks.h ****     portTickType xLastWakeTime;
 298              		.loc 2 143 5 is_stmt 1 view .LVU60
 144:Sentry/inc/robot_tasks.h ****     xLastWakeTime = xTaskGetTickCount();
 299              		.loc 2 144 5 view .LVU61
 300              		.loc 2 144 21 is_stmt 0 view .LVU62
 301 0004 FFF7FEFF 		bl	xTaskGetTickCount
 302              	.LVL27:
 303              		.loc 2 144 19 discriminator 1 view .LVU63
 304 0008 0190     		str	r0, [sp, #4]
 145:Sentry/inc/robot_tasks.h ****     const TickType_t TimeIncrement = pdMS_TO_TICKS(C_BOARD_COMM_PERIOD);
 305              		.loc 2 145 5 is_stmt 1 view .LVU64
ARM GAS  /var/folders/sg/pxk9dyzj7jz_x3889hx3b3dw0000gn/T//ccR9II1U.s 			page 9


 306              	.LVL28:
 146:Sentry/inc/robot_tasks.h ****     C_Board_Comm_Task_Init();
 307              		.loc 2 146 5 view .LVU65
 308 000a FFF7FEFF 		bl	C_Board_Comm_Task_Init
 309              	.LVL29:
 310              	.L19:
 147:Sentry/inc/robot_tasks.h ****     while (1)
 311              		.loc 2 147 5 view .LVU66
 148:Sentry/inc/robot_tasks.h ****     {
 149:Sentry/inc/robot_tasks.h ****         C_Board_Comm_Send_Loop();
 312              		.loc 2 149 9 view .LVU67
 313 000e FFF7FEFF 		bl	C_Board_Comm_Send_Loop
 314              	.LVL30:
 150:Sentry/inc/robot_tasks.h ****         vTaskDelayUntil(&xLastWakeTime, TimeIncrement);
 315              		.loc 2 150 9 discriminator 1 view .LVU68
 316 0012 6421     		movs	r1, #100
 317 0014 01A8     		add	r0, sp, #4
 318 0016 FFF7FEFF 		bl	vTaskDelayUntil
 319              	.LVL31:
 147:Sentry/inc/robot_tasks.h ****     while (1)
 320              		.loc 2 147 11 view .LVU69
 321 001a F8E7     		b	.L19
 322              		.cfi_endproc
 323              	.LFE150:
 325              		.section	.text.Robot_Tasks_Start,"ax",%progbits
 326              		.align	1
 327              		.global	Robot_Tasks_Start
 328              		.syntax unified
 329              		.thumb
 330              		.thumb_func
 332              	Robot_Tasks_Start:
 333              	.LFB142:
  38:Sentry/inc/robot_tasks.h ****     osThreadDef(imu_task, Robot_Tasks_IMU, osPriorityAboveNormal, 0, 1024);
 334              		.loc 2 38 1 view -0
 335              		.cfi_startproc
 336              		@ args = 0, pretend = 0, frame = 224
 337              		@ frame_needed = 0, uses_anonymous_args = 0
 338 0000 10B5     		push	{r4, lr}
 339              	.LCFI13:
 340              		.cfi_def_cfa_offset 8
 341              		.cfi_offset 4, -8
 342              		.cfi_offset 14, -4
 343 0002 B8B0     		sub	sp, sp, #224
 344              	.LCFI14:
 345              		.cfi_def_cfa_offset 232
  39:Sentry/inc/robot_tasks.h ****     imu_task_handle = osThreadCreate(osThread(imu_task), NULL);
 346              		.loc 2 39 5 view .LVU71
 347 0004 484C     		ldr	r4, .L23
 348 0006 0DF1C40C 		add	ip, sp, #196
 349 000a A646     		mov	lr, r4
 350 000c BEE80F00 		ldmia	lr!, {r0, r1, r2, r3}
 351 0010 ACE80F00 		stmia	ip!, {r0, r1, r2, r3}
 352 0014 9EE80700 		ldm	lr, {r0, r1, r2}
 353 0018 8CE80700 		stm	ip, {r0, r1, r2}
  40:Sentry/inc/robot_tasks.h **** 
 354              		.loc 2 40 5 view .LVU72
  40:Sentry/inc/robot_tasks.h **** 
ARM GAS  /var/folders/sg/pxk9dyzj7jz_x3889hx3b3dw0000gn/T//ccR9II1U.s 			page 10


 355              		.loc 2 40 23 is_stmt 0 view .LVU73
 356 001c 0021     		movs	r1, #0
 357 001e 31A8     		add	r0, sp, #196
 358 0020 FFF7FEFF 		bl	osThreadCreate
 359              	.LVL32:
  40:Sentry/inc/robot_tasks.h **** 
 360              		.loc 2 40 21 discriminator 1 view .LVU74
 361 0024 414B     		ldr	r3, .L23+4
 362 0026 1860     		str	r0, [r3]
  42:Sentry/inc/robot_tasks.h ****     motor_task_handle = osThreadCreate(osThread(motor_task), NULL);
 363              		.loc 2 42 5 is_stmt 1 view .LVU75
 364 0028 0DF1A80C 		add	ip, sp, #168
 365 002c 04F11C0E 		add	lr, r4, #28
 366 0030 BEE80F00 		ldmia	lr!, {r0, r1, r2, r3}
 367 0034 ACE80F00 		stmia	ip!, {r0, r1, r2, r3}
 368 0038 9EE80700 		ldm	lr, {r0, r1, r2}
 369 003c 8CE80700 		stm	ip, {r0, r1, r2}
  43:Sentry/inc/robot_tasks.h **** 
 370              		.loc 2 43 5 view .LVU76
  43:Sentry/inc/robot_tasks.h **** 
 371              		.loc 2 43 25 is_stmt 0 view .LVU77
 372 0040 0021     		movs	r1, #0
 373 0042 2AA8     		add	r0, sp, #168
 374 0044 FFF7FEFF 		bl	osThreadCreate
 375              	.LVL33:
  43:Sentry/inc/robot_tasks.h **** 
 376              		.loc 2 43 23 discriminator 1 view .LVU78
 377 0048 394B     		ldr	r3, .L23+8
 378 004a 1860     		str	r0, [r3]
  45:Sentry/inc/robot_tasks.h ****     robot_command_task_handle = osThreadCreate(osThread(robot_command_task), NULL);
 379              		.loc 2 45 5 is_stmt 1 view .LVU79
 380 004c 0DF18C0C 		add	ip, sp, #140
 381 0050 04F1380E 		add	lr, r4, #56
 382 0054 BEE80F00 		ldmia	lr!, {r0, r1, r2, r3}
 383 0058 ACE80F00 		stmia	ip!, {r0, r1, r2, r3}
 384 005c 9EE80700 		ldm	lr, {r0, r1, r2}
 385 0060 8CE80700 		stm	ip, {r0, r1, r2}
  46:Sentry/inc/robot_tasks.h **** 
 386              		.loc 2 46 5 view .LVU80
  46:Sentry/inc/robot_tasks.h **** 
 387              		.loc 2 46 33 is_stmt 0 view .LVU81
 388 0064 0021     		movs	r1, #0
 389 0066 23A8     		add	r0, sp, #140
 390 0068 FFF7FEFF 		bl	osThreadCreate
 391              	.LVL34:
  46:Sentry/inc/robot_tasks.h **** 
 392              		.loc 2 46 31 discriminator 1 view .LVU82
 393 006c 314B     		ldr	r3, .L23+12
 394 006e 1860     		str	r0, [r3]
  48:Sentry/inc/robot_tasks.h ****     ui_task_handle = osThreadCreate(osThread(ui_task), NULL);
 395              		.loc 2 48 5 is_stmt 1 view .LVU83
 396 0070 0DF1700C 		add	ip, sp, #112
 397 0074 04F1540E 		add	lr, r4, #84
 398 0078 BEE80F00 		ldmia	lr!, {r0, r1, r2, r3}
 399 007c ACE80F00 		stmia	ip!, {r0, r1, r2, r3}
 400 0080 9EE80700 		ldm	lr, {r0, r1, r2}
 401 0084 8CE80700 		stm	ip, {r0, r1, r2}
ARM GAS  /var/folders/sg/pxk9dyzj7jz_x3889hx3b3dw0000gn/T//ccR9II1U.s 			page 11


  49:Sentry/inc/robot_tasks.h **** 
 402              		.loc 2 49 5 view .LVU84
  49:Sentry/inc/robot_tasks.h **** 
 403              		.loc 2 49 22 is_stmt 0 view .LVU85
 404 0088 0021     		movs	r1, #0
 405 008a 1CA8     		add	r0, sp, #112
 406 008c FFF7FEFF 		bl	osThreadCreate
 407              	.LVL35:
  49:Sentry/inc/robot_tasks.h **** 
 408              		.loc 2 49 20 discriminator 1 view .LVU86
 409 0090 294B     		ldr	r3, .L23+16
 410 0092 1860     		str	r0, [r3]
  51:Sentry/inc/robot_tasks.h ****     debug_task_handle = osThreadCreate(osThread(debug_task), NULL);
 411              		.loc 2 51 5 is_stmt 1 view .LVU87
 412 0094 0DF1540C 		add	ip, sp, #84
 413 0098 04F1700E 		add	lr, r4, #112
 414 009c BEE80F00 		ldmia	lr!, {r0, r1, r2, r3}
 415 00a0 ACE80F00 		stmia	ip!, {r0, r1, r2, r3}
 416 00a4 9EE80700 		ldm	lr, {r0, r1, r2}
 417 00a8 8CE80700 		stm	ip, {r0, r1, r2}
  52:Sentry/inc/robot_tasks.h **** 
 418              		.loc 2 52 5 view .LVU88
  52:Sentry/inc/robot_tasks.h **** 
 419              		.loc 2 52 25 is_stmt 0 view .LVU89
 420 00ac 0021     		movs	r1, #0
 421 00ae 15A8     		add	r0, sp, #84
 422 00b0 FFF7FEFF 		bl	osThreadCreate
 423              	.LVL36:
  52:Sentry/inc/robot_tasks.h **** 
 424              		.loc 2 52 23 discriminator 1 view .LVU90
 425 00b4 214B     		ldr	r3, .L23+20
 426 00b6 1860     		str	r0, [r3]
  54:Sentry/inc/robot_tasks.h ****     jetson_orin_task_handle = osThreadCreate(osThread(jetson_orin_task), NULL);
 427              		.loc 2 54 5 is_stmt 1 view .LVU91
 428 00b8 0DF1380C 		add	ip, sp, #56
 429 00bc 04F18C0E 		add	lr, r4, #140
 430 00c0 BEE80F00 		ldmia	lr!, {r0, r1, r2, r3}
 431 00c4 ACE80F00 		stmia	ip!, {r0, r1, r2, r3}
 432 00c8 9EE80700 		ldm	lr, {r0, r1, r2}
 433 00cc 8CE80700 		stm	ip, {r0, r1, r2}
  55:Sentry/inc/robot_tasks.h **** 
 434              		.loc 2 55 5 view .LVU92
  55:Sentry/inc/robot_tasks.h **** 
 435              		.loc 2 55 31 is_stmt 0 view .LVU93
 436 00d0 0021     		movs	r1, #0
 437 00d2 0EA8     		add	r0, sp, #56
 438 00d4 FFF7FEFF 		bl	osThreadCreate
 439              	.LVL37:
  55:Sentry/inc/robot_tasks.h **** 
 440              		.loc 2 55 29 discriminator 1 view .LVU94
 441 00d8 194B     		ldr	r3, .L23+24
 442 00da 1860     		str	r0, [r3]
  57:Sentry/inc/robot_tasks.h ****     daemon_task_handle = osThreadCreate(osThread(daemon_task), NULL);
 443              		.loc 2 57 5 is_stmt 1 view .LVU95
 444 00dc 0DF11C0C 		add	ip, sp, #28
 445 00e0 04F1A80E 		add	lr, r4, #168
 446 00e4 BEE80F00 		ldmia	lr!, {r0, r1, r2, r3}
ARM GAS  /var/folders/sg/pxk9dyzj7jz_x3889hx3b3dw0000gn/T//ccR9II1U.s 			page 12


 447 00e8 ACE80F00 		stmia	ip!, {r0, r1, r2, r3}
 448 00ec 9EE80700 		ldm	lr, {r0, r1, r2}
 449 00f0 8CE80700 		stm	ip, {r0, r1, r2}
  58:Sentry/inc/robot_tasks.h **** 
 450              		.loc 2 58 5 view .LVU96
  58:Sentry/inc/robot_tasks.h **** 
 451              		.loc 2 58 26 is_stmt 0 view .LVU97
 452 00f4 0021     		movs	r1, #0
 453 00f6 07A8     		add	r0, sp, #28
 454 00f8 FFF7FEFF 		bl	osThreadCreate
 455              	.LVL38:
  58:Sentry/inc/robot_tasks.h **** 
 456              		.loc 2 58 24 discriminator 1 view .LVU98
 457 00fc 114B     		ldr	r3, .L23+28
 458 00fe 1860     		str	r0, [r3]
  60:Sentry/inc/robot_tasks.h ****     c_board_comm_task_handle = osThreadCreate(osThread(c_board_comm_task), NULL);
 459              		.loc 2 60 5 is_stmt 1 view .LVU99
 460 0100 EE46     		mov	lr, sp
 461 0102 04F1C40C 		add	ip, r4, #196
 462 0106 BCE80F00 		ldmia	ip!, {r0, r1, r2, r3}
 463 010a AEE80F00 		stmia	lr!, {r0, r1, r2, r3}
 464 010e 9CE80700 		ldm	ip, {r0, r1, r2}
 465 0112 8EE80700 		stm	lr, {r0, r1, r2}
  61:Sentry/inc/robot_tasks.h **** }
 466              		.loc 2 61 5 view .LVU100
  61:Sentry/inc/robot_tasks.h **** }
 467              		.loc 2 61 32 is_stmt 0 view .LVU101
 468 0116 0021     		movs	r1, #0
 469 0118 6846     		mov	r0, sp
 470 011a FFF7FEFF 		bl	osThreadCreate
 471              	.LVL39:
  61:Sentry/inc/robot_tasks.h **** }
 472              		.loc 2 61 30 discriminator 1 view .LVU102
 473 011e 0A4B     		ldr	r3, .L23+32
 474 0120 1860     		str	r0, [r3]
  62:Sentry/inc/robot_tasks.h **** 
 475              		.loc 2 62 1 view .LVU103
 476 0122 38B0     		add	sp, sp, #224
 477              	.LCFI15:
 478              		.cfi_def_cfa_offset 8
 479              		@ sp needed
 480 0124 10BD     		pop	{r4, pc}
 481              	.L24:
 482 0126 00BF     		.align	2
 483              	.L23:
 484 0128 00000000 		.word	.LANCHOR0
 485 012c 00000000 		.word	imu_task_handle
 486 0130 00000000 		.word	motor_task_handle
 487 0134 00000000 		.word	robot_command_task_handle
 488 0138 00000000 		.word	ui_task_handle
 489 013c 00000000 		.word	debug_task_handle
 490 0140 00000000 		.word	jetson_orin_task_handle
 491 0144 00000000 		.word	daemon_task_handle
 492 0148 00000000 		.word	c_board_comm_task_handle
 493              		.cfi_endproc
 494              	.LFE142:
 496              		.section	.text.Robot_Init,"ax",%progbits
ARM GAS  /var/folders/sg/pxk9dyzj7jz_x3889hx3b3dw0000gn/T//ccR9II1U.s 			page 13


 497              		.align	1
 498              		.global	Robot_Init
 499              		.syntax unified
 500              		.thumb
 501              		.thumb_func
 503              	Robot_Init:
 504              	.LFB151:
   1:Sentry/src/robot.c **** #include "robot.h"
   2:Sentry/src/robot.c **** 
   3:Sentry/src/robot.c **** #include "robot_tasks.h"
   4:Sentry/src/robot.c **** #include "chassis_task.h"
   5:Sentry/src/robot.c **** #include "gimbal_task.h"
   6:Sentry/src/robot.c **** #include "launch_task.h"
   7:Sentry/src/robot.c **** #include "remote.h"
   8:Sentry/src/robot.c **** #include "gimbal_task.h"
   9:Sentry/src/robot.c **** #include "imu_task.h"
  10:Sentry/src/robot.c **** #include "referee_system.h"
  11:Sentry/src/robot.c **** #include "buzzer.h"
  12:Sentry/src/robot.c **** #include "supercap.h"
  13:Sentry/src/robot.c **** #include "dji_motor.h"
  14:Sentry/src/robot.c **** #include "dm_motor.h"
  15:Sentry/src/robot.c **** 
  16:Sentry/src/robot.c **** Robot_State_t g_robot_state = {0};
  17:Sentry/src/robot.c **** extern Remote_t g_remote;
  18:Sentry/src/robot.c **** extern Supercap_t g_supercap;
  19:Sentry/src/robot.c **** 
  20:Sentry/src/robot.c **** /**
  21:Sentry/src/robot.c ****  * @brief This function initializes the robot.
  22:Sentry/src/robot.c ****  * This means setting the state to STARTING_UP,
  23:Sentry/src/robot.c ****  * initializing the buzzer, and calling the
  24:Sentry/src/robot.c ****  * Robot_Task_Start() for the task scheduling
  25:Sentry/src/robot.c ****  */
  26:Sentry/src/robot.c **** void Robot_Init()
  27:Sentry/src/robot.c **** {
 505              		.loc 1 27 1 is_stmt 1 view -0
 506              		.cfi_startproc
 507              		@ args = 0, pretend = 0, frame = 408
 508              		@ frame_needed = 0, uses_anonymous_args = 0
 509 0000 30B5     		push	{r4, r5, lr}
 510              	.LCFI16:
 511              		.cfi_def_cfa_offset 12
 512              		.cfi_offset 4, -12
 513              		.cfi_offset 5, -8
 514              		.cfi_offset 14, -4
 515 0002 ADF5497D 		sub	sp, sp, #804
 516              	.LCFI17:
 517              		.cfi_def_cfa_offset 816
  28:Sentry/src/robot.c ****     g_robot_state.state = STARTING_UP;
 518              		.loc 1 28 5 view .LVU105
 519              		.loc 1 28 25 is_stmt 0 view .LVU106
 520 0006 0025     		movs	r5, #0
 521 0008 1B4B     		ldr	r3, .L27
 522 000a 1D70     		strb	r5, [r3]
  29:Sentry/src/robot.c **** 
  30:Sentry/src/robot.c ****     Buzzer_Init();
 523              		.loc 1 30 5 is_stmt 1 view .LVU107
 524 000c FFF7FEFF 		bl	Buzzer_Init
ARM GAS  /var/folders/sg/pxk9dyzj7jz_x3889hx3b3dw0000gn/T//ccR9II1U.s 			page 14


 525              	.LVL40:
  31:Sentry/src/robot.c ****     Melody_t system_init_melody = {
 526              		.loc 1 31 5 view .LVU108
 527              		.loc 1 31 14 is_stmt 0 view .LVU109
 528 0010 62AC     		add	r4, sp, #392
 529 0012 4FF4CC72 		mov	r2, #408
 530 0016 2946     		mov	r1, r5
 531 0018 2046     		mov	r0, r4
 532 001a FFF7FEFF 		bl	memset
 533              	.LVL41:
 534 001e 174B     		ldr	r3, .L27+4
 535 0020 2360     		str	r3, [r4]	@ float
 536 0022 174B     		ldr	r3, .L27+8
 537 0024 6360     		str	r3, [r4, #4]	@ float
 538 0026 174A     		ldr	r2, .L27+12
 539 0028 A260     		str	r2, [r4, #8]	@ float
 540 002a E360     		str	r3, [r4, #12]	@ float
 541 002c 164A     		ldr	r2, .L27+16
 542 002e 2261     		str	r2, [r4, #16]	@ float
 543 0030 6361     		str	r3, [r4, #20]	@ float
 544 0032 164A     		ldr	r2, .L27+20
 545 0034 A261     		str	r2, [r4, #24]	@ float
 546 0036 E361     		str	r3, [r4, #28]	@ float
 547 0038 154A     		ldr	r2, .L27+24
 548 003a 2262     		str	r2, [r4, #32]	@ float
 549 003c 6362     		str	r3, [r4, #36]	@ float
 550 003e 154A     		ldr	r2, .L27+28
 551 0040 A262     		str	r2, [r4, #40]	@ float
 552 0042 E362     		str	r3, [r4, #44]	@ float
 553 0044 144B     		ldr	r3, .L27+32
 554 0046 2363     		str	r3, [r4, #48]	@ float
 555 0048 144B     		ldr	r3, .L27+36
 556 004a 6363     		str	r3, [r4, #52]	@ float
 557 004c 4FF07C53 		mov	r3, #1056964608
 558 0050 C4F89031 		str	r3, [r4, #400]	@ float
 559 0054 0723     		movs	r3, #7
 560 0056 A4F89431 		strh	r3, [r4, #404]	@ movhi
  32:Sentry/src/robot.c ****         .notes = SYSTEM_INITIALIZING,
  33:Sentry/src/robot.c ****         .loudness = 0.5f,
  34:Sentry/src/robot.c ****         .note_num = SYSTEM_INITIALIZING_NOTE_NUM,
  35:Sentry/src/robot.c ****     };
  36:Sentry/src/robot.c ****     Buzzer_Play_Melody(system_init_melody); // TODO: Change to non-blocking
 561              		.loc 1 36 5 is_stmt 1 view .LVU110
 562 005a 4FF4C472 		mov	r2, #392
 563 005e 66A9     		add	r1, sp, #408
 564 0060 6846     		mov	r0, sp
 565 0062 FFF7FEFF 		bl	memcpy
 566              	.LVL42:
 567 0066 94E80F00 		ldm	r4, {r0, r1, r2, r3}
 568 006a FFF7FEFF 		bl	Buzzer_Play_Melody
 569              	.LVL43:
  37:Sentry/src/robot.c **** 
  38:Sentry/src/robot.c ****     // Initialize all tasks
  39:Sentry/src/robot.c ****     Robot_Tasks_Start();
 570              		.loc 1 39 5 view .LVU111
 571 006e FFF7FEFF 		bl	Robot_Tasks_Start
 572              	.LVL44:
ARM GAS  /var/folders/sg/pxk9dyzj7jz_x3889hx3b3dw0000gn/T//ccR9II1U.s 			page 15


  40:Sentry/src/robot.c **** }
 573              		.loc 1 40 1 is_stmt 0 view .LVU112
 574 0072 0DF5497D 		add	sp, sp, #804
 575              	.LCFI18:
 576              		.cfi_def_cfa_offset 12
 577              		@ sp needed
 578 0076 30BD     		pop	{r4, r5, pc}
 579              	.L28:
 580              		.align	2
 581              	.L27:
 582 0078 00000000 		.word	g_robot_state
 583 007c 00008343 		.word	1132658688
 584 0080 0000FA42 		.word	1123680256
 585 0084 0000A543 		.word	1134886912
 586 0088 0000C443 		.word	1136918528
 587 008c 00C00244 		.word	1141030912
 588 0090 00C02444 		.word	1143259136
 589 0094 00004444 		.word	1145307136
 590 0098 00E08244 		.word	1149427712
 591 009c 0000FA43 		.word	1140457472
 592              		.cfi_endproc
 593              	.LFE151:
 595              		.section	.text.Handle_Starting_Up_State,"ax",%progbits
 596              		.align	1
 597              		.global	Handle_Starting_Up_State
 598              		.syntax unified
 599              		.thumb
 600              		.thumb_func
 602              	Handle_Starting_Up_State:
 603              	.LFB152:
  41:Sentry/src/robot.c **** 
  42:Sentry/src/robot.c **** /**
  43:Sentry/src/robot.c ****  * @brief This function handles the starting up state of the robot, initializing all hardware.
  44:Sentry/src/robot.c ****  */
  45:Sentry/src/robot.c **** void Handle_Starting_Up_State()
  46:Sentry/src/robot.c **** {
 604              		.loc 1 46 1 is_stmt 1 view -0
 605              		.cfi_startproc
 606              		@ args = 0, pretend = 0, frame = 0
 607              		@ frame_needed = 0, uses_anonymous_args = 0
 608 0000 08B5     		push	{r3, lr}
 609              	.LCFI19:
 610              		.cfi_def_cfa_offset 8
 611              		.cfi_offset 3, -8
 612              		.cfi_offset 14, -4
  47:Sentry/src/robot.c ****     // Initialize all hardware
  48:Sentry/src/robot.c ****     Chassis_Task_Init();
 613              		.loc 1 48 5 view .LVU114
 614 0002 FFF7FEFF 		bl	Chassis_Task_Init
 615              	.LVL45:
  49:Sentry/src/robot.c ****     Gimbal_Task_Init();
 616              		.loc 1 49 5 view .LVU115
 617 0006 FFF7FEFF 		bl	Gimbal_Task_Init
 618              	.LVL46:
  50:Sentry/src/robot.c ****     Launch_Task_Init();
 619              		.loc 1 50 5 view .LVU116
 620 000a FFF7FEFF 		bl	Launch_Task_Init
ARM GAS  /var/folders/sg/pxk9dyzj7jz_x3889hx3b3dw0000gn/T//ccR9II1U.s 			page 16


 621              	.LVL47:
  51:Sentry/src/robot.c ****     Remote_Init(&huart3);
 622              		.loc 1 51 5 view .LVU117
 623 000e 0748     		ldr	r0, .L31
 624 0010 FFF7FEFF 		bl	Remote_Init
 625              	.LVL48:
  52:Sentry/src/robot.c ****     CAN_Service_Init();
 626              		.loc 1 52 5 view .LVU118
 627 0014 FFF7FEFF 		bl	CAN_Service_Init
 628              	.LVL49:
  53:Sentry/src/robot.c ****     // Referee_System_Init(&huart1);
  54:Sentry/src/robot.c ****     // Supercap_Init(&g_supercap);
  55:Sentry/src/robot.c ****     Jetson_Orin_Init(&huart1);
 629              		.loc 1 55 5 view .LVU119
 630 0018 0548     		ldr	r0, .L31+4
 631 001a FFF7FEFF 		bl	Jetson_Orin_Init
 632              	.LVL50:
  56:Sentry/src/robot.c ****     Referee_System_Init(&huart6);
 633              		.loc 1 56 5 view .LVU120
 634 001e 0548     		ldr	r0, .L31+8
 635 0020 FFF7FEFF 		bl	Referee_System_Init
 636              	.LVL51:
  57:Sentry/src/robot.c ****     // Set robot state to disabled
  58:Sentry/src/robot.c ****     g_robot_state.state = DISABLED;
 637              		.loc 1 58 5 view .LVU121
 638              		.loc 1 58 25 is_stmt 0 view .LVU122
 639 0024 044B     		ldr	r3, .L31+12
 640 0026 0122     		movs	r2, #1
 641 0028 1A70     		strb	r2, [r3]
  59:Sentry/src/robot.c **** }
 642              		.loc 1 59 1 view .LVU123
 643 002a 08BD     		pop	{r3, pc}
 644              	.L32:
 645              		.align	2
 646              	.L31:
 647 002c 00000000 		.word	huart3
 648 0030 00000000 		.word	huart1
 649 0034 00000000 		.word	huart6
 650 0038 00000000 		.word	g_robot_state
 651              		.cfi_endproc
 652              	.LFE152:
 654              		.section	.text.Handle_Disabled_State,"ax",%progbits
 655              		.align	1
 656              		.global	Handle_Disabled_State
 657              		.syntax unified
 658              		.thumb
 659              		.thumb_func
 661              	Handle_Disabled_State:
 662              	.LFB154:
  60:Sentry/src/robot.c **** 
  61:Sentry/src/robot.c **** /**
  62:Sentry/src/robot.c ****  * @brief This function handles the enabled state of the robot.
  63:Sentry/src/robot.c ****  * This means processing remote input, and subsystem control.
  64:Sentry/src/robot.c ****  */
  65:Sentry/src/robot.c **** void Handle_Enabled_State()
  66:Sentry/src/robot.c **** {
  67:Sentry/src/robot.c ****     if (g_remote.online_flag == REMOTE_OFFLINE || g_remote.controller.right_switch == DOWN)
ARM GAS  /var/folders/sg/pxk9dyzj7jz_x3889hx3b3dw0000gn/T//ccR9II1U.s 			page 17


  68:Sentry/src/robot.c ****     {
  69:Sentry/src/robot.c ****         g_robot_state.state = DISABLED;
  70:Sentry/src/robot.c ****     }
  71:Sentry/src/robot.c ****     else
  72:Sentry/src/robot.c ****     {
  73:Sentry/src/robot.c ****         // Process movement and components in enabled state
  74:Sentry/src/robot.c ****         Referee_Set_Robot_State();
  75:Sentry/src/robot.c ****         Process_Remote_Input();
  76:Sentry/src/robot.c ****         Process_Chassis_Control();
  77:Sentry/src/robot.c ****         Process_Gimbal_Control();
  78:Sentry/src/robot.c ****         Process_Launch_Control();
  79:Sentry/src/robot.c ****     }
  80:Sentry/src/robot.c **** }
  81:Sentry/src/robot.c **** 
  82:Sentry/src/robot.c **** /**
  83:Sentry/src/robot.c ****  * @brief This function handles the disabled state of the robot.
  84:Sentry/src/robot.c ****  * This means disabling all motors and components
  85:Sentry/src/robot.c ****  */
  86:Sentry/src/robot.c **** void Handle_Disabled_State()
  87:Sentry/src/robot.c **** {
 663              		.loc 1 87 1 is_stmt 1 view -0
 664              		.cfi_startproc
 665              		@ args = 0, pretend = 0, frame = 0
 666              		@ frame_needed = 0, uses_anonymous_args = 0
 667 0000 08B5     		push	{r3, lr}
 668              	.LCFI20:
 669              		.cfi_def_cfa_offset 8
 670              		.cfi_offset 3, -8
 671              		.cfi_offset 14, -4
  88:Sentry/src/robot.c ****     DJI_Motor_Disable_All();
 672              		.loc 1 88 5 view .LVU125
 673 0002 FFF7FEFF 		bl	DJI_Motor_Disable_All
 674              	.LVL52:
  89:Sentry/src/robot.c ****     DM_Motor_Disable_All();
 675              		.loc 1 89 5 view .LVU126
 676 0006 FFF7FEFF 		bl	DM_Motor_Disable_All
 677              	.LVL53:
  90:Sentry/src/robot.c **** 
  91:Sentry/src/robot.c ****     Gimbal_Task_Disable();
 678              		.loc 1 91 5 view .LVU127
 679 000a FFF7FEFF 		bl	Gimbal_Task_Disable
 680              	.LVL54:
  92:Sentry/src/robot.c ****     //  Disable all major components
  93:Sentry/src/robot.c ****     g_robot_state.launch.IS_FLYWHEEL_ENABLED = 0;
 681              		.loc 1 93 5 view .LVU128
 682              		.loc 1 93 46 is_stmt 0 view .LVU129
 683 000e 0B4B     		ldr	r3, .L37
 684 0010 0022     		movs	r2, #0
 685 0012 83F82E20 		strb	r2, [r3, #46]
  94:Sentry/src/robot.c ****     g_robot_state.chassis.x_speed = 0;
 686              		.loc 1 94 5 is_stmt 1 view .LVU130
 687              		.loc 1 94 35 is_stmt 0 view .LVU131
 688 0016 0022     		movs	r2, #0
 689 0018 5A60     		str	r2, [r3, #4]	@ float
  95:Sentry/src/robot.c ****     g_robot_state.chassis.y_speed = 0;
 690              		.loc 1 95 5 is_stmt 1 view .LVU132
 691              		.loc 1 95 35 is_stmt 0 view .LVU133
ARM GAS  /var/folders/sg/pxk9dyzj7jz_x3889hx3b3dw0000gn/T//ccR9II1U.s 			page 18


 692 001a 9A60     		str	r2, [r3, #8]	@ float
  96:Sentry/src/robot.c **** 
  97:Sentry/src/robot.c ****     if (g_remote.online_flag == REMOTE_ONLINE && g_remote.controller.right_switch != DOWN)
 693              		.loc 1 97 5 is_stmt 1 view .LVU134
 694              		.loc 1 97 17 is_stmt 0 view .LVU135
 695 001c 084B     		ldr	r3, .L37+4
 696 001e 93F82830 		ldrb	r3, [r3, #40]	@ zero_extendqisi2
 697              		.loc 1 97 8 view .LVU136
 698 0022 012B     		cmp	r3, #1
 699 0024 00D0     		beq	.L36
 700              	.L33:
  98:Sentry/src/robot.c ****     {
  99:Sentry/src/robot.c ****         g_robot_state.state = ENABLED;
 100:Sentry/src/robot.c ****         DJI_Motor_Enable_All();
 101:Sentry/src/robot.c ****     }
 102:Sentry/src/robot.c **** }
 701              		.loc 1 102 1 view .LVU137
 702 0026 08BD     		pop	{r3, pc}
 703              	.L36:
  97:Sentry/src/robot.c ****     {
 704              		.loc 1 97 69 discriminator 1 view .LVU138
 705 0028 054B     		ldr	r3, .L37+4
 706 002a 5B7B     		ldrb	r3, [r3, #13]	@ zero_extendqisi2
  97:Sentry/src/robot.c ****     {
 707              		.loc 1 97 47 discriminator 1 view .LVU139
 708 002c 022B     		cmp	r3, #2
 709 002e FAD0     		beq	.L33
  99:Sentry/src/robot.c ****         DJI_Motor_Enable_All();
 710              		.loc 1 99 9 is_stmt 1 view .LVU140
  99:Sentry/src/robot.c ****         DJI_Motor_Enable_All();
 711              		.loc 1 99 29 is_stmt 0 view .LVU141
 712 0030 024B     		ldr	r3, .L37
 713 0032 0222     		movs	r2, #2
 714 0034 1A70     		strb	r2, [r3]
 100:Sentry/src/robot.c ****     }
 715              		.loc 1 100 9 is_stmt 1 view .LVU142
 716 0036 FFF7FEFF 		bl	DJI_Motor_Enable_All
 717              	.LVL55:
 718              		.loc 1 102 1 is_stmt 0 view .LVU143
 719 003a F4E7     		b	.L33
 720              	.L38:
 721              		.align	2
 722              	.L37:
 723 003c 00000000 		.word	g_robot_state
 724 0040 00000000 		.word	g_remote
 725              		.cfi_endproc
 726              	.LFE154:
 728              		.section	.text.Process_Remote_Input,"ax",%progbits
 729              		.align	1
 730              		.global	Process_Remote_Input
 731              		.syntax unified
 732              		.thumb
 733              		.thumb_func
 735              	Process_Remote_Input:
 736              	.LFB155:
 103:Sentry/src/robot.c **** 
 104:Sentry/src/robot.c **** void Process_Remote_Input()
ARM GAS  /var/folders/sg/pxk9dyzj7jz_x3889hx3b3dw0000gn/T//ccR9II1U.s 			page 19


 105:Sentry/src/robot.c **** {
 737              		.loc 1 105 1 is_stmt 1 view -0
 738              		.cfi_startproc
 739              		@ args = 0, pretend = 0, frame = 0
 740              		@ frame_needed = 0, uses_anonymous_args = 0
 741              		@ link register save eliminated.
 106:Sentry/src/robot.c ****     g_robot_state.input.vx = g_remote.controller.left_stick.x/660.0f * 2.0f;
 742              		.loc 1 106 5 view .LVU145
 743              		.loc 1 106 60 is_stmt 0 view .LVU146
 744 0000 3A4A     		ldr	r2, .L55
 745 0002 B2F90030 		ldrsh	r3, [r2]
 746 0006 07EE103A 		vmov	s14, r3	@ int
 747              		.loc 1 106 62 view .LVU147
 748 000a B8EEC77A 		vcvt.f32.s32	s14, s14
 749 000e DFED386A 		vldr.32	s13, .L55+4
 750 0012 C7EE267A 		vdiv.f32	s15, s14, s13
 751              		.loc 1 106 70 view .LVU148
 752 0016 77EEA77A 		vadd.f32	s15, s15, s15
 753              		.loc 1 106 28 view .LVU149
 754 001a 3649     		ldr	r1, .L55+8
 755 001c C1ED107A 		vstr.32	s15, [r1, #64]
 107:Sentry/src/robot.c ****     g_robot_state.input.vy = g_remote.controller.left_stick.y/660.0f * 2.0f;
 756              		.loc 1 107 5 is_stmt 1 view .LVU150
 757              		.loc 1 107 60 is_stmt 0 view .LVU151
 758 0020 B2F90230 		ldrsh	r3, [r2, #2]
 759 0024 07EE103A 		vmov	s14, r3	@ int
 760              		.loc 1 107 62 view .LVU152
 761 0028 B8EEC77A 		vcvt.f32.s32	s14, s14
 762 002c C7EE267A 		vdiv.f32	s15, s14, s13
 763              		.loc 1 107 70 view .LVU153
 764 0030 77EEA77A 		vadd.f32	s15, s15, s15
 765              		.loc 1 107 28 view .LVU154
 766 0034 C1ED117A 		vstr.32	s15, [r1, #68]
 108:Sentry/src/robot.c ****     g_robot_state.input.vomega = -g_remote.controller.right_stick.x/660.0f * 6.28f;
 767              		.loc 1 108 5 is_stmt 1 view .LVU155
 768              		.loc 1 108 66 is_stmt 0 view .LVU156
 769 0038 B2F90430 		ldrsh	r3, [r2, #4]
 770              		.loc 1 108 34 view .LVU157
 771 003c 5B42     		rsbs	r3, r3, #0
 772              		.loc 1 108 68 view .LVU158
 773 003e 07EE903A 		vmov	s15, r3	@ int
 774 0042 F8EEE77A 		vcvt.f32.s32	s15, s15
 775 0046 87EEA67A 		vdiv.f32	s14, s15, s13
 776              		.loc 1 108 76 view .LVU159
 777 004a DFED2B7A 		vldr.32	s15, .L55+12
 778 004e 67EE277A 		vmul.f32	s15, s14, s15
 779              		.loc 1 108 32 view .LVU160
 780 0052 C1ED127A 		vstr.32	s15, [r1, #72]
 109:Sentry/src/robot.c ****     
 110:Sentry/src/robot.c ****     if (__IS_TRANSITIONED(g_remote.controller.left_switch, g_robot_state.input.prev_left_switch, MI
 781              		.loc 1 110 5 is_stmt 1 view .LVU161
 782              		.loc 1 110 9 is_stmt 0 view .LVU162
 783 0056 137B     		ldrb	r3, [r2, #12]	@ zero_extendqisi2
 784              		.loc 1 110 8 view .LVU163
 785 0058 032B     		cmp	r3, #3
 786 005a 23D0     		beq	.L51
 787              	.L40:
ARM GAS  /var/folders/sg/pxk9dyzj7jz_x3889hx3b3dw0000gn/T//ccR9II1U.s 			page 20


 111:Sentry/src/robot.c ****     {
 112:Sentry/src/robot.c ****         g_robot_state.chassis.IS_SPINTOP_ENABLED = 1;
 113:Sentry/src/robot.c ****     }
 114:Sentry/src/robot.c ****     if (__IS_TRANSITIONED(g_remote.controller.left_switch, g_robot_state.input.prev_left_switch, DO
 788              		.loc 1 114 5 is_stmt 1 view .LVU164
 789              		.loc 1 114 8 is_stmt 0 view .LVU165
 790 005c 022B     		cmp	r3, #2
 791 005e 29D0     		beq	.L52
 792              	.L41:
 793              		.loc 1 114 104 discriminator 3 view .LVU166
 794 0060 012B     		cmp	r3, #1
 795 0062 30D0     		beq	.L53
 796              	.L43:
 115:Sentry/src/robot.c ****         __IS_TRANSITIONED(g_remote.controller.left_switch, g_robot_state.input.prev_left_switch, UP
 116:Sentry/src/robot.c ****     {
 117:Sentry/src/robot.c ****         g_robot_state.chassis.IS_SPINTOP_ENABLED = 0;
 118:Sentry/src/robot.c ****     }
 119:Sentry/src/robot.c **** 
 120:Sentry/src/robot.c ****     if ((g_remote.mouse.left) || (g_remote.controller.wheel > 50.0f)) { // Hold left mouse to fire
 797              		.loc 1 120 5 is_stmt 1 view .LVU167
 798              		.loc 1 120 24 is_stmt 0 view .LVU168
 799 0064 214A     		ldr	r2, .L55
 800 0066 92F82620 		ldrb	r2, [r2, #38]	@ zero_extendqisi2
 801              		.loc 1 120 8 view .LVU169
 802 006a 5AB9     		cbnz	r2, .L44
 803              		.loc 1 120 54 discriminator 1 view .LVU170
 804 006c 1F4A     		ldr	r2, .L55
 805 006e D2ED027A 		vldr.32	s15, [r2, #8]	@ int
 806              		.loc 1 120 61 discriminator 1 view .LVU171
 807 0072 F8EEE77A 		vcvt.f32.s32	s15, s15
 808              		.loc 1 120 31 discriminator 1 view .LVU172
 809 0076 9FED217A 		vldr.32	s14, .L55+16
 810 007a F4EEC77A 		vcmpe.f32	s15, s14
 811 007e F1EE10FA 		vmrs	APSR_nzcv, FPSCR
 812 0082 26DD     		ble	.L50
 813              	.L44:
 121:Sentry/src/robot.c ****         g_robot_state.launch.fire_mode = SINGLE_FIRE;
 814              		.loc 1 121 9 is_stmt 1 view .LVU173
 815              		.loc 1 121 40 is_stmt 0 view .LVU174
 816 0084 1B4A     		ldr	r2, .L55+8
 817 0086 0121     		movs	r1, #1
 818 0088 82F83010 		strb	r1, [r2, #48]
 819              	.L47:
 122:Sentry/src/robot.c ****     } else {
 123:Sentry/src/robot.c ****         g_robot_state.launch.fire_mode = NO_FIRE;
 124:Sentry/src/robot.c ****     }
 125:Sentry/src/robot.c **** 
 126:Sentry/src/robot.c ****     if (g_remote.controller.left_switch == UP) { // Left switch high to enable spintop
 820              		.loc 1 126 5 is_stmt 1 view .LVU175
 821              		.loc 1 126 8 is_stmt 0 view .LVU176
 822 008c 012B     		cmp	r3, #1
 823 008e 25D0     		beq	.L54
 127:Sentry/src/robot.c ****         //g_robot_state.chassis.IS_SPINTOP_ENABLED = 1;
 128:Sentry/src/robot.c ****         g_robot_state.launch.IS_FIRING_ENABLED = 1;
 129:Sentry/src/robot.c ****         g_robot_state.launch.IS_AUTO_AIMING_ENABLED = 1;
 130:Sentry/src/robot.c ****     } else {
 131:Sentry/src/robot.c ****         //g_robot_state.chassis.IS_SPINTOP_ENABLED = 0;
ARM GAS  /var/folders/sg/pxk9dyzj7jz_x3889hx3b3dw0000gn/T//ccR9II1U.s 			page 21


 132:Sentry/src/robot.c ****         g_robot_state.launch.IS_FIRING_ENABLED = 0;
 824              		.loc 1 132 9 is_stmt 1 view .LVU177
 825              		.loc 1 132 48 is_stmt 0 view .LVU178
 826 0090 184A     		ldr	r2, .L55+8
 827 0092 0021     		movs	r1, #0
 828 0094 82F82C10 		strb	r1, [r2, #44]
 133:Sentry/src/robot.c ****         g_robot_state.launch.IS_AUTO_AIMING_ENABLED = 0;
 829              		.loc 1 133 9 is_stmt 1 view .LVU179
 830              		.loc 1 133 53 is_stmt 0 view .LVU180
 831 0098 82F82D10 		strb	r1, [r2, #45]
 832              	.L49:
 134:Sentry/src/robot.c ****     }
 135:Sentry/src/robot.c **** 
 136:Sentry/src/robot.c ****     g_robot_state.input.prev_left_switch = g_remote.controller.left_switch;
 833              		.loc 1 136 5 is_stmt 1 view .LVU181
 834              		.loc 1 136 42 is_stmt 0 view .LVU182
 835 009c 154A     		ldr	r2, .L55+8
 836 009e 82F85430 		strb	r3, [r2, #84]
 137:Sentry/src/robot.c **** 
 138:Sentry/src/robot.c **** }
 837              		.loc 1 138 1 view .LVU183
 838 00a2 7047     		bx	lr
 839              	.L51:
 110:Sentry/src/robot.c ****     {
 840              		.loc 1 110 9 discriminator 1 view .LVU184
 841 00a4 91F85420 		ldrb	r2, [r1, #84]	@ zero_extendqisi2
 842 00a8 032A     		cmp	r2, #3
 843 00aa D7D0     		beq	.L40
 112:Sentry/src/robot.c ****     }
 844              		.loc 1 112 9 is_stmt 1 view .LVU185
 112:Sentry/src/robot.c ****     }
 845              		.loc 1 112 50 is_stmt 0 view .LVU186
 846 00ac 0A46     		mov	r2, r1
 847 00ae 0121     		movs	r1, #1
 848 00b0 1174     		strb	r1, [r2, #16]
 849 00b2 D3E7     		b	.L40
 850              	.L52:
 114:Sentry/src/robot.c ****         __IS_TRANSITIONED(g_remote.controller.left_switch, g_robot_state.input.prev_left_switch, UP
 851              		.loc 1 114 9 discriminator 1 view .LVU187
 852 00b4 0F4A     		ldr	r2, .L55+8
 853 00b6 92F85420 		ldrb	r2, [r2, #84]	@ zero_extendqisi2
 854 00ba 022A     		cmp	r2, #2
 855 00bc D0D0     		beq	.L41
 856              	.L42:
 117:Sentry/src/robot.c ****     }
 857              		.loc 1 117 9 is_stmt 1 view .LVU188
 117:Sentry/src/robot.c ****     }
 858              		.loc 1 117 50 is_stmt 0 view .LVU189
 859 00be 0D4A     		ldr	r2, .L55+8
 860 00c0 0021     		movs	r1, #0
 861 00c2 1174     		strb	r1, [r2, #16]
 862 00c4 CEE7     		b	.L43
 863              	.L53:
 115:Sentry/src/robot.c ****     {
 864              		.loc 1 115 9 view .LVU190
 865 00c6 0B4A     		ldr	r2, .L55+8
 866 00c8 92F85420 		ldrb	r2, [r2, #84]	@ zero_extendqisi2
ARM GAS  /var/folders/sg/pxk9dyzj7jz_x3889hx3b3dw0000gn/T//ccR9II1U.s 			page 22


 867 00cc 012A     		cmp	r2, #1
 868 00ce F6D1     		bne	.L42
 869 00d0 C8E7     		b	.L43
 870              	.L50:
 123:Sentry/src/robot.c ****     }
 871              		.loc 1 123 9 is_stmt 1 view .LVU191
 123:Sentry/src/robot.c ****     }
 872              		.loc 1 123 40 is_stmt 0 view .LVU192
 873 00d2 084A     		ldr	r2, .L55+8
 874 00d4 0021     		movs	r1, #0
 875 00d6 82F83010 		strb	r1, [r2, #48]
 876 00da D7E7     		b	.L47
 877              	.L54:
 128:Sentry/src/robot.c ****         g_robot_state.launch.IS_AUTO_AIMING_ENABLED = 1;
 878              		.loc 1 128 9 is_stmt 1 view .LVU193
 128:Sentry/src/robot.c ****         g_robot_state.launch.IS_AUTO_AIMING_ENABLED = 1;
 879              		.loc 1 128 48 is_stmt 0 view .LVU194
 880 00dc 054A     		ldr	r2, .L55+8
 881 00de 0121     		movs	r1, #1
 882 00e0 82F82C10 		strb	r1, [r2, #44]
 129:Sentry/src/robot.c ****     } else {
 883              		.loc 1 129 9 is_stmt 1 view .LVU195
 129:Sentry/src/robot.c ****     } else {
 884              		.loc 1 129 53 is_stmt 0 view .LVU196
 885 00e4 82F82D10 		strb	r1, [r2, #45]
 886 00e8 D8E7     		b	.L49
 887              	.L56:
 888 00ea 00BF     		.align	2
 889              	.L55:
 890 00ec 00000000 		.word	g_remote
 891 00f0 00002544 		.word	1143275520
 892 00f4 00000000 		.word	g_robot_state
 893 00f8 C3F5C840 		.word	1086911939
 894 00fc 00004842 		.word	1112014848
 895              		.cfi_endproc
 896              	.LFE155:
 898              		.section	.text.Process_Chassis_Control,"ax",%progbits
 899              		.align	1
 900              		.global	Process_Chassis_Control
 901              		.syntax unified
 902              		.thumb
 903              		.thumb_func
 905              	Process_Chassis_Control:
 906              	.LFB156:
 139:Sentry/src/robot.c **** 
 140:Sentry/src/robot.c **** void Process_Chassis_Control()
 141:Sentry/src/robot.c **** {
 907              		.loc 1 141 1 is_stmt 1 view -0
 908              		.cfi_startproc
 909              		@ args = 0, pretend = 0, frame = 0
 910              		@ frame_needed = 0, uses_anonymous_args = 0
 911 0000 08B5     		push	{r3, lr}
 912              	.LCFI21:
 913              		.cfi_def_cfa_offset 8
 914              		.cfi_offset 3, -8
 915              		.cfi_offset 14, -4
 142:Sentry/src/robot.c ****      Chassis_Ctrl_Loop();
ARM GAS  /var/folders/sg/pxk9dyzj7jz_x3889hx3b3dw0000gn/T//ccR9II1U.s 			page 23


 916              		.loc 1 142 6 view .LVU198
 917 0002 FFF7FEFF 		bl	Chassis_Ctrl_Loop
 918              	.LVL56:
 143:Sentry/src/robot.c **** }
 919              		.loc 1 143 1 is_stmt 0 view .LVU199
 920 0006 08BD     		pop	{r3, pc}
 921              		.cfi_endproc
 922              	.LFE156:
 924              		.section	.text.Process_Gimbal_Control,"ax",%progbits
 925              		.align	1
 926              		.global	Process_Gimbal_Control
 927              		.syntax unified
 928              		.thumb
 929              		.thumb_func
 931              	Process_Gimbal_Control:
 932              	.LFB157:
 144:Sentry/src/robot.c **** 
 145:Sentry/src/robot.c **** void Process_Gimbal_Control()
 146:Sentry/src/robot.c **** {
 933              		.loc 1 146 1 is_stmt 1 view -0
 934              		.cfi_startproc
 935              		@ args = 0, pretend = 0, frame = 0
 936              		@ frame_needed = 0, uses_anonymous_args = 0
 937 0000 08B5     		push	{r3, lr}
 938              	.LCFI22:
 939              		.cfi_def_cfa_offset 8
 940              		.cfi_offset 3, -8
 941              		.cfi_offset 14, -4
 147:Sentry/src/robot.c ****      Gimbal_Ctrl_Loop();
 942              		.loc 1 147 6 view .LVU201
 943 0002 FFF7FEFF 		bl	Gimbal_Ctrl_Loop
 944              	.LVL57:
 148:Sentry/src/robot.c **** }
 945              		.loc 1 148 1 is_stmt 0 view .LVU202
 946 0006 08BD     		pop	{r3, pc}
 947              		.cfi_endproc
 948              	.LFE157:
 950              		.section	.text.Process_Launch_Control,"ax",%progbits
 951              		.align	1
 952              		.global	Process_Launch_Control
 953              		.syntax unified
 954              		.thumb
 955              		.thumb_func
 957              	Process_Launch_Control:
 958              	.LFB158:
 149:Sentry/src/robot.c **** 
 150:Sentry/src/robot.c **** void Process_Launch_Control()
 151:Sentry/src/robot.c **** {
 959              		.loc 1 151 1 is_stmt 1 view -0
 960              		.cfi_startproc
 961              		@ args = 0, pretend = 0, frame = 0
 962              		@ frame_needed = 0, uses_anonymous_args = 0
 963 0000 08B5     		push	{r3, lr}
 964              	.LCFI23:
 965              		.cfi_def_cfa_offset 8
 966              		.cfi_offset 3, -8
 967              		.cfi_offset 14, -4
ARM GAS  /var/folders/sg/pxk9dyzj7jz_x3889hx3b3dw0000gn/T//ccR9II1U.s 			page 24


 152:Sentry/src/robot.c ****      Launch_Ctrl_Loop();
 968              		.loc 1 152 6 view .LVU204
 969 0002 FFF7FEFF 		bl	Launch_Ctrl_Loop
 970              	.LVL58:
 153:Sentry/src/robot.c **** }
 971              		.loc 1 153 1 is_stmt 0 view .LVU205
 972 0006 08BD     		pop	{r3, pc}
 973              		.cfi_endproc
 974              	.LFE158:
 976              		.section	.text.Handle_Enabled_State,"ax",%progbits
 977              		.align	1
 978              		.global	Handle_Enabled_State
 979              		.syntax unified
 980              		.thumb
 981              		.thumb_func
 983              	Handle_Enabled_State:
 984              	.LFB153:
  66:Sentry/src/robot.c ****     if (g_remote.online_flag == REMOTE_OFFLINE || g_remote.controller.right_switch == DOWN)
 985              		.loc 1 66 1 is_stmt 1 view -0
 986              		.cfi_startproc
 987              		@ args = 0, pretend = 0, frame = 0
 988              		@ frame_needed = 0, uses_anonymous_args = 0
 989 0000 08B5     		push	{r3, lr}
 990              	.LCFI24:
 991              		.cfi_def_cfa_offset 8
 992              		.cfi_offset 3, -8
 993              		.cfi_offset 14, -4
  67:Sentry/src/robot.c ****     {
 994              		.loc 1 67 5 view .LVU207
  67:Sentry/src/robot.c ****     {
 995              		.loc 1 67 17 is_stmt 0 view .LVU208
 996 0002 0B4B     		ldr	r3, .L68
 997 0004 93F82830 		ldrb	r3, [r3, #40]	@ zero_extendqisi2
  67:Sentry/src/robot.c ****     {
 998              		.loc 1 67 8 view .LVU209
 999 0008 1BB1     		cbz	r3, .L64
  67:Sentry/src/robot.c ****     {
 1000              		.loc 1 67 70 discriminator 1 view .LVU210
 1001 000a 094B     		ldr	r3, .L68
 1002 000c 5B7B     		ldrb	r3, [r3, #13]	@ zero_extendqisi2
  67:Sentry/src/robot.c ****     {
 1003              		.loc 1 67 48 discriminator 1 view .LVU211
 1004 000e 022B     		cmp	r3, #2
 1005 0010 03D1     		bne	.L65
 1006              	.L64:
  69:Sentry/src/robot.c ****     }
 1007              		.loc 1 69 9 is_stmt 1 view .LVU212
  69:Sentry/src/robot.c ****     }
 1008              		.loc 1 69 29 is_stmt 0 view .LVU213
 1009 0012 084B     		ldr	r3, .L68+4
 1010 0014 0122     		movs	r2, #1
 1011 0016 1A70     		strb	r2, [r3]
 1012              	.L63:
  80:Sentry/src/robot.c **** 
 1013              		.loc 1 80 1 view .LVU214
 1014 0018 08BD     		pop	{r3, pc}
 1015              	.L65:
ARM GAS  /var/folders/sg/pxk9dyzj7jz_x3889hx3b3dw0000gn/T//ccR9II1U.s 			page 25


  74:Sentry/src/robot.c ****         Process_Remote_Input();
 1016              		.loc 1 74 9 is_stmt 1 view .LVU215
 1017 001a FFF7FEFF 		bl	Referee_Set_Robot_State
 1018              	.LVL59:
  75:Sentry/src/robot.c ****         Process_Chassis_Control();
 1019              		.loc 1 75 9 view .LVU216
 1020 001e FFF7FEFF 		bl	Process_Remote_Input
 1021              	.LVL60:
  76:Sentry/src/robot.c ****         Process_Gimbal_Control();
 1022              		.loc 1 76 9 view .LVU217
 1023 0022 FFF7FEFF 		bl	Process_Chassis_Control
 1024              	.LVL61:
  77:Sentry/src/robot.c ****         Process_Launch_Control();
 1025              		.loc 1 77 9 view .LVU218
 1026 0026 FFF7FEFF 		bl	Process_Gimbal_Control
 1027              	.LVL62:
  78:Sentry/src/robot.c ****     }
 1028              		.loc 1 78 9 view .LVU219
 1029 002a FFF7FEFF 		bl	Process_Launch_Control
 1030              	.LVL63:
  80:Sentry/src/robot.c **** 
 1031              		.loc 1 80 1 is_stmt 0 view .LVU220
 1032 002e F3E7     		b	.L63
 1033              	.L69:
 1034              		.align	2
 1035              	.L68:
 1036 0030 00000000 		.word	g_remote
 1037 0034 00000000 		.word	g_robot_state
 1038              		.cfi_endproc
 1039              	.LFE153:
 1041              		.section	.text.Robot_Command_Loop,"ax",%progbits
 1042              		.align	1
 1043              		.global	Robot_Command_Loop
 1044              		.syntax unified
 1045              		.thumb
 1046              		.thumb_func
 1048              	Robot_Command_Loop:
 1049              	.LFB159:
 154:Sentry/src/robot.c **** 
 155:Sentry/src/robot.c **** /**
 156:Sentry/src/robot.c ****  *  This function is called periodically by the Robot Task.
 157:Sentry/src/robot.c ****  *  It serves as the top level state machine for the robot based on the current state.
 158:Sentry/src/robot.c ****  *  Appropriate functions are called.
 159:Sentry/src/robot.c ****  */
 160:Sentry/src/robot.c **** void Robot_Command_Loop()
 161:Sentry/src/robot.c **** {
 1050              		.loc 1 161 1 is_stmt 1 view -0
 1051              		.cfi_startproc
 1052              		@ args = 0, pretend = 0, frame = 0
 1053              		@ frame_needed = 0, uses_anonymous_args = 0
 1054 0000 08B5     		push	{r3, lr}
 1055              	.LCFI25:
 1056              		.cfi_def_cfa_offset 8
 1057              		.cfi_offset 3, -8
 1058              		.cfi_offset 14, -4
 162:Sentry/src/robot.c ****     switch (g_robot_state.state)
 1059              		.loc 1 162 5 view .LVU222
ARM GAS  /var/folders/sg/pxk9dyzj7jz_x3889hx3b3dw0000gn/T//ccR9II1U.s 			page 26


 1060              		.loc 1 162 26 is_stmt 0 view .LVU223
 1061 0002 094B     		ldr	r3, .L76
 1062 0004 1B78     		ldrb	r3, [r3]	@ zero_extendqisi2
 1063              		.loc 1 162 5 view .LVU224
 1064 0006 012B     		cmp	r3, #1
 1065 0008 05D0     		beq	.L71
 1066 000a 022B     		cmp	r3, #2
 1067 000c 06D0     		beq	.L72
 1068 000e 43B9     		cbnz	r3, .L73
 163:Sentry/src/robot.c ****     {
 164:Sentry/src/robot.c ****     case STARTING_UP:
 165:Sentry/src/robot.c ****         Handle_Starting_Up_State();
 1069              		.loc 1 165 9 is_stmt 1 view .LVU225
 1070 0010 FFF7FEFF 		bl	Handle_Starting_Up_State
 1071              	.LVL64:
 166:Sentry/src/robot.c ****         break;
 1072              		.loc 1 166 9 view .LVU226
 1073              	.L70:
 167:Sentry/src/robot.c ****     case DISABLED:
 168:Sentry/src/robot.c ****         Handle_Disabled_State();
 169:Sentry/src/robot.c ****         break;
 170:Sentry/src/robot.c ****     case ENABLED:
 171:Sentry/src/robot.c ****         Handle_Enabled_State();
 172:Sentry/src/robot.c ****         break;
 173:Sentry/src/robot.c ****     default:
 174:Sentry/src/robot.c ****         Error_Handler();
 175:Sentry/src/robot.c ****         break;
 176:Sentry/src/robot.c ****     }
 177:Sentry/src/robot.c **** }
 1074              		.loc 1 177 1 is_stmt 0 view .LVU227
 1075 0014 08BD     		pop	{r3, pc}
 1076              	.L71:
 168:Sentry/src/robot.c ****         break;
 1077              		.loc 1 168 9 is_stmt 1 view .LVU228
 1078 0016 FFF7FEFF 		bl	Handle_Disabled_State
 1079              	.LVL65:
 169:Sentry/src/robot.c ****     case ENABLED:
 1080              		.loc 1 169 9 view .LVU229
 1081 001a FBE7     		b	.L70
 1082              	.L72:
 171:Sentry/src/robot.c ****         break;
 1083              		.loc 1 171 9 view .LVU230
 1084 001c FFF7FEFF 		bl	Handle_Enabled_State
 1085              	.LVL66:
 172:Sentry/src/robot.c ****     default:
 1086              		.loc 1 172 9 view .LVU231
 1087 0020 F8E7     		b	.L70
 1088              	.L73:
 174:Sentry/src/robot.c ****         break;
 1089              		.loc 1 174 9 view .LVU232
 1090 0022 FFF7FEFF 		bl	Error_Handler
 1091              	.LVL67:
 175:Sentry/src/robot.c ****     }
 1092              		.loc 1 175 9 view .LVU233
 1093              		.loc 1 177 1 is_stmt 0 view .LVU234
 1094 0026 F5E7     		b	.L70
 1095              	.L77:
ARM GAS  /var/folders/sg/pxk9dyzj7jz_x3889hx3b3dw0000gn/T//ccR9II1U.s 			page 27


 1096              		.align	2
 1097              	.L76:
 1098 0028 00000000 		.word	g_robot_state
 1099              		.cfi_endproc
 1100              	.LFE159:
 1102              		.section	.text.Robot_Tasks_Robot_Command,"ax",%progbits
 1103              		.align	1
 1104              		.global	Robot_Tasks_Robot_Command
 1105              		.syntax unified
 1106              		.thumb
 1107              		.thumb_func
 1109              	Robot_Tasks_Robot_Command:
 1110              	.LVL68:
 1111              	.LFB143:
  65:Sentry/inc/robot_tasks.h ****     portTickType xLastWakeTime;
 1112              		.loc 2 65 1 is_stmt 1 view -0
 1113              		.cfi_startproc
 1114              		@ args = 0, pretend = 0, frame = 8
 1115              		@ frame_needed = 0, uses_anonymous_args = 0
  65:Sentry/inc/robot_tasks.h ****     portTickType xLastWakeTime;
 1116              		.loc 2 65 1 is_stmt 0 view .LVU236
 1117 0000 00B5     		push	{lr}
 1118              	.LCFI26:
 1119              		.cfi_def_cfa_offset 4
 1120              		.cfi_offset 14, -4
 1121 0002 83B0     		sub	sp, sp, #12
 1122              	.LCFI27:
 1123              		.cfi_def_cfa_offset 16
  66:Sentry/inc/robot_tasks.h ****     xLastWakeTime = xTaskGetTickCount();
 1124              		.loc 2 66 5 is_stmt 1 view .LVU237
  67:Sentry/inc/robot_tasks.h ****     const TickType_t TimeIncrement = pdMS_TO_TICKS(2);
 1125              		.loc 2 67 5 view .LVU238
  67:Sentry/inc/robot_tasks.h ****     const TickType_t TimeIncrement = pdMS_TO_TICKS(2);
 1126              		.loc 2 67 21 is_stmt 0 view .LVU239
 1127 0004 FFF7FEFF 		bl	xTaskGetTickCount
 1128              	.LVL69:
  67:Sentry/inc/robot_tasks.h ****     const TickType_t TimeIncrement = pdMS_TO_TICKS(2);
 1129              		.loc 2 67 19 discriminator 1 view .LVU240
 1130 0008 0190     		str	r0, [sp, #4]
  68:Sentry/inc/robot_tasks.h ****     while (1)
 1131              		.loc 2 68 5 is_stmt 1 view .LVU241
 1132              	.LVL70:
 1133              	.L79:
  69:Sentry/inc/robot_tasks.h ****     {
 1134              		.loc 2 69 5 view .LVU242
  71:Sentry/inc/robot_tasks.h ****         vTaskDelayUntil(&xLastWakeTime, TimeIncrement);
 1135              		.loc 2 71 9 view .LVU243
 1136 000a FFF7FEFF 		bl	Robot_Command_Loop
 1137              	.LVL71:
  72:Sentry/inc/robot_tasks.h ****     }
 1138              		.loc 2 72 9 discriminator 1 view .LVU244
 1139 000e 0221     		movs	r1, #2
 1140 0010 01A8     		add	r0, sp, #4
 1141 0012 FFF7FEFF 		bl	vTaskDelayUntil
 1142              	.LVL72:
  69:Sentry/inc/robot_tasks.h ****     {
 1143              		.loc 2 69 11 view .LVU245
ARM GAS  /var/folders/sg/pxk9dyzj7jz_x3889hx3b3dw0000gn/T//ccR9II1U.s 			page 28


 1144 0016 F8E7     		b	.L79
 1145              		.cfi_endproc
 1146              	.LFE143:
 1148              		.section	.rodata.str1.4,"aMS",%progbits,1
 1149              		.align	2
 1150              	.LC14:
 1151 0000 635F626F 		.ascii	"c_board_comm_task\000"
 1151      6172645F 
 1151      636F6D6D 
 1151      5F746173 
 1151      6B00
 1152 0012 0000     		.align	2
 1153              	.LC12:
 1154 0014 6461656D 		.ascii	"daemon_task\000"
 1154      6F6E5F74 
 1154      61736B00 
 1155              		.align	2
 1156              	.LC10:
 1157 0020 6A657473 		.ascii	"jetson_orin_task\000"
 1157      6F6E5F6F 
 1157      72696E5F 
 1157      7461736B 
 1157      00
 1158 0031 000000   		.align	2
 1159              	.LC8:
 1160 0034 64656275 		.ascii	"debug_task\000"
 1160      675F7461 
 1160      736B00
 1161 003f 00       		.align	2
 1162              	.LC6:
 1163 0040 75695F74 		.ascii	"ui_task\000"
 1163      61736B00 
 1164              		.align	2
 1165              	.LC4:
 1166 0048 726F626F 		.ascii	"robot_command_task\000"
 1166      745F636F 
 1166      6D6D616E 
 1166      645F7461 
 1166      736B00
 1167 005b 00       		.align	2
 1168              	.LC2:
 1169 005c 6D6F746F 		.ascii	"motor_task\000"
 1169      725F7461 
 1169      736B00
 1170 0067 00       		.align	2
 1171              	.LC0:
 1172 0068 696D755F 		.ascii	"imu_task\000"
 1172      7461736B 
 1172      00
 1173              		.global	g_robot_state
 1174              		.section	.bss.g_robot_state,"aw",%nobits
 1175              		.align	2
 1178              	g_robot_state:
 1179 0000 00000000 		.space	96
 1179      00000000 
 1179      00000000 
 1179      00000000 
ARM GAS  /var/folders/sg/pxk9dyzj7jz_x3889hx3b3dw0000gn/T//ccR9II1U.s 			page 29


 1179      00000000 
 1180              		.global	c_board_comm_task_handle
 1181              		.section	.bss.c_board_comm_task_handle,"aw",%nobits
 1182              		.align	2
 1185              	c_board_comm_task_handle:
 1186 0000 00000000 		.space	4
 1187              		.global	daemon_task_handle
 1188              		.section	.bss.daemon_task_handle,"aw",%nobits
 1189              		.align	2
 1192              	daemon_task_handle:
 1193 0000 00000000 		.space	4
 1194              		.global	jetson_orin_task_handle
 1195              		.section	.bss.jetson_orin_task_handle,"aw",%nobits
 1196              		.align	2
 1199              	jetson_orin_task_handle:
 1200 0000 00000000 		.space	4
 1201              		.global	debug_task_handle
 1202              		.section	.bss.debug_task_handle,"aw",%nobits
 1203              		.align	2
 1206              	debug_task_handle:
 1207 0000 00000000 		.space	4
 1208              		.global	ui_task_handle
 1209              		.section	.bss.ui_task_handle,"aw",%nobits
 1210              		.align	2
 1213              	ui_task_handle:
 1214 0000 00000000 		.space	4
 1215              		.global	motor_task_handle
 1216              		.section	.bss.motor_task_handle,"aw",%nobits
 1217              		.align	2
 1220              	motor_task_handle:
 1221 0000 00000000 		.space	4
 1222              		.global	robot_command_task_handle
 1223              		.section	.bss.robot_command_task_handle,"aw",%nobits
 1224              		.align	2
 1227              	robot_command_task_handle:
 1228 0000 00000000 		.space	4
 1229              		.global	imu_task_handle
 1230              		.section	.bss.imu_task_handle,"aw",%nobits
 1231              		.align	2
 1234              	imu_task_handle:
 1235 0000 00000000 		.space	4
 1236              		.section	.rodata
 1237              		.align	2
 1238              		.set	.LANCHOR0,. + 0
 1239              	.LC16:
 1240 0000 68000000 		.word	.LC0
 1241 0004 00000000 		.word	Robot_Tasks_IMU
 1242 0008 0100     		.short	1
 1243 000a 0000     		.space	2
 1244 000c 00000000 		.word	0
 1245 0010 00040000 		.word	1024
 1246 0014 00000000 		.word	0
 1247 0018 00000000 		.word	0
 1248              	.LC17:
 1249 001c 5C000000 		.word	.LC2
 1250 0020 00000000 		.word	Robot_Tasks_Motor
 1251 0024 0100     		.short	1
ARM GAS  /var/folders/sg/pxk9dyzj7jz_x3889hx3b3dw0000gn/T//ccR9II1U.s 			page 30


 1252 0026 0000     		.space	2
 1253 0028 00000000 		.word	0
 1254 002c 00010000 		.word	256
 1255 0030 00000000 		.word	0
 1256 0034 00000000 		.word	0
 1257              	.LC18:
 1258 0038 48000000 		.word	.LC4
 1259 003c 00000000 		.word	Robot_Tasks_Robot_Command
 1260 0040 0100     		.short	1
 1261 0042 0000     		.space	2
 1262 0044 00000000 		.word	0
 1263 0048 00010000 		.word	256
 1264 004c 00000000 		.word	0
 1265 0050 00000000 		.word	0
 1266              	.LC19:
 1267 0054 40000000 		.word	.LC6
 1268 0058 00000000 		.word	Robot_Tasks_UI
 1269 005c 0100     		.short	1
 1270 005e 0000     		.space	2
 1271 0060 00000000 		.word	0
 1272 0064 00010000 		.word	256
 1273 0068 00000000 		.word	0
 1274 006c 00000000 		.word	0
 1275              	.LC20:
 1276 0070 34000000 		.word	.LC8
 1277 0074 00000000 		.word	Robot_Tasks_Debug
 1278 0078 0100     		.short	1
 1279 007a 0000     		.space	2
 1280 007c 00000000 		.word	0
 1281 0080 00010000 		.word	256
 1282 0084 00000000 		.word	0
 1283 0088 00000000 		.word	0
 1284              	.LC21:
 1285 008c 20000000 		.word	.LC10
 1286 0090 00000000 		.word	Robot_Tasks_Jetson_Orin
 1287 0094 0100     		.short	1
 1288 0096 0000     		.space	2
 1289 0098 00000000 		.word	0
 1290 009c 00010000 		.word	256
 1291 00a0 00000000 		.word	0
 1292 00a4 00000000 		.word	0
 1293              	.LC22:
 1294 00a8 14000000 		.word	.LC12
 1295 00ac 00000000 		.word	Robot_Tasks_Daemon
 1296 00b0 0100     		.short	1
 1297 00b2 0000     		.space	2
 1298 00b4 00000000 		.word	0
 1299 00b8 00010000 		.word	256
 1300 00bc 00000000 		.word	0
 1301 00c0 00000000 		.word	0
 1302              	.LC23:
 1303 00c4 00000000 		.word	.LC14
 1304 00c8 00000000 		.word	Robot_Tasks_C_Board_Comm
 1305 00cc 0100     		.short	1
 1306 00ce 0000     		.space	2
 1307 00d0 00000000 		.word	0
 1308 00d4 00010000 		.word	256
ARM GAS  /var/folders/sg/pxk9dyzj7jz_x3889hx3b3dw0000gn/T//ccR9II1U.s 			page 31


 1309 00d8 00000000 		.word	0
 1310 00dc 00000000 		.word	0
 1311              		.text
 1312              	.Letext0:
 1313              		.file 3 "/Applications/ArmGNUToolchain/14.3.rel1/arm-none-eabi/arm-none-eabi/include/machine/_defa
 1314              		.file 4 "/Applications/ArmGNUToolchain/14.3.rel1/arm-none-eabi/arm-none-eabi/include/sys/_stdint.h
 1315              		.file 5 "Sentry/inc/robot.h"
 1316              		.file 6 "control-base/typec-board-base/Middlewares/Third_Party/FreeRTOS/Source/portable/GCC/ARM_CM
 1317              		.file 7 "control-base/typec-board-base/Middlewares/Third_Party/FreeRTOS/Source/include/FreeRTOS.h"
 1318              		.file 8 "control-base/typec-board-base/Middlewares/Third_Party/FreeRTOS/Source/include/task.h"
 1319              		.file 9 "control-base/typec-board-base/Drivers/CMSIS/Device/ST/STM32F4xx/Include/stm32f407xx.h"
 1320              		.file 10 "control-base/typec-board-base/Drivers/STM32F4xx_HAL_Driver/Inc/stm32f4xx_hal_def.h"
 1321              		.file 11 "control-base/typec-board-base/Drivers/STM32F4xx_HAL_Driver/Inc/stm32f4xx_hal_dma.h"
 1322              		.file 12 "control-base/typec-board-base/Drivers/STM32F4xx_HAL_Driver/Inc/stm32f4xx_hal_uart.h"
 1323              		.file 13 "control-base/typec-board-base/Middlewares/Third_Party/FreeRTOS/Source/CMSIS_RTOS/cmsis_o
 1324              		.file 14 "control-base/typec-board-base/Core/Inc/usart.h"
 1325              		.file 15 "control-base/devices/inc/remote.h"
 1326              		.file 16 "control-base/devices/inc/buzzer.h"
 1327              		.file 17 "control-base/typec-board-base/Core/Inc/main.h"
 1328              		.file 18 "Sentry/inc/launch_task.h"
 1329              		.file 19 "Sentry/inc/gimbal_task.h"
 1330              		.file 20 "Sentry/inc/chassis_task.h"
 1331              		.file 21 "control-base/devices/inc/dm_motor.h"
 1332              		.file 22 "control-base/devices/inc/dji_motor.h"
 1333              		.file 23 "control-base/devices/inc/referee_system.h"
 1334              		.file 24 "control-base/devices/inc/jetson_orin.h"
 1335              		.file 25 "control-base/bsp/inc/bsp_can.h"
 1336              		.file 26 "Sentry/inc/c_board_comm.h"
 1337              		.file 27 "control-base/bsp/inc/bsp_daemon.h"
 1338              		.file 28 "Sentry/inc/debug_task.h"
 1339              		.file 29 "Sentry/inc/motor_task.h"
 1340              		.file 30 "<built-in>"
ARM GAS  /var/folders/sg/pxk9dyzj7jz_x3889hx3b3dw0000gn/T//ccR9II1U.s 			page 32


DEFINED SYMBOLS
                            *ABS*:00000000 robot.c
/var/folders/sg/pxk9dyzj7jz_x3889hx3b3dw0000gn/T//ccR9II1U.s:21     .text.Robot_Tasks_UI:00000000 $t
/var/folders/sg/pxk9dyzj7jz_x3889hx3b3dw0000gn/T//ccR9II1U.s:27     .text.Robot_Tasks_UI:00000000 Robot_Tasks_UI
/var/folders/sg/pxk9dyzj7jz_x3889hx3b3dw0000gn/T//ccR9II1U.s:65     .text.Robot_Tasks_IMU:00000000 $t
/var/folders/sg/pxk9dyzj7jz_x3889hx3b3dw0000gn/T//ccR9II1U.s:71     .text.Robot_Tasks_IMU:00000000 Robot_Tasks_IMU
/var/folders/sg/pxk9dyzj7jz_x3889hx3b3dw0000gn/T//ccR9II1U.s:93     .text.Robot_Tasks_Motor:00000000 $t
/var/folders/sg/pxk9dyzj7jz_x3889hx3b3dw0000gn/T//ccR9II1U.s:99     .text.Robot_Tasks_Motor:00000000 Robot_Tasks_Motor
/var/folders/sg/pxk9dyzj7jz_x3889hx3b3dw0000gn/T//ccR9II1U.s:139    .text.Robot_Tasks_Debug:00000000 $t
/var/folders/sg/pxk9dyzj7jz_x3889hx3b3dw0000gn/T//ccR9II1U.s:145    .text.Robot_Tasks_Debug:00000000 Robot_Tasks_Debug
/var/folders/sg/pxk9dyzj7jz_x3889hx3b3dw0000gn/T//ccR9II1U.s:185    .text.Robot_Tasks_Jetson_Orin:00000000 $t
/var/folders/sg/pxk9dyzj7jz_x3889hx3b3dw0000gn/T//ccR9II1U.s:191    .text.Robot_Tasks_Jetson_Orin:00000000 Robot_Tasks_Jetson_Orin
/var/folders/sg/pxk9dyzj7jz_x3889hx3b3dw0000gn/T//ccR9II1U.s:231    .text.Robot_Tasks_Daemon:00000000 $t
/var/folders/sg/pxk9dyzj7jz_x3889hx3b3dw0000gn/T//ccR9II1U.s:237    .text.Robot_Tasks_Daemon:00000000 Robot_Tasks_Daemon
/var/folders/sg/pxk9dyzj7jz_x3889hx3b3dw0000gn/T//ccR9II1U.s:277    .text.Robot_Tasks_C_Board_Comm:00000000 $t
/var/folders/sg/pxk9dyzj7jz_x3889hx3b3dw0000gn/T//ccR9II1U.s:283    .text.Robot_Tasks_C_Board_Comm:00000000 Robot_Tasks_C_Board_Comm
/var/folders/sg/pxk9dyzj7jz_x3889hx3b3dw0000gn/T//ccR9II1U.s:326    .text.Robot_Tasks_Start:00000000 $t
/var/folders/sg/pxk9dyzj7jz_x3889hx3b3dw0000gn/T//ccR9II1U.s:332    .text.Robot_Tasks_Start:00000000 Robot_Tasks_Start
/var/folders/sg/pxk9dyzj7jz_x3889hx3b3dw0000gn/T//ccR9II1U.s:484    .text.Robot_Tasks_Start:00000128 $d
/var/folders/sg/pxk9dyzj7jz_x3889hx3b3dw0000gn/T//ccR9II1U.s:1234   .bss.imu_task_handle:00000000 imu_task_handle
/var/folders/sg/pxk9dyzj7jz_x3889hx3b3dw0000gn/T//ccR9II1U.s:1220   .bss.motor_task_handle:00000000 motor_task_handle
/var/folders/sg/pxk9dyzj7jz_x3889hx3b3dw0000gn/T//ccR9II1U.s:1227   .bss.robot_command_task_handle:00000000 robot_command_task_handle
/var/folders/sg/pxk9dyzj7jz_x3889hx3b3dw0000gn/T//ccR9II1U.s:1213   .bss.ui_task_handle:00000000 ui_task_handle
/var/folders/sg/pxk9dyzj7jz_x3889hx3b3dw0000gn/T//ccR9II1U.s:1206   .bss.debug_task_handle:00000000 debug_task_handle
/var/folders/sg/pxk9dyzj7jz_x3889hx3b3dw0000gn/T//ccR9II1U.s:1199   .bss.jetson_orin_task_handle:00000000 jetson_orin_task_handle
/var/folders/sg/pxk9dyzj7jz_x3889hx3b3dw0000gn/T//ccR9II1U.s:1192   .bss.daemon_task_handle:00000000 daemon_task_handle
/var/folders/sg/pxk9dyzj7jz_x3889hx3b3dw0000gn/T//ccR9II1U.s:1185   .bss.c_board_comm_task_handle:00000000 c_board_comm_task_handle
/var/folders/sg/pxk9dyzj7jz_x3889hx3b3dw0000gn/T//ccR9II1U.s:497    .text.Robot_Init:00000000 $t
/var/folders/sg/pxk9dyzj7jz_x3889hx3b3dw0000gn/T//ccR9II1U.s:503    .text.Robot_Init:00000000 Robot_Init
/var/folders/sg/pxk9dyzj7jz_x3889hx3b3dw0000gn/T//ccR9II1U.s:582    .text.Robot_Init:00000078 $d
/var/folders/sg/pxk9dyzj7jz_x3889hx3b3dw0000gn/T//ccR9II1U.s:1178   .bss.g_robot_state:00000000 g_robot_state
/var/folders/sg/pxk9dyzj7jz_x3889hx3b3dw0000gn/T//ccR9II1U.s:596    .text.Handle_Starting_Up_State:00000000 $t
/var/folders/sg/pxk9dyzj7jz_x3889hx3b3dw0000gn/T//ccR9II1U.s:602    .text.Handle_Starting_Up_State:00000000 Handle_Starting_Up_State
/var/folders/sg/pxk9dyzj7jz_x3889hx3b3dw0000gn/T//ccR9II1U.s:647    .text.Handle_Starting_Up_State:0000002c $d
/var/folders/sg/pxk9dyzj7jz_x3889hx3b3dw0000gn/T//ccR9II1U.s:655    .text.Handle_Disabled_State:00000000 $t
/var/folders/sg/pxk9dyzj7jz_x3889hx3b3dw0000gn/T//ccR9II1U.s:661    .text.Handle_Disabled_State:00000000 Handle_Disabled_State
/var/folders/sg/pxk9dyzj7jz_x3889hx3b3dw0000gn/T//ccR9II1U.s:723    .text.Handle_Disabled_State:0000003c $d
/var/folders/sg/pxk9dyzj7jz_x3889hx3b3dw0000gn/T//ccR9II1U.s:729    .text.Process_Remote_Input:00000000 $t
/var/folders/sg/pxk9dyzj7jz_x3889hx3b3dw0000gn/T//ccR9II1U.s:735    .text.Process_Remote_Input:00000000 Process_Remote_Input
/var/folders/sg/pxk9dyzj7jz_x3889hx3b3dw0000gn/T//ccR9II1U.s:890    .text.Process_Remote_Input:000000ec $d
/var/folders/sg/pxk9dyzj7jz_x3889hx3b3dw0000gn/T//ccR9II1U.s:899    .text.Process_Chassis_Control:00000000 $t
/var/folders/sg/pxk9dyzj7jz_x3889hx3b3dw0000gn/T//ccR9II1U.s:905    .text.Process_Chassis_Control:00000000 Process_Chassis_Control
/var/folders/sg/pxk9dyzj7jz_x3889hx3b3dw0000gn/T//ccR9II1U.s:925    .text.Process_Gimbal_Control:00000000 $t
/var/folders/sg/pxk9dyzj7jz_x3889hx3b3dw0000gn/T//ccR9II1U.s:931    .text.Process_Gimbal_Control:00000000 Process_Gimbal_Control
/var/folders/sg/pxk9dyzj7jz_x3889hx3b3dw0000gn/T//ccR9II1U.s:951    .text.Process_Launch_Control:00000000 $t
/var/folders/sg/pxk9dyzj7jz_x3889hx3b3dw0000gn/T//ccR9II1U.s:957    .text.Process_Launch_Control:00000000 Process_Launch_Control
/var/folders/sg/pxk9dyzj7jz_x3889hx3b3dw0000gn/T//ccR9II1U.s:977    .text.Handle_Enabled_State:00000000 $t
/var/folders/sg/pxk9dyzj7jz_x3889hx3b3dw0000gn/T//ccR9II1U.s:983    .text.Handle_Enabled_State:00000000 Handle_Enabled_State
/var/folders/sg/pxk9dyzj7jz_x3889hx3b3dw0000gn/T//ccR9II1U.s:1036   .text.Handle_Enabled_State:00000030 $d
/var/folders/sg/pxk9dyzj7jz_x3889hx3b3dw0000gn/T//ccR9II1U.s:1042   .text.Robot_Command_Loop:00000000 $t
/var/folders/sg/pxk9dyzj7jz_x3889hx3b3dw0000gn/T//ccR9II1U.s:1048   .text.Robot_Command_Loop:00000000 Robot_Command_Loop
/var/folders/sg/pxk9dyzj7jz_x3889hx3b3dw0000gn/T//ccR9II1U.s:1098   .text.Robot_Command_Loop:00000028 $d
/var/folders/sg/pxk9dyzj7jz_x3889hx3b3dw0000gn/T//ccR9II1U.s:1103   .text.Robot_Tasks_Robot_Command:00000000 $t
/var/folders/sg/pxk9dyzj7jz_x3889hx3b3dw0000gn/T//ccR9II1U.s:1109   .text.Robot_Tasks_Robot_Command:00000000 Robot_Tasks_Robot_Command
/var/folders/sg/pxk9dyzj7jz_x3889hx3b3dw0000gn/T//ccR9II1U.s:1149   .rodata.str1.4:00000000 $d
/var/folders/sg/pxk9dyzj7jz_x3889hx3b3dw0000gn/T//ccR9II1U.s:1175   .bss.g_robot_state:00000000 $d
/var/folders/sg/pxk9dyzj7jz_x3889hx3b3dw0000gn/T//ccR9II1U.s:1182   .bss.c_board_comm_task_handle:00000000 $d
ARM GAS  /var/folders/sg/pxk9dyzj7jz_x3889hx3b3dw0000gn/T//ccR9II1U.s 			page 33


/var/folders/sg/pxk9dyzj7jz_x3889hx3b3dw0000gn/T//ccR9II1U.s:1189   .bss.daemon_task_handle:00000000 $d
/var/folders/sg/pxk9dyzj7jz_x3889hx3b3dw0000gn/T//ccR9II1U.s:1196   .bss.jetson_orin_task_handle:00000000 $d
/var/folders/sg/pxk9dyzj7jz_x3889hx3b3dw0000gn/T//ccR9II1U.s:1203   .bss.debug_task_handle:00000000 $d
/var/folders/sg/pxk9dyzj7jz_x3889hx3b3dw0000gn/T//ccR9II1U.s:1210   .bss.ui_task_handle:00000000 $d
/var/folders/sg/pxk9dyzj7jz_x3889hx3b3dw0000gn/T//ccR9II1U.s:1217   .bss.motor_task_handle:00000000 $d
/var/folders/sg/pxk9dyzj7jz_x3889hx3b3dw0000gn/T//ccR9II1U.s:1224   .bss.robot_command_task_handle:00000000 $d
/var/folders/sg/pxk9dyzj7jz_x3889hx3b3dw0000gn/T//ccR9II1U.s:1231   .bss.imu_task_handle:00000000 $d
/var/folders/sg/pxk9dyzj7jz_x3889hx3b3dw0000gn/T//ccR9II1U.s:1237   .rodata:00000000 $d

UNDEFINED SYMBOLS
xTaskGetTickCount
vTaskDelayUntil
IMU_Task
Motor_Task_Loop
Debug_Task_Loop
Jetson_Orin_Send_Data
Daemon_Task_Loop
C_Board_Comm_Task_Init
C_Board_Comm_Send_Loop
osThreadCreate
Buzzer_Init
memset
memcpy
Buzzer_Play_Melody
Chassis_Task_Init
Gimbal_Task_Init
Launch_Task_Init
Remote_Init
CAN_Service_Init
Jetson_Orin_Init
Referee_System_Init
huart3
huart1
huart6
DJI_Motor_Disable_All
DM_Motor_Disable_All
Gimbal_Task_Disable
DJI_Motor_Enable_All
g_remote
Chassis_Ctrl_Loop
Gimbal_Ctrl_Loop
Launch_Ctrl_Loop
Referee_Set_Robot_State
Error_Handler
