ARM GAS  /var/folders/sg/pxk9dyzj7jz_x3889hx3b3dw0000gn/T//ccWoVUqr.s 			page 1


   1              		.cpu cortex-m4
   2              		.arch armv7e-m
   3              		.fpu fpv4-sp-d16
   4              		.eabi_attribute 27, 1
   5              		.eabi_attribute 28, 1
   6              		.eabi_attribute 20, 1
   7              		.eabi_attribute 21, 1
   8              		.eabi_attribute 23, 3
   9              		.eabi_attribute 24, 1
  10              		.eabi_attribute 25, 1
  11              		.eabi_attribute 26, 1
  12              		.eabi_attribute 30, 1
  13              		.eabi_attribute 34, 1
  14              		.eabi_attribute 18, 4
  15              		.file	"wheel_legged_3d_lqr.c"
  16              		.text
  17              	.Ltext0:
  18              		.cfi_sections	.debug_frame
  19              		.file 1 "control-base/algo/src/wheel_legged_3d_lqr.c"
  20              		.section	.text._Wheel_Legged_Evaluate_Kij,"ax",%progbits
  21              		.align	1
  22              		.syntax unified
  23              		.thumb
  24              		.thumb_func
  26              	_Wheel_Legged_Evaluate_Kij:
  27              	.LVL0:
  28              	.LFB0:
   1:control-base/algo/src/wheel_legged_3d_lqr.c **** #include "wheel_legged_3d_lqr.h"
   2:control-base/algo/src/wheel_legged_3d_lqr.c **** #include <stdint.h>
   3:control-base/algo/src/wheel_legged_3d_lqr.c **** 
   4:control-base/algo/src/wheel_legged_3d_lqr.c **** // 
   5:control-base/algo/src/wheel_legged_3d_lqr.c **** /**
   6:control-base/algo/src/wheel_legged_3d_lqr.c ****  * 40 rows (K_ij), 6 columns (p00, p10, p01, p20, p11, p02)
   7:control-base/algo/src/wheel_legged_3d_lqr.c ****  * p(x,y) = p00 + p10*x + p01*y + p20*x^2 + p11*x*y + p02*y^2
   8:control-base/algo/src/wheel_legged_3d_lqr.c ****  * x is l_l (left leg length), y is l_r (right leg length)
   9:control-base/algo/src/wheel_legged_3d_lqr.c ****  */
  10:control-base/algo/src/wheel_legged_3d_lqr.c **** static const float K_Fit_Coefficients[40][6] = {
  11:control-base/algo/src/wheel_legged_3d_lqr.c ****     { -1.36342, -6.41948, 6.05308, 12.23947, -5.14415, -6.46791 },
  12:control-base/algo/src/wheel_legged_3d_lqr.c **** { -19.85365, -32.67761, 88.90298, 106.33215, -98.65382, -91.01060 },
  13:control-base/algo/src/wheel_legged_3d_lqr.c **** { -29.36619, 194.03163, -65.15477, -875.83377, -191.04287, 154.17176 },
  14:control-base/algo/src/wheel_legged_3d_lqr.c **** { -7.25507, 43.77994, -6.29475, -140.80160, -29.87049, 16.49729 },
  15:control-base/algo/src/wheel_legged_3d_lqr.c **** { -58.79490, -82.96296, 0.98233, 63.98825, 38.74831, -8.34941 },
  16:control-base/algo/src/wheel_legged_3d_lqr.c **** { -2.21620, -15.20522, 4.16729, -6.83842, 6.02876, -6.69455 },
  17:control-base/algo/src/wheel_legged_3d_lqr.c **** { -1.69787, 22.57606, -25.94231, -46.37851, 22.56538, -12.54873 },
  18:control-base/algo/src/wheel_legged_3d_lqr.c **** { -0.22822, -1.87922, -2.48659, 6.80391, -3.84123, -0.28063 },
  19:control-base/algo/src/wheel_legged_3d_lqr.c **** { -85.11481, 449.74542, -17.67692, -677.77143, 51.53198, 61.78710 },
  20:control-base/algo/src/wheel_legged_3d_lqr.c **** { -5.16575, 12.62309, 0.82606, -11.23173, -1.63613, 1.52970 },
  21:control-base/algo/src/wheel_legged_3d_lqr.c **** { -1.36342, 6.05308, -6.41948, -6.46791, -5.14415, 12.23947 },
  22:control-base/algo/src/wheel_legged_3d_lqr.c **** { -19.85365, 88.90298, -32.67761, -91.01060, -98.65382, 106.33215 },
  23:control-base/algo/src/wheel_legged_3d_lqr.c **** { 29.36619, 65.15477, -194.03163, -154.17176, 191.04287, 875.83377 },
  24:control-base/algo/src/wheel_legged_3d_lqr.c **** { 7.25507, 6.29475, -43.77994, -16.49729, 29.87049, 140.80160 },
  25:control-base/algo/src/wheel_legged_3d_lqr.c **** { -1.69787, -25.94231, 22.57606, -12.54873, 22.56538, -46.37851 },
  26:control-base/algo/src/wheel_legged_3d_lqr.c **** { -0.22822, -2.48659, -1.87922, -0.28063, -3.84123, 6.80391 },
  27:control-base/algo/src/wheel_legged_3d_lqr.c **** { -58.79490, 0.98233, -82.96296, -8.34941, 38.74831, 63.98825 },
  28:control-base/algo/src/wheel_legged_3d_lqr.c **** { -2.21620, 4.16729, -15.20522, -6.69455, 6.02876, -6.83842 },
  29:control-base/algo/src/wheel_legged_3d_lqr.c **** { -85.11481, -17.67692, 449.74542, 61.78710, 51.53198, -677.77143 },
  30:control-base/algo/src/wheel_legged_3d_lqr.c **** { -5.16575, 0.82606, 12.62309, 1.52970, -1.63613, -11.23173 },
ARM GAS  /var/folders/sg/pxk9dyzj7jz_x3889hx3b3dw0000gn/T//ccWoVUqr.s 			page 2


  31:control-base/algo/src/wheel_legged_3d_lqr.c **** { 0.14015, -0.52385, -0.22701, 1.86388, 0.75653, -1.77201 },
  32:control-base/algo/src/wheel_legged_3d_lqr.c **** { 1.64715, -4.74960, -5.69464, 13.56306, 10.94686, -8.52159 },
  33:control-base/algo/src/wheel_legged_3d_lqr.c **** { -59.08877, -17.14151, -32.29821, 85.72856, 48.08133, 63.29526 },
  34:control-base/algo/src/wheel_legged_3d_lqr.c **** { -10.99316, -1.91911, -3.83388, 9.45791, 5.35478, 5.71598 },
  35:control-base/algo/src/wheel_legged_3d_lqr.c **** { 8.80587, -21.32347, 2.92983, 123.42065, 36.97087, -9.37721 },
  36:control-base/algo/src/wheel_legged_3d_lqr.c **** { 0.40512, -4.15492, 0.09019, 16.98481, 2.53063, -1.26732 },
  37:control-base/algo/src/wheel_legged_3d_lqr.c **** { 1.98686, -2.44308, -33.63061, 7.47538, -37.90315, -49.43872 },
  38:control-base/algo/src/wheel_legged_3d_lqr.c **** { 0.07502, -0.51208, 1.41088, 1.51531, -2.58627, -14.35439 },
  39:control-base/algo/src/wheel_legged_3d_lqr.c **** { -78.73608, -42.48622, 6.08276, 39.19032, -1.06569, 28.63673 },
  40:control-base/algo/src/wheel_legged_3d_lqr.c **** { -4.44633, -1.44566, 0.45343, -0.15014, 0.28860, 1.47089 },
  41:control-base/algo/src/wheel_legged_3d_lqr.c **** { 0.14015, -0.22701, -0.52385, -1.77201, 0.75653, 1.86388 },
  42:control-base/algo/src/wheel_legged_3d_lqr.c **** { 1.64715, -5.69464, -4.74960, -8.52159, 10.94686, 13.56306 },
  43:control-base/algo/src/wheel_legged_3d_lqr.c **** { 59.08877, 32.29821, 17.14151, -63.29526, -48.08133, -85.72856 },
  44:control-base/algo/src/wheel_legged_3d_lqr.c **** { 10.99316, 3.83388, 1.91911, -5.71598, -5.35478, -9.45791 },
  45:control-base/algo/src/wheel_legged_3d_lqr.c **** { 1.98686, -33.63061, -2.44308, -49.43872, -37.90315, 7.47538 },
  46:control-base/algo/src/wheel_legged_3d_lqr.c **** { 0.07502, 1.41088, -0.51208, -14.35439, -2.58627, 1.51531 },
  47:control-base/algo/src/wheel_legged_3d_lqr.c **** { 8.80587, 2.92983, -21.32347, -9.37721, 36.97087, 123.42065 },
  48:control-base/algo/src/wheel_legged_3d_lqr.c **** { 0.40512, 0.09019, -4.15492, -1.26732, 2.53063, 16.98481 },
  49:control-base/algo/src/wheel_legged_3d_lqr.c **** { -78.73608, 6.08276, -42.48622, 28.63673, -1.06569, 39.19032 },
  50:control-base/algo/src/wheel_legged_3d_lqr.c **** { -4.44633, 0.45343, -1.44566, 1.47089, 0.28860, -0.15014 },
  51:control-base/algo/src/wheel_legged_3d_lqr.c **** };
  52:control-base/algo/src/wheel_legged_3d_lqr.c **** 
  53:control-base/algo/src/wheel_legged_3d_lqr.c **** // Mapping from (i, j) to row index in K_Fit_Coefficients (0-based)
  54:control-base/algo/src/wheel_legged_3d_lqr.c **** static const uint8_t K_index_map[4][10] = {
  55:control-base/algo/src/wheel_legged_3d_lqr.c ****     {0, 1, 2, 3, 4, 5, 6, 7, 8, 9},        // Row 1: T_wl
  56:control-base/algo/src/wheel_legged_3d_lqr.c ****     {10,11,12,13,14,15,16,17,18,19},       // Row 2: T_wr
  57:control-base/algo/src/wheel_legged_3d_lqr.c ****     {20,21,22,23,24,25,26,27,28,29},       // Row 3: T_bl
  58:control-base/algo/src/wheel_legged_3d_lqr.c ****     {30,31,32,33,34,35,36,37,38,39}        // Row 4: T_br
  59:control-base/algo/src/wheel_legged_3d_lqr.c **** };
  60:control-base/algo/src/wheel_legged_3d_lqr.c **** 
  61:control-base/algo/src/wheel_legged_3d_lqr.c **** static float _Wheel_Legged_Evaluate_Kij(uint8_t row_index, float l_l, float l_r) {
  29              		.loc 1 61 82 view -0
  30              		.cfi_startproc
  31              		@ args = 0, pretend = 0, frame = 0
  32              		@ frame_needed = 0, uses_anonymous_args = 0
  33              		@ link register save eliminated.
  62:control-base/algo/src/wheel_legged_3d_lqr.c ****     const float *coeff = K_Fit_Coefficients[row_index];
  34              		.loc 1 62 5 view .LVU1
  35              		.loc 1 62 18 is_stmt 0 view .LVU2
  36 0000 00EB4003 		add	r3, r0, r0, lsl #1
  37 0004 1448     		ldr	r0, .L2
  38              	.LVL1:
  39              		.loc 1 62 18 view .LVU3
  40 0006 00EBC300 		add	r0, r0, r3, lsl #3
  41              	.LVL2:
  63:control-base/algo/src/wheel_legged_3d_lqr.c ****     return coeff[0]
  42              		.loc 1 63 5 is_stmt 1 view .LVU4
  43              		.loc 1 63 17 is_stmt 0 view .LVU5
  44 000a D0ED007A 		vldr.32	s15, [r0]
  64:control-base/algo/src/wheel_legged_3d_lqr.c ****          + coeff[1] * l_l
  45              		.loc 1 64 17 view .LVU6
  46 000e 90ED017A 		vldr.32	s14, [r0, #4]
  47              		.loc 1 64 21 view .LVU7
  48 0012 27EE007A 		vmul.f32	s14, s14, s0
  49              		.loc 1 64 10 view .LVU8
  50 0016 77EE877A 		vadd.f32	s15, s15, s14
  65:control-base/algo/src/wheel_legged_3d_lqr.c ****          + coeff[2] * l_r
ARM GAS  /var/folders/sg/pxk9dyzj7jz_x3889hx3b3dw0000gn/T//ccWoVUqr.s 			page 3


  51              		.loc 1 65 17 view .LVU9
  52 001a 90ED027A 		vldr.32	s14, [r0, #8]
  53              		.loc 1 65 21 view .LVU10
  54 001e 27EE207A 		vmul.f32	s14, s14, s1
  55              		.loc 1 65 10 view .LVU11
  56 0022 77EE877A 		vadd.f32	s15, s15, s14
  66:control-base/algo/src/wheel_legged_3d_lqr.c ****          + coeff[3] * l_l * l_l
  57              		.loc 1 66 17 view .LVU12
  58 0026 90ED037A 		vldr.32	s14, [r0, #12]
  59              		.loc 1 66 21 view .LVU13
  60 002a 27EE007A 		vmul.f32	s14, s14, s0
  61              		.loc 1 66 27 view .LVU14
  62 002e 27EE007A 		vmul.f32	s14, s14, s0
  63              		.loc 1 66 10 view .LVU15
  64 0032 77EE877A 		vadd.f32	s15, s15, s14
  67:control-base/algo/src/wheel_legged_3d_lqr.c ****          + coeff[4] * l_l * l_r
  65              		.loc 1 67 17 view .LVU16
  66 0036 90ED047A 		vldr.32	s14, [r0, #16]
  67              		.loc 1 67 21 view .LVU17
  68 003a 27EE007A 		vmul.f32	s14, s14, s0
  69              		.loc 1 67 27 view .LVU18
  70 003e 27EE207A 		vmul.f32	s14, s14, s1
  71              		.loc 1 67 10 view .LVU19
  72 0042 77EE877A 		vadd.f32	s15, s15, s14
  68:control-base/algo/src/wheel_legged_3d_lqr.c ****          + coeff[5] * l_r * l_r;
  73              		.loc 1 68 17 view .LVU20
  74 0046 90ED050A 		vldr.32	s0, [r0, #20]
  75              	.LVL3:
  76              		.loc 1 68 21 view .LVU21
  77 004a 20EE200A 		vmul.f32	s0, s0, s1
  78              		.loc 1 68 27 view .LVU22
  79 004e 20EE200A 		vmul.f32	s0, s0, s1
  69:control-base/algo/src/wheel_legged_3d_lqr.c **** }
  80              		.loc 1 69 1 view .LVU23
  81 0052 37EE800A 		vadd.f32	s0, s15, s0
  82 0056 7047     		bx	lr
  83              	.L3:
  84              		.align	2
  85              	.L2:
  86 0058 00000000 		.word	K_Fit_Coefficients
  87              		.cfi_endproc
  88              	.LFE0:
  90              		.section	.text.Wheel_Legged_Compute_LQR_output,"ax",%progbits
  91              		.align	1
  92              		.global	Wheel_Legged_Compute_LQR_output
  93              		.syntax unified
  94              		.thumb
  95              		.thumb_func
  97              	Wheel_Legged_Compute_LQR_output:
  98              	.LVL4:
  99              	.LFB1:
  70:control-base/algo/src/wheel_legged_3d_lqr.c **** 
  71:control-base/algo/src/wheel_legged_3d_lqr.c **** void Wheel_Legged_Compute_LQR_output(const WheelLeggedState *state, float l_l, float l_r, WheelLegg
 100              		.loc 1 71 116 is_stmt 1 view -0
 101              		.cfi_startproc
 102              		@ args = 0, pretend = 0, frame = 56
 103              		@ frame_needed = 0, uses_anonymous_args = 0
ARM GAS  /var/folders/sg/pxk9dyzj7jz_x3889hx3b3dw0000gn/T//ccWoVUqr.s 			page 4


 104              		.loc 1 71 116 is_stmt 0 view .LVU25
 105 0000 F0B5     		push	{r4, r5, r6, r7, lr}
 106              	.LCFI0:
 107              		.cfi_def_cfa_offset 20
 108              		.cfi_offset 4, -20
 109              		.cfi_offset 5, -16
 110              		.cfi_offset 6, -12
 111              		.cfi_offset 7, -8
 112              		.cfi_offset 14, -4
 113 0002 2DED028B 		vpush.64	{d8}
 114              	.LCFI1:
 115              		.cfi_def_cfa_offset 28
 116              		.cfi_offset 80, -28
 117              		.cfi_offset 81, -24
 118 0006 8FB0     		sub	sp, sp, #60
 119              	.LCFI2:
 120              		.cfi_def_cfa_offset 88
 121 0008 F0EE408A 		vmov.f32	s17, s0
 122 000c B0EE608A 		vmov.f32	s16, s1
 123 0010 0F46     		mov	r7, r1
  72:control-base/algo/src/wheel_legged_3d_lqr.c ****     const float x[10] = {
 124              		.loc 1 72 5 is_stmt 1 view .LVU26
  73:control-base/algo/src/wheel_legged_3d_lqr.c ****         state->s, state->ds, state->phi, state->dphi,
 125              		.loc 1 73 14 is_stmt 0 view .LVU27
 126 0012 0368     		ldr	r3, [r0]	@ float
  72:control-base/algo/src/wheel_legged_3d_lqr.c ****     const float x[10] = {
 127              		.loc 1 72 17 view .LVU28
 128 0014 0493     		str	r3, [sp, #16]	@ float
 129              		.loc 1 73 24 view .LVU29
 130 0016 4368     		ldr	r3, [r0, #4]	@ float
  72:control-base/algo/src/wheel_legged_3d_lqr.c ****     const float x[10] = {
 131              		.loc 1 72 17 view .LVU30
 132 0018 0593     		str	r3, [sp, #20]	@ float
 133              		.loc 1 73 35 view .LVU31
 134 001a 8368     		ldr	r3, [r0, #8]	@ float
  72:control-base/algo/src/wheel_legged_3d_lqr.c ****     const float x[10] = {
 135              		.loc 1 72 17 view .LVU32
 136 001c 0693     		str	r3, [sp, #24]	@ float
 137              		.loc 1 73 47 view .LVU33
 138 001e C368     		ldr	r3, [r0, #12]	@ float
  72:control-base/algo/src/wheel_legged_3d_lqr.c ****     const float x[10] = {
 139              		.loc 1 72 17 view .LVU34
 140 0020 0793     		str	r3, [sp, #28]	@ float
  74:control-base/algo/src/wheel_legged_3d_lqr.c ****         state->theta_ll, state->dtheta_ll, state->theta_lr, state->dtheta_lr,
 141              		.loc 1 74 14 view .LVU35
 142 0022 0369     		ldr	r3, [r0, #16]	@ float
  72:control-base/algo/src/wheel_legged_3d_lqr.c ****     const float x[10] = {
 143              		.loc 1 72 17 view .LVU36
 144 0024 0893     		str	r3, [sp, #32]	@ float
 145              		.loc 1 74 31 view .LVU37
 146 0026 4369     		ldr	r3, [r0, #20]	@ float
  72:control-base/algo/src/wheel_legged_3d_lqr.c ****     const float x[10] = {
 147              		.loc 1 72 17 view .LVU38
 148 0028 0993     		str	r3, [sp, #36]	@ float
 149              		.loc 1 74 49 view .LVU39
 150 002a 8369     		ldr	r3, [r0, #24]	@ float
  72:control-base/algo/src/wheel_legged_3d_lqr.c ****     const float x[10] = {
ARM GAS  /var/folders/sg/pxk9dyzj7jz_x3889hx3b3dw0000gn/T//ccWoVUqr.s 			page 5


 151              		.loc 1 72 17 view .LVU40
 152 002c 0A93     		str	r3, [sp, #40]	@ float
 153              		.loc 1 74 66 view .LVU41
 154 002e C369     		ldr	r3, [r0, #28]	@ float
  72:control-base/algo/src/wheel_legged_3d_lqr.c ****     const float x[10] = {
 155              		.loc 1 72 17 view .LVU42
 156 0030 0B93     		str	r3, [sp, #44]	@ float
  75:control-base/algo/src/wheel_legged_3d_lqr.c ****         state->theta_b, state->dtheta_b
 157              		.loc 1 75 14 view .LVU43
 158 0032 036A     		ldr	r3, [r0, #32]	@ float
  72:control-base/algo/src/wheel_legged_3d_lqr.c ****         state->s, state->ds, state->phi, state->dphi,
 159              		.loc 1 72 17 view .LVU44
 160 0034 0C93     		str	r3, [sp, #48]	@ float
 161              		.loc 1 75 30 view .LVU45
 162 0036 436A     		ldr	r3, [r0, #36]	@ float
  72:control-base/algo/src/wheel_legged_3d_lqr.c ****         state->s, state->ds, state->phi, state->dphi,
 163              		.loc 1 72 17 view .LVU46
 164 0038 0D93     		str	r3, [sp, #52]	@ float
  76:control-base/algo/src/wheel_legged_3d_lqr.c ****     };
  77:control-base/algo/src/wheel_legged_3d_lqr.c **** 
  78:control-base/algo/src/wheel_legged_3d_lqr.c ****     float u[4] = {0.0f, 0.0f, 0.0f, 0.0f};
 165              		.loc 1 78 5 is_stmt 1 view .LVU47
 166              		.loc 1 78 11 is_stmt 0 view .LVU48
 167 003a 0026     		movs	r6, #0
 168 003c 0096     		str	r6, [sp]
 169 003e 0196     		str	r6, [sp, #4]
 170 0040 0296     		str	r6, [sp, #8]
 171 0042 0396     		str	r6, [sp, #12]
  79:control-base/algo/src/wheel_legged_3d_lqr.c **** 
  80:control-base/algo/src/wheel_legged_3d_lqr.c ****     for (int i = 0; i < 4; ++i) {
 172              		.loc 1 80 5 is_stmt 1 view .LVU49
 173              	.LBB2:
 174              		.loc 1 80 10 view .LVU50
 175              	.LVL5:
 176              		.loc 1 80 5 is_stmt 0 view .LVU51
 177 0044 20E0     		b	.L5
 178              	.LVL6:
 179              	.L6:
 180              	.LBB3:
 181              	.LBB4:
  81:control-base/algo/src/wheel_legged_3d_lqr.c ****         for (int j = 0; j < 10; ++j) {
  82:control-base/algo/src/wheel_legged_3d_lqr.c ****             float Kij = _Wheel_Legged_Evaluate_Kij(K_index_map[i][j], l_l, l_r);
 182              		.loc 1 82 13 is_stmt 1 view .LVU52
 183              		.loc 1 82 66 is_stmt 0 view .LVU53
 184 0046 B400     		lsls	r4, r6, #2
 185 0048 06EB8602 		add	r2, r6, r6, lsl #2
 186 004c 164B     		ldr	r3, .L11
 187 004e 03EB4203 		add	r3, r3, r2, lsl #1
 188              		.loc 1 82 25 view .LVU54
 189 0052 F0EE480A 		vmov.f32	s1, s16
 190 0056 B0EE680A 		vmov.f32	s0, s17
 191 005a 585D     		ldrb	r0, [r3, r5]	@ zero_extendqisi2
 192 005c FFF7FEFF 		bl	_Wheel_Legged_Evaluate_Kij
 193              	.LVL7:
  83:control-base/algo/src/wheel_legged_3d_lqr.c ****             u[i] += -Kij * x[j];
 194              		.loc 1 83 13 is_stmt 1 view .LVU55
 195              		.loc 1 83 14 is_stmt 0 view .LVU56
ARM GAS  /var/folders/sg/pxk9dyzj7jz_x3889hx3b3dw0000gn/T//ccWoVUqr.s 			page 6


 196 0060 04F13803 		add	r3, r4, #56
 197 0064 6B44     		add	r3, sp, r3
 198 0066 53ED0E7A 		vldr.32	s15, [r3, #-56]
 199              		.loc 1 83 29 view .LVU57
 200 006a 0EAA     		add	r2, sp, #56
 201 006c 02EB8502 		add	r2, r2, r5, lsl #2
 202 0070 12ED0A7A 		vldr.32	s14, [r2, #-40]
 203              		.loc 1 83 26 view .LVU58
 204 0074 20EE470A 		vnmul.f32	s0, s0, s14
 205              	.LVL8:
 206              		.loc 1 83 18 view .LVU59
 207 0078 77EE807A 		vadd.f32	s15, s15, s0
 208 007c 43ED0E7A 		vstr.32	s15, [r3, #-56]
 209              	.LBE4:
  81:control-base/algo/src/wheel_legged_3d_lqr.c ****         for (int j = 0; j < 10; ++j) {
 210              		.loc 1 81 33 is_stmt 1 discriminator 3 view .LVU60
 211 0080 0135     		adds	r5, r5, #1
 212              	.LVL9:
 213              	.L7:
  81:control-base/algo/src/wheel_legged_3d_lqr.c ****         for (int j = 0; j < 10; ++j) {
 214              		.loc 1 81 27 discriminator 1 view .LVU61
 215 0082 092D     		cmp	r5, #9
 216 0084 DFDD     		ble	.L6
 217              	.LBE3:
  80:control-base/algo/src/wheel_legged_3d_lqr.c ****         for (int j = 0; j < 10; ++j) {
 218              		.loc 1 80 28 discriminator 2 view .LVU62
 219 0086 0136     		adds	r6, r6, #1
 220              	.LVL10:
 221              	.L5:
  80:control-base/algo/src/wheel_legged_3d_lqr.c ****         for (int j = 0; j < 10; ++j) {
 222              		.loc 1 80 23 discriminator 1 view .LVU63
 223 0088 032E     		cmp	r6, #3
 224 008a 01DC     		bgt	.L10
 225              	.LBB5:
  81:control-base/algo/src/wheel_legged_3d_lqr.c ****         for (int j = 0; j < 10; ++j) {
 226              		.loc 1 81 18 is_stmt 0 view .LVU64
 227 008c 0025     		movs	r5, #0
 228 008e F8E7     		b	.L7
 229              	.L10:
 230              	.LBE5:
 231              	.LBE2:
  84:control-base/algo/src/wheel_legged_3d_lqr.c ****         }
  85:control-base/algo/src/wheel_legged_3d_lqr.c ****     }
  86:control-base/algo/src/wheel_legged_3d_lqr.c **** 
  87:control-base/algo/src/wheel_legged_3d_lqr.c ****     input->T_wl = u[0];
 232              		.loc 1 87 5 is_stmt 1 view .LVU65
 233              		.loc 1 87 20 is_stmt 0 view .LVU66
 234 0090 009B     		ldr	r3, [sp]	@ float
 235              		.loc 1 87 17 view .LVU67
 236 0092 3B60     		str	r3, [r7]	@ float
  88:control-base/algo/src/wheel_legged_3d_lqr.c ****     input->T_wr = u[1];
 237              		.loc 1 88 5 is_stmt 1 view .LVU68
 238              		.loc 1 88 20 is_stmt 0 view .LVU69
 239 0094 019B     		ldr	r3, [sp, #4]	@ float
 240              		.loc 1 88 17 view .LVU70
 241 0096 7B60     		str	r3, [r7, #4]	@ float
  89:control-base/algo/src/wheel_legged_3d_lqr.c ****     input->T_bl = u[2];
ARM GAS  /var/folders/sg/pxk9dyzj7jz_x3889hx3b3dw0000gn/T//ccWoVUqr.s 			page 7


 242              		.loc 1 89 5 is_stmt 1 view .LVU71
 243              		.loc 1 89 20 is_stmt 0 view .LVU72
 244 0098 029B     		ldr	r3, [sp, #8]	@ float
 245              		.loc 1 89 17 view .LVU73
 246 009a BB60     		str	r3, [r7, #8]	@ float
  90:control-base/algo/src/wheel_legged_3d_lqr.c ****     input->T_br = u[3];
 247              		.loc 1 90 5 is_stmt 1 view .LVU74
 248              		.loc 1 90 20 is_stmt 0 view .LVU75
 249 009c 039B     		ldr	r3, [sp, #12]	@ float
 250              		.loc 1 90 17 view .LVU76
 251 009e FB60     		str	r3, [r7, #12]	@ float
  91:control-base/algo/src/wheel_legged_3d_lqr.c **** }...
 252              		.loc 1 91 1 view .LVU77
 253 00a0 0FB0     		add	sp, sp, #60
 254              	.LCFI3:
 255              		.cfi_def_cfa_offset 28
 256              		@ sp needed
 257 00a2 BDEC028B 		vldm	sp!, {d8}
 258              	.LCFI4:
 259              		.cfi_restore 80
 260              		.cfi_restore 81
 261              		.cfi_def_cfa_offset 20
 262              	.LVL11:
 263              		.loc 1 91 1 view .LVU78
 264 00a6 F0BD     		pop	{r4, r5, r6, r7, pc}
 265              	.LVL12:
 266              	.L12:
 267              		.loc 1 91 1 view .LVU79
 268              		.align	2
 269              	.L11:
 270 00a8 00000000 		.word	K_index_map
 271              		.cfi_endproc
 272              	.LFE1:
 274              		.section	.rodata.K_index_map,"a"
 275              		.align	2
 278              	K_index_map:
 279 0000 00010203 		.ascii	"\000\001\002\003\004\005\006\007\010\011"
 279      04050607 
 279      0809
 280 000a 0A0B0C0D 		.ascii	"\012\013\014\015\016\017\020\021\022\023"
 280      0E0F1011 
 280      1213
 281 0014 14151617 		.ascii	"\024\025\026\027\030\031\032\033\034\035"
 281      18191A1B 
 281      1C1D
 282 001e 1E1F2021 		.ascii	"\036\037 !\"#$%&'"
 282      22232425 
 282      2627
 283              		.section	.rodata.K_Fit_Coefficients,"a"
 284              		.align	2
 287              	K_Fit_Coefficients:
 288 0000 8C84AEBF 		.word	-1079081844
 289 0004 616CCDC0 		.word	-1060279199
 290 0008 D5B2C140 		.word	1086436053
 291 000c DED44341 		.word	1094964446
 292 0010 E09CA4C0 		.word	-1062953760
 293 0014 1EF9CEC0 		.word	-1060177634
ARM GAS  /var/folders/sg/pxk9dyzj7jz_x3889hx3b3dw0000gn/T//ccWoVUqr.s 			page 8


 294 0018 46D49EC1 		.word	-1046555578
 295 001c DFB502C2 		.word	-1040009761
 296 0020 53CEB142 		.word	1118948947
 297 0024 10AAD442 		.word	1121233424
 298 0028 C14EC5C2 		.word	-1027256639
 299 002c 6D05B6C2 		.word	-1028258451
 300 0030 F5EDEAC1 		.word	-1041568267
 301 0034 19084243 		.word	1128400921
 302 0038 3E4F82C2 		.word	-1031647426
 303 003c 5CF55AC4 		.word	-1000671908
 304 0040 FA0A3FC3 		.word	-1019278598
 305 0044 F82B1A43 		.word	1125788664
 306 0048 8929E8C0 		.word	-1058526839
 307 004c A91E2F42 		.word	1110384297
 308 0050 986EC9C0 		.word	-1060540776
 309 0054 36CD0CC3 		.word	-1022571210
 310 0058 C3F6EEC1 		.word	-1041303869
 311 005c 73FA8341 		.word	1099168371
 312 0060 FA2D6BC2 		.word	-1033163270
 313 0064 09EDA5C2 		.word	-1029313271
 314 0068 FB797B3F 		.word	1065056763
 315 006c F8F37F42 		.word	1115681784
 316 0070 45FE1A42 		.word	1109065285
 317 0074 2F9705C1 		.word	-1056598225
 318 0078 39D60DC0 		.word	-1072835015
 319 007c 954873C1 		.word	-1049409387
 320 0080 715A8540 		.word	1082481265
 321 0084 56D4DAC0 		.word	-1059400618
 322 0088 9AEBC040 		.word	1086385050
 323 008c C139D6C0 		.word	-1059702335
 324 0090 CE53D9BF 		.word	-1076276274
 325 0094 C59BB441 		.word	1102355397
 326 0098 DA89CFC1 		.word	-1043363366
 327 009c 988339C2 		.word	-1036418152
 328 00a0 E685B441 		.word	1102349798
 329 00a4 99C748C1 		.word	-1052194919
 330 00a8 81B269BE 		.word	-1100369279
 331 00ac 488AF0BF 		.word	-1074755000
 332 00b0 4A241FC0 		.word	-1071700918
 333 00b4 A1B9D940 		.word	1088010657
 334 00b8 B6D675C0 		.word	-1066019146
 335 00bc BCAE8FBE 		.word	-1097879876
 336 00c0 C83AAAC2 		.word	-1029031224
 337 00c4 6ADFE043 		.word	1138810730
 338 00c8 556A8DC1 		.word	-1047696811
 339 00cc 5F7129C4 		.word	-1003916961
 340 00d0 BF204E42 		.word	1112416447
 341 00d4 FE257742 		.word	1115104766
 342 00d8 D34DA5C0 		.word	-1062908461
 343 00dc 2DF84941 		.word	1095366701
 344 00e0 AB78533F 		.word	1062434987
 345 00e4 2BB533C1 		.word	-1053575893
 346 00e8 B56CD1BF 		.word	-1076794187
 347 00ec 36CDC33F 		.word	1069796662
 348 00f0 8C84AEBF 		.word	-1079081844
 349 00f4 D5B2C140 		.word	1086436053
 350 00f8 616CCDC0 		.word	-1060279199
ARM GAS  /var/folders/sg/pxk9dyzj7jz_x3889hx3b3dw0000gn/T//ccWoVUqr.s 			page 9


 351 00fc 1EF9CEC0 		.word	-1060177634
 352 0100 E09CA4C0 		.word	-1062953760
 353 0104 DED44341 		.word	1094964446
 354 0108 46D49EC1 		.word	-1046555578
 355 010c 53CEB142 		.word	1118948947
 356 0110 DFB502C2 		.word	-1040009761
 357 0114 6D05B6C2 		.word	-1028258451
 358 0118 C14EC5C2 		.word	-1027256639
 359 011c 10AAD442 		.word	1121233424
 360 0120 F5EDEA41 		.word	1105915381
 361 0124 3E4F8242 		.word	1115836222
 362 0128 190842C3 		.word	-1019082727
 363 012c F82B1AC3 		.word	-1021694984
 364 0130 FA0A3F43 		.word	1128205050
 365 0134 5CF55A44 		.word	1146811740
 366 0138 8929E840 		.word	1088956809
 367 013c 986EC940 		.word	1086942872
 368 0140 A91E2FC2 		.word	-1037099351
 369 0144 73FA83C1 		.word	-1048315277
 370 0148 C3F6EE41 		.word	1106179779
 371 014c 36CD0C43 		.word	1124912438
 372 0150 CE53D9BF 		.word	-1076276274
 373 0154 DA89CFC1 		.word	-1043363366
 374 0158 C59BB441 		.word	1102355397
 375 015c 99C748C1 		.word	-1052194919
 376 0160 E685B441 		.word	1102349798
 377 0164 988339C2 		.word	-1036418152
 378 0168 81B269BE 		.word	-1100369279
 379 016c 4A241FC0 		.word	-1071700918
 380 0170 488AF0BF 		.word	-1074755000
 381 0174 BCAE8FBE 		.word	-1097879876
 382 0178 B6D675C0 		.word	-1066019146
 383 017c A1B9D940 		.word	1088010657
 384 0180 FA2D6BC2 		.word	-1033163270
 385 0184 FB797B3F 		.word	1065056763
 386 0188 09EDA5C2 		.word	-1029313271
 387 018c 2F9705C1 		.word	-1056598225
 388 0190 45FE1A42 		.word	1109065285
 389 0194 F8F37F42 		.word	1115681784
 390 0198 39D60DC0 		.word	-1072835015
 391 019c 715A8540 		.word	1082481265
 392 01a0 954873C1 		.word	-1049409387
 393 01a4 C139D6C0 		.word	-1059702335
 394 01a8 9AEBC040 		.word	1086385050
 395 01ac 56D4DAC0 		.word	-1059400618
 396 01b0 C83AAAC2 		.word	-1029031224
 397 01b4 556A8DC1 		.word	-1047696811
 398 01b8 6ADFE043 		.word	1138810730
 399 01bc FE257742 		.word	1115104766
 400 01c0 BF204E42 		.word	1112416447
 401 01c4 5F7129C4 		.word	-1003916961
 402 01c8 D34DA5C0 		.word	-1062908461
 403 01cc AB78533F 		.word	1062434987
 404 01d0 2DF84941 		.word	1095366701
 405 01d4 36CDC33F 		.word	1069796662
 406 01d8 B56CD1BF 		.word	-1076794187
 407 01dc 2BB533C1 		.word	-1053575893
ARM GAS  /var/folders/sg/pxk9dyzj7jz_x3889hx3b3dw0000gn/T//ccWoVUqr.s 			page 10


 408 01e0 7B830F3E 		.word	1041204091
 409 01e4 091B06BF 		.word	-1090118903
 410 01e8 4F7568BE 		.word	-1100450481
 411 01ec 9F93EE3F 		.word	1072599967
 412 01f0 F3AB413F 		.word	1061268467
 413 01f4 39D1E2BF 		.word	-1075654343
 414 01f8 D0D5D23F 		.word	1070781904
 415 01fc B9FC97C0 		.word	-1063781191
 416 0200 7E3AB6C0 		.word	-1061799298
 417 0204 4B025941 		.word	1096352331
 418 0208 57262F41 		.word	1093609047
 419 020c 6F5808C1 		.word	-1056417681
 420 0210 E75A6CC2 		.word	-1033086233
 421 0214 D02189C1 		.word	-1047977520
 422 0218 5E3101C2 		.word	-1040109218
 423 021c 0675AB42 		.word	1118532870
 424 0220 48534042 		.word	1111511880
 425 0224 592E7D42 		.word	1115500121
 426 0228 FCE32FC1 		.word	-1053826052
 427 022c 65A5F5BF 		.word	-1074420379
 428 0230 4A5E75C0 		.word	-1066049974
 429 0234 99531741 		.word	1092047769
 430 0238 5C5AAB40 		.word	1084971612
 431 023c 4FE9B640 		.word	1085729103
 432 0240 D8E40C41 		.word	1091364056
 433 0244 7796AAC1 		.word	-1045784969
 434 0248 56823B40 		.word	1077641814
 435 024c 5FD7F642 		.word	1123473247
 436 0250 2CE21342 		.word	1108599340
 437 0254 0D0916C1 		.word	-1055520499
 438 0258 E36BCF3E 		.word	1053780963
 439 025c 1BF584C0 		.word	-1065028325
 440 0260 89B5B83D 		.word	1035515273
 441 0264 E4E08741 		.word	1099423972
 442 0268 D8F52140 		.word	1075967448
 443 026c 8B37A2BF 		.word	-1079887989
 444 0270 6E51FE3F 		.word	1073631598
 445 0274 6C5B1CC0 		.word	-1071883412
 446 0278 BF8506C2 		.word	-1039759937
 447 027c 5036EF40 		.word	1089418832
 448 0280 D39C17C2 		.word	-1038639917
 449 0284 40C145C2 		.word	-1035615936
 450 0288 16A4993D 		.word	1033479190
 451 028c AD1703BF 		.word	-1090316371
 452 0290 B797B43F 		.word	1068799927
 453 0294 AEF5C13F 		.word	1069675950
 454 0298 738525C0 		.word	-1071282829
 455 029c 95AB65C1 		.word	-1050301547
 456 02a0 DF789DC2 		.word	-1029867297
 457 02a4 E4F129C2 		.word	-1037438492
 458 02a8 F8A5C240 		.word	1086498296
 459 02ac E3C21C42 		.word	1109181155
 460 02b0 886888BF 		.word	-1081579384
 461 02b4 0618E541 		.word	1105532934
 462 02b8 56488EC0 		.word	-1064417194
 463 02bc 630BB9BF 		.word	-1078391965
 464 02c0 FA27E83E 		.word	1055401978
ARM GAS  /var/folders/sg/pxk9dyzj7jz_x3889hx3b3dw0000gn/T//ccWoVUqr.s 			page 11


 465 02c4 4DBE19BE 		.word	-1105609139
 466 02c8 61C3933E 		.word	1049871201
 467 02cc 2046BC3F 		.word	1069303328
 468 02d0 7B830F3E 		.word	1041204091
 469 02d4 4F7568BE 		.word	-1100450481
 470 02d8 091B06BF 		.word	-1090118903
 471 02dc 39D1E2BF 		.word	-1075654343
 472 02e0 F3AB413F 		.word	1061268467
 473 02e4 9F93EE3F 		.word	1072599967
 474 02e8 D0D5D23F 		.word	1070781904
 475 02ec 7E3AB6C0 		.word	-1061799298
 476 02f0 B9FC97C0 		.word	-1063781191
 477 02f4 6F5808C1 		.word	-1056417681
 478 02f8 57262F41 		.word	1093609047
 479 02fc 4B025941 		.word	1096352331
 480 0300 E75A6C42 		.word	1114397415
 481 0304 5E310142 		.word	1107374430
 482 0308 D0218941 		.word	1099506128
 483 030c 592E7DC2 		.word	-1031983527
 484 0310 485340C2 		.word	-1035971768
 485 0314 0675ABC2 		.word	-1028950778
 486 0318 FCE32F41 		.word	1093657596
 487 031c 4A5E7540 		.word	1081433674
 488 0320 65A5F53F 		.word	1073063269
 489 0324 4FE9B6C0 		.word	-1061754545
 490 0328 5C5AABC0 		.word	-1062512036
 491 032c 995317C1 		.word	-1055435879
 492 0330 6E51FE3F 		.word	1073631598
 493 0334 BF8506C2 		.word	-1039759937
 494 0338 6C5B1CC0 		.word	-1071883412
 495 033c 40C145C2 		.word	-1035615936
 496 0340 D39C17C2 		.word	-1038639917
 497 0344 5036EF40 		.word	1089418832
 498 0348 16A4993D 		.word	1033479190
 499 034c B797B43F 		.word	1068799927
 500 0350 AD1703BF 		.word	-1090316371
 501 0354 95AB65C1 		.word	-1050301547
 502 0358 738525C0 		.word	-1071282829
 503 035c AEF5C13F 		.word	1069675950
 504 0360 D8E40C41 		.word	1091364056
 505 0364 56823B40 		.word	1077641814
 506 0368 7796AAC1 		.word	-1045784969
 507 036c 0D0916C1 		.word	-1055520499
 508 0370 2CE21342 		.word	1108599340
 509 0374 5FD7F642 		.word	1123473247
 510 0378 E36BCF3E 		.word	1053780963
 511 037c 89B5B83D 		.word	1035515273
 512 0380 1BF584C0 		.word	-1065028325
 513 0384 8B37A2BF 		.word	-1079887989
 514 0388 D8F52140 		.word	1075967448
 515 038c E4E08741 		.word	1099423972
 516 0390 DF789DC2 		.word	-1029867297
 517 0394 F8A5C240 		.word	1086498296
 518 0398 E4F129C2 		.word	-1037438492
 519 039c 0618E541 		.word	1105532934
 520 03a0 886888BF 		.word	-1081579384
 521 03a4 E3C21C42 		.word	1109181155
ARM GAS  /var/folders/sg/pxk9dyzj7jz_x3889hx3b3dw0000gn/T//ccWoVUqr.s 			page 12


 522 03a8 56488EC0 		.word	-1064417194
 523 03ac FA27E83E 		.word	1055401978
 524 03b0 630BB9BF 		.word	-1078391965
 525 03b4 2046BC3F 		.word	1069303328
 526 03b8 61C3933E 		.word	1049871201
 527 03bc 4DBE19BE 		.word	-1105609139
 528              		.text
 529              	.Letext0:
 530              		.file 2 "control-base/algo/inc/wheel_legged_3d_lqr.h"
 531              		.file 3 "/Applications/ArmGNUToolchain/14.3.rel1/arm-none-eabi/arm-none-eabi/include/machine/_defa
 532              		.file 4 "/Applications/ArmGNUToolchain/14.3.rel1/arm-none-eabi/arm-none-eabi/include/sys/_stdint.h
ARM GAS  /var/folders/sg/pxk9dyzj7jz_x3889hx3b3dw0000gn/T//ccWoVUqr.s 			page 13


DEFINED SYMBOLS
                            *ABS*:00000000 wheel_legged_3d_lqr.c
/var/folders/sg/pxk9dyzj7jz_x3889hx3b3dw0000gn/T//ccWoVUqr.s:21     .text._Wheel_Legged_Evaluate_Kij:00000000 $t
/var/folders/sg/pxk9dyzj7jz_x3889hx3b3dw0000gn/T//ccWoVUqr.s:26     .text._Wheel_Legged_Evaluate_Kij:00000000 _Wheel_Legged_Evaluate_Kij
/var/folders/sg/pxk9dyzj7jz_x3889hx3b3dw0000gn/T//ccWoVUqr.s:86     .text._Wheel_Legged_Evaluate_Kij:00000058 $d
/var/folders/sg/pxk9dyzj7jz_x3889hx3b3dw0000gn/T//ccWoVUqr.s:287    .rodata.K_Fit_Coefficients:00000000 K_Fit_Coefficients
/var/folders/sg/pxk9dyzj7jz_x3889hx3b3dw0000gn/T//ccWoVUqr.s:91     .text.Wheel_Legged_Compute_LQR_output:00000000 $t
/var/folders/sg/pxk9dyzj7jz_x3889hx3b3dw0000gn/T//ccWoVUqr.s:97     .text.Wheel_Legged_Compute_LQR_output:00000000 Wheel_Legged_Compute_LQR_output
/var/folders/sg/pxk9dyzj7jz_x3889hx3b3dw0000gn/T//ccWoVUqr.s:270    .text.Wheel_Legged_Compute_LQR_output:000000a8 $d
/var/folders/sg/pxk9dyzj7jz_x3889hx3b3dw0000gn/T//ccWoVUqr.s:278    .rodata.K_index_map:00000000 K_index_map
/var/folders/sg/pxk9dyzj7jz_x3889hx3b3dw0000gn/T//ccWoVUqr.s:275    .rodata.K_index_map:00000000 $d
/var/folders/sg/pxk9dyzj7jz_x3889hx3b3dw0000gn/T//ccWoVUqr.s:284    .rodata.K_Fit_Coefficients:00000000 $d

NO UNDEFINED SYMBOLS
