ARM GAS  /var/folders/sg/pxk9dyzj7jz_x3889hx3b3dw0000gn/T//ccgnT1pI.s 			page 1


   1              		.cpu cortex-m4
   2              		.arch armv7e-m
   3              		.fpu fpv4-sp-d16
   4              		.eabi_attribute 27, 1
   5              		.eabi_attribute 28, 1
   6              		.eabi_attribute 20, 1
   7              		.eabi_attribute 21, 1
   8              		.eabi_attribute 23, 3
   9              		.eabi_attribute 24, 1
  10              		.eabi_attribute 25, 1
  11              		.eabi_attribute 26, 1
  12              		.eabi_attribute 30, 1
  13              		.eabi_attribute 34, 1
  14              		.eabi_attribute 18, 4
  15              		.file	"gimbal_task.c"
  16              		.text
  17              	.Ltext0:
  18              		.cfi_sections	.debug_frame
  19              		.file 1 "Minibot/src/gimbal_task.c"
  20              		.section	.text.Gimbal_Task_Init,"ax",%progbits
  21              		.align	1
  22              		.global	Gimbal_Task_Init
  23              		.syntax unified
  24              		.thumb
  25              		.thumb_func
  27              	Gimbal_Task_Init:
  28              	.LFB134:
   1:Minibot/src/gimbal_task.c **** #include "gimbal_task.h"
   2:Minibot/src/gimbal_task.c **** 
   3:Minibot/src/gimbal_task.c **** #include "robot.h"
   4:Minibot/src/gimbal_task.c **** #include "remote.h"
   5:Minibot/src/gimbal_task.c **** #include "user_math.h"
   6:Minibot/src/gimbal_task.c **** 
   7:Minibot/src/gimbal_task.c **** extern Robot_State_t g_robot_state;
   8:Minibot/src/gimbal_task.c **** extern Remote_t g_remote;
   9:Minibot/src/gimbal_task.c **** 
  10:Minibot/src/gimbal_task.c **** void Gimbal_Task_Init()
  11:Minibot/src/gimbal_task.c **** {
  29              		.loc 1 11 1 view -0
  30              		.cfi_startproc
  31              		@ args = 0, pretend = 0, frame = 0
  32              		@ frame_needed = 0, uses_anonymous_args = 0
  33              		@ link register save eliminated.
  12:Minibot/src/gimbal_task.c ****     // Init Gimbal Hardware
  13:Minibot/src/gimbal_task.c **** }
  34              		.loc 1 13 1 view .LVU1
  35 0000 7047     		bx	lr
  36              		.cfi_endproc
  37              	.LFE134:
  39              		.section	.text.Gimbal_Ctrl_Loop,"ax",%progbits
  40              		.align	1
  41              		.global	Gimbal_Ctrl_Loop
  42              		.syntax unified
  43              		.thumb
  44              		.thumb_func
  46              	Gimbal_Ctrl_Loop:
  47              	.LFB135:
ARM GAS  /var/folders/sg/pxk9dyzj7jz_x3889hx3b3dw0000gn/T//ccgnT1pI.s 			page 2


  14:Minibot/src/gimbal_task.c **** 
  15:Minibot/src/gimbal_task.c **** void Gimbal_Ctrl_Loop()
  16:Minibot/src/gimbal_task.c **** {
  48              		.loc 1 16 1 view -0
  49              		.cfi_startproc
  50              		@ args = 0, pretend = 0, frame = 0
  51              		@ frame_needed = 0, uses_anonymous_args = 0
  52              		@ link register save eliminated.
  17:Minibot/src/gimbal_task.c ****     // Control loop for gimbal
  18:Minibot/src/gimbal_task.c **** }
  53              		.loc 1 18 1 view .LVU3
  54 0000 7047     		bx	lr
  55              		.cfi_endproc
  56              	.LFE135:
  58              		.text
  59              	.Letext0:
ARM GAS  /var/folders/sg/pxk9dyzj7jz_x3889hx3b3dw0000gn/T//ccgnT1pI.s 			page 3


DEFINED SYMBOLS
                            *ABS*:00000000 gimbal_task.c
/var/folders/sg/pxk9dyzj7jz_x3889hx3b3dw0000gn/T//ccgnT1pI.s:21     .text.Gimbal_Task_Init:00000000 $t
/var/folders/sg/pxk9dyzj7jz_x3889hx3b3dw0000gn/T//ccgnT1pI.s:27     .text.Gimbal_Task_Init:00000000 Gimbal_Task_Init
/var/folders/sg/pxk9dyzj7jz_x3889hx3b3dw0000gn/T//ccgnT1pI.s:40     .text.Gimbal_Ctrl_Loop:00000000 $t
/var/folders/sg/pxk9dyzj7jz_x3889hx3b3dw0000gn/T//ccgnT1pI.s:46     .text.Gimbal_Ctrl_Loop:00000000 Gimbal_Ctrl_Loop

NO UNDEFINED SYMBOLS
