ARM GAS  /var/folders/sg/pxk9dyzj7jz_x3889hx3b3dw0000gn/T//ccyxkqyC.s 			page 1


   1              		.cpu cortex-m4
   2              		.arch armv7e-m
   3              		.fpu fpv4-sp-d16
   4              		.eabi_attribute 27, 1
   5              		.eabi_attribute 28, 1
   6              		.eabi_attribute 20, 1
   7              		.eabi_attribute 21, 1
   8              		.eabi_attribute 23, 3
   9              		.eabi_attribute 24, 1
  10              		.eabi_attribute 25, 1
  11              		.eabi_attribute 26, 1
  12              		.eabi_attribute 30, 1
  13              		.eabi_attribute 34, 1
  14              		.eabi_attribute 18, 4
  15              		.file	"mf_motor.c"
  16              		.text
  17              	.Ltext0:
  18              		.cfi_sections	.debug_frame
  19              		.file 1 "control-base/devices/src/mf_motor.c"
  20              		.section	.text.MF_Motor_Decode,"ax",%progbits
  21              		.align	1
  22              		.global	MF_Motor_Decode
  23              		.syntax unified
  24              		.thumb
  25              		.thumb_func
  27              	MF_Motor_Decode:
  28              	.LVL0:
  29              	.LFB143:
   1:control-base/devices/src/mf_motor.c **** #include "mf_motor.h"
   2:control-base/devices/src/mf_motor.c **** #include "bsp_can.h"
   3:control-base/devices/src/mf_motor.c **** #include "user_math.h"
   4:control-base/devices/src/mf_motor.c **** #include <stdlib.h>
   5:control-base/devices/src/mf_motor.c **** 
   6:control-base/devices/src/mf_motor.c **** #pragma message "Check Max Device Number"
   7:control-base/devices/src/mf_motor.c **** #define MF_MAX_DEVICE (2)
   8:control-base/devices/src/mf_motor.c **** MF_Motor_Handle_t *g_mf_motors[MF_MAX_DEVICE] = {NULL};
   9:control-base/devices/src/mf_motor.c **** uint8_t g_mf_motor_num = 0;
  10:control-base/devices/src/mf_motor.c **** 
  11:control-base/devices/src/mf_motor.c **** void MF_Motor_Decode(CAN_Instance_t *can_instance);
  12:control-base/devices/src/mf_motor.c **** 
  13:control-base/devices/src/mf_motor.c **** MF_Motor_Handle_t *MF_Motor_Init(MF_Motor_Config_t config)
  14:control-base/devices/src/mf_motor.c **** {
  15:control-base/devices/src/mf_motor.c ****     MF_Motor_Handle_t *motor = malloc(sizeof(MF_Motor_Handle_t));
  16:control-base/devices/src/mf_motor.c ****     motor->can_bus = config.can_bus;
  17:control-base/devices/src/mf_motor.c ****     motor->control_mode = config.control_mode;
  18:control-base/devices/src/mf_motor.c ****     motor->tx_id = config.tx_id;
  19:control-base/devices/src/mf_motor.c ****     motor->rx_id = config.rx_id;
  20:control-base/devices/src/mf_motor.c ****     motor->stats = malloc(sizeof(MF_Motor_Stats_t));
  21:control-base/devices/src/mf_motor.c ****     motor->can_instance = CAN_Device_Register(config.can_bus, config.tx_id, config.rx_id, MF_Motor_
  22:control-base/devices/src/mf_motor.c ****     motor->can_instance->binding_motor_stats = (void *)motor->stats;
  23:control-base/devices/src/mf_motor.c ****     motor->target_pos = 0;
  24:control-base/devices/src/mf_motor.c ****     motor->target_vel = 0;
  25:control-base/devices/src/mf_motor.c ****     motor->target_torq = 0;
  26:control-base/devices/src/mf_motor.c ****     motor->stats->enabled = 0;
  27:control-base/devices/src/mf_motor.c ****     motor->stats->angle = 0;
  28:control-base/devices/src/mf_motor.c ****     motor->stats->velocity = 0;
  29:control-base/devices/src/mf_motor.c ****     motor->stats->current = 0;
ARM GAS  /var/folders/sg/pxk9dyzj7jz_x3889hx3b3dw0000gn/T//ccyxkqyC.s 			page 2


  30:control-base/devices/src/mf_motor.c ****     motor->stats->temp = 0;
  31:control-base/devices/src/mf_motor.c ****     motor->stats->kp_ang = 0;
  32:control-base/devices/src/mf_motor.c ****     motor->stats->ki_ang = 0;
  33:control-base/devices/src/mf_motor.c ****     motor->stats->kp_vel = 0;
  34:control-base/devices/src/mf_motor.c ****     motor->stats->ki_vel = 0;
  35:control-base/devices/src/mf_motor.c ****     motor->stats->kp_torq = 0;
  36:control-base/devices/src/mf_motor.c ****     motor->stats->ki_torq = 0;
  37:control-base/devices/src/mf_motor.c **** 
  38:control-base/devices/src/mf_motor.c ****     g_mf_motors[g_mf_motor_num++] = motor;
  39:control-base/devices/src/mf_motor.c ****     return motor;
  40:control-base/devices/src/mf_motor.c **** }
  41:control-base/devices/src/mf_motor.c **** 
  42:control-base/devices/src/mf_motor.c **** void MF_Motor_Decode(CAN_Instance_t *can_instance)
  43:control-base/devices/src/mf_motor.c **** {
  30              		.loc 1 43 1 view -0
  31              		.cfi_startproc
  32              		@ args = 0, pretend = 0, frame = 0
  33              		@ frame_needed = 0, uses_anonymous_args = 0
  34              		@ link register save eliminated.
  44:control-base/devices/src/mf_motor.c ****     uint8_t *data = can_instance->rx_buffer;
  35              		.loc 1 44 5 view .LVU1
  45:control-base/devices/src/mf_motor.c ****     MF_Motor_Stats_t *motor_info = (MF_Motor_Stats_t *)can_instance->binding_motor_stats;
  36              		.loc 1 45 5 view .LVU2
  37              		.loc 1 45 23 is_stmt 0 view .LVU3
  38 0000 026A     		ldr	r2, [r0, #32]
  39              	.LVL1:
  46:control-base/devices/src/mf_motor.c **** 
  47:control-base/devices/src/mf_motor.c ****     switch (data[0])
  40              		.loc 1 47 5 is_stmt 1 view .LVU4
  41              		.loc 1 47 17 is_stmt 0 view .LVU5
  42 0002 837C     		ldrb	r3, [r0, #18]	@ zero_extendqisi2
  43              		.loc 1 47 5 view .LVU6
  44 0004 882B     		cmp	r3, #136
  45 0006 2DD0     		beq	.L2
  46 0008 07D8     		bhi	.L3
  47 000a 302B     		cmp	r3, #48
  48 000c 1DD0     		beq	.L4
  49 000e 802B     		cmp	r3, #128
  50 0010 02D1     		bne	.L9
  48:control-base/devices/src/mf_motor.c ****     {
  49:control-base/devices/src/mf_motor.c ****     case 0x30:
  50:control-base/devices/src/mf_motor.c ****         motor_info->kp_ang = data[2];
  51:control-base/devices/src/mf_motor.c ****         motor_info->ki_ang = data[3];
  52:control-base/devices/src/mf_motor.c ****         motor_info->kp_vel = data[4];
  53:control-base/devices/src/mf_motor.c ****         motor_info->ki_vel = data[5];
  54:control-base/devices/src/mf_motor.c ****         motor_info->kp_torq = data[6];
  55:control-base/devices/src/mf_motor.c ****         motor_info->ki_torq = data[7];
  56:control-base/devices/src/mf_motor.c ****         break;
  57:control-base/devices/src/mf_motor.c ****     case 0x80:
  58:control-base/devices/src/mf_motor.c ****         motor_info->enabled = 0;
  51              		.loc 1 58 9 is_stmt 1 view .LVU7
  52              		.loc 1 58 29 is_stmt 0 view .LVU8
  53 0012 0023     		movs	r3, #0
  54 0014 1370     		strb	r3, [r2]
  59:control-base/devices/src/mf_motor.c ****         break;
  55              		.loc 1 59 9 is_stmt 1 view .LVU9
  56 0016 7047     		bx	lr
ARM GAS  /var/folders/sg/pxk9dyzj7jz_x3889hx3b3dw0000gn/T//ccyxkqyC.s 			page 3


  57              	.L9:
  58              		.loc 1 59 9 is_stmt 0 view .LVU10
  59 0018 7047     		bx	lr
  60              	.L3:
  47:control-base/devices/src/mf_motor.c ****     {
  61              		.loc 1 47 5 view .LVU11
  62 001a 5F33     		adds	r3, r3, #95
  63 001c DBB2     		uxtb	r3, r3
  64 001e 012B     		cmp	r3, #1
  65 0020 12D8     		bhi	.L10
  60:control-base/devices/src/mf_motor.c **** 
  61:control-base/devices/src/mf_motor.c ****     case 0x88:
  62:control-base/devices/src/mf_motor.c ****         motor_info->enabled = 1;
  63:control-base/devices/src/mf_motor.c ****         break;
  64:control-base/devices/src/mf_motor.c **** 
  65:control-base/devices/src/mf_motor.c ****     case 0xA1:
  66:control-base/devices/src/mf_motor.c ****     case 0xA2:
  67:control-base/devices/src/mf_motor.c ****         motor_info->angle = (data[7] << 8) + data[6];
  66              		.loc 1 67 9 is_stmt 1 view .LVU12
  67              		.loc 1 67 34 is_stmt 0 view .LVU13
  68 0022 417E     		ldrb	r1, [r0, #25]	@ zero_extendqisi2
  69              		.loc 1 67 50 view .LVU14
  70 0024 037E     		ldrb	r3, [r0, #24]	@ zero_extendqisi2
  71              		.loc 1 67 44 view .LVU15
  72 0026 03EB0123 		add	r3, r3, r1, lsl #8
  73              		.loc 1 67 27 view .LVU16
  74 002a 5380     		strh	r3, [r2, #2]	@ movhi
  68:control-base/devices/src/mf_motor.c ****         motor_info->velocity = (data[5] << 8) + data[4];
  75              		.loc 1 68 9 is_stmt 1 view .LVU17
  76              		.loc 1 68 37 is_stmt 0 view .LVU18
  77 002c C17D     		ldrb	r1, [r0, #23]	@ zero_extendqisi2
  78              		.loc 1 68 53 view .LVU19
  79 002e 837D     		ldrb	r3, [r0, #22]	@ zero_extendqisi2
  80              		.loc 1 68 47 view .LVU20
  81 0030 03EB0123 		add	r3, r3, r1, lsl #8
  82              		.loc 1 68 30 view .LVU21
  83 0034 9380     		strh	r3, [r2, #4]	@ movhi
  69:control-base/devices/src/mf_motor.c ****         motor_info->current = (data[3] << 8) + data[2];
  84              		.loc 1 69 9 is_stmt 1 view .LVU22
  85              		.loc 1 69 36 is_stmt 0 view .LVU23
  86 0036 417D     		ldrb	r1, [r0, #21]	@ zero_extendqisi2
  87              		.loc 1 69 52 view .LVU24
  88 0038 037D     		ldrb	r3, [r0, #20]	@ zero_extendqisi2
  89              		.loc 1 69 46 view .LVU25
  90 003a 03EB0123 		add	r3, r3, r1, lsl #8
  91              		.loc 1 69 29 view .LVU26
  92 003e D380     		strh	r3, [r2, #6]	@ movhi
  70:control-base/devices/src/mf_motor.c ****         motor_info->temp = data[1];
  93              		.loc 1 70 9 is_stmt 1 view .LVU27
  94              		.loc 1 70 32 is_stmt 0 view .LVU28
  95 0040 90F91330 		ldrsb	r3, [r0, #19]
  96              		.loc 1 70 26 view .LVU29
  97 0044 1372     		strb	r3, [r2, #8]
  71:control-base/devices/src/mf_motor.c ****         break;
  98              		.loc 1 71 9 is_stmt 1 view .LVU30
  72:control-base/devices/src/mf_motor.c ****     }
  73:control-base/devices/src/mf_motor.c **** }
ARM GAS  /var/folders/sg/pxk9dyzj7jz_x3889hx3b3dw0000gn/T//ccyxkqyC.s 			page 4


  99              		.loc 1 73 1 is_stmt 0 view .LVU31
 100 0046 7047     		bx	lr
 101              	.L10:
 102              		.loc 1 73 1 view .LVU32
 103 0048 7047     		bx	lr
 104              	.L4:
  50:control-base/devices/src/mf_motor.c ****         motor_info->ki_ang = data[3];
 105              		.loc 1 50 9 is_stmt 1 view .LVU33
  50:control-base/devices/src/mf_motor.c ****         motor_info->ki_ang = data[3];
 106              		.loc 1 50 34 is_stmt 0 view .LVU34
 107 004a 037D     		ldrb	r3, [r0, #20]	@ zero_extendqisi2
  50:control-base/devices/src/mf_motor.c ****         motor_info->ki_ang = data[3];
 108              		.loc 1 50 28 view .LVU35
 109 004c 5381     		strh	r3, [r2, #10]	@ movhi
  51:control-base/devices/src/mf_motor.c ****         motor_info->kp_vel = data[4];
 110              		.loc 1 51 9 is_stmt 1 view .LVU36
  51:control-base/devices/src/mf_motor.c ****         motor_info->kp_vel = data[4];
 111              		.loc 1 51 34 is_stmt 0 view .LVU37
 112 004e 437D     		ldrb	r3, [r0, #21]	@ zero_extendqisi2
  51:control-base/devices/src/mf_motor.c ****         motor_info->kp_vel = data[4];
 113              		.loc 1 51 28 view .LVU38
 114 0050 9381     		strh	r3, [r2, #12]	@ movhi
  52:control-base/devices/src/mf_motor.c ****         motor_info->ki_vel = data[5];
 115              		.loc 1 52 9 is_stmt 1 view .LVU39
  52:control-base/devices/src/mf_motor.c ****         motor_info->ki_vel = data[5];
 116              		.loc 1 52 34 is_stmt 0 view .LVU40
 117 0052 837D     		ldrb	r3, [r0, #22]	@ zero_extendqisi2
  52:control-base/devices/src/mf_motor.c ****         motor_info->ki_vel = data[5];
 118              		.loc 1 52 28 view .LVU41
 119 0054 D381     		strh	r3, [r2, #14]	@ movhi
  53:control-base/devices/src/mf_motor.c ****         motor_info->kp_torq = data[6];
 120              		.loc 1 53 9 is_stmt 1 view .LVU42
  53:control-base/devices/src/mf_motor.c ****         motor_info->kp_torq = data[6];
 121              		.loc 1 53 34 is_stmt 0 view .LVU43
 122 0056 C37D     		ldrb	r3, [r0, #23]	@ zero_extendqisi2
  53:control-base/devices/src/mf_motor.c ****         motor_info->kp_torq = data[6];
 123              		.loc 1 53 28 view .LVU44
 124 0058 1382     		strh	r3, [r2, #16]	@ movhi
  54:control-base/devices/src/mf_motor.c ****         motor_info->ki_torq = data[7];
 125              		.loc 1 54 9 is_stmt 1 view .LVU45
  54:control-base/devices/src/mf_motor.c ****         motor_info->ki_torq = data[7];
 126              		.loc 1 54 35 is_stmt 0 view .LVU46
 127 005a 037E     		ldrb	r3, [r0, #24]	@ zero_extendqisi2
  54:control-base/devices/src/mf_motor.c ****         motor_info->ki_torq = data[7];
 128              		.loc 1 54 29 view .LVU47
 129 005c 5382     		strh	r3, [r2, #18]	@ movhi
  55:control-base/devices/src/mf_motor.c ****         break;
 130              		.loc 1 55 9 is_stmt 1 view .LVU48
  55:control-base/devices/src/mf_motor.c ****         break;
 131              		.loc 1 55 35 is_stmt 0 view .LVU49
 132 005e 437E     		ldrb	r3, [r0, #25]	@ zero_extendqisi2
  55:control-base/devices/src/mf_motor.c ****         break;
 133              		.loc 1 55 29 view .LVU50
 134 0060 9382     		strh	r3, [r2, #20]	@ movhi
  56:control-base/devices/src/mf_motor.c ****     case 0x80:
 135              		.loc 1 56 9 is_stmt 1 view .LVU51
 136 0062 7047     		bx	lr
ARM GAS  /var/folders/sg/pxk9dyzj7jz_x3889hx3b3dw0000gn/T//ccyxkqyC.s 			page 5


 137              	.L2:
  62:control-base/devices/src/mf_motor.c ****         break;
 138              		.loc 1 62 9 view .LVU52
  62:control-base/devices/src/mf_motor.c ****         break;
 139              		.loc 1 62 29 is_stmt 0 view .LVU53
 140 0064 0123     		movs	r3, #1
 141 0066 1370     		strb	r3, [r2]
  63:control-base/devices/src/mf_motor.c **** 
 142              		.loc 1 63 9 is_stmt 1 view .LVU54
 143 0068 7047     		bx	lr
 144              		.cfi_endproc
 145              	.LFE143:
 147              		.section	.text.MF_Motor_Init,"ax",%progbits
 148              		.align	1
 149              		.global	MF_Motor_Init
 150              		.syntax unified
 151              		.thumb
 152              		.thumb_func
 154              	MF_Motor_Init:
 155              	.LFB142:
  14:control-base/devices/src/mf_motor.c ****     MF_Motor_Handle_t *motor = malloc(sizeof(MF_Motor_Handle_t));
 156              		.loc 1 14 1 view -0
 157              		.cfi_startproc
 158              		@ args = 40, pretend = 16, frame = 0
 159              		@ frame_needed = 0, uses_anonymous_args = 0
 160 0000 84B0     		sub	sp, sp, #16
 161              	.LCFI0:
 162              		.cfi_def_cfa_offset 16
 163 0002 F8B5     		push	{r3, r4, r5, r6, r7, lr}
 164              	.LCFI1:
 165              		.cfi_def_cfa_offset 40
 166              		.cfi_offset 3, -40
 167              		.cfi_offset 4, -36
 168              		.cfi_offset 5, -32
 169              		.cfi_offset 6, -28
 170              		.cfi_offset 7, -24
 171              		.cfi_offset 14, -20
 172 0004 06AC     		add	r4, sp, #24
 173 0006 84E80F00 		stm	r4, {r0, r1, r2, r3}
  15:control-base/devices/src/mf_motor.c ****     motor->can_bus = config.can_bus;
 174              		.loc 1 15 5 view .LVU56
  15:control-base/devices/src/mf_motor.c ****     motor->can_bus = config.can_bus;
 175              		.loc 1 15 32 is_stmt 0 view .LVU57
 176 000a 1C20     		movs	r0, #28
 177 000c FFF7FEFF 		bl	malloc
 178              	.LVL2:
 179 0010 0446     		mov	r4, r0
 180              	.LVL3:
  16:control-base/devices/src/mf_motor.c ****     motor->control_mode = config.control_mode;
 181              		.loc 1 16 5 is_stmt 1 view .LVU58
  16:control-base/devices/src/mf_motor.c ****     motor->control_mode = config.control_mode;
 182              		.loc 1 16 28 is_stmt 0 view .LVU59
 183 0012 9DF81850 		ldrb	r5, [sp, #24]	@ zero_extendqisi2
  16:control-base/devices/src/mf_motor.c ****     motor->control_mode = config.control_mode;
 184              		.loc 1 16 20 view .LVU60
 185 0016 0570     		strb	r5, [r0]
  17:control-base/devices/src/mf_motor.c ****     motor->tx_id = config.tx_id;
ARM GAS  /var/folders/sg/pxk9dyzj7jz_x3889hx3b3dw0000gn/T//ccyxkqyC.s 			page 6


 186              		.loc 1 17 5 is_stmt 1 view .LVU61
  17:control-base/devices/src/mf_motor.c ****     motor->tx_id = config.tx_id;
 187              		.loc 1 17 33 is_stmt 0 view .LVU62
 188 0018 9DF81930 		ldrb	r3, [sp, #25]	@ zero_extendqisi2
  17:control-base/devices/src/mf_motor.c ****     motor->tx_id = config.tx_id;
 189              		.loc 1 17 25 view .LVU63
 190 001c 4370     		strb	r3, [r0, #1]
  18:control-base/devices/src/mf_motor.c ****     motor->rx_id = config.rx_id;
 191              		.loc 1 18 5 is_stmt 1 view .LVU64
  18:control-base/devices/src/mf_motor.c ****     motor->rx_id = config.rx_id;
 192              		.loc 1 18 18 is_stmt 0 view .LVU65
 193 001e BDF82060 		ldrh	r6, [sp, #32]
 194 0022 8680     		strh	r6, [r0, #4]	@ movhi
  19:control-base/devices/src/mf_motor.c ****     motor->stats = malloc(sizeof(MF_Motor_Stats_t));
 195              		.loc 1 19 5 is_stmt 1 view .LVU66
  19:control-base/devices/src/mf_motor.c ****     motor->stats = malloc(sizeof(MF_Motor_Stats_t));
 196              		.loc 1 19 18 is_stmt 0 view .LVU67
 197 0024 BDF81C70 		ldrh	r7, [sp, #28]
 198 0028 C780     		strh	r7, [r0, #6]	@ movhi
  20:control-base/devices/src/mf_motor.c ****     motor->can_instance = CAN_Device_Register(config.can_bus, config.tx_id, config.rx_id, MF_Motor_
 199              		.loc 1 20 5 is_stmt 1 view .LVU68
  20:control-base/devices/src/mf_motor.c ****     motor->can_instance = CAN_Device_Register(config.can_bus, config.tx_id, config.rx_id, MF_Motor_
 200              		.loc 1 20 20 is_stmt 0 view .LVU69
 201 002a 1620     		movs	r0, #22
 202              	.LVL4:
  20:control-base/devices/src/mf_motor.c ****     motor->can_instance = CAN_Device_Register(config.can_bus, config.tx_id, config.rx_id, MF_Motor_
 203              		.loc 1 20 20 view .LVU70
 204 002c FFF7FEFF 		bl	malloc
 205              	.LVL5:
  20:control-base/devices/src/mf_motor.c ****     motor->can_instance = CAN_Device_Register(config.can_bus, config.tx_id, config.rx_id, MF_Motor_
 206              		.loc 1 20 18 discriminator 1 view .LVU71
 207 0030 A061     		str	r0, [r4, #24]
  21:control-base/devices/src/mf_motor.c ****     motor->can_instance->binding_motor_stats = (void *)motor->stats;
 208              		.loc 1 21 5 is_stmt 1 view .LVU72
  21:control-base/devices/src/mf_motor.c ****     motor->can_instance->binding_motor_stats = (void *)motor->stats;
 209              		.loc 1 21 27 is_stmt 0 view .LVU73
 210 0032 174B     		ldr	r3, .L13
 211 0034 3A46     		mov	r2, r7
 212 0036 3146     		mov	r1, r6
 213 0038 2846     		mov	r0, r5
 214 003a FFF7FEFF 		bl	CAN_Device_Register
 215              	.LVL6:
  21:control-base/devices/src/mf_motor.c ****     motor->can_instance->binding_motor_stats = (void *)motor->stats;
 216              		.loc 1 21 25 discriminator 1 view .LVU74
 217 003e A060     		str	r0, [r4, #8]
  22:control-base/devices/src/mf_motor.c ****     motor->target_pos = 0;
 218              		.loc 1 22 5 is_stmt 1 view .LVU75
  22:control-base/devices/src/mf_motor.c ****     motor->target_pos = 0;
 219              		.loc 1 22 61 is_stmt 0 view .LVU76
 220 0040 A269     		ldr	r2, [r4, #24]
  22:control-base/devices/src/mf_motor.c ****     motor->target_pos = 0;
 221              		.loc 1 22 46 view .LVU77
 222 0042 0262     		str	r2, [r0, #32]
  23:control-base/devices/src/mf_motor.c ****     motor->target_vel = 0;
 223              		.loc 1 23 5 is_stmt 1 view .LVU78
  23:control-base/devices/src/mf_motor.c ****     motor->target_vel = 0;
 224              		.loc 1 23 23 is_stmt 0 view .LVU79
ARM GAS  /var/folders/sg/pxk9dyzj7jz_x3889hx3b3dw0000gn/T//ccyxkqyC.s 			page 7


 225 0044 0023     		movs	r3, #0
 226 0046 E360     		str	r3, [r4, #12]	@ float
  24:control-base/devices/src/mf_motor.c ****     motor->target_torq = 0;
 227              		.loc 1 24 5 is_stmt 1 view .LVU80
  24:control-base/devices/src/mf_motor.c ****     motor->target_torq = 0;
 228              		.loc 1 24 23 is_stmt 0 view .LVU81
 229 0048 2361     		str	r3, [r4, #16]	@ float
  25:control-base/devices/src/mf_motor.c ****     motor->stats->enabled = 0;
 230              		.loc 1 25 5 is_stmt 1 view .LVU82
  25:control-base/devices/src/mf_motor.c ****     motor->stats->enabled = 0;
 231              		.loc 1 25 24 is_stmt 0 view .LVU83
 232 004a 6361     		str	r3, [r4, #20]	@ float
  26:control-base/devices/src/mf_motor.c ****     motor->stats->angle = 0;
 233              		.loc 1 26 5 is_stmt 1 view .LVU84
  26:control-base/devices/src/mf_motor.c ****     motor->stats->angle = 0;
 234              		.loc 1 26 27 is_stmt 0 view .LVU85
 235 004c 0023     		movs	r3, #0
 236 004e 1370     		strb	r3, [r2]
  27:control-base/devices/src/mf_motor.c ****     motor->stats->velocity = 0;
 237              		.loc 1 27 5 is_stmt 1 view .LVU86
  27:control-base/devices/src/mf_motor.c ****     motor->stats->velocity = 0;
 238              		.loc 1 27 10 is_stmt 0 view .LVU87
 239 0050 A269     		ldr	r2, [r4, #24]
  27:control-base/devices/src/mf_motor.c ****     motor->stats->velocity = 0;
 240              		.loc 1 27 25 view .LVU88
 241 0052 5380     		strh	r3, [r2, #2]	@ movhi
  28:control-base/devices/src/mf_motor.c ****     motor->stats->current = 0;
 242              		.loc 1 28 5 is_stmt 1 view .LVU89
  28:control-base/devices/src/mf_motor.c ****     motor->stats->current = 0;
 243              		.loc 1 28 10 is_stmt 0 view .LVU90
 244 0054 A269     		ldr	r2, [r4, #24]
  28:control-base/devices/src/mf_motor.c ****     motor->stats->current = 0;
 245              		.loc 1 28 28 view .LVU91
 246 0056 9380     		strh	r3, [r2, #4]	@ movhi
  29:control-base/devices/src/mf_motor.c ****     motor->stats->temp = 0;
 247              		.loc 1 29 5 is_stmt 1 view .LVU92
  29:control-base/devices/src/mf_motor.c ****     motor->stats->temp = 0;
 248              		.loc 1 29 10 is_stmt 0 view .LVU93
 249 0058 A269     		ldr	r2, [r4, #24]
  29:control-base/devices/src/mf_motor.c ****     motor->stats->temp = 0;
 250              		.loc 1 29 27 view .LVU94
 251 005a D380     		strh	r3, [r2, #6]	@ movhi
  30:control-base/devices/src/mf_motor.c ****     motor->stats->kp_ang = 0;
 252              		.loc 1 30 5 is_stmt 1 view .LVU95
  30:control-base/devices/src/mf_motor.c ****     motor->stats->kp_ang = 0;
 253              		.loc 1 30 10 is_stmt 0 view .LVU96
 254 005c A269     		ldr	r2, [r4, #24]
  30:control-base/devices/src/mf_motor.c ****     motor->stats->kp_ang = 0;
 255              		.loc 1 30 24 view .LVU97
 256 005e 1372     		strb	r3, [r2, #8]
  31:control-base/devices/src/mf_motor.c ****     motor->stats->ki_ang = 0;
 257              		.loc 1 31 5 is_stmt 1 view .LVU98
  31:control-base/devices/src/mf_motor.c ****     motor->stats->ki_ang = 0;
 258              		.loc 1 31 10 is_stmt 0 view .LVU99
 259 0060 A269     		ldr	r2, [r4, #24]
  31:control-base/devices/src/mf_motor.c ****     motor->stats->ki_ang = 0;
 260              		.loc 1 31 26 view .LVU100
ARM GAS  /var/folders/sg/pxk9dyzj7jz_x3889hx3b3dw0000gn/T//ccyxkqyC.s 			page 8


 261 0062 5381     		strh	r3, [r2, #10]	@ movhi
  32:control-base/devices/src/mf_motor.c ****     motor->stats->kp_vel = 0;
 262              		.loc 1 32 5 is_stmt 1 view .LVU101
  32:control-base/devices/src/mf_motor.c ****     motor->stats->kp_vel = 0;
 263              		.loc 1 32 10 is_stmt 0 view .LVU102
 264 0064 A269     		ldr	r2, [r4, #24]
  32:control-base/devices/src/mf_motor.c ****     motor->stats->kp_vel = 0;
 265              		.loc 1 32 26 view .LVU103
 266 0066 9381     		strh	r3, [r2, #12]	@ movhi
  33:control-base/devices/src/mf_motor.c ****     motor->stats->ki_vel = 0;
 267              		.loc 1 33 5 is_stmt 1 view .LVU104
  33:control-base/devices/src/mf_motor.c ****     motor->stats->ki_vel = 0;
 268              		.loc 1 33 10 is_stmt 0 view .LVU105
 269 0068 A269     		ldr	r2, [r4, #24]
  33:control-base/devices/src/mf_motor.c ****     motor->stats->ki_vel = 0;
 270              		.loc 1 33 26 view .LVU106
 271 006a D381     		strh	r3, [r2, #14]	@ movhi
  34:control-base/devices/src/mf_motor.c ****     motor->stats->kp_torq = 0;
 272              		.loc 1 34 5 is_stmt 1 view .LVU107
  34:control-base/devices/src/mf_motor.c ****     motor->stats->kp_torq = 0;
 273              		.loc 1 34 10 is_stmt 0 view .LVU108
 274 006c A269     		ldr	r2, [r4, #24]
  34:control-base/devices/src/mf_motor.c ****     motor->stats->kp_torq = 0;
 275              		.loc 1 34 26 view .LVU109
 276 006e 1382     		strh	r3, [r2, #16]	@ movhi
  35:control-base/devices/src/mf_motor.c ****     motor->stats->ki_torq = 0;
 277              		.loc 1 35 5 is_stmt 1 view .LVU110
  35:control-base/devices/src/mf_motor.c ****     motor->stats->ki_torq = 0;
 278              		.loc 1 35 10 is_stmt 0 view .LVU111
 279 0070 A269     		ldr	r2, [r4, #24]
  35:control-base/devices/src/mf_motor.c ****     motor->stats->ki_torq = 0;
 280              		.loc 1 35 27 view .LVU112
 281 0072 5382     		strh	r3, [r2, #18]	@ movhi
  36:control-base/devices/src/mf_motor.c **** 
 282              		.loc 1 36 5 is_stmt 1 view .LVU113
  36:control-base/devices/src/mf_motor.c **** 
 283              		.loc 1 36 10 is_stmt 0 view .LVU114
 284 0074 A269     		ldr	r2, [r4, #24]
  36:control-base/devices/src/mf_motor.c **** 
 285              		.loc 1 36 27 view .LVU115
 286 0076 9382     		strh	r3, [r2, #20]	@ movhi
  38:control-base/devices/src/mf_motor.c ****     return motor;
 287              		.loc 1 38 5 is_stmt 1 view .LVU116
  38:control-base/devices/src/mf_motor.c ****     return motor;
 288              		.loc 1 38 31 is_stmt 0 view .LVU117
 289 0078 064A     		ldr	r2, .L13+4
 290 007a 1378     		ldrb	r3, [r2]	@ zero_extendqisi2
 291 007c 591C     		adds	r1, r3, #1
 292 007e 1170     		strb	r1, [r2]
  38:control-base/devices/src/mf_motor.c ****     return motor;
 293              		.loc 1 38 35 view .LVU118
 294 0080 054A     		ldr	r2, .L13+8
 295 0082 42F82340 		str	r4, [r2, r3, lsl #2]
  39:control-base/devices/src/mf_motor.c **** }
 296              		.loc 1 39 5 is_stmt 1 view .LVU119
  40:control-base/devices/src/mf_motor.c **** 
 297              		.loc 1 40 1 is_stmt 0 view .LVU120
ARM GAS  /var/folders/sg/pxk9dyzj7jz_x3889hx3b3dw0000gn/T//ccyxkqyC.s 			page 9


 298 0086 2046     		mov	r0, r4
 299 0088 BDE8F840 		pop	{r3, r4, r5, r6, r7, lr}
 300              	.LCFI2:
 301              		.cfi_restore 14
 302              		.cfi_restore 7
 303              		.cfi_restore 6
 304              		.cfi_restore 5
 305              		.cfi_restore 4
 306              		.cfi_restore 3
 307              		.cfi_def_cfa_offset 16
 308              	.LVL7:
  40:control-base/devices/src/mf_motor.c **** 
 309              		.loc 1 40 1 view .LVU121
 310 008c 04B0     		add	sp, sp, #16
 311              	.LCFI3:
 312              		.cfi_def_cfa_offset 0
 313 008e 7047     		bx	lr
 314              	.L14:
 315              		.align	2
 316              	.L13:
 317 0090 00000000 		.word	MF_Motor_Decode
 318 0094 00000000 		.word	g_mf_motor_num
 319 0098 00000000 		.word	g_mf_motors
 320              		.cfi_endproc
 321              	.LFE142:
 323              		.section	.text.MF_Motor_EnableMotor,"ax",%progbits
 324              		.align	1
 325              		.global	MF_Motor_EnableMotor
 326              		.syntax unified
 327              		.thumb
 328              		.thumb_func
 330              	MF_Motor_EnableMotor:
 331              	.LVL8:
 332              	.LFB144:
  74:control-base/devices/src/mf_motor.c **** 
  75:control-base/devices/src/mf_motor.c **** void MF_Motor_EnableMotor(MF_Motor_Handle_t *motor)
  76:control-base/devices/src/mf_motor.c **** {
 333              		.loc 1 76 1 is_stmt 1 view -0
 334              		.cfi_startproc
 335              		@ args = 0, pretend = 0, frame = 0
 336              		@ frame_needed = 0, uses_anonymous_args = 0
 337              		@ link register save eliminated.
  77:control-base/devices/src/mf_motor.c ****     // store local pointer to avoid multiple dereference
  78:control-base/devices/src/mf_motor.c ****     uint8_t *tx_buffer = motor->can_instance->tx_buffer;
 338              		.loc 1 78 5 view .LVU123
 339              		.loc 1 78 31 is_stmt 0 view .LVU124
 340 0000 8368     		ldr	r3, [r0, #8]
 341              	.LVL9:
  79:control-base/devices/src/mf_motor.c ****     tx_buffer[0] = 0x88;
 342              		.loc 1 79 5 is_stmt 1 view .LVU125
 343              		.loc 1 79 18 is_stmt 0 view .LVU126
 344 0002 8822     		movs	r2, #136
 345 0004 9A72     		strb	r2, [r3, #10]
  80:control-base/devices/src/mf_motor.c ****     memset(&tx_buffer[1], 0, 7);
 346              		.loc 1 80 5 is_stmt 1 view .LVU127
 347 0006 0022     		movs	r2, #0
 348 0008 C3F80B20 		str	r2, [r3, #11]	@ unaligned
ARM GAS  /var/folders/sg/pxk9dyzj7jz_x3889hx3b3dw0000gn/T//ccyxkqyC.s 			page 10


 349 000c C3F80E20 		str	r2, [r3, #14]	@ unaligned
  81:control-base/devices/src/mf_motor.c **** 
  82:control-base/devices/src/mf_motor.c ****     // set the flag to send the data
  83:control-base/devices/src/mf_motor.c ****     motor->send_pending_flag = 1;
 350              		.loc 1 83 5 view .LVU128
 351              		.loc 1 83 30 is_stmt 0 view .LVU129
 352 0010 0123     		movs	r3, #1
 353              	.LVL10:
 354              		.loc 1 83 30 view .LVU130
 355 0012 8370     		strb	r3, [r0, #2]
  84:control-base/devices/src/mf_motor.c **** }
 356              		.loc 1 84 1 view .LVU131
 357 0014 7047     		bx	lr
 358              		.cfi_endproc
 359              	.LFE144:
 361              		.section	.text.MF_Motor_DisableMotor,"ax",%progbits
 362              		.align	1
 363              		.global	MF_Motor_DisableMotor
 364              		.syntax unified
 365              		.thumb
 366              		.thumb_func
 368              	MF_Motor_DisableMotor:
 369              	.LVL11:
 370              	.LFB145:
  85:control-base/devices/src/mf_motor.c **** 
  86:control-base/devices/src/mf_motor.c **** void MF_Motor_DisableMotor(MF_Motor_Handle_t *motor)
  87:control-base/devices/src/mf_motor.c **** {
 371              		.loc 1 87 1 is_stmt 1 view -0
 372              		.cfi_startproc
 373              		@ args = 0, pretend = 0, frame = 0
 374              		@ frame_needed = 0, uses_anonymous_args = 0
 375              		@ link register save eliminated.
  88:control-base/devices/src/mf_motor.c ****     // store local pointer to avoid multiple dereference
  89:control-base/devices/src/mf_motor.c ****     uint8_t *tx_buffer = motor->can_instance->tx_buffer;
 376              		.loc 1 89 5 view .LVU133
 377              		.loc 1 89 31 is_stmt 0 view .LVU134
 378 0000 8368     		ldr	r3, [r0, #8]
 379              	.LVL12:
  90:control-base/devices/src/mf_motor.c ****     tx_buffer[0] = 0x80;
 380              		.loc 1 90 5 is_stmt 1 view .LVU135
 381              		.loc 1 90 18 is_stmt 0 view .LVU136
 382 0002 8022     		movs	r2, #128
 383 0004 9A72     		strb	r2, [r3, #10]
  91:control-base/devices/src/mf_motor.c ****     memset(&tx_buffer[1], 0, 7);
 384              		.loc 1 91 5 is_stmt 1 view .LVU137
 385 0006 0022     		movs	r2, #0
 386 0008 C3F80B20 		str	r2, [r3, #11]	@ unaligned
 387 000c C3F80E20 		str	r2, [r3, #14]	@ unaligned
  92:control-base/devices/src/mf_motor.c **** 
  93:control-base/devices/src/mf_motor.c ****     // set the flag to send the data
  94:control-base/devices/src/mf_motor.c ****     motor->send_pending_flag = 1;
 388              		.loc 1 94 5 view .LVU138
 389              		.loc 1 94 30 is_stmt 0 view .LVU139
 390 0010 0123     		movs	r3, #1
 391              	.LVL13:
 392              		.loc 1 94 30 view .LVU140
 393 0012 8370     		strb	r3, [r0, #2]
ARM GAS  /var/folders/sg/pxk9dyzj7jz_x3889hx3b3dw0000gn/T//ccyxkqyC.s 			page 11


  95:control-base/devices/src/mf_motor.c **** }
 394              		.loc 1 95 1 view .LVU141
 395 0014 7047     		bx	lr
 396              		.cfi_endproc
 397              	.LFE145:
 399              		.section	.text.MF_Motor_GetPIDParam,"ax",%progbits
 400              		.align	1
 401              		.global	MF_Motor_GetPIDParam
 402              		.syntax unified
 403              		.thumb
 404              		.thumb_func
 406              	MF_Motor_GetPIDParam:
 407              	.LVL14:
 408              	.LFB146:
  96:control-base/devices/src/mf_motor.c **** 
  97:control-base/devices/src/mf_motor.c **** void MF_Motor_GetPIDParam(MF_Motor_Handle_t *motor)
  98:control-base/devices/src/mf_motor.c **** {
 409              		.loc 1 98 1 is_stmt 1 view -0
 410              		.cfi_startproc
 411              		@ args = 0, pretend = 0, frame = 0
 412              		@ frame_needed = 0, uses_anonymous_args = 0
 413              		@ link register save eliminated.
  99:control-base/devices/src/mf_motor.c ****     // store local pointer to avoid multiple dereference
 100:control-base/devices/src/mf_motor.c ****     uint8_t *tx_buffer = motor->can_instance->tx_buffer;
 414              		.loc 1 100 5 view .LVU143
 415              		.loc 1 100 31 is_stmt 0 view .LVU144
 416 0000 8368     		ldr	r3, [r0, #8]
 417              	.LVL15:
 101:control-base/devices/src/mf_motor.c ****     tx_buffer[0] = 0x30;
 418              		.loc 1 101 5 is_stmt 1 view .LVU145
 419              		.loc 1 101 18 is_stmt 0 view .LVU146
 420 0002 3022     		movs	r2, #48
 421 0004 9A72     		strb	r2, [r3, #10]
 102:control-base/devices/src/mf_motor.c ****     memset(&tx_buffer[1], 0, 7);
 422              		.loc 1 102 5 is_stmt 1 view .LVU147
 423 0006 0022     		movs	r2, #0
 424 0008 C3F80B20 		str	r2, [r3, #11]	@ unaligned
 425 000c C3F80E20 		str	r2, [r3, #14]	@ unaligned
 103:control-base/devices/src/mf_motor.c **** 
 104:control-base/devices/src/mf_motor.c ****     // set the flag to send the data
 105:control-base/devices/src/mf_motor.c ****     motor->send_pending_flag = 1;
 426              		.loc 1 105 5 view .LVU148
 427              		.loc 1 105 30 is_stmt 0 view .LVU149
 428 0010 0123     		movs	r3, #1
 429              	.LVL16:
 430              		.loc 1 105 30 view .LVU150
 431 0012 8370     		strb	r3, [r0, #2]
 106:control-base/devices/src/mf_motor.c **** }
 432              		.loc 1 106 1 view .LVU151
 433 0014 7047     		bx	lr
 434              		.cfi_endproc
 435              	.LFE146:
 437              		.section	.text.MF_Motor_PIDToRam,"ax",%progbits
 438              		.align	1
 439              		.global	MF_Motor_PIDToRam
 440              		.syntax unified
 441              		.thumb
ARM GAS  /var/folders/sg/pxk9dyzj7jz_x3889hx3b3dw0000gn/T//ccyxkqyC.s 			page 12


 442              		.thumb_func
 444              	MF_Motor_PIDToRam:
 445              	.LVL17:
 446              	.LFB147:
 107:control-base/devices/src/mf_motor.c **** 
 108:control-base/devices/src/mf_motor.c **** void MF_Motor_PIDToRam(MF_Motor_Handle_t *motor,
 109:control-base/devices/src/mf_motor.c ****                        uint8_t kp_ang, uint8_t ki_ang,
 110:control-base/devices/src/mf_motor.c ****                        uint8_t kp_vel, uint8_t ki_vel,
 111:control-base/devices/src/mf_motor.c ****                        uint8_t kp_torq, uint8_t ki_torq)
 112:control-base/devices/src/mf_motor.c **** {
 447              		.loc 1 112 1 is_stmt 1 view -0
 448              		.cfi_startproc
 449              		@ args = 12, pretend = 0, frame = 0
 450              		@ frame_needed = 0, uses_anonymous_args = 0
 451              		@ link register save eliminated.
 452              		.loc 1 112 1 is_stmt 0 view .LVU153
 453 0000 10B4     		push	{r4}
 454              	.LCFI4:
 455              		.cfi_def_cfa_offset 4
 456              		.cfi_offset 4, -4
 113:control-base/devices/src/mf_motor.c ****     // store local pointer to avoid multiple dereference
 114:control-base/devices/src/mf_motor.c ****     uint8_t *tx_buffer = motor->can_instance->tx_buffer;
 457              		.loc 1 114 5 is_stmt 1 view .LVU154
 458              		.loc 1 114 31 is_stmt 0 view .LVU155
 459 0002 8468     		ldr	r4, [r0, #8]
 460              	.LVL18:
 115:control-base/devices/src/mf_motor.c ****     tx_buffer[0] = 0x31;
 461              		.loc 1 115 5 is_stmt 1 view .LVU156
 462              		.loc 1 115 18 is_stmt 0 view .LVU157
 463 0004 4FF0310C 		mov	ip, #49
 464 0008 84F80AC0 		strb	ip, [r4, #10]
 116:control-base/devices/src/mf_motor.c ****     tx_buffer[1] = 0x00;
 465              		.loc 1 116 5 is_stmt 1 view .LVU158
 466              		.loc 1 116 18 is_stmt 0 view .LVU159
 467 000c 4FF0000C 		mov	ip, #0
 468 0010 84F80BC0 		strb	ip, [r4, #11]
 117:control-base/devices/src/mf_motor.c ****     tx_buffer[2] = kp_ang;
 469              		.loc 1 117 5 is_stmt 1 view .LVU160
 470              		.loc 1 117 18 is_stmt 0 view .LVU161
 471 0014 2173     		strb	r1, [r4, #12]
 118:control-base/devices/src/mf_motor.c ****     tx_buffer[3] = ki_ang;
 472              		.loc 1 118 5 is_stmt 1 view .LVU162
 473              		.loc 1 118 18 is_stmt 0 view .LVU163
 474 0016 6273     		strb	r2, [r4, #13]
 119:control-base/devices/src/mf_motor.c ****     tx_buffer[4] = kp_vel;
 475              		.loc 1 119 5 is_stmt 1 view .LVU164
 476              		.loc 1 119 18 is_stmt 0 view .LVU165
 477 0018 A373     		strb	r3, [r4, #14]
 120:control-base/devices/src/mf_motor.c ****     tx_buffer[5] = ki_vel;
 478              		.loc 1 120 5 is_stmt 1 view .LVU166
 479              		.loc 1 120 18 is_stmt 0 view .LVU167
 480 001a 9DF80430 		ldrb	r3, [sp, #4]	@ zero_extendqisi2
 481              	.LVL19:
 482              		.loc 1 120 18 view .LVU168
 483 001e E373     		strb	r3, [r4, #15]
 121:control-base/devices/src/mf_motor.c ****     tx_buffer[6] = kp_torq;
 484              		.loc 1 121 5 is_stmt 1 view .LVU169
ARM GAS  /var/folders/sg/pxk9dyzj7jz_x3889hx3b3dw0000gn/T//ccyxkqyC.s 			page 13


 485              		.loc 1 121 18 is_stmt 0 view .LVU170
 486 0020 9DF80830 		ldrb	r3, [sp, #8]	@ zero_extendqisi2
 487 0024 2374     		strb	r3, [r4, #16]
 122:control-base/devices/src/mf_motor.c ****     tx_buffer[7] = ki_torq;
 488              		.loc 1 122 5 is_stmt 1 view .LVU171
 489              		.loc 1 122 18 is_stmt 0 view .LVU172
 490 0026 9DF80C30 		ldrb	r3, [sp, #12]	@ zero_extendqisi2
 491 002a 6374     		strb	r3, [r4, #17]
 123:control-base/devices/src/mf_motor.c **** 
 124:control-base/devices/src/mf_motor.c ****     // set the flag to send the data
 125:control-base/devices/src/mf_motor.c ****     motor->send_pending_flag = 1;
 492              		.loc 1 125 5 is_stmt 1 view .LVU173
 493              		.loc 1 125 30 is_stmt 0 view .LVU174
 494 002c 0123     		movs	r3, #1
 495 002e 8370     		strb	r3, [r0, #2]
 496              	.LVL20:
 126:control-base/devices/src/mf_motor.c **** }
 497              		.loc 1 126 1 view .LVU175
 498 0030 5DF8044B 		ldr	r4, [sp], #4
 499              	.LCFI5:
 500              		.cfi_restore 4
 501              		.cfi_def_cfa_offset 0
 502              	.LVL21:
 503              		.loc 1 126 1 view .LVU176
 504 0034 7047     		bx	lr
 505              		.cfi_endproc
 506              	.LFE147:
 508              		.section	.text.MF_Motor_TorqueCtrl,"ax",%progbits
 509              		.align	1
 510              		.global	MF_Motor_TorqueCtrl
 511              		.syntax unified
 512              		.thumb
 513              		.thumb_func
 515              	MF_Motor_TorqueCtrl:
 516              	.LVL22:
 517              	.LFB148:
 127:control-base/devices/src/mf_motor.c **** 
 128:control-base/devices/src/mf_motor.c **** /**
 129:control-base/devices/src/mf_motor.c ****  * @brief  Closed loop torque control for MF motor.
 130:control-base/devices/src/mf_motor.c ****  * @param  motor: Pointer to the MF motor handle structure.
 131:control-base/devices/src/mf_motor.c ****  * @param  torq: torque value
 132:control-base/devices/src/mf_motor.c ****  *                  - range from -2000 to 2000 (motor can reply +-2048)
 133:control-base/devices/src/mf_motor.c ****  *                      MF Motors: 2048 represents 16.5A
 134:control-base/devices/src/mf_motor.c ****  *                      MG Motors: 2048 represents 33A
 135:control-base/devices/src/mf_motor.c ****  *                  - Check motor datasheet for torque constant
 136:control-base/devices/src/mf_motor.c ****  */
 137:control-base/devices/src/mf_motor.c **** void MF_Motor_TorqueCtrl(MF_Motor_Handle_t *motor, int16_t torq)
 138:control-base/devices/src/mf_motor.c **** {
 518              		.loc 1 138 1 is_stmt 1 view -0
 519              		.cfi_startproc
 520              		@ args = 0, pretend = 0, frame = 0
 521              		@ frame_needed = 0, uses_anonymous_args = 0
 522              		@ link register save eliminated.
 139:control-base/devices/src/mf_motor.c ****     __MAX_LIMIT(torq, -2048, 2048);
 523              		.loc 1 139 5 view .LVU178
 524              		.loc 1 139 5 view .LVU179
 525 0000 B1F5006F 		cmp	r1, #2048
ARM GAS  /var/folders/sg/pxk9dyzj7jz_x3889hx3b3dw0000gn/T//ccyxkqyC.s 			page 14


 526 0004 A8BF     		it	ge
 527 0006 4FF40061 		movge	r1, #2048
 528              	.LVL23:
 529              		.loc 1 139 5 view .LVU180
 530 000a 094B     		ldr	r3, .L21
 531 000c 9942     		cmp	r1, r3
 532 000e B8BF     		it	lt
 533 0010 1946     		movlt	r1, r3
 534              	.LVL24:
 535              		.loc 1 139 5 view .LVU181
 536              		.loc 1 139 35 view .LVU182
 140:control-base/devices/src/mf_motor.c ****     // store local pointer to avoid multiple dereference
 141:control-base/devices/src/mf_motor.c ****     uint8_t *tx_buffer = motor->can_instance->tx_buffer;
 537              		.loc 1 141 5 view .LVU183
 538              		.loc 1 141 31 is_stmt 0 view .LVU184
 539 0012 8368     		ldr	r3, [r0, #8]
 540              	.LVL25:
 142:control-base/devices/src/mf_motor.c ****     // tx_buffer[0] = 0xA1;
 143:control-base/devices/src/mf_motor.c ****     // tx_buffer[1] = 0x00;
 144:control-base/devices/src/mf_motor.c ****     // tx_buffer[2] = 0x00;
 145:control-base/devices/src/mf_motor.c ****     // tx_buffer[3] = 0x00;
 146:control-base/devices/src/mf_motor.c ****     // tx_buffer[4] = torq & 0xFF;
 147:control-base/devices/src/mf_motor.c ****     // tx_buffer[5] = (torq >> 8) & 0xFF;
 148:control-base/devices/src/mf_motor.c ****     // tx_buffer[6] = 0x00;
 149:control-base/devices/src/mf_motor.c ****     // tx_buffer[7] = 0x00;
 150:control-base/devices/src/mf_motor.c ****     memset(tx_buffer, 0, 8); // more efficient than setting each byte to 0
 541              		.loc 1 150 5 is_stmt 1 view .LVU185
 542 0014 0022     		movs	r2, #0
 543 0016 C3F80A20 		str	r2, [r3, #10]	@ unaligned
 544 001a C3F80E20 		str	r2, [r3, #14]	@ unaligned
 151:control-base/devices/src/mf_motor.c ****     tx_buffer[0] = 0xA1;
 545              		.loc 1 151 5 view .LVU186
 546              		.loc 1 151 18 is_stmt 0 view .LVU187
 547 001e A122     		movs	r2, #161
 548 0020 9A72     		strb	r2, [r3, #10]
 152:control-base/devices/src/mf_motor.c ****     tx_buffer[4] = torq & 0xFF;
 549              		.loc 1 152 5 is_stmt 1 view .LVU188
 550              		.loc 1 152 18 is_stmt 0 view .LVU189
 551 0022 9973     		strb	r1, [r3, #14]
 153:control-base/devices/src/mf_motor.c ****     tx_buffer[5] = (torq >> 8) & 0xFF;
 552              		.loc 1 153 5 is_stmt 1 view .LVU190
 553              		.loc 1 153 18 is_stmt 0 view .LVU191
 554 0024 0912     		asrs	r1, r1, #8
 555              	.LVL26:
 556              		.loc 1 153 18 view .LVU192
 557 0026 D973     		strb	r1, [r3, #15]
 154:control-base/devices/src/mf_motor.c **** 
 155:control-base/devices/src/mf_motor.c ****     // set the flag to send the data
 156:control-base/devices/src/mf_motor.c ****     motor->send_pending_flag = 1;
 558              		.loc 1 156 5 is_stmt 1 view .LVU193
 559              		.loc 1 156 30 is_stmt 0 view .LVU194
 560 0028 0123     		movs	r3, #1
 561              	.LVL27:
 562              		.loc 1 156 30 view .LVU195
 563 002a 8370     		strb	r3, [r0, #2]
 157:control-base/devices/src/mf_motor.c **** }
 564              		.loc 1 157 1 view .LVU196
ARM GAS  /var/folders/sg/pxk9dyzj7jz_x3889hx3b3dw0000gn/T//ccyxkqyC.s 			page 15


 565 002c 7047     		bx	lr
 566              	.L22:
 567 002e 00BF     		.align	2
 568              	.L21:
 569 0030 00F8FFFF 		.word	-2048
 570              		.cfi_endproc
 571              	.LFE148:
 573              		.section	.text.MF_Motor_VelocityCtrl,"ax",%progbits
 574              		.align	1
 575              		.global	MF_Motor_VelocityCtrl
 576              		.syntax unified
 577              		.thumb
 578              		.thumb_func
 580              	MF_Motor_VelocityCtrl:
 581              	.LVL28:
 582              	.LFB149:
 158:control-base/devices/src/mf_motor.c **** 
 159:control-base/devices/src/mf_motor.c **** /**
 160:control-base/devices/src/mf_motor.c ****  * @brief Closed loop velocity control for MF motor.
 161:control-base/devices/src/mf_motor.c ****  * @param motor Pointer to the MF motor handle structure.
 162:control-base/devices/src/mf_motor.c ****  * @param vel Desired velocity setpoint for the motor.
 163:control-base/devices/src/mf_motor.c ****  *             - unit: 0.01dps/LSB
 164:control-base/devices/src/mf_motor.c ****  *
 165:control-base/devices/src/mf_motor.c ****  * @note The function packages the velocity command into a CAN bus frame.
 166:control-base/devices/src/mf_motor.c ****  *       DATA[0] is set to command identifier 0xA2.
 167:control-base/devices/src/mf_motor.c ****  *       DATA[4] to DATA[7] are assigned the velocity value, split into 4 bytes.
 168:control-base/devices/src/mf_motor.c ****  *       This function uses a local buffer to avoid multiple dereferences of the motor handle.
 169:control-base/devices/src/mf_motor.c ****  *
 170:control-base/devices/src/mf_motor.c ****  * @warning motor respond velocity in 1dps/LSB
 171:control-base/devices/src/mf_motor.c ****  */
 172:control-base/devices/src/mf_motor.c **** void MF_Motor_VelocityCtrl(MF_Motor_Handle_t *motor, int32_t vel)
 173:control-base/devices/src/mf_motor.c **** {
 583              		.loc 1 173 1 is_stmt 1 view -0
 584              		.cfi_startproc
 585              		@ args = 0, pretend = 0, frame = 0
 586              		@ frame_needed = 0, uses_anonymous_args = 0
 587              		@ link register save eliminated.
 174:control-base/devices/src/mf_motor.c ****     // store local pointer to avoid multiple dereference
 175:control-base/devices/src/mf_motor.c ****     uint8_t *tx_buffer = motor->can_instance->tx_buffer;
 588              		.loc 1 175 5 view .LVU198
 589              		.loc 1 175 31 is_stmt 0 view .LVU199
 590 0000 8368     		ldr	r3, [r0, #8]
 591              	.LVL29:
 176:control-base/devices/src/mf_motor.c ****     // tx_buffer[0] = 0xA2;
 177:control-base/devices/src/mf_motor.c ****     // tx_buffer[1] = 0x00;
 178:control-base/devices/src/mf_motor.c ****     // tx_buffer[2] = 0x00;
 179:control-base/devices/src/mf_motor.c ****     // tx_buffer[3] = 0x00;
 180:control-base/devices/src/mf_motor.c ****     // tx_buffer[4] = vel & 0xFF;
 181:control-base/devices/src/mf_motor.c ****     // tx_buffer[5] = (vel >> 8) & 0xFF;
 182:control-base/devices/src/mf_motor.c ****     // tx_buffer[6] = (vel >> 16) & 0xFF;
 183:control-base/devices/src/mf_motor.c ****     // tx_buffer[7] = (vel >> 24) & 0xFF;
 184:control-base/devices/src/mf_motor.c ****     memset(tx_buffer, 0, 8); // more efficient than setting each byte to 0
 592              		.loc 1 184 5 is_stmt 1 view .LVU200
 593 0002 0022     		movs	r2, #0
 594 0004 C3F80A20 		str	r2, [r3, #10]	@ unaligned
 595 0008 C3F80E20 		str	r2, [r3, #14]	@ unaligned
 185:control-base/devices/src/mf_motor.c ****     tx_buffer[0] = 0xA2;
ARM GAS  /var/folders/sg/pxk9dyzj7jz_x3889hx3b3dw0000gn/T//ccyxkqyC.s 			page 16


 596              		.loc 1 185 5 view .LVU201
 597              		.loc 1 185 18 is_stmt 0 view .LVU202
 598 000c A222     		movs	r2, #162
 599 000e 9A72     		strb	r2, [r3, #10]
 186:control-base/devices/src/mf_motor.c ****     tx_buffer[4] = vel & 0xFF;
 600              		.loc 1 186 5 is_stmt 1 view .LVU203
 601              		.loc 1 186 18 is_stmt 0 view .LVU204
 602 0010 9973     		strb	r1, [r3, #14]
 187:control-base/devices/src/mf_motor.c ****     tx_buffer[5] = (vel >> 8) & 0xFF;
 603              		.loc 1 187 5 is_stmt 1 view .LVU205
 604              		.loc 1 187 25 is_stmt 0 view .LVU206
 605 0012 0A12     		asrs	r2, r1, #8
 606              		.loc 1 187 18 view .LVU207
 607 0014 DA73     		strb	r2, [r3, #15]
 188:control-base/devices/src/mf_motor.c ****     tx_buffer[6] = (vel >> 16) & 0xFF;
 608              		.loc 1 188 5 is_stmt 1 view .LVU208
 609              		.loc 1 188 25 is_stmt 0 view .LVU209
 610 0016 0A14     		asrs	r2, r1, #16
 611              		.loc 1 188 18 view .LVU210
 612 0018 1A74     		strb	r2, [r3, #16]
 189:control-base/devices/src/mf_motor.c ****     tx_buffer[7] = (vel >> 24) & 0xFF;
 613              		.loc 1 189 5 is_stmt 1 view .LVU211
 614              		.loc 1 189 32 is_stmt 0 view .LVU212
 615 001a 090E     		lsrs	r1, r1, #24
 616              	.LVL30:
 617              		.loc 1 189 18 view .LVU213
 618 001c 5974     		strb	r1, [r3, #17]
 190:control-base/devices/src/mf_motor.c **** 
 191:control-base/devices/src/mf_motor.c ****     // set the flag to send the data
 192:control-base/devices/src/mf_motor.c ****     motor->send_pending_flag = 1;
 619              		.loc 1 192 5 is_stmt 1 view .LVU214
 620              		.loc 1 192 30 is_stmt 0 view .LVU215
 621 001e 0123     		movs	r3, #1
 622              	.LVL31:
 623              		.loc 1 192 30 view .LVU216
 624 0020 8370     		strb	r3, [r0, #2]
 193:control-base/devices/src/mf_motor.c **** }
 625              		.loc 1 193 1 view .LVU217
 626 0022 7047     		bx	lr
 627              		.cfi_endproc
 628              	.LFE149:
 630              		.section	.text.MF_Motor_PositionCtrl,"ax",%progbits
 631              		.align	1
 632              		.global	MF_Motor_PositionCtrl
 633              		.syntax unified
 634              		.thumb
 635              		.thumb_func
 637              	MF_Motor_PositionCtrl:
 638              	.LVL32:
 639              	.LFB150:
 194:control-base/devices/src/mf_motor.c **** 
 195:control-base/devices/src/mf_motor.c **** /**
 196:control-base/devices/src/mf_motor.c ****  * @brief Closed loop position control for MF motor.
 197:control-base/devices/src/mf_motor.c ****  * @param motor Pointer to the MF motor handle structure.
 198:control-base/devices/src/mf_motor.c ****  * @param pos Desired position setpoint for the motor.
 199:control-base/devices/src/mf_motor.c ****  *             - Unit: 0.01 degree/LSB (36000 represents 360 degrees)
 200:control-base/devices/src/mf_motor.c ****  *
ARM GAS  /var/folders/sg/pxk9dyzj7jz_x3889hx3b3dw0000gn/T//ccyxkqyC.s 			page 17


 201:control-base/devices/src/mf_motor.c ****  * @note The function packages the position command into a CAN bus frame.
 202:control-base/devices/src/mf_motor.c ****  *       DATA[0] is set to the command identifier 0xA3.
 203:control-base/devices/src/mf_motor.c ****  *       DATA[4] to DATA[7] are assigned the position value, split into 4 bytes.
 204:control-base/devices/src/mf_motor.c ****  *       This function uses a local buffer to avoid multiple dereferences of the motor handle and i
 205:control-base/devices/src/mf_motor.c ****  *       the buffer to zero before setting the command identifier and position value.
 206:control-base/devices/src/mf_motor.c ****  */
 207:control-base/devices/src/mf_motor.c **** void MF_Motor_PositionCtrl(MF_Motor_Handle_t *motor, int32_t pos)
 208:control-base/devices/src/mf_motor.c **** {
 640              		.loc 1 208 1 is_stmt 1 view -0
 641              		.cfi_startproc
 642              		@ args = 0, pretend = 0, frame = 0
 643              		@ frame_needed = 0, uses_anonymous_args = 0
 644              		@ link register save eliminated.
 209:control-base/devices/src/mf_motor.c ****     // store local pointer to avoid multiple dereference
 210:control-base/devices/src/mf_motor.c ****     uint8_t *tx_buffer = motor->can_instance->tx_buffer;
 645              		.loc 1 210 5 view .LVU219
 646              		.loc 1 210 31 is_stmt 0 view .LVU220
 647 0000 8368     		ldr	r3, [r0, #8]
 648              	.LVL33:
 211:control-base/devices/src/mf_motor.c **** 
 212:control-base/devices/src/mf_motor.c ****     // tx_buffer[0] = 0xA3;
 213:control-base/devices/src/mf_motor.c ****     // tx_buffer[1] = 0x00;
 214:control-base/devices/src/mf_motor.c ****     // tx_buffer[2] = 0x00;
 215:control-base/devices/src/mf_motor.c ****     // tx_buffer[3] = 0x00;
 216:control-base/devices/src/mf_motor.c ****     // tx_buffer[4] = pos & 0xFF;
 217:control-base/devices/src/mf_motor.c ****     // tx_buffer[5] = (pos >> 8) & 0xFF;
 218:control-base/devices/src/mf_motor.c ****     // tx_buffer[6] = (pos >> 16) & 0xFF;
 219:control-base/devices/src/mf_motor.c ****     // tx_buffer[7] = (pos >> 24) & 0xFF;
 220:control-base/devices/src/mf_motor.c **** 
 221:control-base/devices/src/mf_motor.c ****     memset(tx_buffer, 0, 8); // more efficient than setting each byte to 0
 649              		.loc 1 221 5 is_stmt 1 view .LVU221
 650 0002 0022     		movs	r2, #0
 651 0004 C3F80A20 		str	r2, [r3, #10]	@ unaligned
 652 0008 C3F80E20 		str	r2, [r3, #14]	@ unaligned
 222:control-base/devices/src/mf_motor.c ****     tx_buffer[0] = 0xA3;
 653              		.loc 1 222 5 view .LVU222
 654              		.loc 1 222 18 is_stmt 0 view .LVU223
 655 000c A322     		movs	r2, #163
 656 000e 9A72     		strb	r2, [r3, #10]
 223:control-base/devices/src/mf_motor.c ****     tx_buffer[4] = pos & 0xFF;
 657              		.loc 1 223 5 is_stmt 1 view .LVU224
 658              		.loc 1 223 18 is_stmt 0 view .LVU225
 659 0010 9973     		strb	r1, [r3, #14]
 224:control-base/devices/src/mf_motor.c ****     tx_buffer[5] = (pos >> 8) & 0xFF;
 660              		.loc 1 224 5 is_stmt 1 view .LVU226
 661              		.loc 1 224 25 is_stmt 0 view .LVU227
 662 0012 0A12     		asrs	r2, r1, #8
 663              		.loc 1 224 18 view .LVU228
 664 0014 DA73     		strb	r2, [r3, #15]
 225:control-base/devices/src/mf_motor.c ****     tx_buffer[6] = (pos >> 16) & 0xFF;
 665              		.loc 1 225 5 is_stmt 1 view .LVU229
 666              		.loc 1 225 25 is_stmt 0 view .LVU230
 667 0016 0A14     		asrs	r2, r1, #16
 668              		.loc 1 225 18 view .LVU231
 669 0018 1A74     		strb	r2, [r3, #16]
 226:control-base/devices/src/mf_motor.c ****     tx_buffer[7] = (pos >> 24) & 0xFF;
 670              		.loc 1 226 5 is_stmt 1 view .LVU232
ARM GAS  /var/folders/sg/pxk9dyzj7jz_x3889hx3b3dw0000gn/T//ccyxkqyC.s 			page 18


 671              		.loc 1 226 32 is_stmt 0 view .LVU233
 672 001a 090E     		lsrs	r1, r1, #24
 673              	.LVL34:
 674              		.loc 1 226 18 view .LVU234
 675 001c 5974     		strb	r1, [r3, #17]
 227:control-base/devices/src/mf_motor.c **** 
 228:control-base/devices/src/mf_motor.c ****     // set the flag to send the data
 229:control-base/devices/src/mf_motor.c ****     motor->send_pending_flag = 1;
 676              		.loc 1 229 5 is_stmt 1 view .LVU235
 677              		.loc 1 229 30 is_stmt 0 view .LVU236
 678 001e 0123     		movs	r3, #1
 679              	.LVL35:
 680              		.loc 1 229 30 view .LVU237
 681 0020 8370     		strb	r3, [r0, #2]
 230:control-base/devices/src/mf_motor.c **** }
 682              		.loc 1 230 1 view .LVU238
 683 0022 7047     		bx	lr
 684              		.cfi_endproc
 685              	.LFE150:
 687              		.section	.text.MF_Motor_Send,"ax",%progbits
 688              		.align	1
 689              		.global	MF_Motor_Send
 690              		.syntax unified
 691              		.thumb
 692              		.thumb_func
 694              	MF_Motor_Send:
 695              	.LFB151:
 231:control-base/devices/src/mf_motor.c **** 
 232:control-base/devices/src/mf_motor.c **** void MF_Motor_Send(void)
 233:control-base/devices/src/mf_motor.c **** {
 696              		.loc 1 233 1 is_stmt 1 view -0
 697              		.cfi_startproc
 698              		@ args = 0, pretend = 0, frame = 0
 699              		@ frame_needed = 0, uses_anonymous_args = 0
 700 0000 10B5     		push	{r4, lr}
 701              	.LCFI6:
 702              		.cfi_def_cfa_offset 8
 703              		.cfi_offset 4, -8
 704              		.cfi_offset 14, -4
 234:control-base/devices/src/mf_motor.c ****     for (int i = 0; i < g_mf_motor_num; i++) // loop through all the motors
 705              		.loc 1 234 5 view .LVU240
 706              	.LBB2:
 707              		.loc 1 234 10 view .LVU241
 708              	.LVL36:
 709              		.loc 1 234 14 is_stmt 0 view .LVU242
 710 0002 0024     		movs	r4, #0
 711              		.loc 1 234 5 view .LVU243
 712 0004 08E0     		b	.L26
 713              	.LVL37:
 714              	.L31:
 235:control-base/devices/src/mf_motor.c ****     {
 236:control-base/devices/src/mf_motor.c ****         if (g_mf_motors[i]->send_pending_flag)
 237:control-base/devices/src/mf_motor.c ****         {                                               // check if the flag is set
 238:control-base/devices/src/mf_motor.c ****             CAN_Transmit(g_mf_motors[i]->can_instance); // send the data
 715              		.loc 1 238 13 is_stmt 1 view .LVU244
 716 0006 9868     		ldr	r0, [r3, #8]
 717 0008 FFF7FEFF 		bl	CAN_Transmit
ARM GAS  /var/folders/sg/pxk9dyzj7jz_x3889hx3b3dw0000gn/T//ccyxkqyC.s 			page 19


 718              	.LVL38:
 239:control-base/devices/src/mf_motor.c ****             g_mf_motors[i]->send_pending_flag = 0;      // clear the flag
 719              		.loc 1 239 13 view .LVU245
 720              		.loc 1 239 24 is_stmt 0 view .LVU246
 721 000c 084B     		ldr	r3, .L32
 722 000e 53F82430 		ldr	r3, [r3, r4, lsl #2]
 723              		.loc 1 239 47 view .LVU247
 724 0012 0022     		movs	r2, #0
 725 0014 9A70     		strb	r2, [r3, #2]
 726              	.L27:
 234:control-base/devices/src/mf_motor.c ****     for (int i = 0; i < g_mf_motor_num; i++) // loop through all the motors
 727              		.loc 1 234 42 is_stmt 1 discriminator 2 view .LVU248
 728 0016 0134     		adds	r4, r4, #1
 729              	.LVL39:
 730              	.L26:
 234:control-base/devices/src/mf_motor.c ****     for (int i = 0; i < g_mf_motor_num; i++) // loop through all the motors
 731              		.loc 1 234 23 discriminator 1 view .LVU249
 732 0018 064B     		ldr	r3, .L32+4
 733 001a 1B78     		ldrb	r3, [r3]	@ zero_extendqisi2
 734 001c A342     		cmp	r3, r4
 735 001e 06DD     		ble	.L30
 236:control-base/devices/src/mf_motor.c ****         {                                               // check if the flag is set
 736              		.loc 1 236 9 view .LVU250
 236:control-base/devices/src/mf_motor.c ****         {                                               // check if the flag is set
 737              		.loc 1 236 24 is_stmt 0 view .LVU251
 738 0020 034B     		ldr	r3, .L32
 739 0022 53F82430 		ldr	r3, [r3, r4, lsl #2]
 236:control-base/devices/src/mf_motor.c ****         {                                               // check if the flag is set
 740              		.loc 1 236 27 view .LVU252
 741 0026 9A78     		ldrb	r2, [r3, #2]	@ zero_extendqisi2
 236:control-base/devices/src/mf_motor.c ****         {                                               // check if the flag is set
 742              		.loc 1 236 12 view .LVU253
 743 0028 002A     		cmp	r2, #0
 744 002a F4D0     		beq	.L27
 745 002c EBE7     		b	.L31
 746              	.L30:
 747              	.LBE2:
 240:control-base/devices/src/mf_motor.c ****         }
 241:control-base/devices/src/mf_motor.c ****     }
 242:control-base/devices/src/mf_motor.c **** }
 748              		.loc 1 242 1 view .LVU254
 749 002e 10BD     		pop	{r4, pc}
 750              	.LVL40:
 751              	.L33:
 752              		.loc 1 242 1 view .LVU255
 753              		.align	2
 754              	.L32:
 755 0030 00000000 		.word	g_mf_motors
 756 0034 00000000 		.word	g_mf_motor_num
 757              		.cfi_endproc
 758              	.LFE151:
 760              		.global	g_mf_motor_num
 761              		.section	.bss.g_mf_motor_num,"aw",%nobits
 764              	g_mf_motor_num:
 765 0000 00       		.space	1
 766              		.global	g_mf_motors
 767              		.section	.bss.g_mf_motors,"aw",%nobits
ARM GAS  /var/folders/sg/pxk9dyzj7jz_x3889hx3b3dw0000gn/T//ccyxkqyC.s 			page 20


 768              		.align	2
 771              	g_mf_motors:
 772 0000 00000000 		.space	8
 772      00000000 
 773              		.text
 774              	.Letext0:
 775              		.file 2 "/Applications/ArmGNUToolchain/14.3.rel1/arm-none-eabi/arm-none-eabi/include/machine/_defa
 776              		.file 3 "/Applications/ArmGNUToolchain/14.3.rel1/arm-none-eabi/arm-none-eabi/include/sys/_stdint.h
 777              		.file 4 "control-base/typec-board-base/Drivers/CMSIS/Device/ST/STM32F4xx/Include/stm32f4xx.h"
 778              		.file 5 "control-base/typec-board-base/Drivers/STM32F4xx_HAL_Driver/Inc/stm32f4xx_hal_def.h"
 779              		.file 6 "control-base/typec-board-base/Drivers/STM32F4xx_HAL_Driver/Inc/stm32f4xx_hal_can.h"
 780              		.file 7 "control-base/bsp/inc/bsp_can.h"
 781              		.file 8 "control-base/devices/inc/mf_motor.h"
 782              		.file 9 "/Applications/ArmGNUToolchain/14.3.rel1/arm-none-eabi/arm-none-eabi/include/string.h"
 783              		.file 10 "/Applications/ArmGNUToolchain/14.3.rel1/arm-none-eabi/arm-none-eabi/include/stdlib.h"
ARM GAS  /var/folders/sg/pxk9dyzj7jz_x3889hx3b3dw0000gn/T//ccyxkqyC.s 			page 21


DEFINED SYMBOLS
                            *ABS*:00000000 mf_motor.c
/var/folders/sg/pxk9dyzj7jz_x3889hx3b3dw0000gn/T//ccyxkqyC.s:21     .text.MF_Motor_Decode:00000000 $t
/var/folders/sg/pxk9dyzj7jz_x3889hx3b3dw0000gn/T//ccyxkqyC.s:27     .text.MF_Motor_Decode:00000000 MF_Motor_Decode
/var/folders/sg/pxk9dyzj7jz_x3889hx3b3dw0000gn/T//ccyxkqyC.s:148    .text.MF_Motor_Init:00000000 $t
/var/folders/sg/pxk9dyzj7jz_x3889hx3b3dw0000gn/T//ccyxkqyC.s:154    .text.MF_Motor_Init:00000000 MF_Motor_Init
/var/folders/sg/pxk9dyzj7jz_x3889hx3b3dw0000gn/T//ccyxkqyC.s:317    .text.MF_Motor_Init:00000090 $d
/var/folders/sg/pxk9dyzj7jz_x3889hx3b3dw0000gn/T//ccyxkqyC.s:764    .bss.g_mf_motor_num:00000000 g_mf_motor_num
/var/folders/sg/pxk9dyzj7jz_x3889hx3b3dw0000gn/T//ccyxkqyC.s:771    .bss.g_mf_motors:00000000 g_mf_motors
/var/folders/sg/pxk9dyzj7jz_x3889hx3b3dw0000gn/T//ccyxkqyC.s:324    .text.MF_Motor_EnableMotor:00000000 $t
/var/folders/sg/pxk9dyzj7jz_x3889hx3b3dw0000gn/T//ccyxkqyC.s:330    .text.MF_Motor_EnableMotor:00000000 MF_Motor_EnableMotor
/var/folders/sg/pxk9dyzj7jz_x3889hx3b3dw0000gn/T//ccyxkqyC.s:362    .text.MF_Motor_DisableMotor:00000000 $t
/var/folders/sg/pxk9dyzj7jz_x3889hx3b3dw0000gn/T//ccyxkqyC.s:368    .text.MF_Motor_DisableMotor:00000000 MF_Motor_DisableMotor
/var/folders/sg/pxk9dyzj7jz_x3889hx3b3dw0000gn/T//ccyxkqyC.s:400    .text.MF_Motor_GetPIDParam:00000000 $t
/var/folders/sg/pxk9dyzj7jz_x3889hx3b3dw0000gn/T//ccyxkqyC.s:406    .text.MF_Motor_GetPIDParam:00000000 MF_Motor_GetPIDParam
/var/folders/sg/pxk9dyzj7jz_x3889hx3b3dw0000gn/T//ccyxkqyC.s:438    .text.MF_Motor_PIDToRam:00000000 $t
/var/folders/sg/pxk9dyzj7jz_x3889hx3b3dw0000gn/T//ccyxkqyC.s:444    .text.MF_Motor_PIDToRam:00000000 MF_Motor_PIDToRam
/var/folders/sg/pxk9dyzj7jz_x3889hx3b3dw0000gn/T//ccyxkqyC.s:509    .text.MF_Motor_TorqueCtrl:00000000 $t
/var/folders/sg/pxk9dyzj7jz_x3889hx3b3dw0000gn/T//ccyxkqyC.s:515    .text.MF_Motor_TorqueCtrl:00000000 MF_Motor_TorqueCtrl
/var/folders/sg/pxk9dyzj7jz_x3889hx3b3dw0000gn/T//ccyxkqyC.s:569    .text.MF_Motor_TorqueCtrl:00000030 $d
/var/folders/sg/pxk9dyzj7jz_x3889hx3b3dw0000gn/T//ccyxkqyC.s:574    .text.MF_Motor_VelocityCtrl:00000000 $t
/var/folders/sg/pxk9dyzj7jz_x3889hx3b3dw0000gn/T//ccyxkqyC.s:580    .text.MF_Motor_VelocityCtrl:00000000 MF_Motor_VelocityCtrl
/var/folders/sg/pxk9dyzj7jz_x3889hx3b3dw0000gn/T//ccyxkqyC.s:631    .text.MF_Motor_PositionCtrl:00000000 $t
/var/folders/sg/pxk9dyzj7jz_x3889hx3b3dw0000gn/T//ccyxkqyC.s:637    .text.MF_Motor_PositionCtrl:00000000 MF_Motor_PositionCtrl
/var/folders/sg/pxk9dyzj7jz_x3889hx3b3dw0000gn/T//ccyxkqyC.s:688    .text.MF_Motor_Send:00000000 $t
/var/folders/sg/pxk9dyzj7jz_x3889hx3b3dw0000gn/T//ccyxkqyC.s:694    .text.MF_Motor_Send:00000000 MF_Motor_Send
/var/folders/sg/pxk9dyzj7jz_x3889hx3b3dw0000gn/T//ccyxkqyC.s:755    .text.MF_Motor_Send:00000030 $d
/var/folders/sg/pxk9dyzj7jz_x3889hx3b3dw0000gn/T//ccyxkqyC.s:765    .bss.g_mf_motor_num:00000000 $d
/var/folders/sg/pxk9dyzj7jz_x3889hx3b3dw0000gn/T//ccyxkqyC.s:768    .bss.g_mf_motors:00000000 $d

UNDEFINED SYMBOLS
malloc
CAN_Device_Register
CAN_Transmit
