ARM GAS  /var/folders/sg/pxk9dyzj7jz_x3889hx3b3dw0000gn/T//cc8abGQI.s 			page 1


   1              		.cpu cortex-m4
   2              		.arch armv7e-m
   3              		.fpu fpv4-sp-d16
   4              		.eabi_attribute 27, 1
   5              		.eabi_attribute 28, 1
   6              		.eabi_attribute 20, 1
   7              		.eabi_attribute 21, 1
   8              		.eabi_attribute 23, 3
   9              		.eabi_attribute 24, 1
  10              		.eabi_attribute 25, 1
  11              		.eabi_attribute 26, 1
  12              		.eabi_attribute 30, 1
  13              		.eabi_attribute 34, 1
  14              		.eabi_attribute 18, 4
  15              		.file	"motor_task.c"
  16              		.text
  17              	.Ltext0:
  18              		.cfi_sections	.debug_frame
  19              		.file 1 "Minibot/src/motor_task.c"
  20              		.section	.text.Motor_Task_Loop,"ax",%progbits
  21              		.align	1
  22              		.global	Motor_Task_Loop
  23              		.syntax unified
  24              		.thumb
  25              		.thumb_func
  27              	Motor_Task_Loop:
  28              	.LFB142:
   1:Minibot/src/motor_task.c **** #include "motor_task.h"
   2:Minibot/src/motor_task.c **** #include "dji_motor.h"
   3:Minibot/src/motor_task.c **** #include "dm_motor.h"
   4:Minibot/src/motor_task.c **** #include "mf_motor.h"
   5:Minibot/src/motor_task.c **** 
   6:Minibot/src/motor_task.c **** 
   7:Minibot/src/motor_task.c **** void Motor_Task_Loop() {
  29              		.loc 1 7 24 view -0
  30              		.cfi_startproc
  31              		@ args = 0, pretend = 0, frame = 0
  32              		@ frame_needed = 0, uses_anonymous_args = 0
  33 0000 08B5     		push	{r3, lr}
  34              	.LCFI0:
  35              		.cfi_def_cfa_offset 8
  36              		.cfi_offset 3, -8
  37              		.cfi_offset 14, -4
   8:Minibot/src/motor_task.c ****     DJI_Motor_Send();
  38              		.loc 1 8 5 view .LVU1
  39 0002 FFF7FEFF 		bl	DJI_Motor_Send
  40              	.LVL0:
   9:Minibot/src/motor_task.c ****     // MF_Motor_Send();
  10:Minibot/src/motor_task.c ****     // DM_Motor_Send();
  11:Minibot/src/motor_task.c **** }
  41              		.loc 1 11 1 is_stmt 0 view .LVU2
  42 0006 08BD     		pop	{r3, pc}
  43              		.cfi_endproc
  44              	.LFE142:
  46              		.text
  47              	.Letext0:
  48              		.file 2 "control-base/devices/inc/dji_motor.h"
ARM GAS  /var/folders/sg/pxk9dyzj7jz_x3889hx3b3dw0000gn/T//cc8abGQI.s 			page 2


ARM GAS  /var/folders/sg/pxk9dyzj7jz_x3889hx3b3dw0000gn/T//cc8abGQI.s 			page 3


DEFINED SYMBOLS
                            *ABS*:00000000 motor_task.c
/var/folders/sg/pxk9dyzj7jz_x3889hx3b3dw0000gn/T//cc8abGQI.s:21     .text.Motor_Task_Loop:00000000 $t
/var/folders/sg/pxk9dyzj7jz_x3889hx3b3dw0000gn/T//cc8abGQI.s:27     .text.Motor_Task_Loop:00000000 Motor_Task_Loop

UNDEFINED SYMBOLS
DJI_Motor_Send
