ARM GAS  /var/folders/sg/pxk9dyzj7jz_x3889hx3b3dw0000gn/T//ccblusSf.s 			page 1


   1              		.cpu cortex-m4
   2              		.arch armv7e-m
   3              		.fpu fpv4-sp-d16
   4              		.eabi_attribute 27, 1
   5              		.eabi_attribute 28, 1
   6              		.eabi_attribute 20, 1
   7              		.eabi_attribute 21, 1
   8              		.eabi_attribute 23, 3
   9              		.eabi_attribute 24, 1
  10              		.eabi_attribute 25, 1
  11              		.eabi_attribute 26, 1
  12              		.eabi_attribute 30, 1
  13              		.eabi_attribute 34, 1
  14              		.eabi_attribute 18, 4
  15              		.file	"arm_atan2_f32.c"
  16              		.text
  17              	.Ltext0:
  18              		.cfi_sections	.debug_frame
  19              		.file 1 "control-base/typec-board-base/Drivers/CMSIS/DSP/Source/FastMathFunctions/arm_atan2_f32.c"
  20              		.section	.text.arm_atan2_f32,"ax",%progbits
  21              		.align	1
  22              		.global	arm_atan2_f32
  23              		.syntax unified
  24              		.thumb
  25              		.thumb_func
  27              	arm_atan2_f32:
  28              	.LVL0:
  29              	.LFB123:
   1:control-base/typec-board-base/Drivers/CMSIS/DSP/Source/FastMathFunctions/arm_atan2_f32.c **** /* ----------------------------------------------------------------------
   2:control-base/typec-board-base/Drivers/CMSIS/DSP/Source/FastMathFunctions/arm_atan2_f32.c ****  * Project:      CMSIS DSP Library
   3:control-base/typec-board-base/Drivers/CMSIS/DSP/Source/FastMathFunctions/arm_atan2_f32.c ****  * Title:        arm_atan2_f32.c
   4:control-base/typec-board-base/Drivers/CMSIS/DSP/Source/FastMathFunctions/arm_atan2_f32.c ****  * Description:  float32 Arc tangent of y/x
   5:control-base/typec-board-base/Drivers/CMSIS/DSP/Source/FastMathFunctions/arm_atan2_f32.c ****  *
   6:control-base/typec-board-base/Drivers/CMSIS/DSP/Source/FastMathFunctions/arm_atan2_f32.c ****  * $Date:        22 April 2022
   7:control-base/typec-board-base/Drivers/CMSIS/DSP/Source/FastMathFunctions/arm_atan2_f32.c ****  * $Revision:    V1.10.0
   8:control-base/typec-board-base/Drivers/CMSIS/DSP/Source/FastMathFunctions/arm_atan2_f32.c ****  *
   9:control-base/typec-board-base/Drivers/CMSIS/DSP/Source/FastMathFunctions/arm_atan2_f32.c ****  * Target Processor: Cortex-M and Cortex-A cores
  10:control-base/typec-board-base/Drivers/CMSIS/DSP/Source/FastMathFunctions/arm_atan2_f32.c ****  * -------------------------------------------------------------------- */
  11:control-base/typec-board-base/Drivers/CMSIS/DSP/Source/FastMathFunctions/arm_atan2_f32.c **** /*
  12:control-base/typec-board-base/Drivers/CMSIS/DSP/Source/FastMathFunctions/arm_atan2_f32.c ****  * Copyright (C) 2010-2022 ARM Limited or its affiliates. All rights reserved.
  13:control-base/typec-board-base/Drivers/CMSIS/DSP/Source/FastMathFunctions/arm_atan2_f32.c ****  *
  14:control-base/typec-board-base/Drivers/CMSIS/DSP/Source/FastMathFunctions/arm_atan2_f32.c ****  * SPDX-License-Identifier: Apache-2.0
  15:control-base/typec-board-base/Drivers/CMSIS/DSP/Source/FastMathFunctions/arm_atan2_f32.c ****  *
  16:control-base/typec-board-base/Drivers/CMSIS/DSP/Source/FastMathFunctions/arm_atan2_f32.c ****  * Licensed under the Apache License, Version 2.0 (the License); you may
  17:control-base/typec-board-base/Drivers/CMSIS/DSP/Source/FastMathFunctions/arm_atan2_f32.c ****  * not use this file except in compliance with the License.
  18:control-base/typec-board-base/Drivers/CMSIS/DSP/Source/FastMathFunctions/arm_atan2_f32.c ****  * You may obtain a copy of the License at
  19:control-base/typec-board-base/Drivers/CMSIS/DSP/Source/FastMathFunctions/arm_atan2_f32.c ****  *
  20:control-base/typec-board-base/Drivers/CMSIS/DSP/Source/FastMathFunctions/arm_atan2_f32.c ****  * www.apache.org/licenses/LICENSE-2.0
  21:control-base/typec-board-base/Drivers/CMSIS/DSP/Source/FastMathFunctions/arm_atan2_f32.c ****  *
  22:control-base/typec-board-base/Drivers/CMSIS/DSP/Source/FastMathFunctions/arm_atan2_f32.c ****  * Unless required by applicable law or agreed to in writing, software
  23:control-base/typec-board-base/Drivers/CMSIS/DSP/Source/FastMathFunctions/arm_atan2_f32.c ****  * distributed under the License is distributed on an AS IS BASIS, WITHOUT
  24:control-base/typec-board-base/Drivers/CMSIS/DSP/Source/FastMathFunctions/arm_atan2_f32.c ****  * WARRANTIES OR CONDITIONS OF ANY KIND, either express or implied.
  25:control-base/typec-board-base/Drivers/CMSIS/DSP/Source/FastMathFunctions/arm_atan2_f32.c ****  * See the License for the specific language governing permissions and
  26:control-base/typec-board-base/Drivers/CMSIS/DSP/Source/FastMathFunctions/arm_atan2_f32.c ****  * limitations under the License.
  27:control-base/typec-board-base/Drivers/CMSIS/DSP/Source/FastMathFunctions/arm_atan2_f32.c ****  */
  28:control-base/typec-board-base/Drivers/CMSIS/DSP/Source/FastMathFunctions/arm_atan2_f32.c **** 
  29:control-base/typec-board-base/Drivers/CMSIS/DSP/Source/FastMathFunctions/arm_atan2_f32.c **** #include "dsp/fast_math_functions.h"        
ARM GAS  /var/folders/sg/pxk9dyzj7jz_x3889hx3b3dw0000gn/T//ccblusSf.s 			page 2


  30:control-base/typec-board-base/Drivers/CMSIS/DSP/Source/FastMathFunctions/arm_atan2_f32.c **** 
  31:control-base/typec-board-base/Drivers/CMSIS/DSP/Source/FastMathFunctions/arm_atan2_f32.c **** /*
  32:control-base/typec-board-base/Drivers/CMSIS/DSP/Source/FastMathFunctions/arm_atan2_f32.c **** 
  33:control-base/typec-board-base/Drivers/CMSIS/DSP/Source/FastMathFunctions/arm_atan2_f32.c **** atan for argument between in [0, 1.0]
  34:control-base/typec-board-base/Drivers/CMSIS/DSP/Source/FastMathFunctions/arm_atan2_f32.c **** 
  35:control-base/typec-board-base/Drivers/CMSIS/DSP/Source/FastMathFunctions/arm_atan2_f32.c **** 
  36:control-base/typec-board-base/Drivers/CMSIS/DSP/Source/FastMathFunctions/arm_atan2_f32.c **** */
  37:control-base/typec-board-base/Drivers/CMSIS/DSP/Source/FastMathFunctions/arm_atan2_f32.c **** 
  38:control-base/typec-board-base/Drivers/CMSIS/DSP/Source/FastMathFunctions/arm_atan2_f32.c **** #define ATANHALFF32 0.463648f
  39:control-base/typec-board-base/Drivers/CMSIS/DSP/Source/FastMathFunctions/arm_atan2_f32.c **** #define PIHALFF32 1.5707963267948966192313f
  40:control-base/typec-board-base/Drivers/CMSIS/DSP/Source/FastMathFunctions/arm_atan2_f32.c **** 
  41:control-base/typec-board-base/Drivers/CMSIS/DSP/Source/FastMathFunctions/arm_atan2_f32.c **** #define ATAN2_NB_COEFS_F32 10
  42:control-base/typec-board-base/Drivers/CMSIS/DSP/Source/FastMathFunctions/arm_atan2_f32.c **** 
  43:control-base/typec-board-base/Drivers/CMSIS/DSP/Source/FastMathFunctions/arm_atan2_f32.c **** static const float32_t atan2_coefs_f32[ATAN2_NB_COEFS_F32]={0.0f
  44:control-base/typec-board-base/Drivers/CMSIS/DSP/Source/FastMathFunctions/arm_atan2_f32.c **** ,1.0000001638308195518f
  45:control-base/typec-board-base/Drivers/CMSIS/DSP/Source/FastMathFunctions/arm_atan2_f32.c **** ,-0.0000228941363602264f
  46:control-base/typec-board-base/Drivers/CMSIS/DSP/Source/FastMathFunctions/arm_atan2_f32.c **** ,-0.3328086544578890873f
  47:control-base/typec-board-base/Drivers/CMSIS/DSP/Source/FastMathFunctions/arm_atan2_f32.c **** ,-0.004404814619311061f
  48:control-base/typec-board-base/Drivers/CMSIS/DSP/Source/FastMathFunctions/arm_atan2_f32.c **** ,0.2162217461808173258f
  49:control-base/typec-board-base/Drivers/CMSIS/DSP/Source/FastMathFunctions/arm_atan2_f32.c **** ,-0.0207504842057097504f
  50:control-base/typec-board-base/Drivers/CMSIS/DSP/Source/FastMathFunctions/arm_atan2_f32.c **** ,-0.1745263362250363339f
  51:control-base/typec-board-base/Drivers/CMSIS/DSP/Source/FastMathFunctions/arm_atan2_f32.c **** ,0.1340557235283553386f
  52:control-base/typec-board-base/Drivers/CMSIS/DSP/Source/FastMathFunctions/arm_atan2_f32.c **** ,-0.0323664125927477625f
  53:control-base/typec-board-base/Drivers/CMSIS/DSP/Source/FastMathFunctions/arm_atan2_f32.c **** };
  54:control-base/typec-board-base/Drivers/CMSIS/DSP/Source/FastMathFunctions/arm_atan2_f32.c **** 
  55:control-base/typec-board-base/Drivers/CMSIS/DSP/Source/FastMathFunctions/arm_atan2_f32.c **** __STATIC_FORCEINLINE float32_t arm_atan_limited_f32(float32_t x)
  56:control-base/typec-board-base/Drivers/CMSIS/DSP/Source/FastMathFunctions/arm_atan2_f32.c **** {
  57:control-base/typec-board-base/Drivers/CMSIS/DSP/Source/FastMathFunctions/arm_atan2_f32.c ****     float32_t res=atan2_coefs_f32[ATAN2_NB_COEFS_F32-1];
  58:control-base/typec-board-base/Drivers/CMSIS/DSP/Source/FastMathFunctions/arm_atan2_f32.c ****     int i=1;
  59:control-base/typec-board-base/Drivers/CMSIS/DSP/Source/FastMathFunctions/arm_atan2_f32.c ****     for(i=1;i<ATAN2_NB_COEFS_F32;i++)
  60:control-base/typec-board-base/Drivers/CMSIS/DSP/Source/FastMathFunctions/arm_atan2_f32.c ****     {
  61:control-base/typec-board-base/Drivers/CMSIS/DSP/Source/FastMathFunctions/arm_atan2_f32.c ****         res = x*res + atan2_coefs_f32[ATAN2_NB_COEFS_F32-1-i];
  62:control-base/typec-board-base/Drivers/CMSIS/DSP/Source/FastMathFunctions/arm_atan2_f32.c ****     }
  63:control-base/typec-board-base/Drivers/CMSIS/DSP/Source/FastMathFunctions/arm_atan2_f32.c **** 
  64:control-base/typec-board-base/Drivers/CMSIS/DSP/Source/FastMathFunctions/arm_atan2_f32.c **** 
  65:control-base/typec-board-base/Drivers/CMSIS/DSP/Source/FastMathFunctions/arm_atan2_f32.c ****     return(res);
  66:control-base/typec-board-base/Drivers/CMSIS/DSP/Source/FastMathFunctions/arm_atan2_f32.c **** }
  67:control-base/typec-board-base/Drivers/CMSIS/DSP/Source/FastMathFunctions/arm_atan2_f32.c **** 
  68:control-base/typec-board-base/Drivers/CMSIS/DSP/Source/FastMathFunctions/arm_atan2_f32.c **** __STATIC_FORCEINLINE float32_t arm_atan_f32(float32_t x)
  69:control-base/typec-board-base/Drivers/CMSIS/DSP/Source/FastMathFunctions/arm_atan2_f32.c **** {
  70:control-base/typec-board-base/Drivers/CMSIS/DSP/Source/FastMathFunctions/arm_atan2_f32.c ****    int sign=0;
  71:control-base/typec-board-base/Drivers/CMSIS/DSP/Source/FastMathFunctions/arm_atan2_f32.c ****    float32_t res=0.0f;
  72:control-base/typec-board-base/Drivers/CMSIS/DSP/Source/FastMathFunctions/arm_atan2_f32.c **** 
  73:control-base/typec-board-base/Drivers/CMSIS/DSP/Source/FastMathFunctions/arm_atan2_f32.c ****    if (x < 0.0f)
  74:control-base/typec-board-base/Drivers/CMSIS/DSP/Source/FastMathFunctions/arm_atan2_f32.c ****    {
  75:control-base/typec-board-base/Drivers/CMSIS/DSP/Source/FastMathFunctions/arm_atan2_f32.c ****       sign=1;
  76:control-base/typec-board-base/Drivers/CMSIS/DSP/Source/FastMathFunctions/arm_atan2_f32.c ****       x=-x;
  77:control-base/typec-board-base/Drivers/CMSIS/DSP/Source/FastMathFunctions/arm_atan2_f32.c ****    }
  78:control-base/typec-board-base/Drivers/CMSIS/DSP/Source/FastMathFunctions/arm_atan2_f32.c **** 
  79:control-base/typec-board-base/Drivers/CMSIS/DSP/Source/FastMathFunctions/arm_atan2_f32.c ****    if (x > 1.0f)
  80:control-base/typec-board-base/Drivers/CMSIS/DSP/Source/FastMathFunctions/arm_atan2_f32.c ****    {
  81:control-base/typec-board-base/Drivers/CMSIS/DSP/Source/FastMathFunctions/arm_atan2_f32.c ****       x = 1.0f / x;
  82:control-base/typec-board-base/Drivers/CMSIS/DSP/Source/FastMathFunctions/arm_atan2_f32.c ****       res = PIHALFF32 - arm_atan_limited_f32(x);
  83:control-base/typec-board-base/Drivers/CMSIS/DSP/Source/FastMathFunctions/arm_atan2_f32.c ****    }
  84:control-base/typec-board-base/Drivers/CMSIS/DSP/Source/FastMathFunctions/arm_atan2_f32.c ****    else
  85:control-base/typec-board-base/Drivers/CMSIS/DSP/Source/FastMathFunctions/arm_atan2_f32.c ****    {
  86:control-base/typec-board-base/Drivers/CMSIS/DSP/Source/FastMathFunctions/arm_atan2_f32.c ****      res += arm_atan_limited_f32(x);
ARM GAS  /var/folders/sg/pxk9dyzj7jz_x3889hx3b3dw0000gn/T//ccblusSf.s 			page 3


  87:control-base/typec-board-base/Drivers/CMSIS/DSP/Source/FastMathFunctions/arm_atan2_f32.c ****    }
  88:control-base/typec-board-base/Drivers/CMSIS/DSP/Source/FastMathFunctions/arm_atan2_f32.c **** 
  89:control-base/typec-board-base/Drivers/CMSIS/DSP/Source/FastMathFunctions/arm_atan2_f32.c **** 
  90:control-base/typec-board-base/Drivers/CMSIS/DSP/Source/FastMathFunctions/arm_atan2_f32.c ****    if (sign)
  91:control-base/typec-board-base/Drivers/CMSIS/DSP/Source/FastMathFunctions/arm_atan2_f32.c ****    {
  92:control-base/typec-board-base/Drivers/CMSIS/DSP/Source/FastMathFunctions/arm_atan2_f32.c ****      res = -res;
  93:control-base/typec-board-base/Drivers/CMSIS/DSP/Source/FastMathFunctions/arm_atan2_f32.c ****    }
  94:control-base/typec-board-base/Drivers/CMSIS/DSP/Source/FastMathFunctions/arm_atan2_f32.c **** 
  95:control-base/typec-board-base/Drivers/CMSIS/DSP/Source/FastMathFunctions/arm_atan2_f32.c ****    return(res);
  96:control-base/typec-board-base/Drivers/CMSIS/DSP/Source/FastMathFunctions/arm_atan2_f32.c **** }
  97:control-base/typec-board-base/Drivers/CMSIS/DSP/Source/FastMathFunctions/arm_atan2_f32.c **** 
  98:control-base/typec-board-base/Drivers/CMSIS/DSP/Source/FastMathFunctions/arm_atan2_f32.c **** 
  99:control-base/typec-board-base/Drivers/CMSIS/DSP/Source/FastMathFunctions/arm_atan2_f32.c **** /**
 100:control-base/typec-board-base/Drivers/CMSIS/DSP/Source/FastMathFunctions/arm_atan2_f32.c ****   @ingroup groupFastMath
 101:control-base/typec-board-base/Drivers/CMSIS/DSP/Source/FastMathFunctions/arm_atan2_f32.c ****  */
 102:control-base/typec-board-base/Drivers/CMSIS/DSP/Source/FastMathFunctions/arm_atan2_f32.c **** 
 103:control-base/typec-board-base/Drivers/CMSIS/DSP/Source/FastMathFunctions/arm_atan2_f32.c **** /**
 104:control-base/typec-board-base/Drivers/CMSIS/DSP/Source/FastMathFunctions/arm_atan2_f32.c ****   @defgroup atan2 ArcTan2
 105:control-base/typec-board-base/Drivers/CMSIS/DSP/Source/FastMathFunctions/arm_atan2_f32.c **** 
 106:control-base/typec-board-base/Drivers/CMSIS/DSP/Source/FastMathFunctions/arm_atan2_f32.c ****   Computing Arc tangent only using the ratio y/x is not enough to determine the angle
 107:control-base/typec-board-base/Drivers/CMSIS/DSP/Source/FastMathFunctions/arm_atan2_f32.c ****   since there is an indeterminacy. Opposite quadrants are giving the same ratio.
 108:control-base/typec-board-base/Drivers/CMSIS/DSP/Source/FastMathFunctions/arm_atan2_f32.c **** 
 109:control-base/typec-board-base/Drivers/CMSIS/DSP/Source/FastMathFunctions/arm_atan2_f32.c ****   ArcTan2 is not using y/x to compute the angle but y and x and use the sign of y and x
 110:control-base/typec-board-base/Drivers/CMSIS/DSP/Source/FastMathFunctions/arm_atan2_f32.c ****   to determine the quadrant.
 111:control-base/typec-board-base/Drivers/CMSIS/DSP/Source/FastMathFunctions/arm_atan2_f32.c **** 
 112:control-base/typec-board-base/Drivers/CMSIS/DSP/Source/FastMathFunctions/arm_atan2_f32.c ****  */
 113:control-base/typec-board-base/Drivers/CMSIS/DSP/Source/FastMathFunctions/arm_atan2_f32.c **** 
 114:control-base/typec-board-base/Drivers/CMSIS/DSP/Source/FastMathFunctions/arm_atan2_f32.c **** /**
 115:control-base/typec-board-base/Drivers/CMSIS/DSP/Source/FastMathFunctions/arm_atan2_f32.c ****   @addtogroup atan2
 116:control-base/typec-board-base/Drivers/CMSIS/DSP/Source/FastMathFunctions/arm_atan2_f32.c ****   @{
 117:control-base/typec-board-base/Drivers/CMSIS/DSP/Source/FastMathFunctions/arm_atan2_f32.c ****  */
 118:control-base/typec-board-base/Drivers/CMSIS/DSP/Source/FastMathFunctions/arm_atan2_f32.c **** 
 119:control-base/typec-board-base/Drivers/CMSIS/DSP/Source/FastMathFunctions/arm_atan2_f32.c **** /**
 120:control-base/typec-board-base/Drivers/CMSIS/DSP/Source/FastMathFunctions/arm_atan2_f32.c ****   @brief       Arc Tangent of y/x using sign of y and x to get right quadrant
 121:control-base/typec-board-base/Drivers/CMSIS/DSP/Source/FastMathFunctions/arm_atan2_f32.c ****   @param[in]   y  y coordinate
 122:control-base/typec-board-base/Drivers/CMSIS/DSP/Source/FastMathFunctions/arm_atan2_f32.c ****   @param[in]   x  x coordinate
 123:control-base/typec-board-base/Drivers/CMSIS/DSP/Source/FastMathFunctions/arm_atan2_f32.c ****   @param[out]  result  Result
 124:control-base/typec-board-base/Drivers/CMSIS/DSP/Source/FastMathFunctions/arm_atan2_f32.c ****   @return  error status.
 125:control-base/typec-board-base/Drivers/CMSIS/DSP/Source/FastMathFunctions/arm_atan2_f32.c ****  
 126:control-base/typec-board-base/Drivers/CMSIS/DSP/Source/FastMathFunctions/arm_atan2_f32.c ****   @par         Compute the Arc tangent of y/x:
 127:control-base/typec-board-base/Drivers/CMSIS/DSP/Source/FastMathFunctions/arm_atan2_f32.c ****                    The sign of y and x are used to determine the right quadrant
 128:control-base/typec-board-base/Drivers/CMSIS/DSP/Source/FastMathFunctions/arm_atan2_f32.c ****                    and compute the right angle.
 129:control-base/typec-board-base/Drivers/CMSIS/DSP/Source/FastMathFunctions/arm_atan2_f32.c **** */
 130:control-base/typec-board-base/Drivers/CMSIS/DSP/Source/FastMathFunctions/arm_atan2_f32.c **** 
 131:control-base/typec-board-base/Drivers/CMSIS/DSP/Source/FastMathFunctions/arm_atan2_f32.c **** 
 132:control-base/typec-board-base/Drivers/CMSIS/DSP/Source/FastMathFunctions/arm_atan2_f32.c **** arm_status arm_atan2_f32(float32_t y,float32_t x,float32_t *result)
 133:control-base/typec-board-base/Drivers/CMSIS/DSP/Source/FastMathFunctions/arm_atan2_f32.c **** {
  30              		.loc 1 133 1 view -0
  31              		.cfi_startproc
  32              		@ args = 0, pretend = 0, frame = 0
  33              		@ frame_needed = 0, uses_anonymous_args = 0
  34              		@ link register save eliminated.
  35              		.loc 1 133 1 is_stmt 0 view .LVU1
  36 0000 10B4     		push	{r4}
  37              	.LCFI0:
  38              		.cfi_def_cfa_offset 4
  39              		.cfi_offset 4, -4
ARM GAS  /var/folders/sg/pxk9dyzj7jz_x3889hx3b3dw0000gn/T//ccblusSf.s 			page 4


 134:control-base/typec-board-base/Drivers/CMSIS/DSP/Source/FastMathFunctions/arm_atan2_f32.c ****     if (x > 0.0f)
  40              		.loc 1 134 5 is_stmt 1 view .LVU2
  41              		.loc 1 134 8 is_stmt 0 view .LVU3
  42 0002 F5EEC00A 		vcmpe.f32	s1, #0
  43 0006 F1EE10FA 		vmrs	APSR_nzcv, FPSCR
  44 000a 1ADC     		bgt	.L76
 135:control-base/typec-board-base/Drivers/CMSIS/DSP/Source/FastMathFunctions/arm_atan2_f32.c ****     {
 136:control-base/typec-board-base/Drivers/CMSIS/DSP/Source/FastMathFunctions/arm_atan2_f32.c ****         *result=arm_atan_f32(y/x);
 137:control-base/typec-board-base/Drivers/CMSIS/DSP/Source/FastMathFunctions/arm_atan2_f32.c ****         return(ARM_MATH_SUCCESS);
 138:control-base/typec-board-base/Drivers/CMSIS/DSP/Source/FastMathFunctions/arm_atan2_f32.c ****     }
 139:control-base/typec-board-base/Drivers/CMSIS/DSP/Source/FastMathFunctions/arm_atan2_f32.c ****     if (x < 0.0f)
  45              		.loc 1 139 5 is_stmt 1 view .LVU4
  46              		.loc 1 139 8 is_stmt 0 view .LVU5
  47 000c F5EEC00A 		vcmpe.f32	s1, #0
  48 0010 F1EE10FA 		vmrs	APSR_nzcv, FPSCR
  49 0014 60D4     		bmi	.L77
 140:control-base/typec-board-base/Drivers/CMSIS/DSP/Source/FastMathFunctions/arm_atan2_f32.c ****     {
 141:control-base/typec-board-base/Drivers/CMSIS/DSP/Source/FastMathFunctions/arm_atan2_f32.c ****         if (y > 0.0f)
 142:control-base/typec-board-base/Drivers/CMSIS/DSP/Source/FastMathFunctions/arm_atan2_f32.c ****         {
 143:control-base/typec-board-base/Drivers/CMSIS/DSP/Source/FastMathFunctions/arm_atan2_f32.c ****            *result=arm_atan_f32(y/x) + PI;
 144:control-base/typec-board-base/Drivers/CMSIS/DSP/Source/FastMathFunctions/arm_atan2_f32.c ****         }
 145:control-base/typec-board-base/Drivers/CMSIS/DSP/Source/FastMathFunctions/arm_atan2_f32.c ****         else if (y < 0.0f)
 146:control-base/typec-board-base/Drivers/CMSIS/DSP/Source/FastMathFunctions/arm_atan2_f32.c ****         {
 147:control-base/typec-board-base/Drivers/CMSIS/DSP/Source/FastMathFunctions/arm_atan2_f32.c ****            *result=arm_atan_f32(y/x) - PI;
 148:control-base/typec-board-base/Drivers/CMSIS/DSP/Source/FastMathFunctions/arm_atan2_f32.c ****         }
 149:control-base/typec-board-base/Drivers/CMSIS/DSP/Source/FastMathFunctions/arm_atan2_f32.c ****         else
 150:control-base/typec-board-base/Drivers/CMSIS/DSP/Source/FastMathFunctions/arm_atan2_f32.c ****         {
 151:control-base/typec-board-base/Drivers/CMSIS/DSP/Source/FastMathFunctions/arm_atan2_f32.c ****             if (signbit(y))
 152:control-base/typec-board-base/Drivers/CMSIS/DSP/Source/FastMathFunctions/arm_atan2_f32.c ****             {
 153:control-base/typec-board-base/Drivers/CMSIS/DSP/Source/FastMathFunctions/arm_atan2_f32.c ****                *result= -PI;
 154:control-base/typec-board-base/Drivers/CMSIS/DSP/Source/FastMathFunctions/arm_atan2_f32.c ****             }
 155:control-base/typec-board-base/Drivers/CMSIS/DSP/Source/FastMathFunctions/arm_atan2_f32.c ****             else
 156:control-base/typec-board-base/Drivers/CMSIS/DSP/Source/FastMathFunctions/arm_atan2_f32.c ****             {
 157:control-base/typec-board-base/Drivers/CMSIS/DSP/Source/FastMathFunctions/arm_atan2_f32.c ****                *result= PI;
 158:control-base/typec-board-base/Drivers/CMSIS/DSP/Source/FastMathFunctions/arm_atan2_f32.c ****             }
 159:control-base/typec-board-base/Drivers/CMSIS/DSP/Source/FastMathFunctions/arm_atan2_f32.c ****         }
 160:control-base/typec-board-base/Drivers/CMSIS/DSP/Source/FastMathFunctions/arm_atan2_f32.c ****         return(ARM_MATH_SUCCESS);
 161:control-base/typec-board-base/Drivers/CMSIS/DSP/Source/FastMathFunctions/arm_atan2_f32.c ****     }
 162:control-base/typec-board-base/Drivers/CMSIS/DSP/Source/FastMathFunctions/arm_atan2_f32.c ****     if (x == 0.0f)
  50              		.loc 1 162 5 is_stmt 1 view .LVU6
  51              		.loc 1 162 8 is_stmt 0 view .LVU7
  52 0016 F5EE400A 		vcmp.f32	s1, #0
  53 001a F1EE10FA 		vmrs	APSR_nzcv, FPSCR
  54 001e 40F00C81 		bne	.L49
 163:control-base/typec-board-base/Drivers/CMSIS/DSP/Source/FastMathFunctions/arm_atan2_f32.c ****     {
 164:control-base/typec-board-base/Drivers/CMSIS/DSP/Source/FastMathFunctions/arm_atan2_f32.c ****         if (y > 0.0f)
  55              		.loc 1 164 9 is_stmt 1 view .LVU8
  56              		.loc 1 164 12 is_stmt 0 view .LVU9
  57 0022 B5EEC00A 		vcmpe.f32	s0, #0
  58 0026 F1EE10FA 		vmrs	APSR_nzcv, FPSCR
  59 002a 00F30281 		bgt	.L78
 165:control-base/typec-board-base/Drivers/CMSIS/DSP/Source/FastMathFunctions/arm_atan2_f32.c ****         {
 166:control-base/typec-board-base/Drivers/CMSIS/DSP/Source/FastMathFunctions/arm_atan2_f32.c ****             *result=PIHALFF32;
 167:control-base/typec-board-base/Drivers/CMSIS/DSP/Source/FastMathFunctions/arm_atan2_f32.c ****             return(ARM_MATH_SUCCESS);
 168:control-base/typec-board-base/Drivers/CMSIS/DSP/Source/FastMathFunctions/arm_atan2_f32.c ****         }
 169:control-base/typec-board-base/Drivers/CMSIS/DSP/Source/FastMathFunctions/arm_atan2_f32.c ****         if (y < 0.0f)
  60              		.loc 1 169 9 is_stmt 1 view .LVU10
ARM GAS  /var/folders/sg/pxk9dyzj7jz_x3889hx3b3dw0000gn/T//ccblusSf.s 			page 5


  61              		.loc 1 169 12 is_stmt 0 view .LVU11
  62 002e B5EEC00A 		vcmpe.f32	s0, #0
  63 0032 F1EE10FA 		vmrs	APSR_nzcv, FPSCR
  64 0036 40F10381 		bpl	.L74
 170:control-base/typec-board-base/Drivers/CMSIS/DSP/Source/FastMathFunctions/arm_atan2_f32.c ****         {
 171:control-base/typec-board-base/Drivers/CMSIS/DSP/Source/FastMathFunctions/arm_atan2_f32.c ****             *result=-PIHALFF32;
  65              		.loc 1 171 13 is_stmt 1 view .LVU12
  66              		.loc 1 171 20 is_stmt 0 view .LVU13
  67 003a 834B     		ldr	r3, .L84
  68 003c 0360     		str	r3, [r0]	@ float
 172:control-base/typec-board-base/Drivers/CMSIS/DSP/Source/FastMathFunctions/arm_atan2_f32.c ****             return(ARM_MATH_SUCCESS);
  69              		.loc 1 172 13 is_stmt 1 view .LVU14
  70              		.loc 1 172 19 is_stmt 0 view .LVU15
  71 003e 0020     		movs	r0, #0
  72              	.LVL1:
  73              		.loc 1 172 19 view .LVU16
  74 0040 30E0     		b	.L13
  75              	.LVL2:
  76              	.L76:
 136:control-base/typec-board-base/Drivers/CMSIS/DSP/Source/FastMathFunctions/arm_atan2_f32.c ****         return(ARM_MATH_SUCCESS);
  77              		.loc 1 136 9 is_stmt 1 view .LVU17
 136:control-base/typec-board-base/Drivers/CMSIS/DSP/Source/FastMathFunctions/arm_atan2_f32.c ****         return(ARM_MATH_SUCCESS);
  78              		.loc 1 136 17 is_stmt 0 view .LVU18
  79 0042 80EE207A 		vdiv.f32	s14, s0, s1
  80              	.LVL3:
  81              	.LBB24:
  82              	.LBI24:
  68:control-base/typec-board-base/Drivers/CMSIS/DSP/Source/FastMathFunctions/arm_atan2_f32.c **** {
  83              		.loc 1 68 32 is_stmt 1 view .LVU19
  84              	.LBB25:
  70:control-base/typec-board-base/Drivers/CMSIS/DSP/Source/FastMathFunctions/arm_atan2_f32.c ****    float32_t res=0.0f;
  85              		.loc 1 70 4 view .LVU20
  71:control-base/typec-board-base/Drivers/CMSIS/DSP/Source/FastMathFunctions/arm_atan2_f32.c **** 
  86              		.loc 1 71 4 view .LVU21
  73:control-base/typec-board-base/Drivers/CMSIS/DSP/Source/FastMathFunctions/arm_atan2_f32.c ****    {
  87              		.loc 1 73 4 view .LVU22
  73:control-base/typec-board-base/Drivers/CMSIS/DSP/Source/FastMathFunctions/arm_atan2_f32.c ****    {
  88              		.loc 1 73 7 is_stmt 0 view .LVU23
  89 0046 B5EEC07A 		vcmpe.f32	s14, #0
  90 004a F1EE10FA 		vmrs	APSR_nzcv, FPSCR
  91 004e 0DD4     		bmi	.L79
  70:control-base/typec-board-base/Drivers/CMSIS/DSP/Source/FastMathFunctions/arm_atan2_f32.c ****    float32_t res=0.0f;
  92              		.loc 1 70 8 view .LVU24
  93 0050 0024     		movs	r4, #0
  94              	.LVL4:
  95              	.L4:
  79:control-base/typec-board-base/Drivers/CMSIS/DSP/Source/FastMathFunctions/arm_atan2_f32.c ****    {
  96              		.loc 1 79 4 is_stmt 1 view .LVU25
  79:control-base/typec-board-base/Drivers/CMSIS/DSP/Source/FastMathFunctions/arm_atan2_f32.c ****    {
  97              		.loc 1 79 7 is_stmt 0 view .LVU26
  98 0052 F7EE007A 		vmov.f32	s15, #1.0e+0
  99 0056 B4EEE77A 		vcmpe.f32	s14, s15
 100 005a F1EE10FA 		vmrs	APSR_nzcv, FPSCR
 101 005e 37DD     		ble	.L65
  81:control-base/typec-board-base/Drivers/CMSIS/DSP/Source/FastMathFunctions/arm_atan2_f32.c ****       res = PIHALFF32 - arm_atan_limited_f32(x);
 102              		.loc 1 81 7 is_stmt 1 view .LVU27
  81:control-base/typec-board-base/Drivers/CMSIS/DSP/Source/FastMathFunctions/arm_atan2_f32.c ****       res = PIHALFF32 - arm_atan_limited_f32(x);
ARM GAS  /var/folders/sg/pxk9dyzj7jz_x3889hx3b3dw0000gn/T//ccblusSf.s 			page 6


 103              		.loc 1 81 9 is_stmt 0 view .LVU28
 104 0060 C7EE876A 		vdiv.f32	s13, s15, s14
 105              	.LVL5:
  82:control-base/typec-board-base/Drivers/CMSIS/DSP/Source/FastMathFunctions/arm_atan2_f32.c ****    }
 106              		.loc 1 82 7 is_stmt 1 view .LVU29
 107              	.LBB26:
 108              	.LBI26:
  55:control-base/typec-board-base/Drivers/CMSIS/DSP/Source/FastMathFunctions/arm_atan2_f32.c **** {
 109              		.loc 1 55 32 view .LVU30
 110              	.LBB27:
  57:control-base/typec-board-base/Drivers/CMSIS/DSP/Source/FastMathFunctions/arm_atan2_f32.c ****     int i=1;
 111              		.loc 1 57 5 view .LVU31
  58:control-base/typec-board-base/Drivers/CMSIS/DSP/Source/FastMathFunctions/arm_atan2_f32.c ****     for(i=1;i<ATAN2_NB_COEFS_F32;i++)
 112              		.loc 1 58 5 view .LVU32
  59:control-base/typec-board-base/Drivers/CMSIS/DSP/Source/FastMathFunctions/arm_atan2_f32.c ****     {
 113              		.loc 1 59 5 view .LVU33
  59:control-base/typec-board-base/Drivers/CMSIS/DSP/Source/FastMathFunctions/arm_atan2_f32.c ****     {
 114              		.loc 1 59 10 is_stmt 0 view .LVU34
 115 0064 0123     		movs	r3, #1
  57:control-base/typec-board-base/Drivers/CMSIS/DSP/Source/FastMathFunctions/arm_atan2_f32.c ****     int i=1;
 116              		.loc 1 57 15 view .LVU35
 117 0066 DFED797A 		vldr.32	s15, .L84+4
  59:control-base/typec-board-base/Drivers/CMSIS/DSP/Source/FastMathFunctions/arm_atan2_f32.c ****     {
 118              		.loc 1 59 5 view .LVU36
 119 006a 0FE0     		b	.L8
 120              	.LVL6:
 121              	.L79:
  59:control-base/typec-board-base/Drivers/CMSIS/DSP/Source/FastMathFunctions/arm_atan2_f32.c ****     {
 122              		.loc 1 59 5 view .LVU37
 123              	.LBE27:
 124              	.LBE26:
  75:control-base/typec-board-base/Drivers/CMSIS/DSP/Source/FastMathFunctions/arm_atan2_f32.c ****       x=-x;
 125              		.loc 1 75 7 is_stmt 1 view .LVU38
  76:control-base/typec-board-base/Drivers/CMSIS/DSP/Source/FastMathFunctions/arm_atan2_f32.c ****    }
 126              		.loc 1 76 7 view .LVU39
  76:control-base/typec-board-base/Drivers/CMSIS/DSP/Source/FastMathFunctions/arm_atan2_f32.c ****    }
 127              		.loc 1 76 8 is_stmt 0 view .LVU40
 128 006c B1EE477A 		vneg.f32	s14, s14
 129              	.LVL7:
  75:control-base/typec-board-base/Drivers/CMSIS/DSP/Source/FastMathFunctions/arm_atan2_f32.c ****       x=-x;
 130              		.loc 1 75 11 view .LVU41
 131 0070 0124     		movs	r4, #1
 132 0072 EEE7     		b	.L4
 133              	.LVL8:
 134              	.L9:
 135              	.LBB29:
 136              	.LBB28:
  61:control-base/typec-board-base/Drivers/CMSIS/DSP/Source/FastMathFunctions/arm_atan2_f32.c ****     }
 137              		.loc 1 61 9 is_stmt 1 view .LVU42
  61:control-base/typec-board-base/Drivers/CMSIS/DSP/Source/FastMathFunctions/arm_atan2_f32.c ****     }
 138              		.loc 1 61 16 is_stmt 0 view .LVU43
 139 0074 66EEA77A 		vmul.f32	s15, s13, s15
 140              	.LVL9:
  61:control-base/typec-board-base/Drivers/CMSIS/DSP/Source/FastMathFunctions/arm_atan2_f32.c ****     }
 141              		.loc 1 61 59 view .LVU44
 142 0078 C3F10901 		rsb	r1, r3, #9
  61:control-base/typec-board-base/Drivers/CMSIS/DSP/Source/FastMathFunctions/arm_atan2_f32.c ****     }
ARM GAS  /var/folders/sg/pxk9dyzj7jz_x3889hx3b3dw0000gn/T//ccblusSf.s 			page 7


 143              		.loc 1 61 38 view .LVU45
 144 007c 744A     		ldr	r2, .L84+8
 145 007e 02EB8102 		add	r2, r2, r1, lsl #2
 146 0082 92ED007A 		vldr.32	s14, [r2]
  61:control-base/typec-board-base/Drivers/CMSIS/DSP/Source/FastMathFunctions/arm_atan2_f32.c ****     }
 147              		.loc 1 61 13 view .LVU46
 148 0086 77EE877A 		vadd.f32	s15, s15, s14
 149              	.LVL10:
  59:control-base/typec-board-base/Drivers/CMSIS/DSP/Source/FastMathFunctions/arm_atan2_f32.c ****     {
 150              		.loc 1 59 35 is_stmt 1 discriminator 3 view .LVU47
 151 008a 0133     		adds	r3, r3, #1
 152              	.LVL11:
 153              	.L8:
  59:control-base/typec-board-base/Drivers/CMSIS/DSP/Source/FastMathFunctions/arm_atan2_f32.c ****     {
 154              		.loc 1 59 14 discriminator 1 view .LVU48
 155 008c 092B     		cmp	r3, #9
 156 008e F1DD     		ble	.L9
  65:control-base/typec-board-base/Drivers/CMSIS/DSP/Source/FastMathFunctions/arm_atan2_f32.c **** }
 157              		.loc 1 65 5 view .LVU49
 158              	.LVL12:
  65:control-base/typec-board-base/Drivers/CMSIS/DSP/Source/FastMathFunctions/arm_atan2_f32.c **** }
 159              		.loc 1 65 5 is_stmt 0 view .LVU50
 160              	.LBE28:
 161              	.LBE29:
  82:control-base/typec-board-base/Drivers/CMSIS/DSP/Source/FastMathFunctions/arm_atan2_f32.c ****    }
 162              		.loc 1 82 11 discriminator 1 view .LVU51
 163 0090 9FED707A 		vldr.32	s14, .L84+12
 164 0094 77EE677A 		vsub.f32	s15, s14, s15
 165              	.LVL13:
 166              	.L10:
  90:control-base/typec-board-base/Drivers/CMSIS/DSP/Source/FastMathFunctions/arm_atan2_f32.c ****    {
 167              		.loc 1 90 4 is_stmt 1 view .LVU52
  90:control-base/typec-board-base/Drivers/CMSIS/DSP/Source/FastMathFunctions/arm_atan2_f32.c ****    {
 168              		.loc 1 90 7 is_stmt 0 view .LVU53
 169 0098 0CB1     		cbz	r4, .L12
  92:control-base/typec-board-base/Drivers/CMSIS/DSP/Source/FastMathFunctions/arm_atan2_f32.c ****    }
 170              		.loc 1 92 6 is_stmt 1 view .LVU54
  92:control-base/typec-board-base/Drivers/CMSIS/DSP/Source/FastMathFunctions/arm_atan2_f32.c ****    }
 171              		.loc 1 92 10 is_stmt 0 view .LVU55
 172 009a F1EE677A 		vneg.f32	s15, s15
 173              	.LVL14:
 174              	.L12:
  95:control-base/typec-board-base/Drivers/CMSIS/DSP/Source/FastMathFunctions/arm_atan2_f32.c **** }
 175              		.loc 1 95 4 is_stmt 1 view .LVU56
  95:control-base/typec-board-base/Drivers/CMSIS/DSP/Source/FastMathFunctions/arm_atan2_f32.c **** }
 176              		.loc 1 95 4 is_stmt 0 view .LVU57
 177              	.LBE25:
 178              	.LBE24:
 136:control-base/typec-board-base/Drivers/CMSIS/DSP/Source/FastMathFunctions/arm_atan2_f32.c ****         return(ARM_MATH_SUCCESS);
 179              		.loc 1 136 16 discriminator 1 view .LVU58
 180 009e C0ED007A 		vstr.32	s15, [r0]
 137:control-base/typec-board-base/Drivers/CMSIS/DSP/Source/FastMathFunctions/arm_atan2_f32.c ****     }
 181              		.loc 1 137 9 is_stmt 1 view .LVU59
 137:control-base/typec-board-base/Drivers/CMSIS/DSP/Source/FastMathFunctions/arm_atan2_f32.c ****     }
 182              		.loc 1 137 15 is_stmt 0 view .LVU60
 183 00a2 0020     		movs	r0, #0
 184              	.LVL15:
ARM GAS  /var/folders/sg/pxk9dyzj7jz_x3889hx3b3dw0000gn/T//ccblusSf.s 			page 8


 185              	.L13:
 173:control-base/typec-board-base/Drivers/CMSIS/DSP/Source/FastMathFunctions/arm_atan2_f32.c ****         }
 174:control-base/typec-board-base/Drivers/CMSIS/DSP/Source/FastMathFunctions/arm_atan2_f32.c ****     }
 175:control-base/typec-board-base/Drivers/CMSIS/DSP/Source/FastMathFunctions/arm_atan2_f32.c ****     
 176:control-base/typec-board-base/Drivers/CMSIS/DSP/Source/FastMathFunctions/arm_atan2_f32.c **** 
 177:control-base/typec-board-base/Drivers/CMSIS/DSP/Source/FastMathFunctions/arm_atan2_f32.c ****     return(ARM_MATH_NANINF);
 178:control-base/typec-board-base/Drivers/CMSIS/DSP/Source/FastMathFunctions/arm_atan2_f32.c **** 
 179:control-base/typec-board-base/Drivers/CMSIS/DSP/Source/FastMathFunctions/arm_atan2_f32.c **** }
 186              		.loc 1 179 1 view .LVU61
 187 00a4 5DF8044B 		ldr	r4, [sp], #4
 188              	.LCFI1:
 189              		.cfi_remember_state
 190              		.cfi_restore 4
 191              		.cfi_def_cfa_offset 0
 192 00a8 7047     		bx	lr
 193              	.LVL16:
 194              	.L11:
 195              	.LCFI2:
 196              		.cfi_restore_state
 197              	.LBB35:
 198              	.LBB34:
 199              	.LBB30:
 200              	.LBB31:
  61:control-base/typec-board-base/Drivers/CMSIS/DSP/Source/FastMathFunctions/arm_atan2_f32.c ****     }
 201              		.loc 1 61 9 is_stmt 1 view .LVU62
  61:control-base/typec-board-base/Drivers/CMSIS/DSP/Source/FastMathFunctions/arm_atan2_f32.c ****     }
 202              		.loc 1 61 16 is_stmt 0 view .LVU63
 203 00aa 67EE277A 		vmul.f32	s15, s14, s15
 204              	.LVL17:
  61:control-base/typec-board-base/Drivers/CMSIS/DSP/Source/FastMathFunctions/arm_atan2_f32.c ****     }
 205              		.loc 1 61 59 view .LVU64
 206 00ae C3F10901 		rsb	r1, r3, #9
  61:control-base/typec-board-base/Drivers/CMSIS/DSP/Source/FastMathFunctions/arm_atan2_f32.c ****     }
 207              		.loc 1 61 38 view .LVU65
 208 00b2 674A     		ldr	r2, .L84+8
 209 00b4 02EB8102 		add	r2, r2, r1, lsl #2
 210 00b8 D2ED006A 		vldr.32	s13, [r2]
  61:control-base/typec-board-base/Drivers/CMSIS/DSP/Source/FastMathFunctions/arm_atan2_f32.c ****     }
 211              		.loc 1 61 13 view .LVU66
 212 00bc 77EEA67A 		vadd.f32	s15, s15, s13
 213              	.LVL18:
  59:control-base/typec-board-base/Drivers/CMSIS/DSP/Source/FastMathFunctions/arm_atan2_f32.c ****     {
 214              		.loc 1 59 35 is_stmt 1 discriminator 3 view .LVU67
 215 00c0 0133     		adds	r3, r3, #1
 216              	.LVL19:
 217              	.L6:
  59:control-base/typec-board-base/Drivers/CMSIS/DSP/Source/FastMathFunctions/arm_atan2_f32.c ****     {
 218              		.loc 1 59 14 discriminator 1 view .LVU68
 219 00c2 092B     		cmp	r3, #9
 220 00c4 F1DD     		ble	.L11
  65:control-base/typec-board-base/Drivers/CMSIS/DSP/Source/FastMathFunctions/arm_atan2_f32.c **** }
 221              		.loc 1 65 5 view .LVU69
 222              	.LVL20:
  65:control-base/typec-board-base/Drivers/CMSIS/DSP/Source/FastMathFunctions/arm_atan2_f32.c **** }
 223              		.loc 1 65 5 is_stmt 0 view .LVU70
 224              	.LBE31:
 225              	.LBE30:
ARM GAS  /var/folders/sg/pxk9dyzj7jz_x3889hx3b3dw0000gn/T//ccblusSf.s 			page 9


  86:control-base/typec-board-base/Drivers/CMSIS/DSP/Source/FastMathFunctions/arm_atan2_f32.c ****    }
 226              		.loc 1 86 10 discriminator 1 view .LVU71
 227 00c6 9FED647A 		vldr.32	s14, .L84+16
 228              	.LVL21:
  86:control-base/typec-board-base/Drivers/CMSIS/DSP/Source/FastMathFunctions/arm_atan2_f32.c ****    }
 229              		.loc 1 86 10 discriminator 1 view .LVU72
 230 00ca 77EE877A 		vadd.f32	s15, s15, s14
 231 00ce E3E7     		b	.L10
 232              	.LVL22:
 233              	.L65:
 234              	.LBB33:
 235              	.LBB32:
  59:control-base/typec-board-base/Drivers/CMSIS/DSP/Source/FastMathFunctions/arm_atan2_f32.c ****     {
 236              		.loc 1 59 10 view .LVU73
 237 00d0 0123     		movs	r3, #1
  57:control-base/typec-board-base/Drivers/CMSIS/DSP/Source/FastMathFunctions/arm_atan2_f32.c ****     int i=1;
 238              		.loc 1 57 15 view .LVU74
 239 00d2 DFED5E7A 		vldr.32	s15, .L84+4
 240 00d6 F4E7     		b	.L6
 241              	.LVL23:
 242              	.L77:
  57:control-base/typec-board-base/Drivers/CMSIS/DSP/Source/FastMathFunctions/arm_atan2_f32.c ****     int i=1;
 243              		.loc 1 57 15 view .LVU75
 244              	.LBE32:
 245              	.LBE33:
 246              	.LBE34:
 247              	.LBE35:
 141:control-base/typec-board-base/Drivers/CMSIS/DSP/Source/FastMathFunctions/arm_atan2_f32.c ****         {
 248              		.loc 1 141 9 is_stmt 1 view .LVU76
 141:control-base/typec-board-base/Drivers/CMSIS/DSP/Source/FastMathFunctions/arm_atan2_f32.c ****         {
 249              		.loc 1 141 12 is_stmt 0 view .LVU77
 250 00d8 B5EEC00A 		vcmpe.f32	s0, #0
 251 00dc F1EE10FA 		vmrs	APSR_nzcv, FPSCR
 252 00e0 4CDD     		ble	.L67
 143:control-base/typec-board-base/Drivers/CMSIS/DSP/Source/FastMathFunctions/arm_atan2_f32.c ****         }
 253              		.loc 1 143 12 is_stmt 1 view .LVU78
 143:control-base/typec-board-base/Drivers/CMSIS/DSP/Source/FastMathFunctions/arm_atan2_f32.c ****         }
 254              		.loc 1 143 20 is_stmt 0 view .LVU79
 255 00e2 80EE207A 		vdiv.f32	s14, s0, s1
 256              	.LVL24:
 257              	.LBB36:
 258              	.LBI36:
  68:control-base/typec-board-base/Drivers/CMSIS/DSP/Source/FastMathFunctions/arm_atan2_f32.c **** {
 259              		.loc 1 68 32 is_stmt 1 view .LVU80
 260              	.LBB37:
  70:control-base/typec-board-base/Drivers/CMSIS/DSP/Source/FastMathFunctions/arm_atan2_f32.c ****    float32_t res=0.0f;
 261              		.loc 1 70 4 view .LVU81
  71:control-base/typec-board-base/Drivers/CMSIS/DSP/Source/FastMathFunctions/arm_atan2_f32.c **** 
 262              		.loc 1 71 4 view .LVU82
  73:control-base/typec-board-base/Drivers/CMSIS/DSP/Source/FastMathFunctions/arm_atan2_f32.c ****    {
 263              		.loc 1 73 4 view .LVU83
  73:control-base/typec-board-base/Drivers/CMSIS/DSP/Source/FastMathFunctions/arm_atan2_f32.c ****    {
 264              		.loc 1 73 7 is_stmt 0 view .LVU84
 265 00e6 B5EEC07A 		vcmpe.f32	s14, #0
 266 00ea F1EE10FA 		vmrs	APSR_nzcv, FPSCR
 267 00ee 1BD4     		bmi	.L80
  70:control-base/typec-board-base/Drivers/CMSIS/DSP/Source/FastMathFunctions/arm_atan2_f32.c ****    float32_t res=0.0f;
ARM GAS  /var/folders/sg/pxk9dyzj7jz_x3889hx3b3dw0000gn/T//ccblusSf.s 			page 10


 268              		.loc 1 70 8 view .LVU85
 269 00f0 0024     		movs	r4, #0
 270              	.LVL25:
 271              	.L18:
  79:control-base/typec-board-base/Drivers/CMSIS/DSP/Source/FastMathFunctions/arm_atan2_f32.c ****    {
 272              		.loc 1 79 4 is_stmt 1 view .LVU86
  79:control-base/typec-board-base/Drivers/CMSIS/DSP/Source/FastMathFunctions/arm_atan2_f32.c ****    {
 273              		.loc 1 79 7 is_stmt 0 view .LVU87
 274 00f2 F7EE007A 		vmov.f32	s15, #1.0e+0
 275 00f6 B4EEE77A 		vcmpe.f32	s14, s15
 276 00fa F1EE10FA 		vmrs	APSR_nzcv, FPSCR
 277 00fe 39DD     		ble	.L69
  81:control-base/typec-board-base/Drivers/CMSIS/DSP/Source/FastMathFunctions/arm_atan2_f32.c ****       res = PIHALFF32 - arm_atan_limited_f32(x);
 278              		.loc 1 81 7 is_stmt 1 view .LVU88
  81:control-base/typec-board-base/Drivers/CMSIS/DSP/Source/FastMathFunctions/arm_atan2_f32.c ****       res = PIHALFF32 - arm_atan_limited_f32(x);
 279              		.loc 1 81 9 is_stmt 0 view .LVU89
 280 0100 C7EE876A 		vdiv.f32	s13, s15, s14
 281              	.LVL26:
  82:control-base/typec-board-base/Drivers/CMSIS/DSP/Source/FastMathFunctions/arm_atan2_f32.c ****    }
 282              		.loc 1 82 7 is_stmt 1 view .LVU90
 283              	.LBB38:
 284              	.LBI38:
  55:control-base/typec-board-base/Drivers/CMSIS/DSP/Source/FastMathFunctions/arm_atan2_f32.c **** {
 285              		.loc 1 55 32 view .LVU91
 286              	.LBB39:
  57:control-base/typec-board-base/Drivers/CMSIS/DSP/Source/FastMathFunctions/arm_atan2_f32.c ****     int i=1;
 287              		.loc 1 57 5 view .LVU92
  58:control-base/typec-board-base/Drivers/CMSIS/DSP/Source/FastMathFunctions/arm_atan2_f32.c ****     for(i=1;i<ATAN2_NB_COEFS_F32;i++)
 288              		.loc 1 58 5 view .LVU93
  59:control-base/typec-board-base/Drivers/CMSIS/DSP/Source/FastMathFunctions/arm_atan2_f32.c ****     {
 289              		.loc 1 59 5 view .LVU94
  59:control-base/typec-board-base/Drivers/CMSIS/DSP/Source/FastMathFunctions/arm_atan2_f32.c ****     {
 290              		.loc 1 59 10 is_stmt 0 view .LVU95
 291 0104 0123     		movs	r3, #1
  57:control-base/typec-board-base/Drivers/CMSIS/DSP/Source/FastMathFunctions/arm_atan2_f32.c ****     int i=1;
 292              		.loc 1 57 15 view .LVU96
 293 0106 DFED517A 		vldr.32	s15, .L84+4
 294              	.LVL27:
 295              	.L22:
  59:control-base/typec-board-base/Drivers/CMSIS/DSP/Source/FastMathFunctions/arm_atan2_f32.c ****     {
 296              		.loc 1 59 14 is_stmt 1 discriminator 1 view .LVU97
 297 010a 092B     		cmp	r3, #9
 298 010c 10DC     		bgt	.L81
  61:control-base/typec-board-base/Drivers/CMSIS/DSP/Source/FastMathFunctions/arm_atan2_f32.c ****     }
 299              		.loc 1 61 9 view .LVU98
  61:control-base/typec-board-base/Drivers/CMSIS/DSP/Source/FastMathFunctions/arm_atan2_f32.c ****     }
 300              		.loc 1 61 16 is_stmt 0 view .LVU99
 301 010e 66EEA77A 		vmul.f32	s15, s13, s15
 302              	.LVL28:
  61:control-base/typec-board-base/Drivers/CMSIS/DSP/Source/FastMathFunctions/arm_atan2_f32.c ****     }
 303              		.loc 1 61 59 view .LVU100
 304 0112 C3F10901 		rsb	r1, r3, #9
  61:control-base/typec-board-base/Drivers/CMSIS/DSP/Source/FastMathFunctions/arm_atan2_f32.c ****     }
 305              		.loc 1 61 38 view .LVU101
 306 0116 4E4A     		ldr	r2, .L84+8
 307 0118 02EB8102 		add	r2, r2, r1, lsl #2
 308 011c 92ED007A 		vldr.32	s14, [r2]
ARM GAS  /var/folders/sg/pxk9dyzj7jz_x3889hx3b3dw0000gn/T//ccblusSf.s 			page 11


  61:control-base/typec-board-base/Drivers/CMSIS/DSP/Source/FastMathFunctions/arm_atan2_f32.c ****     }
 309              		.loc 1 61 13 view .LVU102
 310 0120 77EE877A 		vadd.f32	s15, s15, s14
 311              	.LVL29:
  59:control-base/typec-board-base/Drivers/CMSIS/DSP/Source/FastMathFunctions/arm_atan2_f32.c ****     {
 312              		.loc 1 59 35 is_stmt 1 discriminator 3 view .LVU103
 313 0124 0133     		adds	r3, r3, #1
 314              	.LVL30:
  59:control-base/typec-board-base/Drivers/CMSIS/DSP/Source/FastMathFunctions/arm_atan2_f32.c ****     {
 315              		.loc 1 59 35 is_stmt 0 discriminator 3 view .LVU104
 316 0126 F0E7     		b	.L22
 317              	.LVL31:
 318              	.L80:
  59:control-base/typec-board-base/Drivers/CMSIS/DSP/Source/FastMathFunctions/arm_atan2_f32.c ****     {
 319              		.loc 1 59 35 discriminator 3 view .LVU105
 320              	.LBE39:
 321              	.LBE38:
  75:control-base/typec-board-base/Drivers/CMSIS/DSP/Source/FastMathFunctions/arm_atan2_f32.c ****       x=-x;
 322              		.loc 1 75 7 is_stmt 1 view .LVU106
  76:control-base/typec-board-base/Drivers/CMSIS/DSP/Source/FastMathFunctions/arm_atan2_f32.c ****    }
 323              		.loc 1 76 7 view .LVU107
  76:control-base/typec-board-base/Drivers/CMSIS/DSP/Source/FastMathFunctions/arm_atan2_f32.c ****    }
 324              		.loc 1 76 8 is_stmt 0 view .LVU108
 325 0128 B1EE477A 		vneg.f32	s14, s14
 326              	.LVL32:
  75:control-base/typec-board-base/Drivers/CMSIS/DSP/Source/FastMathFunctions/arm_atan2_f32.c ****       x=-x;
 327              		.loc 1 75 11 view .LVU109
 328 012c 0124     		movs	r4, #1
 329 012e E0E7     		b	.L18
 330              	.LVL33:
 331              	.L81:
 332              	.LBB41:
 333              	.LBB40:
  65:control-base/typec-board-base/Drivers/CMSIS/DSP/Source/FastMathFunctions/arm_atan2_f32.c **** }
 334              		.loc 1 65 5 is_stmt 1 view .LVU110
  65:control-base/typec-board-base/Drivers/CMSIS/DSP/Source/FastMathFunctions/arm_atan2_f32.c **** }
 335              		.loc 1 65 5 is_stmt 0 view .LVU111
 336              	.LBE40:
 337              	.LBE41:
  82:control-base/typec-board-base/Drivers/CMSIS/DSP/Source/FastMathFunctions/arm_atan2_f32.c ****    }
 338              		.loc 1 82 11 discriminator 1 view .LVU112
 339 0130 9FED487A 		vldr.32	s14, .L84+12
 340 0134 77EE677A 		vsub.f32	s15, s14, s15
 341              	.LVL34:
 342              	.L24:
  90:control-base/typec-board-base/Drivers/CMSIS/DSP/Source/FastMathFunctions/arm_atan2_f32.c ****    {
 343              		.loc 1 90 4 is_stmt 1 view .LVU113
  90:control-base/typec-board-base/Drivers/CMSIS/DSP/Source/FastMathFunctions/arm_atan2_f32.c ****    {
 344              		.loc 1 90 7 is_stmt 0 view .LVU114
 345 0138 0CB1     		cbz	r4, .L26
  92:control-base/typec-board-base/Drivers/CMSIS/DSP/Source/FastMathFunctions/arm_atan2_f32.c ****    }
 346              		.loc 1 92 6 is_stmt 1 view .LVU115
  92:control-base/typec-board-base/Drivers/CMSIS/DSP/Source/FastMathFunctions/arm_atan2_f32.c ****    }
 347              		.loc 1 92 10 is_stmt 0 view .LVU116
 348 013a F1EE677A 		vneg.f32	s15, s15
 349              	.LVL35:
 350              	.L26:
ARM GAS  /var/folders/sg/pxk9dyzj7jz_x3889hx3b3dw0000gn/T//ccblusSf.s 			page 12


  95:control-base/typec-board-base/Drivers/CMSIS/DSP/Source/FastMathFunctions/arm_atan2_f32.c **** }
 351              		.loc 1 95 4 is_stmt 1 view .LVU117
  95:control-base/typec-board-base/Drivers/CMSIS/DSP/Source/FastMathFunctions/arm_atan2_f32.c **** }
 352              		.loc 1 95 4 is_stmt 0 view .LVU118
 353              	.LBE37:
 354              	.LBE36:
 143:control-base/typec-board-base/Drivers/CMSIS/DSP/Source/FastMathFunctions/arm_atan2_f32.c ****         }
 355              		.loc 1 143 38 discriminator 1 view .LVU119
 356 013e 9FED477A 		vldr.32	s14, .L84+20
 357 0142 77EE877A 		vadd.f32	s15, s15, s14
 143:control-base/typec-board-base/Drivers/CMSIS/DSP/Source/FastMathFunctions/arm_atan2_f32.c ****         }
 358              		.loc 1 143 19 discriminator 1 view .LVU120
 359 0146 C0ED007A 		vstr.32	s15, [r0]
 360              	.L27:
 160:control-base/typec-board-base/Drivers/CMSIS/DSP/Source/FastMathFunctions/arm_atan2_f32.c ****     }
 361              		.loc 1 160 9 is_stmt 1 view .LVU121
 160:control-base/typec-board-base/Drivers/CMSIS/DSP/Source/FastMathFunctions/arm_atan2_f32.c ****     }
 362              		.loc 1 160 15 is_stmt 0 view .LVU122
 363 014a 0020     		movs	r0, #0
 364              	.LVL36:
 160:control-base/typec-board-base/Drivers/CMSIS/DSP/Source/FastMathFunctions/arm_atan2_f32.c ****     }
 365              		.loc 1 160 15 view .LVU123
 366 014c AAE7     		b	.L13
 367              	.LVL37:
 368              	.L25:
 369              	.LBB47:
 370              	.LBB46:
 371              	.LBB42:
 372              	.LBB43:
  61:control-base/typec-board-base/Drivers/CMSIS/DSP/Source/FastMathFunctions/arm_atan2_f32.c ****     }
 373              		.loc 1 61 9 is_stmt 1 view .LVU124
  61:control-base/typec-board-base/Drivers/CMSIS/DSP/Source/FastMathFunctions/arm_atan2_f32.c ****     }
 374              		.loc 1 61 16 is_stmt 0 view .LVU125
 375 014e 67EE277A 		vmul.f32	s15, s14, s15
 376              	.LVL38:
  61:control-base/typec-board-base/Drivers/CMSIS/DSP/Source/FastMathFunctions/arm_atan2_f32.c ****     }
 377              		.loc 1 61 59 view .LVU126
 378 0152 C3F10901 		rsb	r1, r3, #9
  61:control-base/typec-board-base/Drivers/CMSIS/DSP/Source/FastMathFunctions/arm_atan2_f32.c ****     }
 379              		.loc 1 61 38 view .LVU127
 380 0156 3E4A     		ldr	r2, .L84+8
 381 0158 02EB8102 		add	r2, r2, r1, lsl #2
 382 015c D2ED006A 		vldr.32	s13, [r2]
  61:control-base/typec-board-base/Drivers/CMSIS/DSP/Source/FastMathFunctions/arm_atan2_f32.c ****     }
 383              		.loc 1 61 13 view .LVU128
 384 0160 77EEA67A 		vadd.f32	s15, s15, s13
 385              	.LVL39:
  59:control-base/typec-board-base/Drivers/CMSIS/DSP/Source/FastMathFunctions/arm_atan2_f32.c ****     {
 386              		.loc 1 59 35 is_stmt 1 discriminator 3 view .LVU129
 387 0164 0133     		adds	r3, r3, #1
 388              	.LVL40:
 389              	.L20:
  59:control-base/typec-board-base/Drivers/CMSIS/DSP/Source/FastMathFunctions/arm_atan2_f32.c ****     {
 390              		.loc 1 59 14 discriminator 1 view .LVU130
 391 0166 092B     		cmp	r3, #9
 392 0168 F1DD     		ble	.L25
  65:control-base/typec-board-base/Drivers/CMSIS/DSP/Source/FastMathFunctions/arm_atan2_f32.c **** }
ARM GAS  /var/folders/sg/pxk9dyzj7jz_x3889hx3b3dw0000gn/T//ccblusSf.s 			page 13


 393              		.loc 1 65 5 view .LVU131
 394              	.LVL41:
  65:control-base/typec-board-base/Drivers/CMSIS/DSP/Source/FastMathFunctions/arm_atan2_f32.c **** }
 395              		.loc 1 65 5 is_stmt 0 view .LVU132
 396              	.LBE43:
 397              	.LBE42:
  86:control-base/typec-board-base/Drivers/CMSIS/DSP/Source/FastMathFunctions/arm_atan2_f32.c ****    }
 398              		.loc 1 86 10 discriminator 1 view .LVU133
 399 016a 9FED3B7A 		vldr.32	s14, .L84+16
 400              	.LVL42:
  86:control-base/typec-board-base/Drivers/CMSIS/DSP/Source/FastMathFunctions/arm_atan2_f32.c ****    }
 401              		.loc 1 86 10 discriminator 1 view .LVU134
 402 016e 77EE877A 		vadd.f32	s15, s15, s14
 403 0172 E1E7     		b	.L24
 404              	.LVL43:
 405              	.L69:
 406              	.LBB45:
 407              	.LBB44:
  59:control-base/typec-board-base/Drivers/CMSIS/DSP/Source/FastMathFunctions/arm_atan2_f32.c ****     {
 408              		.loc 1 59 10 view .LVU135
 409 0174 0123     		movs	r3, #1
  57:control-base/typec-board-base/Drivers/CMSIS/DSP/Source/FastMathFunctions/arm_atan2_f32.c ****     int i=1;
 410              		.loc 1 57 15 view .LVU136
 411 0176 DFED357A 		vldr.32	s15, .L84+4
 412 017a F4E7     		b	.L20
 413              	.LVL44:
 414              	.L67:
  57:control-base/typec-board-base/Drivers/CMSIS/DSP/Source/FastMathFunctions/arm_atan2_f32.c ****     int i=1;
 415              		.loc 1 57 15 view .LVU137
 416              	.LBE44:
 417              	.LBE45:
 418              	.LBE46:
 419              	.LBE47:
 145:control-base/typec-board-base/Drivers/CMSIS/DSP/Source/FastMathFunctions/arm_atan2_f32.c ****         {
 420              		.loc 1 145 14 is_stmt 1 view .LVU138
 145:control-base/typec-board-base/Drivers/CMSIS/DSP/Source/FastMathFunctions/arm_atan2_f32.c ****         {
 421              		.loc 1 145 17 is_stmt 0 view .LVU139
 422 017c B5EEC00A 		vcmpe.f32	s0, #0
 423 0180 F1EE10FA 		vmrs	APSR_nzcv, FPSCR
 424 0184 06D4     		bmi	.L82
 151:control-base/typec-board-base/Drivers/CMSIS/DSP/Source/FastMathFunctions/arm_atan2_f32.c ****             {
 425              		.loc 1 151 13 is_stmt 1 view .LVU140
 151:control-base/typec-board-base/Drivers/CMSIS/DSP/Source/FastMathFunctions/arm_atan2_f32.c ****             {
 426              		.loc 1 151 17 is_stmt 0 view .LVU141
 427 0186 10EE103A 		vmov	r3, s0	@ int
 151:control-base/typec-board-base/Drivers/CMSIS/DSP/Source/FastMathFunctions/arm_atan2_f32.c ****             {
 428              		.loc 1 151 16 discriminator 1 view .LVU142
 429 018a 002B     		cmp	r3, #0
 430 018c 4EDA     		bge	.L39
 153:control-base/typec-board-base/Drivers/CMSIS/DSP/Source/FastMathFunctions/arm_atan2_f32.c ****             }
 431              		.loc 1 153 16 is_stmt 1 view .LVU143
 153:control-base/typec-board-base/Drivers/CMSIS/DSP/Source/FastMathFunctions/arm_atan2_f32.c ****             }
 432              		.loc 1 153 23 is_stmt 0 view .LVU144
 433 018e 344B     		ldr	r3, .L84+24
 434 0190 0360     		str	r3, [r0]	@ float
 435 0192 DAE7     		b	.L27
 436              	.L82:
ARM GAS  /var/folders/sg/pxk9dyzj7jz_x3889hx3b3dw0000gn/T//ccblusSf.s 			page 14


 147:control-base/typec-board-base/Drivers/CMSIS/DSP/Source/FastMathFunctions/arm_atan2_f32.c ****         }
 437              		.loc 1 147 12 is_stmt 1 view .LVU145
 147:control-base/typec-board-base/Drivers/CMSIS/DSP/Source/FastMathFunctions/arm_atan2_f32.c ****         }
 438              		.loc 1 147 20 is_stmt 0 view .LVU146
 439 0194 80EE207A 		vdiv.f32	s14, s0, s1
 440              	.LVL45:
 441              	.LBB48:
 442              	.LBI48:
  68:control-base/typec-board-base/Drivers/CMSIS/DSP/Source/FastMathFunctions/arm_atan2_f32.c **** {
 443              		.loc 1 68 32 is_stmt 1 view .LVU147
 444              	.LBB49:
  70:control-base/typec-board-base/Drivers/CMSIS/DSP/Source/FastMathFunctions/arm_atan2_f32.c ****    float32_t res=0.0f;
 445              		.loc 1 70 4 view .LVU148
  71:control-base/typec-board-base/Drivers/CMSIS/DSP/Source/FastMathFunctions/arm_atan2_f32.c **** 
 446              		.loc 1 71 4 view .LVU149
  73:control-base/typec-board-base/Drivers/CMSIS/DSP/Source/FastMathFunctions/arm_atan2_f32.c ****    {
 447              		.loc 1 73 4 view .LVU150
  73:control-base/typec-board-base/Drivers/CMSIS/DSP/Source/FastMathFunctions/arm_atan2_f32.c ****    {
 448              		.loc 1 73 7 is_stmt 0 view .LVU151
 449 0198 B5EEC07A 		vcmpe.f32	s14, #0
 450 019c F1EE10FA 		vmrs	APSR_nzcv, FPSCR
 451 01a0 0DD4     		bmi	.L83
  70:control-base/typec-board-base/Drivers/CMSIS/DSP/Source/FastMathFunctions/arm_atan2_f32.c ****    float32_t res=0.0f;
 452              		.loc 1 70 8 view .LVU152
 453 01a2 0024     		movs	r4, #0
 454              	.LVL46:
 455              	.L30:
  79:control-base/typec-board-base/Drivers/CMSIS/DSP/Source/FastMathFunctions/arm_atan2_f32.c ****    {
 456              		.loc 1 79 4 is_stmt 1 view .LVU153
  79:control-base/typec-board-base/Drivers/CMSIS/DSP/Source/FastMathFunctions/arm_atan2_f32.c ****    {
 457              		.loc 1 79 7 is_stmt 0 view .LVU154
 458 01a4 F7EE007A 		vmov.f32	s15, #1.0e+0
 459 01a8 B4EEE77A 		vcmpe.f32	s14, s15
 460 01ac F1EE10FA 		vmrs	APSR_nzcv, FPSCR
 461 01b0 38DD     		ble	.L72
  81:control-base/typec-board-base/Drivers/CMSIS/DSP/Source/FastMathFunctions/arm_atan2_f32.c ****       res = PIHALFF32 - arm_atan_limited_f32(x);
 462              		.loc 1 81 7 is_stmt 1 view .LVU155
  81:control-base/typec-board-base/Drivers/CMSIS/DSP/Source/FastMathFunctions/arm_atan2_f32.c ****       res = PIHALFF32 - arm_atan_limited_f32(x);
 463              		.loc 1 81 9 is_stmt 0 view .LVU156
 464 01b2 C7EE876A 		vdiv.f32	s13, s15, s14
 465              	.LVL47:
  82:control-base/typec-board-base/Drivers/CMSIS/DSP/Source/FastMathFunctions/arm_atan2_f32.c ****    }
 466              		.loc 1 82 7 is_stmt 1 view .LVU157
 467              	.LBB50:
 468              	.LBI50:
  55:control-base/typec-board-base/Drivers/CMSIS/DSP/Source/FastMathFunctions/arm_atan2_f32.c **** {
 469              		.loc 1 55 32 view .LVU158
 470              	.LBB51:
  57:control-base/typec-board-base/Drivers/CMSIS/DSP/Source/FastMathFunctions/arm_atan2_f32.c ****     int i=1;
 471              		.loc 1 57 5 view .LVU159
  58:control-base/typec-board-base/Drivers/CMSIS/DSP/Source/FastMathFunctions/arm_atan2_f32.c ****     for(i=1;i<ATAN2_NB_COEFS_F32;i++)
 472              		.loc 1 58 5 view .LVU160
  59:control-base/typec-board-base/Drivers/CMSIS/DSP/Source/FastMathFunctions/arm_atan2_f32.c ****     {
 473              		.loc 1 59 5 view .LVU161
  59:control-base/typec-board-base/Drivers/CMSIS/DSP/Source/FastMathFunctions/arm_atan2_f32.c ****     {
 474              		.loc 1 59 10 is_stmt 0 view .LVU162
 475 01b6 0123     		movs	r3, #1
ARM GAS  /var/folders/sg/pxk9dyzj7jz_x3889hx3b3dw0000gn/T//ccblusSf.s 			page 15


  57:control-base/typec-board-base/Drivers/CMSIS/DSP/Source/FastMathFunctions/arm_atan2_f32.c ****     int i=1;
 476              		.loc 1 57 15 view .LVU163
 477 01b8 DFED247A 		vldr.32	s15, .L84+4
  59:control-base/typec-board-base/Drivers/CMSIS/DSP/Source/FastMathFunctions/arm_atan2_f32.c ****     {
 478              		.loc 1 59 5 view .LVU164
 479 01bc 0FE0     		b	.L34
 480              	.LVL48:
 481              	.L83:
  59:control-base/typec-board-base/Drivers/CMSIS/DSP/Source/FastMathFunctions/arm_atan2_f32.c ****     {
 482              		.loc 1 59 5 view .LVU165
 483              	.LBE51:
 484              	.LBE50:
  75:control-base/typec-board-base/Drivers/CMSIS/DSP/Source/FastMathFunctions/arm_atan2_f32.c ****       x=-x;
 485              		.loc 1 75 7 is_stmt 1 view .LVU166
  76:control-base/typec-board-base/Drivers/CMSIS/DSP/Source/FastMathFunctions/arm_atan2_f32.c ****    }
 486              		.loc 1 76 7 view .LVU167
  76:control-base/typec-board-base/Drivers/CMSIS/DSP/Source/FastMathFunctions/arm_atan2_f32.c ****    }
 487              		.loc 1 76 8 is_stmt 0 view .LVU168
 488 01be B1EE477A 		vneg.f32	s14, s14
 489              	.LVL49:
  75:control-base/typec-board-base/Drivers/CMSIS/DSP/Source/FastMathFunctions/arm_atan2_f32.c ****       x=-x;
 490              		.loc 1 75 11 view .LVU169
 491 01c2 0124     		movs	r4, #1
 492 01c4 EEE7     		b	.L30
 493              	.LVL50:
 494              	.L35:
 495              	.LBB53:
 496              	.LBB52:
  61:control-base/typec-board-base/Drivers/CMSIS/DSP/Source/FastMathFunctions/arm_atan2_f32.c ****     }
 497              		.loc 1 61 9 is_stmt 1 view .LVU170
  61:control-base/typec-board-base/Drivers/CMSIS/DSP/Source/FastMathFunctions/arm_atan2_f32.c ****     }
 498              		.loc 1 61 16 is_stmt 0 view .LVU171
 499 01c6 66EEA77A 		vmul.f32	s15, s13, s15
 500              	.LVL51:
  61:control-base/typec-board-base/Drivers/CMSIS/DSP/Source/FastMathFunctions/arm_atan2_f32.c ****     }
 501              		.loc 1 61 59 view .LVU172
 502 01ca C3F10901 		rsb	r1, r3, #9
  61:control-base/typec-board-base/Drivers/CMSIS/DSP/Source/FastMathFunctions/arm_atan2_f32.c ****     }
 503              		.loc 1 61 38 view .LVU173
 504 01ce 204A     		ldr	r2, .L84+8
 505 01d0 02EB8102 		add	r2, r2, r1, lsl #2
 506 01d4 92ED007A 		vldr.32	s14, [r2]
  61:control-base/typec-board-base/Drivers/CMSIS/DSP/Source/FastMathFunctions/arm_atan2_f32.c ****     }
 507              		.loc 1 61 13 view .LVU174
 508 01d8 77EE877A 		vadd.f32	s15, s15, s14
 509              	.LVL52:
  59:control-base/typec-board-base/Drivers/CMSIS/DSP/Source/FastMathFunctions/arm_atan2_f32.c ****     {
 510              		.loc 1 59 35 is_stmt 1 discriminator 3 view .LVU175
 511 01dc 0133     		adds	r3, r3, #1
 512              	.LVL53:
 513              	.L34:
  59:control-base/typec-board-base/Drivers/CMSIS/DSP/Source/FastMathFunctions/arm_atan2_f32.c ****     {
 514              		.loc 1 59 14 discriminator 1 view .LVU176
 515 01de 092B     		cmp	r3, #9
 516 01e0 F1DD     		ble	.L35
  65:control-base/typec-board-base/Drivers/CMSIS/DSP/Source/FastMathFunctions/arm_atan2_f32.c **** }
 517              		.loc 1 65 5 view .LVU177
ARM GAS  /var/folders/sg/pxk9dyzj7jz_x3889hx3b3dw0000gn/T//ccblusSf.s 			page 16


 518              	.LVL54:
  65:control-base/typec-board-base/Drivers/CMSIS/DSP/Source/FastMathFunctions/arm_atan2_f32.c **** }
 519              		.loc 1 65 5 is_stmt 0 view .LVU178
 520              	.LBE52:
 521              	.LBE53:
  82:control-base/typec-board-base/Drivers/CMSIS/DSP/Source/FastMathFunctions/arm_atan2_f32.c ****    }
 522              		.loc 1 82 11 discriminator 1 view .LVU179
 523 01e2 9FED1C7A 		vldr.32	s14, .L84+12
 524 01e6 77EE677A 		vsub.f32	s15, s14, s15
 525              	.LVL55:
 526              	.L36:
  90:control-base/typec-board-base/Drivers/CMSIS/DSP/Source/FastMathFunctions/arm_atan2_f32.c ****    {
 527              		.loc 1 90 4 is_stmt 1 view .LVU180
  90:control-base/typec-board-base/Drivers/CMSIS/DSP/Source/FastMathFunctions/arm_atan2_f32.c ****    {
 528              		.loc 1 90 7 is_stmt 0 view .LVU181
 529 01ea 0CB1     		cbz	r4, .L38
  92:control-base/typec-board-base/Drivers/CMSIS/DSP/Source/FastMathFunctions/arm_atan2_f32.c ****    }
 530              		.loc 1 92 6 is_stmt 1 view .LVU182
  92:control-base/typec-board-base/Drivers/CMSIS/DSP/Source/FastMathFunctions/arm_atan2_f32.c ****    }
 531              		.loc 1 92 10 is_stmt 0 view .LVU183
 532 01ec F1EE677A 		vneg.f32	s15, s15
 533              	.LVL56:
 534              	.L38:
  95:control-base/typec-board-base/Drivers/CMSIS/DSP/Source/FastMathFunctions/arm_atan2_f32.c **** }
 535              		.loc 1 95 4 is_stmt 1 view .LVU184
  95:control-base/typec-board-base/Drivers/CMSIS/DSP/Source/FastMathFunctions/arm_atan2_f32.c **** }
 536              		.loc 1 95 4 is_stmt 0 view .LVU185
 537              	.LBE49:
 538              	.LBE48:
 147:control-base/typec-board-base/Drivers/CMSIS/DSP/Source/FastMathFunctions/arm_atan2_f32.c ****         }
 539              		.loc 1 147 38 discriminator 1 view .LVU186
 540 01f0 9FED1A7A 		vldr.32	s14, .L84+20
 541 01f4 77EEC77A 		vsub.f32	s15, s15, s14
 147:control-base/typec-board-base/Drivers/CMSIS/DSP/Source/FastMathFunctions/arm_atan2_f32.c ****         }
 542              		.loc 1 147 19 discriminator 1 view .LVU187
 543 01f8 C0ED007A 		vstr.32	s15, [r0]
 544 01fc A5E7     		b	.L27
 545              	.LVL57:
 546              	.L37:
 547              	.LBB59:
 548              	.LBB58:
 549              	.LBB54:
 550              	.LBB55:
  61:control-base/typec-board-base/Drivers/CMSIS/DSP/Source/FastMathFunctions/arm_atan2_f32.c ****     }
 551              		.loc 1 61 9 is_stmt 1 view .LVU188
  61:control-base/typec-board-base/Drivers/CMSIS/DSP/Source/FastMathFunctions/arm_atan2_f32.c ****     }
 552              		.loc 1 61 16 is_stmt 0 view .LVU189
 553 01fe 67EE277A 		vmul.f32	s15, s14, s15
 554              	.LVL58:
  61:control-base/typec-board-base/Drivers/CMSIS/DSP/Source/FastMathFunctions/arm_atan2_f32.c ****     }
 555              		.loc 1 61 59 view .LVU190
 556 0202 C3F10901 		rsb	r1, r3, #9
  61:control-base/typec-board-base/Drivers/CMSIS/DSP/Source/FastMathFunctions/arm_atan2_f32.c ****     }
 557              		.loc 1 61 38 view .LVU191
 558 0206 124A     		ldr	r2, .L84+8
 559 0208 02EB8102 		add	r2, r2, r1, lsl #2
 560 020c D2ED006A 		vldr.32	s13, [r2]
ARM GAS  /var/folders/sg/pxk9dyzj7jz_x3889hx3b3dw0000gn/T//ccblusSf.s 			page 17


  61:control-base/typec-board-base/Drivers/CMSIS/DSP/Source/FastMathFunctions/arm_atan2_f32.c ****     }
 561              		.loc 1 61 13 view .LVU192
 562 0210 77EEA67A 		vadd.f32	s15, s15, s13
 563              	.LVL59:
  59:control-base/typec-board-base/Drivers/CMSIS/DSP/Source/FastMathFunctions/arm_atan2_f32.c ****     {
 564              		.loc 1 59 35 is_stmt 1 discriminator 3 view .LVU193
 565 0214 0133     		adds	r3, r3, #1
 566              	.LVL60:
 567              	.L32:
  59:control-base/typec-board-base/Drivers/CMSIS/DSP/Source/FastMathFunctions/arm_atan2_f32.c ****     {
 568              		.loc 1 59 14 discriminator 1 view .LVU194
 569 0216 092B     		cmp	r3, #9
 570 0218 F1DD     		ble	.L37
  65:control-base/typec-board-base/Drivers/CMSIS/DSP/Source/FastMathFunctions/arm_atan2_f32.c **** }
 571              		.loc 1 65 5 view .LVU195
 572              	.LVL61:
  65:control-base/typec-board-base/Drivers/CMSIS/DSP/Source/FastMathFunctions/arm_atan2_f32.c **** }
 573              		.loc 1 65 5 is_stmt 0 view .LVU196
 574              	.LBE55:
 575              	.LBE54:
  86:control-base/typec-board-base/Drivers/CMSIS/DSP/Source/FastMathFunctions/arm_atan2_f32.c ****    }
 576              		.loc 1 86 10 discriminator 1 view .LVU197
 577 021a 9FED0F7A 		vldr.32	s14, .L84+16
 578              	.LVL62:
  86:control-base/typec-board-base/Drivers/CMSIS/DSP/Source/FastMathFunctions/arm_atan2_f32.c ****    }
 579              		.loc 1 86 10 discriminator 1 view .LVU198
 580 021e 77EE877A 		vadd.f32	s15, s15, s14
 581 0222 E2E7     		b	.L36
 582              	.LVL63:
 583              	.L72:
 584              	.LBB57:
 585              	.LBB56:
  59:control-base/typec-board-base/Drivers/CMSIS/DSP/Source/FastMathFunctions/arm_atan2_f32.c ****     {
 586              		.loc 1 59 10 view .LVU199
 587 0224 0123     		movs	r3, #1
  57:control-base/typec-board-base/Drivers/CMSIS/DSP/Source/FastMathFunctions/arm_atan2_f32.c ****     int i=1;
 588              		.loc 1 57 15 view .LVU200
 589 0226 DFED097A 		vldr.32	s15, .L84+4
 590 022a F4E7     		b	.L32
 591              	.LVL64:
 592              	.L39:
  57:control-base/typec-board-base/Drivers/CMSIS/DSP/Source/FastMathFunctions/arm_atan2_f32.c ****     int i=1;
 593              		.loc 1 57 15 view .LVU201
 594              	.LBE56:
 595              	.LBE57:
 596              	.LBE58:
 597              	.LBE59:
 157:control-base/typec-board-base/Drivers/CMSIS/DSP/Source/FastMathFunctions/arm_atan2_f32.c ****             }
 598              		.loc 1 157 16 is_stmt 1 view .LVU202
 157:control-base/typec-board-base/Drivers/CMSIS/DSP/Source/FastMathFunctions/arm_atan2_f32.c ****             }
 599              		.loc 1 157 23 is_stmt 0 view .LVU203
 600 022c 0D4B     		ldr	r3, .L84+28
 601 022e 0360     		str	r3, [r0]	@ float
 602 0230 8BE7     		b	.L27
 603              	.L78:
 166:control-base/typec-board-base/Drivers/CMSIS/DSP/Source/FastMathFunctions/arm_atan2_f32.c ****             return(ARM_MATH_SUCCESS);
 604              		.loc 1 166 13 is_stmt 1 view .LVU204
ARM GAS  /var/folders/sg/pxk9dyzj7jz_x3889hx3b3dw0000gn/T//ccblusSf.s 			page 18


 166:control-base/typec-board-base/Drivers/CMSIS/DSP/Source/FastMathFunctions/arm_atan2_f32.c ****             return(ARM_MATH_SUCCESS);
 605              		.loc 1 166 20 is_stmt 0 view .LVU205
 606 0232 0D4B     		ldr	r3, .L84+32
 607 0234 0360     		str	r3, [r0]	@ float
 167:control-base/typec-board-base/Drivers/CMSIS/DSP/Source/FastMathFunctions/arm_atan2_f32.c ****         }
 608              		.loc 1 167 13 is_stmt 1 view .LVU206
 167:control-base/typec-board-base/Drivers/CMSIS/DSP/Source/FastMathFunctions/arm_atan2_f32.c ****         }
 609              		.loc 1 167 19 is_stmt 0 view .LVU207
 610 0236 0020     		movs	r0, #0
 611              	.LVL65:
 167:control-base/typec-board-base/Drivers/CMSIS/DSP/Source/FastMathFunctions/arm_atan2_f32.c ****         }
 612              		.loc 1 167 19 view .LVU208
 613 0238 34E7     		b	.L13
 614              	.LVL66:
 615              	.L49:
 177:control-base/typec-board-base/Drivers/CMSIS/DSP/Source/FastMathFunctions/arm_atan2_f32.c **** 
 616              		.loc 1 177 11 view .LVU209
 617 023a 6FF00300 		mvn	r0, #3
 618              	.LVL67:
 177:control-base/typec-board-base/Drivers/CMSIS/DSP/Source/FastMathFunctions/arm_atan2_f32.c **** 
 619              		.loc 1 177 11 view .LVU210
 620 023e 31E7     		b	.L13
 621              	.LVL68:
 622              	.L74:
 177:control-base/typec-board-base/Drivers/CMSIS/DSP/Source/FastMathFunctions/arm_atan2_f32.c **** 
 623              		.loc 1 177 11 view .LVU211
 624 0240 6FF00300 		mvn	r0, #3
 625              	.LVL69:
 177:control-base/typec-board-base/Drivers/CMSIS/DSP/Source/FastMathFunctions/arm_atan2_f32.c **** 
 626              		.loc 1 177 11 view .LVU212
 627 0244 2EE7     		b	.L13
 628              	.L85:
 629 0246 00BF     		.align	2
 630              	.L84:
 631 0248 DB0FC9BF 		.word	-1077342245
 632 024c A59204BD 		.word	-1123773787
 633 0250 00000000 		.word	atan2_coefs_f32
 634 0254 DB0FC93F 		.word	1070141403
 635 0258 00000000 		.word	0
 636 025c DB0F4940 		.word	1078530011
 637 0260 DB0F49C0 		.word	-1068953637
 638 0264 DB0F4940 		.word	1078530011
 639 0268 DB0FC93F 		.word	1070141403
 640              		.cfi_endproc
 641              	.LFE123:
 643              		.section	.rodata.atan2_coefs_f32,"a"
 644              		.align	2
 647              	atan2_coefs_f32:
 648 0000 00000000 		.word	0
 649 0004 0100803F 		.word	1065353217
 650 0008 C90CC0B7 		.word	-1212150583
 651 000c E565AABE 		.word	-1096129051
 652 0010 435690BB 		.word	-1148168637
 653 0014 3C695D3E 		.word	1046309180
 654 0018 EBFCA9BC 		.word	-1129710357
 655 001c 08B732BE 		.word	-1103972600
 656 0020 E745093E 		.word	1040795111
ARM GAS  /var/folders/sg/pxk9dyzj7jz_x3889hx3b3dw0000gn/T//ccblusSf.s 			page 19


 657 0024 A59204BD 		.word	-1123773787
 658              		.text
 659              	.Letext0:
 660              		.file 2 "control-base/typec-board-base/Drivers/CMSIS/DSP/Include/arm_math_types.h"
ARM GAS  /var/folders/sg/pxk9dyzj7jz_x3889hx3b3dw0000gn/T//ccblusSf.s 			page 20


DEFINED SYMBOLS
                            *ABS*:00000000 arm_atan2_f32.c
/var/folders/sg/pxk9dyzj7jz_x3889hx3b3dw0000gn/T//ccblusSf.s:21     .text.arm_atan2_f32:00000000 $t
/var/folders/sg/pxk9dyzj7jz_x3889hx3b3dw0000gn/T//ccblusSf.s:27     .text.arm_atan2_f32:00000000 arm_atan2_f32
/var/folders/sg/pxk9dyzj7jz_x3889hx3b3dw0000gn/T//ccblusSf.s:631    .text.arm_atan2_f32:00000248 $d
/var/folders/sg/pxk9dyzj7jz_x3889hx3b3dw0000gn/T//ccblusSf.s:647    .rodata.atan2_coefs_f32:00000000 atan2_coefs_f32
/var/folders/sg/pxk9dyzj7jz_x3889hx3b3dw0000gn/T//ccblusSf.s:644    .rodata.atan2_coefs_f32:00000000 $d

NO UNDEFINED SYMBOLS
