ARM GAS  /var/folders/sg/pxk9dyzj7jz_x3889hx3b3dw0000gn/T//ccQMCMQ7.s 			page 1


   1              		.cpu cortex-m4
   2              		.arch armv7e-m
   3              		.fpu fpv4-sp-d16
   4              		.eabi_attribute 27, 1
   5              		.eabi_attribute 28, 1
   6              		.eabi_attribute 20, 1
   7              		.eabi_attribute 21, 1
   8              		.eabi_attribute 23, 3
   9              		.eabi_attribute 24, 1
  10              		.eabi_attribute 25, 1
  11              		.eabi_attribute 26, 1
  12              		.eabi_attribute 30, 1
  13              		.eabi_attribute 34, 1
  14              		.eabi_attribute 18, 4
  15              		.file	"arm_sin_f32.c"
  16              		.text
  17              	.Ltext0:
  18              		.cfi_sections	.debug_frame
  19              		.file 1 "control-base/typec-board-base/Drivers/CMSIS/DSP/Source/FastMathFunctions/arm_sin_f32.c"
  20              		.section	.text.arm_sin_f32,"ax",%progbits
  21              		.align	1
  22              		.global	arm_sin_f32
  23              		.syntax unified
  24              		.thumb
  25              		.thumb_func
  27              	arm_sin_f32:
  28              	.LVL0:
  29              	.LFB121:
   1:control-base/typec-board-base/Drivers/CMSIS/DSP/Source/FastMathFunctions/arm_sin_f32.c **** /* ----------------------------------------------------------------------
   2:control-base/typec-board-base/Drivers/CMSIS/DSP/Source/FastMathFunctions/arm_sin_f32.c ****  * Project:      CMSIS DSP Library
   3:control-base/typec-board-base/Drivers/CMSIS/DSP/Source/FastMathFunctions/arm_sin_f32.c ****  * Title:        arm_sin_f32.c
   4:control-base/typec-board-base/Drivers/CMSIS/DSP/Source/FastMathFunctions/arm_sin_f32.c ****  * Description:  Fast sine calculation for floating-point values
   5:control-base/typec-board-base/Drivers/CMSIS/DSP/Source/FastMathFunctions/arm_sin_f32.c ****  *
   6:control-base/typec-board-base/Drivers/CMSIS/DSP/Source/FastMathFunctions/arm_sin_f32.c ****  * $Date:        23 April 2021
   7:control-base/typec-board-base/Drivers/CMSIS/DSP/Source/FastMathFunctions/arm_sin_f32.c ****  * $Revision:    V1.9.0
   8:control-base/typec-board-base/Drivers/CMSIS/DSP/Source/FastMathFunctions/arm_sin_f32.c ****  *
   9:control-base/typec-board-base/Drivers/CMSIS/DSP/Source/FastMathFunctions/arm_sin_f32.c ****  * Target Processor: Cortex-M and Cortex-A cores
  10:control-base/typec-board-base/Drivers/CMSIS/DSP/Source/FastMathFunctions/arm_sin_f32.c ****  * -------------------------------------------------------------------- */
  11:control-base/typec-board-base/Drivers/CMSIS/DSP/Source/FastMathFunctions/arm_sin_f32.c **** /*
  12:control-base/typec-board-base/Drivers/CMSIS/DSP/Source/FastMathFunctions/arm_sin_f32.c ****  * Copyright (C) 2010-2021 ARM Limited or its affiliates. All rights reserved.
  13:control-base/typec-board-base/Drivers/CMSIS/DSP/Source/FastMathFunctions/arm_sin_f32.c ****  *
  14:control-base/typec-board-base/Drivers/CMSIS/DSP/Source/FastMathFunctions/arm_sin_f32.c ****  * SPDX-License-Identifier: Apache-2.0
  15:control-base/typec-board-base/Drivers/CMSIS/DSP/Source/FastMathFunctions/arm_sin_f32.c ****  *
  16:control-base/typec-board-base/Drivers/CMSIS/DSP/Source/FastMathFunctions/arm_sin_f32.c ****  * Licensed under the Apache License, Version 2.0 (the License); you may
  17:control-base/typec-board-base/Drivers/CMSIS/DSP/Source/FastMathFunctions/arm_sin_f32.c ****  * not use this file except in compliance with the License.
  18:control-base/typec-board-base/Drivers/CMSIS/DSP/Source/FastMathFunctions/arm_sin_f32.c ****  * You may obtain a copy of the License at
  19:control-base/typec-board-base/Drivers/CMSIS/DSP/Source/FastMathFunctions/arm_sin_f32.c ****  *
  20:control-base/typec-board-base/Drivers/CMSIS/DSP/Source/FastMathFunctions/arm_sin_f32.c ****  * www.apache.org/licenses/LICENSE-2.0
  21:control-base/typec-board-base/Drivers/CMSIS/DSP/Source/FastMathFunctions/arm_sin_f32.c ****  *
  22:control-base/typec-board-base/Drivers/CMSIS/DSP/Source/FastMathFunctions/arm_sin_f32.c ****  * Unless required by applicable law or agreed to in writing, software
  23:control-base/typec-board-base/Drivers/CMSIS/DSP/Source/FastMathFunctions/arm_sin_f32.c ****  * distributed under the License is distributed on an AS IS BASIS, WITHOUT
  24:control-base/typec-board-base/Drivers/CMSIS/DSP/Source/FastMathFunctions/arm_sin_f32.c ****  * WARRANTIES OR CONDITIONS OF ANY KIND, either express or implied.
  25:control-base/typec-board-base/Drivers/CMSIS/DSP/Source/FastMathFunctions/arm_sin_f32.c ****  * See the License for the specific language governing permissions and
  26:control-base/typec-board-base/Drivers/CMSIS/DSP/Source/FastMathFunctions/arm_sin_f32.c ****  * limitations under the License.
  27:control-base/typec-board-base/Drivers/CMSIS/DSP/Source/FastMathFunctions/arm_sin_f32.c ****  */
  28:control-base/typec-board-base/Drivers/CMSIS/DSP/Source/FastMathFunctions/arm_sin_f32.c **** 
  29:control-base/typec-board-base/Drivers/CMSIS/DSP/Source/FastMathFunctions/arm_sin_f32.c **** #include "dsp/fast_math_functions.h"
ARM GAS  /var/folders/sg/pxk9dyzj7jz_x3889hx3b3dw0000gn/T//ccQMCMQ7.s 			page 2


  30:control-base/typec-board-base/Drivers/CMSIS/DSP/Source/FastMathFunctions/arm_sin_f32.c **** #include "arm_common_tables.h"
  31:control-base/typec-board-base/Drivers/CMSIS/DSP/Source/FastMathFunctions/arm_sin_f32.c **** 
  32:control-base/typec-board-base/Drivers/CMSIS/DSP/Source/FastMathFunctions/arm_sin_f32.c **** /**
  33:control-base/typec-board-base/Drivers/CMSIS/DSP/Source/FastMathFunctions/arm_sin_f32.c ****   @ingroup groupFastMath
  34:control-base/typec-board-base/Drivers/CMSIS/DSP/Source/FastMathFunctions/arm_sin_f32.c ****  */
  35:control-base/typec-board-base/Drivers/CMSIS/DSP/Source/FastMathFunctions/arm_sin_f32.c **** 
  36:control-base/typec-board-base/Drivers/CMSIS/DSP/Source/FastMathFunctions/arm_sin_f32.c **** /**
  37:control-base/typec-board-base/Drivers/CMSIS/DSP/Source/FastMathFunctions/arm_sin_f32.c ****   @defgroup sin Sine
  38:control-base/typec-board-base/Drivers/CMSIS/DSP/Source/FastMathFunctions/arm_sin_f32.c **** 
  39:control-base/typec-board-base/Drivers/CMSIS/DSP/Source/FastMathFunctions/arm_sin_f32.c ****   Computes the trigonometric sine function using a combination of table lookup
  40:control-base/typec-board-base/Drivers/CMSIS/DSP/Source/FastMathFunctions/arm_sin_f32.c ****   and linear interpolation.  There are separate functions for
  41:control-base/typec-board-base/Drivers/CMSIS/DSP/Source/FastMathFunctions/arm_sin_f32.c ****   Q15, Q31, and floating-point data types.
  42:control-base/typec-board-base/Drivers/CMSIS/DSP/Source/FastMathFunctions/arm_sin_f32.c ****   The input to the floating-point version is in radians while the
  43:control-base/typec-board-base/Drivers/CMSIS/DSP/Source/FastMathFunctions/arm_sin_f32.c ****   fixed-point Q15 and Q31 have a scaled input with the range
  44:control-base/typec-board-base/Drivers/CMSIS/DSP/Source/FastMathFunctions/arm_sin_f32.c ****   [0 +0.9999] mapping to [0 2*pi).  The fixed-point range is chosen so that a
  45:control-base/typec-board-base/Drivers/CMSIS/DSP/Source/FastMathFunctions/arm_sin_f32.c ****   value of 2*pi wraps around to 0.
  46:control-base/typec-board-base/Drivers/CMSIS/DSP/Source/FastMathFunctions/arm_sin_f32.c **** 
  47:control-base/typec-board-base/Drivers/CMSIS/DSP/Source/FastMathFunctions/arm_sin_f32.c ****   The implementation is based on table lookup using 512 values together with linear interpolation.
  48:control-base/typec-board-base/Drivers/CMSIS/DSP/Source/FastMathFunctions/arm_sin_f32.c ****   The steps used are:
  49:control-base/typec-board-base/Drivers/CMSIS/DSP/Source/FastMathFunctions/arm_sin_f32.c ****    -# Calculation of the nearest integer table index
  50:control-base/typec-board-base/Drivers/CMSIS/DSP/Source/FastMathFunctions/arm_sin_f32.c ****    -# Compute the fractional portion (fract) of the table index.
  51:control-base/typec-board-base/Drivers/CMSIS/DSP/Source/FastMathFunctions/arm_sin_f32.c ****    -# The final result equals <code>(1.0f-fract)*a + fract*b;</code>
  52:control-base/typec-board-base/Drivers/CMSIS/DSP/Source/FastMathFunctions/arm_sin_f32.c **** 
  53:control-base/typec-board-base/Drivers/CMSIS/DSP/Source/FastMathFunctions/arm_sin_f32.c ****   where
  54:control-base/typec-board-base/Drivers/CMSIS/DSP/Source/FastMathFunctions/arm_sin_f32.c ****   <pre>
  55:control-base/typec-board-base/Drivers/CMSIS/DSP/Source/FastMathFunctions/arm_sin_f32.c ****      b = Table[index];
  56:control-base/typec-board-base/Drivers/CMSIS/DSP/Source/FastMathFunctions/arm_sin_f32.c ****      c = Table[index+1];
  57:control-base/typec-board-base/Drivers/CMSIS/DSP/Source/FastMathFunctions/arm_sin_f32.c ****   </pre>
  58:control-base/typec-board-base/Drivers/CMSIS/DSP/Source/FastMathFunctions/arm_sin_f32.c ****  */
  59:control-base/typec-board-base/Drivers/CMSIS/DSP/Source/FastMathFunctions/arm_sin_f32.c **** 
  60:control-base/typec-board-base/Drivers/CMSIS/DSP/Source/FastMathFunctions/arm_sin_f32.c **** /**
  61:control-base/typec-board-base/Drivers/CMSIS/DSP/Source/FastMathFunctions/arm_sin_f32.c ****   @addtogroup sin
  62:control-base/typec-board-base/Drivers/CMSIS/DSP/Source/FastMathFunctions/arm_sin_f32.c ****   @{
  63:control-base/typec-board-base/Drivers/CMSIS/DSP/Source/FastMathFunctions/arm_sin_f32.c ****  */
  64:control-base/typec-board-base/Drivers/CMSIS/DSP/Source/FastMathFunctions/arm_sin_f32.c **** 
  65:control-base/typec-board-base/Drivers/CMSIS/DSP/Source/FastMathFunctions/arm_sin_f32.c **** /**
  66:control-base/typec-board-base/Drivers/CMSIS/DSP/Source/FastMathFunctions/arm_sin_f32.c ****   @brief         Fast approximation to the trigonometric sine function for floating-point data.
  67:control-base/typec-board-base/Drivers/CMSIS/DSP/Source/FastMathFunctions/arm_sin_f32.c ****   @param[in]     x  input value in radians.
  68:control-base/typec-board-base/Drivers/CMSIS/DSP/Source/FastMathFunctions/arm_sin_f32.c ****   @return        sin(x)
  69:control-base/typec-board-base/Drivers/CMSIS/DSP/Source/FastMathFunctions/arm_sin_f32.c ****  */
  70:control-base/typec-board-base/Drivers/CMSIS/DSP/Source/FastMathFunctions/arm_sin_f32.c **** 
  71:control-base/typec-board-base/Drivers/CMSIS/DSP/Source/FastMathFunctions/arm_sin_f32.c **** float32_t arm_sin_f32(
  72:control-base/typec-board-base/Drivers/CMSIS/DSP/Source/FastMathFunctions/arm_sin_f32.c ****   float32_t x)
  73:control-base/typec-board-base/Drivers/CMSIS/DSP/Source/FastMathFunctions/arm_sin_f32.c **** {
  30              		.loc 1 73 1 view -0
  31              		.cfi_startproc
  32              		@ args = 0, pretend = 0, frame = 0
  33              		@ frame_needed = 0, uses_anonymous_args = 0
  34              		@ link register save eliminated.
  74:control-base/typec-board-base/Drivers/CMSIS/DSP/Source/FastMathFunctions/arm_sin_f32.c ****   float32_t sinVal, fract, in;                   /* Temporary input, output variables */
  35              		.loc 1 74 3 view .LVU1
  75:control-base/typec-board-base/Drivers/CMSIS/DSP/Source/FastMathFunctions/arm_sin_f32.c ****   uint16_t index;                                /* Index variable */
  36              		.loc 1 75 3 view .LVU2
  76:control-base/typec-board-base/Drivers/CMSIS/DSP/Source/FastMathFunctions/arm_sin_f32.c ****   float32_t a, b;                                /* Two nearest output values */
  37              		.loc 1 76 3 view .LVU3
  77:control-base/typec-board-base/Drivers/CMSIS/DSP/Source/FastMathFunctions/arm_sin_f32.c ****   int32_t n;
  38              		.loc 1 77 3 view .LVU4
ARM GAS  /var/folders/sg/pxk9dyzj7jz_x3889hx3b3dw0000gn/T//ccQMCMQ7.s 			page 3


  78:control-base/typec-board-base/Drivers/CMSIS/DSP/Source/FastMathFunctions/arm_sin_f32.c ****   float32_t findex;
  39              		.loc 1 78 3 view .LVU5
  79:control-base/typec-board-base/Drivers/CMSIS/DSP/Source/FastMathFunctions/arm_sin_f32.c **** 
  80:control-base/typec-board-base/Drivers/CMSIS/DSP/Source/FastMathFunctions/arm_sin_f32.c ****   /* input x is in radians */
  81:control-base/typec-board-base/Drivers/CMSIS/DSP/Source/FastMathFunctions/arm_sin_f32.c ****   /* Scale input to [0 1] range from [0 2*PI] , divide input by 2*pi */
  82:control-base/typec-board-base/Drivers/CMSIS/DSP/Source/FastMathFunctions/arm_sin_f32.c ****   in = x * 0.159154943092f;
  40              		.loc 1 82 3 view .LVU6
  41              		.loc 1 82 6 is_stmt 0 view .LVU7
  42 0000 DFED207A 		vldr.32	s15, .L7
  43 0004 20EE270A 		vmul.f32	s0, s0, s15
  44              	.LVL1:
  83:control-base/typec-board-base/Drivers/CMSIS/DSP/Source/FastMathFunctions/arm_sin_f32.c **** 
  84:control-base/typec-board-base/Drivers/CMSIS/DSP/Source/FastMathFunctions/arm_sin_f32.c ****   /* Calculation of floor value of input */
  85:control-base/typec-board-base/Drivers/CMSIS/DSP/Source/FastMathFunctions/arm_sin_f32.c ****   n = (int32_t) in;
  45              		.loc 1 85 3 is_stmt 1 view .LVU8
  46              		.loc 1 85 5 is_stmt 0 view .LVU9
  47 0008 FDEEC07A 		vcvt.s32.f32	s15, s0
  48              	.LVL2:
  86:control-base/typec-board-base/Drivers/CMSIS/DSP/Source/FastMathFunctions/arm_sin_f32.c **** 
  87:control-base/typec-board-base/Drivers/CMSIS/DSP/Source/FastMathFunctions/arm_sin_f32.c ****   /* Make negative values towards -infinity */
  88:control-base/typec-board-base/Drivers/CMSIS/DSP/Source/FastMathFunctions/arm_sin_f32.c ****   if (in < 0.0f)
  49              		.loc 1 88 3 is_stmt 1 view .LVU10
  50              		.loc 1 88 6 is_stmt 0 view .LVU11
  51 000c B5EEC00A 		vcmpe.f32	s0, #0
  52 0010 F1EE10FA 		vmrs	APSR_nzcv, FPSCR
  53 0014 2FD4     		bmi	.L6
  54              	.LVL3:
  55              	.L2:
  89:control-base/typec-board-base/Drivers/CMSIS/DSP/Source/FastMathFunctions/arm_sin_f32.c ****   {
  90:control-base/typec-board-base/Drivers/CMSIS/DSP/Source/FastMathFunctions/arm_sin_f32.c ****     n--;
  91:control-base/typec-board-base/Drivers/CMSIS/DSP/Source/FastMathFunctions/arm_sin_f32.c ****   }
  92:control-base/typec-board-base/Drivers/CMSIS/DSP/Source/FastMathFunctions/arm_sin_f32.c **** 
  93:control-base/typec-board-base/Drivers/CMSIS/DSP/Source/FastMathFunctions/arm_sin_f32.c ****   /* Map input value to [0 1] */
  94:control-base/typec-board-base/Drivers/CMSIS/DSP/Source/FastMathFunctions/arm_sin_f32.c ****   in = in - (float32_t) n;
  56              		.loc 1 94 3 is_stmt 1 view .LVU12
  57              		.loc 1 94 13 is_stmt 0 view .LVU13
  58 0016 F8EEE77A 		vcvt.f32.s32	s15, s15
  59              	.LVL4:
  60              		.loc 1 94 6 view .LVU14
  61 001a 30EE670A 		vsub.f32	s0, s0, s15
  62              	.LVL5:
  95:control-base/typec-board-base/Drivers/CMSIS/DSP/Source/FastMathFunctions/arm_sin_f32.c **** 
  96:control-base/typec-board-base/Drivers/CMSIS/DSP/Source/FastMathFunctions/arm_sin_f32.c ****   /* Calculation of index of the table */
  97:control-base/typec-board-base/Drivers/CMSIS/DSP/Source/FastMathFunctions/arm_sin_f32.c ****   findex = (float32_t)FAST_MATH_TABLE_SIZE * in;
  63              		.loc 1 97 3 is_stmt 1 view .LVU15
  64              		.loc 1 97 10 is_stmt 0 view .LVU16
  65 001e DFED1A7A 		vldr.32	s15, .L7+4
  66 0022 20EE270A 		vmul.f32	s0, s0, s15
  67              	.LVL6:
  98:control-base/typec-board-base/Drivers/CMSIS/DSP/Source/FastMathFunctions/arm_sin_f32.c ****   index = (uint16_t)findex;
  68              		.loc 1 98 3 is_stmt 1 view .LVU17
  69              		.loc 1 98 9 is_stmt 0 view .LVU18
  70 0026 FCEEC07A 		vcvt.u32.f32	s15, s0
  71 002a 17EE903A 		vmov	r3, s15	@ int
  72 002e 9BB2     		uxth	r3, r3
  73              	.LVL7:
  99:control-base/typec-board-base/Drivers/CMSIS/DSP/Source/FastMathFunctions/arm_sin_f32.c **** 
ARM GAS  /var/folders/sg/pxk9dyzj7jz_x3889hx3b3dw0000gn/T//ccQMCMQ7.s 			page 4


 100:control-base/typec-board-base/Drivers/CMSIS/DSP/Source/FastMathFunctions/arm_sin_f32.c ****   /* when "in" is exactly 1, we need to rotate the index down to 0 */
 101:control-base/typec-board-base/Drivers/CMSIS/DSP/Source/FastMathFunctions/arm_sin_f32.c ****   if (index >= FAST_MATH_TABLE_SIZE) {
  74              		.loc 1 101 3 is_stmt 1 view .LVU19
  75              		.loc 1 101 6 is_stmt 0 view .LVU20
  76 0030 B3F5007F 		cmp	r3, #512
  77 0034 04D3     		bcc	.L4
 102:control-base/typec-board-base/Drivers/CMSIS/DSP/Source/FastMathFunctions/arm_sin_f32.c ****     index = 0;
  78              		.loc 1 102 5 is_stmt 1 view .LVU21
  79              	.LVL8:
 103:control-base/typec-board-base/Drivers/CMSIS/DSP/Source/FastMathFunctions/arm_sin_f32.c ****     findex -= (float32_t)FAST_MATH_TABLE_SIZE;
  80              		.loc 1 103 5 view .LVU22
  81              		.loc 1 103 12 is_stmt 0 view .LVU23
  82 0036 DFED147A 		vldr.32	s15, .L7+4
  83 003a 30EE670A 		vsub.f32	s0, s0, s15
  84              	.LVL9:
 102:control-base/typec-board-base/Drivers/CMSIS/DSP/Source/FastMathFunctions/arm_sin_f32.c ****     index = 0;
  85              		.loc 1 102 11 view .LVU24
  86 003e 0023     		movs	r3, #0
  87              	.LVL10:
  88              	.L4:
 104:control-base/typec-board-base/Drivers/CMSIS/DSP/Source/FastMathFunctions/arm_sin_f32.c ****   }
 105:control-base/typec-board-base/Drivers/CMSIS/DSP/Source/FastMathFunctions/arm_sin_f32.c **** 
 106:control-base/typec-board-base/Drivers/CMSIS/DSP/Source/FastMathFunctions/arm_sin_f32.c ****   /* fractional value calculation */
 107:control-base/typec-board-base/Drivers/CMSIS/DSP/Source/FastMathFunctions/arm_sin_f32.c ****   fract = findex - (float32_t) index;
  89              		.loc 1 107 3 is_stmt 1 view .LVU25
  90              		.loc 1 107 20 is_stmt 0 view .LVU26
  91 0040 07EE903A 		vmov	s15, r3	@ int
  92 0044 F8EE677A 		vcvt.f32.u32	s15, s15
  93              		.loc 1 107 9 view .LVU27
  94 0048 70EE677A 		vsub.f32	s15, s0, s15
  95              	.LVL11:
 108:control-base/typec-board-base/Drivers/CMSIS/DSP/Source/FastMathFunctions/arm_sin_f32.c **** 
 109:control-base/typec-board-base/Drivers/CMSIS/DSP/Source/FastMathFunctions/arm_sin_f32.c ****   /* Read two nearest values of input value from the sin table */
 110:control-base/typec-board-base/Drivers/CMSIS/DSP/Source/FastMathFunctions/arm_sin_f32.c ****   a = sinTable_f32[index];
  96              		.loc 1 110 3 is_stmt 1 view .LVU28
  97              		.loc 1 110 5 is_stmt 0 view .LVU29
  98 004c 0F4A     		ldr	r2, .L7+8
  99 004e 02EB8301 		add	r1, r2, r3, lsl #2
 100 0052 91ED006A 		vldr.32	s12, [r1]
 101              	.LVL12:
 111:control-base/typec-board-base/Drivers/CMSIS/DSP/Source/FastMathFunctions/arm_sin_f32.c ****   b = sinTable_f32[index+1];
 102              		.loc 1 111 3 is_stmt 1 view .LVU30
 103              		.loc 1 111 25 is_stmt 0 view .LVU31
 104 0056 0133     		adds	r3, r3, #1
 105              	.LVL13:
 106              		.loc 1 111 5 view .LVU32
 107 0058 02EB8302 		add	r2, r2, r3, lsl #2
 108 005c D2ED006A 		vldr.32	s13, [r2]
 109              	.LVL14:
 112:control-base/typec-board-base/Drivers/CMSIS/DSP/Source/FastMathFunctions/arm_sin_f32.c **** 
 113:control-base/typec-board-base/Drivers/CMSIS/DSP/Source/FastMathFunctions/arm_sin_f32.c ****   /* Linear interpolation process */
 114:control-base/typec-board-base/Drivers/CMSIS/DSP/Source/FastMathFunctions/arm_sin_f32.c ****   sinVal = (1.0f - fract) * a + fract * b;
 110              		.loc 1 114 3 is_stmt 1 view .LVU33
 111              		.loc 1 114 18 is_stmt 0 view .LVU34
 112 0060 B7EE007A 		vmov.f32	s14, #1.0e+0
 113 0064 37EE677A 		vsub.f32	s14, s14, s15
 114              		.loc 1 114 27 view .LVU35
ARM GAS  /var/folders/sg/pxk9dyzj7jz_x3889hx3b3dw0000gn/T//ccQMCMQ7.s 			page 5


 115 0068 27EE067A 		vmul.f32	s14, s14, s12
 116              		.loc 1 114 39 view .LVU36
 117 006c 27EEA60A 		vmul.f32	s0, s15, s13
 118              	.LVL15:
 115:control-base/typec-board-base/Drivers/CMSIS/DSP/Source/FastMathFunctions/arm_sin_f32.c **** 
 116:control-base/typec-board-base/Drivers/CMSIS/DSP/Source/FastMathFunctions/arm_sin_f32.c ****   /* Return output value */
 117:control-base/typec-board-base/Drivers/CMSIS/DSP/Source/FastMathFunctions/arm_sin_f32.c ****   return (sinVal);
 119              		.loc 1 117 3 is_stmt 1 view .LVU37
 118:control-base/typec-board-base/Drivers/CMSIS/DSP/Source/FastMathFunctions/arm_sin_f32.c **** }
 120              		.loc 1 118 1 is_stmt 0 view .LVU38
 121 0070 37EE000A 		vadd.f32	s0, s14, s0
 122              	.LVL16:
 123              		.loc 1 118 1 view .LVU39
 124 0074 7047     		bx	lr
 125              	.LVL17:
 126              	.L6:
  90:control-base/typec-board-base/Drivers/CMSIS/DSP/Source/FastMathFunctions/arm_sin_f32.c ****   }
 127              		.loc 1 90 5 is_stmt 1 view .LVU40
  90:control-base/typec-board-base/Drivers/CMSIS/DSP/Source/FastMathFunctions/arm_sin_f32.c ****   }
 128              		.loc 1 90 6 is_stmt 0 view .LVU41
 129 0076 17EE903A 		vmov	r3, s15	@ int
 130 007a 013B     		subs	r3, r3, #1
 131 007c 07EE903A 		vmov	s15, r3	@ int
 132              	.LVL18:
  90:control-base/typec-board-base/Drivers/CMSIS/DSP/Source/FastMathFunctions/arm_sin_f32.c ****   }
 133              		.loc 1 90 6 view .LVU42
 134 0080 C9E7     		b	.L2
 135              	.L8:
 136 0082 00BF     		.align	2
 137              	.L7:
 138 0084 83F9223E 		.word	1042479491
 139 0088 00000044 		.word	1140850688
 140 008c 00000000 		.word	sinTable_f32
 141              		.cfi_endproc
 142              	.LFE121:
 144              		.text
 145              	.Letext0:
 146              		.file 2 "/Applications/ArmGNUToolchain/14.3.rel1/arm-none-eabi/arm-none-eabi/include/machine/_defa
 147              		.file 3 "/Applications/ArmGNUToolchain/14.3.rel1/arm-none-eabi/arm-none-eabi/include/sys/_stdint.h
 148              		.file 4 "control-base/typec-board-base/Drivers/CMSIS/DSP/Include/arm_math_types.h"
 149              		.file 5 "control-base/typec-board-base/Drivers/CMSIS/DSP/Include/arm_common_tables.h"
ARM GAS  /var/folders/sg/pxk9dyzj7jz_x3889hx3b3dw0000gn/T//ccQMCMQ7.s 			page 6


DEFINED SYMBOLS
                            *ABS*:00000000 arm_sin_f32.c
/var/folders/sg/pxk9dyzj7jz_x3889hx3b3dw0000gn/T//ccQMCMQ7.s:21     .text.arm_sin_f32:00000000 $t
/var/folders/sg/pxk9dyzj7jz_x3889hx3b3dw0000gn/T//ccQMCMQ7.s:27     .text.arm_sin_f32:00000000 arm_sin_f32
/var/folders/sg/pxk9dyzj7jz_x3889hx3b3dw0000gn/T//ccQMCMQ7.s:138    .text.arm_sin_f32:00000084 $d

UNDEFINED SYMBOLS
sinTable_f32
