ARM GAS  /var/folders/sg/pxk9dyzj7jz_x3889hx3b3dw0000gn/T//ccK5xPYi.s 			page 1


   1              		.cpu cortex-m4
   2              		.arch armv7e-m
   3              		.fpu fpv4-sp-d16
   4              		.eabi_attribute 27, 1
   5              		.eabi_attribute 28, 1
   6              		.eabi_attribute 20, 1
   7              		.eabi_attribute 21, 1
   8              		.eabi_attribute 23, 3
   9              		.eabi_attribute 24, 1
  10              		.eabi_attribute 25, 1
  11              		.eabi_attribute 26, 1
  12              		.eabi_attribute 30, 1
  13              		.eabi_attribute 34, 1
  14              		.eabi_attribute 18, 4
  15              		.file	"dma.c"
  16              		.text
  17              	.Ltext0:
  18              		.cfi_sections	.debug_frame
  19              		.file 1 "control-base/typec-board-base/Core/Src/dma.c"
  20              		.section	.text.MX_DMA_Init,"ax",%progbits
  21              		.align	1
  22              		.global	MX_DMA_Init
  23              		.syntax unified
  24              		.thumb
  25              		.thumb_func
  27              	MX_DMA_Init:
  28              	.LFB134:
   1:control-base/typec-board-base/Core/Src/dma.c **** /* USER CODE BEGIN Header */
   2:control-base/typec-board-base/Core/Src/dma.c **** /**
   3:control-base/typec-board-base/Core/Src/dma.c ****   ******************************************************************************
   4:control-base/typec-board-base/Core/Src/dma.c ****   * @file    dma.c
   5:control-base/typec-board-base/Core/Src/dma.c ****   * @brief   This file provides code for the configuration
   6:control-base/typec-board-base/Core/Src/dma.c ****   *          of all the requested memory to memory DMA transfers.
   7:control-base/typec-board-base/Core/Src/dma.c ****   ******************************************************************************
   8:control-base/typec-board-base/Core/Src/dma.c ****   * @attention
   9:control-base/typec-board-base/Core/Src/dma.c ****   *
  10:control-base/typec-board-base/Core/Src/dma.c ****   * Copyright (c) 2023 STMicroelectronics.
  11:control-base/typec-board-base/Core/Src/dma.c ****   * All rights reserved.
  12:control-base/typec-board-base/Core/Src/dma.c ****   *
  13:control-base/typec-board-base/Core/Src/dma.c ****   * This software is licensed under terms that can be found in the LICENSE file
  14:control-base/typec-board-base/Core/Src/dma.c ****   * in the root directory of this software component.
  15:control-base/typec-board-base/Core/Src/dma.c ****   * If no LICENSE file comes with this software, it is provided AS-IS.
  16:control-base/typec-board-base/Core/Src/dma.c ****   *
  17:control-base/typec-board-base/Core/Src/dma.c ****   ******************************************************************************
  18:control-base/typec-board-base/Core/Src/dma.c ****   */
  19:control-base/typec-board-base/Core/Src/dma.c **** /* USER CODE END Header */
  20:control-base/typec-board-base/Core/Src/dma.c **** 
  21:control-base/typec-board-base/Core/Src/dma.c **** /* Includes ------------------------------------------------------------------*/
  22:control-base/typec-board-base/Core/Src/dma.c **** #include "dma.h"
  23:control-base/typec-board-base/Core/Src/dma.c **** 
  24:control-base/typec-board-base/Core/Src/dma.c **** /* USER CODE BEGIN 0 */
  25:control-base/typec-board-base/Core/Src/dma.c **** 
  26:control-base/typec-board-base/Core/Src/dma.c **** /* USER CODE END 0 */
  27:control-base/typec-board-base/Core/Src/dma.c **** 
  28:control-base/typec-board-base/Core/Src/dma.c **** /*----------------------------------------------------------------------------*/
  29:control-base/typec-board-base/Core/Src/dma.c **** /* Configure DMA                                                              */
  30:control-base/typec-board-base/Core/Src/dma.c **** /*----------------------------------------------------------------------------*/
ARM GAS  /var/folders/sg/pxk9dyzj7jz_x3889hx3b3dw0000gn/T//ccK5xPYi.s 			page 2


  31:control-base/typec-board-base/Core/Src/dma.c **** 
  32:control-base/typec-board-base/Core/Src/dma.c **** /* USER CODE BEGIN 1 */
  33:control-base/typec-board-base/Core/Src/dma.c **** 
  34:control-base/typec-board-base/Core/Src/dma.c **** /* USER CODE END 1 */
  35:control-base/typec-board-base/Core/Src/dma.c **** 
  36:control-base/typec-board-base/Core/Src/dma.c **** /**
  37:control-base/typec-board-base/Core/Src/dma.c ****   * Enable DMA controller clock
  38:control-base/typec-board-base/Core/Src/dma.c ****   */
  39:control-base/typec-board-base/Core/Src/dma.c **** void MX_DMA_Init(void)
  40:control-base/typec-board-base/Core/Src/dma.c **** {
  29              		.loc 1 40 1 view -0
  30              		.cfi_startproc
  31              		@ args = 0, pretend = 0, frame = 8
  32              		@ frame_needed = 0, uses_anonymous_args = 0
  33 0000 10B5     		push	{r4, lr}
  34              	.LCFI0:
  35              		.cfi_def_cfa_offset 8
  36              		.cfi_offset 4, -8
  37              		.cfi_offset 14, -4
  38 0002 82B0     		sub	sp, sp, #8
  39              	.LCFI1:
  40              		.cfi_def_cfa_offset 16
  41:control-base/typec-board-base/Core/Src/dma.c **** 
  42:control-base/typec-board-base/Core/Src/dma.c ****   /* DMA controller clock enable */
  43:control-base/typec-board-base/Core/Src/dma.c ****   __HAL_RCC_DMA1_CLK_ENABLE();
  41              		.loc 1 43 3 view .LVU1
  42              	.LBB2:
  43              		.loc 1 43 3 view .LVU2
  44 0004 0024     		movs	r4, #0
  45 0006 0094     		str	r4, [sp]
  46              		.loc 1 43 3 view .LVU3
  47 0008 264B     		ldr	r3, .L3
  48 000a 1A6B     		ldr	r2, [r3, #48]
  49 000c 42F40012 		orr	r2, r2, #2097152
  50 0010 1A63     		str	r2, [r3, #48]
  51              		.loc 1 43 3 view .LVU4
  52 0012 1A6B     		ldr	r2, [r3, #48]
  53 0014 02F40012 		and	r2, r2, #2097152
  54 0018 0092     		str	r2, [sp]
  55              		.loc 1 43 3 view .LVU5
  56 001a 009A     		ldr	r2, [sp]
  57              	.LBE2:
  58              		.loc 1 43 3 view .LVU6
  44:control-base/typec-board-base/Core/Src/dma.c ****   __HAL_RCC_DMA2_CLK_ENABLE();
  59              		.loc 1 44 3 view .LVU7
  60              	.LBB3:
  61              		.loc 1 44 3 view .LVU8
  62 001c 0194     		str	r4, [sp, #4]
  63              		.loc 1 44 3 view .LVU9
  64 001e 1A6B     		ldr	r2, [r3, #48]
  65 0020 42F48002 		orr	r2, r2, #4194304
  66 0024 1A63     		str	r2, [r3, #48]
  67              		.loc 1 44 3 view .LVU10
  68 0026 1B6B     		ldr	r3, [r3, #48]
  69 0028 03F48003 		and	r3, r3, #4194304
  70 002c 0193     		str	r3, [sp, #4]
  71              		.loc 1 44 3 view .LVU11
ARM GAS  /var/folders/sg/pxk9dyzj7jz_x3889hx3b3dw0000gn/T//ccK5xPYi.s 			page 3


  72 002e 019B     		ldr	r3, [sp, #4]
  73              	.LBE3:
  74              		.loc 1 44 3 view .LVU12
  45:control-base/typec-board-base/Core/Src/dma.c **** 
  46:control-base/typec-board-base/Core/Src/dma.c ****   /* DMA interrupt init */
  47:control-base/typec-board-base/Core/Src/dma.c ****   /* DMA1_Stream1_IRQn interrupt configuration */
  48:control-base/typec-board-base/Core/Src/dma.c ****   HAL_NVIC_SetPriority(DMA1_Stream1_IRQn, 5, 0);
  75              		.loc 1 48 3 view .LVU13
  76 0030 2246     		mov	r2, r4
  77 0032 0521     		movs	r1, #5
  78 0034 0C20     		movs	r0, #12
  79 0036 FFF7FEFF 		bl	HAL_NVIC_SetPriority
  80              	.LVL0:
  49:control-base/typec-board-base/Core/Src/dma.c ****   HAL_NVIC_EnableIRQ(DMA1_Stream1_IRQn);
  81              		.loc 1 49 3 view .LVU14
  82 003a 0C20     		movs	r0, #12
  83 003c FFF7FEFF 		bl	HAL_NVIC_EnableIRQ
  84              	.LVL1:
  50:control-base/typec-board-base/Core/Src/dma.c ****   /* DMA2_Stream1_IRQn interrupt configuration */
  51:control-base/typec-board-base/Core/Src/dma.c ****   HAL_NVIC_SetPriority(DMA2_Stream1_IRQn, 5, 0);
  85              		.loc 1 51 3 view .LVU15
  86 0040 2246     		mov	r2, r4
  87 0042 0521     		movs	r1, #5
  88 0044 3920     		movs	r0, #57
  89 0046 FFF7FEFF 		bl	HAL_NVIC_SetPriority
  90              	.LVL2:
  52:control-base/typec-board-base/Core/Src/dma.c ****   HAL_NVIC_EnableIRQ(DMA2_Stream1_IRQn);
  91              		.loc 1 52 3 view .LVU16
  92 004a 3920     		movs	r0, #57
  93 004c FFF7FEFF 		bl	HAL_NVIC_EnableIRQ
  94              	.LVL3:
  53:control-base/typec-board-base/Core/Src/dma.c ****   /* DMA2_Stream2_IRQn interrupt configuration */
  54:control-base/typec-board-base/Core/Src/dma.c ****   HAL_NVIC_SetPriority(DMA2_Stream2_IRQn, 5, 0);
  95              		.loc 1 54 3 view .LVU17
  96 0050 2246     		mov	r2, r4
  97 0052 0521     		movs	r1, #5
  98 0054 3A20     		movs	r0, #58
  99 0056 FFF7FEFF 		bl	HAL_NVIC_SetPriority
 100              	.LVL4:
  55:control-base/typec-board-base/Core/Src/dma.c ****   HAL_NVIC_EnableIRQ(DMA2_Stream2_IRQn);
 101              		.loc 1 55 3 view .LVU18
 102 005a 3A20     		movs	r0, #58
 103 005c FFF7FEFF 		bl	HAL_NVIC_EnableIRQ
 104              	.LVL5:
  56:control-base/typec-board-base/Core/Src/dma.c ****   /* DMA2_Stream3_IRQn interrupt configuration */
  57:control-base/typec-board-base/Core/Src/dma.c ****   HAL_NVIC_SetPriority(DMA2_Stream3_IRQn, 5, 0);
 105              		.loc 1 57 3 view .LVU19
 106 0060 2246     		mov	r2, r4
 107 0062 0521     		movs	r1, #5
 108 0064 3B20     		movs	r0, #59
 109 0066 FFF7FEFF 		bl	HAL_NVIC_SetPriority
 110              	.LVL6:
  58:control-base/typec-board-base/Core/Src/dma.c ****   HAL_NVIC_EnableIRQ(DMA2_Stream3_IRQn);
 111              		.loc 1 58 3 view .LVU20
 112 006a 3B20     		movs	r0, #59
 113 006c FFF7FEFF 		bl	HAL_NVIC_EnableIRQ
 114              	.LVL7:
ARM GAS  /var/folders/sg/pxk9dyzj7jz_x3889hx3b3dw0000gn/T//ccK5xPYi.s 			page 4


  59:control-base/typec-board-base/Core/Src/dma.c ****   /* DMA2_Stream5_IRQn interrupt configuration */
  60:control-base/typec-board-base/Core/Src/dma.c ****   HAL_NVIC_SetPriority(DMA2_Stream5_IRQn, 5, 0);
 115              		.loc 1 60 3 view .LVU21
 116 0070 2246     		mov	r2, r4
 117 0072 0521     		movs	r1, #5
 118 0074 4420     		movs	r0, #68
 119 0076 FFF7FEFF 		bl	HAL_NVIC_SetPriority
 120              	.LVL8:
  61:control-base/typec-board-base/Core/Src/dma.c ****   HAL_NVIC_EnableIRQ(DMA2_Stream5_IRQn);
 121              		.loc 1 61 3 view .LVU22
 122 007a 4420     		movs	r0, #68
 123 007c FFF7FEFF 		bl	HAL_NVIC_EnableIRQ
 124              	.LVL9:
  62:control-base/typec-board-base/Core/Src/dma.c ****   /* DMA2_Stream6_IRQn interrupt configuration */
  63:control-base/typec-board-base/Core/Src/dma.c ****   HAL_NVIC_SetPriority(DMA2_Stream6_IRQn, 5, 0);
 125              		.loc 1 63 3 view .LVU23
 126 0080 2246     		mov	r2, r4
 127 0082 0521     		movs	r1, #5
 128 0084 4520     		movs	r0, #69
 129 0086 FFF7FEFF 		bl	HAL_NVIC_SetPriority
 130              	.LVL10:
  64:control-base/typec-board-base/Core/Src/dma.c ****   HAL_NVIC_EnableIRQ(DMA2_Stream6_IRQn);
 131              		.loc 1 64 3 view .LVU24
 132 008a 4520     		movs	r0, #69
 133 008c FFF7FEFF 		bl	HAL_NVIC_EnableIRQ
 134              	.LVL11:
  65:control-base/typec-board-base/Core/Src/dma.c ****   /* DMA2_Stream7_IRQn interrupt configuration */
  66:control-base/typec-board-base/Core/Src/dma.c ****   HAL_NVIC_SetPriority(DMA2_Stream7_IRQn, 5, 0);
 135              		.loc 1 66 3 view .LVU25
 136 0090 2246     		mov	r2, r4
 137 0092 0521     		movs	r1, #5
 138 0094 4620     		movs	r0, #70
 139 0096 FFF7FEFF 		bl	HAL_NVIC_SetPriority
 140              	.LVL12:
  67:control-base/typec-board-base/Core/Src/dma.c ****   HAL_NVIC_EnableIRQ(DMA2_Stream7_IRQn);
 141              		.loc 1 67 3 view .LVU26
 142 009a 4620     		movs	r0, #70
 143 009c FFF7FEFF 		bl	HAL_NVIC_EnableIRQ
 144              	.LVL13:
  68:control-base/typec-board-base/Core/Src/dma.c **** 
  69:control-base/typec-board-base/Core/Src/dma.c **** }
 145              		.loc 1 69 1 is_stmt 0 view .LVU27
 146 00a0 02B0     		add	sp, sp, #8
 147              	.LCFI2:
 148              		.cfi_def_cfa_offset 8
 149              		@ sp needed
 150 00a2 10BD     		pop	{r4, pc}
 151              	.L4:
 152              		.align	2
 153              	.L3:
 154 00a4 00380240 		.word	1073887232
 155              		.cfi_endproc
 156              	.LFE134:
 158              		.text
 159              	.Letext0:
 160              		.file 2 "control-base/typec-board-base/Drivers/CMSIS/Device/ST/STM32F4xx/Include/stm32f407xx.h"
 161              		.file 3 "/Applications/ArmGNUToolchain/14.3.rel1/arm-none-eabi/arm-none-eabi/include/machine/_defa
ARM GAS  /var/folders/sg/pxk9dyzj7jz_x3889hx3b3dw0000gn/T//ccK5xPYi.s 			page 5


 162              		.file 4 "/Applications/ArmGNUToolchain/14.3.rel1/arm-none-eabi/arm-none-eabi/include/sys/_stdint.h
 163              		.file 5 "control-base/typec-board-base/Drivers/STM32F4xx_HAL_Driver/Inc/stm32f4xx_hal_cortex.h"
ARM GAS  /var/folders/sg/pxk9dyzj7jz_x3889hx3b3dw0000gn/T//ccK5xPYi.s 			page 6


DEFINED SYMBOLS
                            *ABS*:00000000 dma.c
/var/folders/sg/pxk9dyzj7jz_x3889hx3b3dw0000gn/T//ccK5xPYi.s:21     .text.MX_DMA_Init:00000000 $t
/var/folders/sg/pxk9dyzj7jz_x3889hx3b3dw0000gn/T//ccK5xPYi.s:27     .text.MX_DMA_Init:00000000 MX_DMA_Init
/var/folders/sg/pxk9dyzj7jz_x3889hx3b3dw0000gn/T//ccK5xPYi.s:154    .text.MX_DMA_Init:000000a4 $d

UNDEFINED SYMBOLS
HAL_NVIC_SetPriority
HAL_NVIC_EnableIRQ
