ARM GAS  /var/folders/sg/pxk9dyzj7jz_x3889hx3b3dw0000gn/T//ccd9mi5J.s 			page 1


   1              		.cpu cortex-m4
   2              		.arch armv7e-m
   3              		.fpu fpv4-sp-d16
   4              		.eabi_attribute 27, 1
   5              		.eabi_attribute 28, 1
   6              		.eabi_attribute 20, 1
   7              		.eabi_attribute 21, 1
   8              		.eabi_attribute 23, 3
   9              		.eabi_attribute 24, 1
  10              		.eabi_attribute 25, 1
  11              		.eabi_attribute 26, 1
  12              		.eabi_attribute 30, 1
  13              		.eabi_attribute 34, 1
  14              		.eabi_attribute 18, 4
  15              		.file	"gimbal_task.c"
  16              		.text
  17              	.Ltext0:
  18              		.cfi_sections	.debug_frame
  19              		.file 1 "Swerve-Standard/src/gimbal_task.c"
  20              		.section	.text.Gimbal_Task_Init,"ax",%progbits
  21              		.align	1
  22              		.global	Gimbal_Task_Init
  23              		.syntax unified
  24              		.thumb
  25              		.thumb_func
  27              	Gimbal_Task_Init:
  28              	.LFB142:
   1:Swerve-Standard/src/gimbal_task.c **** #include "gimbal_task.h"
   2:Swerve-Standard/src/gimbal_task.c **** 
   3:Swerve-Standard/src/gimbal_task.c **** #include "robot.h"
   4:Swerve-Standard/src/gimbal_task.c **** #include "remote.h"
   5:Swerve-Standard/src/gimbal_task.c **** #include "user_math.h"
   6:Swerve-Standard/src/gimbal_task.c **** #include "dji_motor.h"
   7:Swerve-Standard/src/gimbal_task.c **** #include "imu_task.h"
   8:Swerve-Standard/src/gimbal_task.c **** #include "jetson_orin.h"
   9:Swerve-Standard/src/gimbal_task.c **** 
  10:Swerve-Standard/src/gimbal_task.c **** extern Robot_State_t g_robot_state;
  11:Swerve-Standard/src/gimbal_task.c **** extern Remote_t g_remote;
  12:Swerve-Standard/src/gimbal_task.c **** extern IMU_t g_imu;
  13:Swerve-Standard/src/gimbal_task.c **** extern Jetson_Orin_Data_t g_orin_data;
  14:Swerve-Standard/src/gimbal_task.c **** 
  15:Swerve-Standard/src/gimbal_task.c **** DJI_Motor_Handle_t *g_yaw, *g_pitch;
  16:Swerve-Standard/src/gimbal_task.c **** 
  17:Swerve-Standard/src/gimbal_task.c **** void Gimbal_Task_Init()
  18:Swerve-Standard/src/gimbal_task.c **** {
  29              		.loc 1 18 1 view -0
  30              		.cfi_startproc
  31              		@ args = 0, pretend = 0, frame = 360
  32              		@ frame_needed = 0, uses_anonymous_args = 0
  33 0000 2DE9F04F 		push	{r4, r5, r6, r7, r8, r9, r10, fp, lr}
  34              	.LCFI0:
  35              		.cfi_def_cfa_offset 36
  36              		.cfi_offset 4, -36
  37              		.cfi_offset 5, -32
  38              		.cfi_offset 6, -28
  39              		.cfi_offset 7, -24
  40              		.cfi_offset 8, -20
ARM GAS  /var/folders/sg/pxk9dyzj7jz_x3889hx3b3dw0000gn/T//ccd9mi5J.s 			page 2


  41              		.cfi_offset 9, -16
  42              		.cfi_offset 10, -12
  43              		.cfi_offset 11, -8
  44              		.cfi_offset 14, -4
  45 0004 DBB0     		sub	sp, sp, #364
  46              	.LCFI1:
  47              		.cfi_def_cfa_offset 400
  19:Swerve-Standard/src/gimbal_task.c ****     Motor_Config_t yaw_motor_config = {
  48              		.loc 1 19 5 view .LVU1
  49              		.loc 1 19 20 is_stmt 0 view .LVU2
  50 0006 2DAF     		add	r7, sp, #180
  51 0008 4FF0B40A 		mov	r10, #180
  52 000c 5246     		mov	r2, r10
  53 000e 0021     		movs	r1, #0
  54 0010 3846     		mov	r0, r7
  55 0012 FFF7FEFF 		bl	memset
  56              	.LVL0:
  57 0016 0126     		movs	r6, #1
  58 0018 8DF8B460 		strb	r6, [sp, #180]
  59 001c 0323     		movs	r3, #3
  60 001e 8DF8BA30 		strb	r3, [sp, #186]
  61 0022 4FF41663 		mov	r3, #2400
  62 0026 ADF8BC30 		strh	r3, [sp, #188]	@ movhi
  63 002a 4FF00B09 		mov	r9, #11
  64 002e 8DF8BF90 		strb	r9, [sp, #191]
  65 0032 8DF8C160 		strb	r6, [sp, #193]
  66 0036 8DF8C260 		strb	r6, [sp, #194]
  67 003a 264D     		ldr	r5, .L3
  68 003c 3195     		str	r5, [sp, #196]
  69 003e A5F12803 		sub	r3, r5, #40
  70 0042 3293     		str	r3, [sp, #200]
  71 0044 244B     		ldr	r3, .L3+4
  72 0046 3393     		str	r3, [sp, #204]	@ float
  73 0048 DFF8B4B0 		ldr	fp, .L3+44
  74 004c CDF8D4B0 		str	fp, [sp, #212]	@ float
  75 0050 3B93     		str	r3, [sp, #236]	@ float
  76 0052 224B     		ldr	r3, .L3+8
  77 0054 4093     		str	r3, [sp, #256]	@ float
  78 0056 224A     		ldr	r2, .L3+12
  79 0058 4392     		str	r2, [sp, #268]	@ float
  80 005a 4493     		str	r3, [sp, #272]	@ float
  81 005c 4593     		str	r3, [sp, #276]	@ float
  82 005e DFF8A480 		ldr	r8, .L3+48
  83 0062 CDF82081 		str	r8, [sp, #288]	@ float
  20:Swerve-Standard/src/gimbal_task.c ****         .can_bus = 1,
  21:Swerve-Standard/src/gimbal_task.c ****         .speed_controller_id = 3,
  22:Swerve-Standard/src/gimbal_task.c ****         .offset = 2400,
  23:Swerve-Standard/src/gimbal_task.c ****         .control_mode = POSITION_VELOCITY_SERIES,
  24:Swerve-Standard/src/gimbal_task.c ****         .motor_reversal = MOTOR_REVERSAL_NORMAL,
  25:Swerve-Standard/src/gimbal_task.c ****         .use_external_feedback = 1,
  26:Swerve-Standard/src/gimbal_task.c ****         .external_feedback_dir = 1,
  27:Swerve-Standard/src/gimbal_task.c ****         .external_angle_feedback_ptr = &g_imu.rad.yaw,
  28:Swerve-Standard/src/gimbal_task.c ****         .external_velocity_feedback_ptr = &(g_imu.bmi088_raw.gyro[2]),
  29:Swerve-Standard/src/gimbal_task.c ****         .angle_pid =
  30:Swerve-Standard/src/gimbal_task.c ****             {
  31:Swerve-Standard/src/gimbal_task.c ****                 .kp = 25.0f,
  32:Swerve-Standard/src/gimbal_task.c ****                 .kd = 100.0f,
ARM GAS  /var/folders/sg/pxk9dyzj7jz_x3889hx3b3dw0000gn/T//ccd9mi5J.s 			page 3


  33:Swerve-Standard/src/gimbal_task.c ****                 .output_limit = 25,
  34:Swerve-Standard/src/gimbal_task.c ****             },
  35:Swerve-Standard/src/gimbal_task.c ****         .velocity_pid =
  36:Swerve-Standard/src/gimbal_task.c ****             {
  37:Swerve-Standard/src/gimbal_task.c ****                 .kp = 5000.0f,
  38:Swerve-Standard/src/gimbal_task.c ****                 .ki = 0.0f,
  39:Swerve-Standard/src/gimbal_task.c ****                 .kf = 1000.0f,
  40:Swerve-Standard/src/gimbal_task.c ****                 .feedforward_limit = 5000.0f,
  41:Swerve-Standard/src/gimbal_task.c ****                 .integral_limit = 5000.0f,
  42:Swerve-Standard/src/gimbal_task.c ****                 .output_limit = GM6020_MAX_VOLTAGE_INT,
  43:Swerve-Standard/src/gimbal_task.c ****             },
  44:Swerve-Standard/src/gimbal_task.c ****     };
  45:Swerve-Standard/src/gimbal_task.c **** 
  46:Swerve-Standard/src/gimbal_task.c ****     Motor_Config_t pitch_motor_config = {
  84              		.loc 1 46 5 is_stmt 1 view .LVU3
  85              		.loc 1 46 20 is_stmt 0 view .LVU4
  86 0066 5246     		mov	r2, r10
  87 0068 0021     		movs	r1, #0
  88 006a 6846     		mov	r0, sp
  89 006c FFF7FEFF 		bl	memset
  90              	.LVL1:
  91 0070 8DF80060 		strb	r6, [sp]
  92 0074 0223     		movs	r3, #2
  93 0076 8DF80630 		strb	r3, [sp, #6]
  94 007a 41F26C13 		movw	r3, #4460
  95 007e ADF80830 		strh	r3, [sp, #8]	@ movhi
  96 0082 8DF80B90 		strb	r9, [sp, #11]
  97 0086 8DF80D60 		strb	r6, [sp, #13]
  98 008a FF23     		movs	r3, #255
  99 008c 8DF80E30 		strb	r3, [sp, #14]
 100 0090 05F10803 		add	r3, r5, #8
 101 0094 0493     		str	r3, [sp, #16]
 102 0096 303D     		subs	r5, r5, #48
 103 0098 0595     		str	r5, [sp, #20]
 104 009a 124B     		ldr	r3, .L3+16
 105 009c 0693     		str	r3, [sp, #24]	@ float
 106 009e CDF820B0 		str	fp, [sp, #32]	@ float
 107 00a2 114B     		ldr	r3, .L3+20
 108 00a4 0E93     		str	r3, [sp, #56]	@ float
 109 00a6 114B     		ldr	r3, .L3+24
 110 00a8 1393     		str	r3, [sp, #76]	@ float
 111 00aa 114B     		ldr	r3, .L3+28
 112 00ac 1493     		str	r3, [sp, #80]	@ float
 113 00ae 114B     		ldr	r3, .L3+32
 114 00b0 1793     		str	r3, [sp, #92]	@ float
 115 00b2 CDF86C80 		str	r8, [sp, #108]	@ float
  47:Swerve-Standard/src/gimbal_task.c ****         .can_bus = 1,
  48:Swerve-Standard/src/gimbal_task.c ****         .speed_controller_id = 2,
  49:Swerve-Standard/src/gimbal_task.c ****         .offset = 4460,
  50:Swerve-Standard/src/gimbal_task.c ****         .use_external_feedback = 1,
  51:Swerve-Standard/src/gimbal_task.c ****         .external_feedback_dir = -1,
  52:Swerve-Standard/src/gimbal_task.c ****         .external_angle_feedback_ptr = &g_imu.rad.roll, // pitch
  53:Swerve-Standard/src/gimbal_task.c ****         .external_velocity_feedback_ptr = &(g_imu.bmi088_raw.gyro[0]),
  54:Swerve-Standard/src/gimbal_task.c ****         .control_mode = POSITION_VELOCITY_SERIES,
  55:Swerve-Standard/src/gimbal_task.c ****         .motor_reversal = MOTOR_REVERSAL_NORMAL,
  56:Swerve-Standard/src/gimbal_task.c ****         .angle_pid =
  57:Swerve-Standard/src/gimbal_task.c ****             {
ARM GAS  /var/folders/sg/pxk9dyzj7jz_x3889hx3b3dw0000gn/T//ccd9mi5J.s 			page 4


  58:Swerve-Standard/src/gimbal_task.c ****                 .kp = 40.0f,
  59:Swerve-Standard/src/gimbal_task.c ****                 .kd = 100.0f,
  60:Swerve-Standard/src/gimbal_task.c ****                 .output_limit = 50.0f,
  61:Swerve-Standard/src/gimbal_task.c ****             },
  62:Swerve-Standard/src/gimbal_task.c ****         .velocity_pid =
  63:Swerve-Standard/src/gimbal_task.c ****             {
  64:Swerve-Standard/src/gimbal_task.c ****                 .kp = 4500.0f,
  65:Swerve-Standard/src/gimbal_task.c ****                 .ki = 0.8f,
  66:Swerve-Standard/src/gimbal_task.c ****                 .integral_limit = 4000.0f,
  67:Swerve-Standard/src/gimbal_task.c ****                 .output_limit = GM6020_MAX_VOLTAGE_INT,
  68:Swerve-Standard/src/gimbal_task.c ****             },
  69:Swerve-Standard/src/gimbal_task.c ****     };
  70:Swerve-Standard/src/gimbal_task.c **** 
  71:Swerve-Standard/src/gimbal_task.c ****     g_yaw = DJI_Motor_Init(&yaw_motor_config, GM6020);
 116              		.loc 1 71 5 is_stmt 1 view .LVU5
 117              		.loc 1 71 13 is_stmt 0 view .LVU6
 118 00b6 0021     		movs	r1, #0
 119 00b8 3846     		mov	r0, r7
 120 00ba FFF7FEFF 		bl	DJI_Motor_Init
 121              	.LVL2:
 122              		.loc 1 71 11 discriminator 1 view .LVU7
 123 00be 0E4B     		ldr	r3, .L3+36
 124 00c0 1860     		str	r0, [r3]
  72:Swerve-Standard/src/gimbal_task.c ****     g_pitch = DJI_Motor_Init(&pitch_motor_config, GM6020);
 125              		.loc 1 72 5 is_stmt 1 view .LVU8
 126              		.loc 1 72 15 is_stmt 0 view .LVU9
 127 00c2 0021     		movs	r1, #0
 128 00c4 6846     		mov	r0, sp
 129 00c6 FFF7FEFF 		bl	DJI_Motor_Init
 130              	.LVL3:
 131              		.loc 1 72 13 discriminator 1 view .LVU10
 132 00ca 0C4B     		ldr	r3, .L3+40
 133 00cc 1860     		str	r0, [r3]
  73:Swerve-Standard/src/gimbal_task.c **** }
 134              		.loc 1 73 1 view .LVU11
 135 00ce 5BB0     		add	sp, sp, #364
 136              	.LCFI2:
 137              		.cfi_def_cfa_offset 36
 138              		@ sp needed
 139 00d0 BDE8F08F 		pop	{r4, r5, r6, r7, r8, r9, r10, fp, pc}
 140              	.L4:
 141              		.align	2
 142              	.L3:
 143 00d4 44000000 		.word	g_imu+68
 144 00d8 0000C841 		.word	1103626240
 145 00dc 00409C45 		.word	1167867904
 146 00e0 00007A44 		.word	1148846080
 147 00e4 00002042 		.word	1109393408
 148 00e8 00004842 		.word	1112014848
 149 00ec 00A08C45 		.word	1166843904
 150 00f0 CDCC4C3F 		.word	1061997773
 151 00f4 00007A45 		.word	1165623296
 152 00f8 00000000 		.word	g_yaw
 153 00fc 00000000 		.word	g_pitch
 154 0100 0000C842 		.word	1120403456
 155 0104 00C0DA46 		.word	1188741120
 156              		.cfi_endproc
ARM GAS  /var/folders/sg/pxk9dyzj7jz_x3889hx3b3dw0000gn/T//ccd9mi5J.s 			page 5


 157              	.LFE142:
 159              		.section	.text.Gimbal_Ctrl_Loop,"ax",%progbits
 160              		.align	1
 161              		.global	Gimbal_Ctrl_Loop
 162              		.syntax unified
 163              		.thumb
 164              		.thumb_func
 166              	Gimbal_Ctrl_Loop:
 167              	.LFB143:
  74:Swerve-Standard/src/gimbal_task.c **** 
  75:Swerve-Standard/src/gimbal_task.c **** void Gimbal_Ctrl_Loop()
  76:Swerve-Standard/src/gimbal_task.c **** {
 168              		.loc 1 76 1 is_stmt 1 view -0
 169              		.cfi_startproc
 170              		@ args = 0, pretend = 0, frame = 0
 171              		@ frame_needed = 0, uses_anonymous_args = 0
 172 0000 D0B5     		push	{r4, r6, r7, lr}
 173              	.LCFI3:
 174              		.cfi_def_cfa_offset 16
 175              		.cfi_offset 4, -16
 176              		.cfi_offset 6, -12
 177              		.cfi_offset 7, -8
 178              		.cfi_offset 14, -4
 179 0002 2DED028B 		vpush.64	{d8}
 180              	.LCFI4:
 181              		.cfi_def_cfa_offset 24
 182              		.cfi_offset 80, -24
 183              		.cfi_offset 81, -20
  77:Swerve-Standard/src/gimbal_task.c **** 
  78:Swerve-Standard/src/gimbal_task.c ****     if (g_robot_state.launch.IS_AUTO_AIMING_ENABLED) {
 184              		.loc 1 78 5 view .LVU13
 185              		.loc 1 78 29 is_stmt 0 view .LVU14
 186 0006 544B     		ldr	r3, .L15+24
 187 0008 93F82D30 		ldrb	r3, [r3, #45]	@ zero_extendqisi2
 188              		.loc 1 78 8 view .LVU15
 189 000c 002B     		cmp	r3, #0
 190 000e 5FD0     		beq	.L6
  79:Swerve-Standard/src/gimbal_task.c ****         if (g_orin_data.receiving.auto_aiming.yaw != 0 || g_orin_data.receiving.auto_aiming.pitch !
 191              		.loc 1 79 9 is_stmt 1 view .LVU16
 192              		.loc 1 79 46 is_stmt 0 view .LVU17
 193 0010 524B     		ldr	r3, .L15+28
 194 0012 93ED207A 		vldr.32	s14, [r3, #128]
 195              		.loc 1 79 12 view .LVU18
 196 0016 B5EE407A 		vcmp.f32	s14, #0
 197 001a F1EE10FA 		vmrs	APSR_nzcv, FPSCR
 198 001e 06D1     		bne	.L7
 199              		.loc 1 79 92 discriminator 1 view .LVU19
 200 0020 D3ED217A 		vldr.32	s15, [r3, #132]
 201              		.loc 1 79 56 discriminator 1 view .LVU20
 202 0024 F5EE407A 		vcmp.f32	s15, #0
 203 0028 F1EE10FA 		vmrs	APSR_nzcv, FPSCR
 204 002c 50D0     		beq	.L6
 205              	.L7:
 206              	.LBB2:
  80:Swerve-Standard/src/gimbal_task.c ****         {
  81:Swerve-Standard/src/gimbal_task.c ****             float imu_yaw_delta = g_imu.rad.yaw + g_orin_data.receiving.auto_aiming.yaw / 180.0f * 
 207              		.loc 1 81 13 is_stmt 1 view .LVU21
ARM GAS  /var/folders/sg/pxk9dyzj7jz_x3889hx3b3dw0000gn/T//ccd9mi5J.s 			page 6


 208              		.loc 1 81 44 is_stmt 0 view .LVU22
 209 002e 4C4B     		ldr	r3, .L15+32
 210 0030 D3ED118A 		vldr.32	s17, [r3, #68]
 211              		.loc 1 81 89 view .LVU23
 212 0034 DFED4B6A 		vldr.32	s13, .L15+36
 213 0038 C7EE267A 		vdiv.f32	s15, s14, s13
 214              		.loc 1 81 98 view .LVU24
 215 003c 9FED4A7A 		vldr.32	s14, .L15+40
 216 0040 67EE877A 		vmul.f32	s15, s15, s14
 217              		.loc 1 81 19 view .LVU25
 218 0044 78EEA78A 		vadd.f32	s17, s17, s15
 219              	.LVL4:
  82:Swerve-Standard/src/gimbal_task.c ****             float imu_pitch_delta = g_imu.rad.pitch + g_orin_data.receiving.auto_aiming.pitch / 180
 220              		.loc 1 82 13 is_stmt 1 view .LVU26
 221              		.loc 1 82 46 is_stmt 0 view .LVU27
 222 0048 93ED128A 		vldr.32	s16, [r3, #72]
 223              		.loc 1 82 88 view .LVU28
 224 004c 434B     		ldr	r3, .L15+28
 225 004e 93ED216A 		vldr.32	s12, [r3, #132]
 226              		.loc 1 82 95 view .LVU29
 227 0052 C6EE267A 		vdiv.f32	s15, s12, s13
 228              		.loc 1 82 104 view .LVU30
 229 0056 67EE877A 		vmul.f32	s15, s15, s14
 230              		.loc 1 82 19 view .LVU31
 231 005a 38EE278A 		vadd.f32	s16, s16, s15
 232              	.LVL5:
  83:Swerve-Standard/src/gimbal_task.c ****             __SLEW_RATE_LIMIT(g_robot_state.gimbal.yaw_angle, imu_yaw_delta, 0.2);
 233              		.loc 1 83 13 is_stmt 1 view .LVU32
 234 005e 3E4C     		ldr	r4, .L15+24
 235 0060 A06A     		ldr	r0, [r4, #40]	@ float
 236 0062 FFF7FEFF 		bl	__aeabi_f2d
 237              	.LVL6:
 238 0066 36A3     		adr	r3, .L15
 239 0068 D3E90023 		ldrd	r2, [r3]
 240 006c FFF7FEFF 		bl	__aeabi_dmul
 241              	.LVL7:
 242 0070 0646     		mov	r6, r0
 243 0072 0F46     		mov	r7, r1
 244 0074 18EE900A 		vmov	r0, s17
 245 0078 FFF7FEFF 		bl	__aeabi_f2d
 246              	.LVL8:
 247 007c 32A3     		adr	r3, .L15+8
 248 007e D3E90023 		ldrd	r2, [r3]
 249 0082 FFF7FEFF 		bl	__aeabi_dmul
 250              	.LVL9:
 251 0086 0246     		mov	r2, r0
 252 0088 0B46     		mov	r3, r1
 253 008a 3046     		mov	r0, r6
 254 008c 3946     		mov	r1, r7
 255 008e FFF7FEFF 		bl	__aeabi_dadd
 256              	.LVL10:
 257 0092 FFF7FEFF 		bl	__aeabi_d2f
 258              	.LVL11:
 259 0096 A062     		str	r0, [r4, #40]	@ float
  84:Swerve-Standard/src/gimbal_task.c ****             __SLEW_RATE_LIMIT(g_robot_state.gimbal.pitch_angle, imu_pitch_delta, 0.2);
 260              		.loc 1 84 13 view .LVU33
 261 0098 606A     		ldr	r0, [r4, #36]	@ float
ARM GAS  /var/folders/sg/pxk9dyzj7jz_x3889hx3b3dw0000gn/T//ccd9mi5J.s 			page 7


 262 009a FFF7FEFF 		bl	__aeabi_f2d
 263              	.LVL12:
 264 009e 28A3     		adr	r3, .L15
 265 00a0 D3E90023 		ldrd	r2, [r3]
 266 00a4 FFF7FEFF 		bl	__aeabi_dmul
 267              	.LVL13:
 268 00a8 0646     		mov	r6, r0
 269 00aa 0F46     		mov	r7, r1
 270 00ac 18EE100A 		vmov	r0, s16
 271 00b0 FFF7FEFF 		bl	__aeabi_f2d
 272              	.LVL14:
 273 00b4 24A3     		adr	r3, .L15+8
 274 00b6 D3E90023 		ldrd	r2, [r3]
 275 00ba FFF7FEFF 		bl	__aeabi_dmul
 276              	.LVL15:
 277 00be 0246     		mov	r2, r0
 278 00c0 0B46     		mov	r3, r1
 279 00c2 3046     		mov	r0, r6
 280 00c4 3946     		mov	r1, r7
 281 00c6 FFF7FEFF 		bl	__aeabi_dadd
 282              	.LVL16:
 283 00ca FFF7FEFF 		bl	__aeabi_d2f
 284              	.LVL17:
 285 00ce 6062     		str	r0, [r4, #36]	@ float
 286              	.LVL18:
 287              	.L6:
 288              		.loc 1 84 13 is_stmt 0 view .LVU34
 289              	.LBE2:
  85:Swerve-Standard/src/gimbal_task.c ****         }
  86:Swerve-Standard/src/gimbal_task.c ****     }
  87:Swerve-Standard/src/gimbal_task.c **** 
  88:Swerve-Standard/src/gimbal_task.c ****     // hardware limits for gimbal pitch (prevent self collision)
  89:Swerve-Standard/src/gimbal_task.c ****     g_robot_state.gimbal.yaw_angle = fmod(g_robot_state.gimbal.yaw_angle, 2 * PI);
 290              		.loc 1 89 5 is_stmt 1 view .LVU35
 291              		.loc 1 89 63 is_stmt 0 view .LVU36
 292 00d0 214C     		ldr	r4, .L15+24
 293              		.loc 1 89 38 view .LVU37
 294 00d2 A06A     		ldr	r0, [r4, #40]	@ float
 295 00d4 FFF7FEFF 		bl	__aeabi_f2d
 296              	.LVL19:
 297 00d8 9FED1D1B 		vldr.64	d1, .L15+16
 298 00dc 41EC100B 		vmov	d0, r0, r1
 299 00e0 FFF7FEFF 		bl	fmod
 300              	.LVL20:
 301 00e4 51EC100B 		vmov	r0, r1, d0
 302              		.loc 1 89 38 discriminator 1 view .LVU38
 303 00e8 FFF7FEFF 		bl	__aeabi_d2f
 304              	.LVL21:
 305              		.loc 1 89 36 discriminator 1 view .LVU39
 306 00ec A062     		str	r0, [r4, #40]	@ float
  90:Swerve-Standard/src/gimbal_task.c ****     __MAX_LIMIT(g_robot_state.gimbal.pitch_angle, -0.4f, 0.4f);
 307              		.loc 1 90 5 is_stmt 1 view .LVU40
 308              		.loc 1 90 5 view .LVU41
 309 00ee 94ED090A 		vldr.32	s0, [r4, #36]
 310 00f2 DFED1E7A 		vldr.32	s15, .L15+44
 311 00f6 B4EEE70A 		vcmpe.f32	s0, s15
 312 00fa F1EE10FA 		vmrs	APSR_nzcv, FPSCR
ARM GAS  /var/folders/sg/pxk9dyzj7jz_x3889hx3b3dw0000gn/T//ccd9mi5J.s 			page 8


 313 00fe 01DD     		ble	.L8
 314              		.loc 1 90 5 is_stmt 0 discriminator 1 view .LVU42
 315 0100 B0EE670A 		vmov.f32	s0, s15
 316              	.L8:
 317              		.loc 1 90 5 discriminator 4 view .LVU43
 318 0104 144B     		ldr	r3, .L15+24
 319 0106 83ED090A 		vstr.32	s0, [r3, #36]
 320              		.loc 1 90 5 is_stmt 1 view .LVU44
 321              		.loc 1 90 5 is_stmt 0 discriminator 4 view .LVU45
 322 010a DFED197A 		vldr.32	s15, .L15+48
 323 010e B4EEE70A 		vcmpe.f32	s0, s15
 324 0112 F1EE10FA 		vmrs	APSR_nzcv, FPSCR
 325 0116 01D5     		bpl	.L10
 326              		.loc 1 90 5 discriminator 5 view .LVU46
 327 0118 B0EE670A 		vmov.f32	s0, s15
 328              	.L10:
 329              		.loc 1 90 5 discriminator 8 view .LVU47
 330 011c 0E4C     		ldr	r4, .L15+24
 331 011e 84ED090A 		vstr.32	s0, [r4, #36]
 332              		.loc 1 90 5 is_stmt 1 view .LVU48
 333              		.loc 1 90 63 view .LVU49
  91:Swerve-Standard/src/gimbal_task.c **** 
  92:Swerve-Standard/src/gimbal_task.c ****     // Control loop for gimbal
  93:Swerve-Standard/src/gimbal_task.c ****     DJI_Motor_Set_Angle(g_pitch, g_robot_state.gimbal.pitch_angle);
 334              		.loc 1 93 5 view .LVU50
 335 0122 144B     		ldr	r3, .L15+52
 336 0124 1868     		ldr	r0, [r3]
 337 0126 FFF7FEFF 		bl	DJI_Motor_Set_Angle
 338              	.LVL22:
  94:Swerve-Standard/src/gimbal_task.c ****     DJI_Motor_Set_Angle(g_yaw, g_robot_state.gimbal.yaw_angle);
 339              		.loc 1 94 5 view .LVU51
 340 012a 94ED0A0A 		vldr.32	s0, [r4, #40]
 341 012e 124B     		ldr	r3, .L15+56
 342 0130 1868     		ldr	r0, [r3]
 343 0132 FFF7FEFF 		bl	DJI_Motor_Set_Angle
 344              	.LVL23:
  95:Swerve-Standard/src/gimbal_task.c **** }
 345              		.loc 1 95 1 is_stmt 0 view .LVU52
 346 0136 BDEC028B 		vldm	sp!, {d8}
 347              	.LCFI5:
 348              		.cfi_restore 80
 349              		.cfi_restore 81
 350              		.cfi_def_cfa_offset 16
 351 013a D0BD     		pop	{r4, r6, r7, pc}
 352              	.L16:
 353 013c AFF30080 		.align	3
 354              	.L15:
 355 0140 9A999999 		.word	-1717986918
 356 0144 9999E93F 		.word	1072273817
 357 0148 9A999999 		.word	-1717986918
 358 014c 9999C93F 		.word	1070176665
 359 0150 00000040 		.word	1073741824
 360 0154 FB211940 		.word	1075388923
 361 0158 00000000 		.word	g_robot_state
 362 015c 00000000 		.word	g_orin_data
 363 0160 00000000 		.word	g_imu
 364 0164 00003443 		.word	1127481344
ARM GAS  /var/folders/sg/pxk9dyzj7jz_x3889hx3b3dw0000gn/T//ccd9mi5J.s 			page 9


 365 0168 DA0F4940 		.word	1078530010
 366 016c CDCCCC3E 		.word	1053609165
 367 0170 CDCCCCBE 		.word	-1093874483
 368 0174 00000000 		.word	g_pitch
 369 0178 00000000 		.word	g_yaw
 370              		.cfi_endproc
 371              	.LFE143:
 373              		.global	g_pitch
 374              		.section	.bss.g_pitch,"aw",%nobits
 375              		.align	2
 378              	g_pitch:
 379 0000 00000000 		.space	4
 380              		.global	g_yaw
 381              		.section	.bss.g_yaw,"aw",%nobits
 382              		.align	2
 385              	g_yaw:
 386 0000 00000000 		.space	4
 387              		.text
 388              	.Letext0:
 389              		.file 2 "/Applications/ArmGNUToolchain/14.3.rel1/arm-none-eabi/arm-none-eabi/include/machine/_defa
 390              		.file 3 "/Applications/ArmGNUToolchain/14.3.rel1/arm-none-eabi/arm-none-eabi/include/sys/_stdint.h
 391              		.file 4 "Swerve-Standard/inc/robot.h"
 392              		.file 5 "control-base/algo/inc/pid.h"
 393              		.file 6 "control-base/devices/inc/motor.h"
 394              		.file 7 "control-base/devices/inc/dji_motor.h"
 395              		.file 8 "control-base/devices/inc/bmi088driver.h"
 396              		.file 9 "control-base/devices/inc/ist8310driver.h"
 397              		.file 10 "control-base/devices/inc/imu_task.h"
 398              		.file 11 "control-base/devices/inc/jetson_orin.h"
 399              		.file 12 "/Applications/ArmGNUToolchain/14.3.rel1/arm-none-eabi/arm-none-eabi/include/math.h"
 400              		.file 13 "<built-in>"
ARM GAS  /var/folders/sg/pxk9dyzj7jz_x3889hx3b3dw0000gn/T//ccd9mi5J.s 			page 10


DEFINED SYMBOLS
                            *ABS*:00000000 gimbal_task.c
/var/folders/sg/pxk9dyzj7jz_x3889hx3b3dw0000gn/T//ccd9mi5J.s:21     .text.Gimbal_Task_Init:00000000 $t
/var/folders/sg/pxk9dyzj7jz_x3889hx3b3dw0000gn/T//ccd9mi5J.s:27     .text.Gimbal_Task_Init:00000000 Gimbal_Task_Init
/var/folders/sg/pxk9dyzj7jz_x3889hx3b3dw0000gn/T//ccd9mi5J.s:143    .text.Gimbal_Task_Init:000000d4 $d
/var/folders/sg/pxk9dyzj7jz_x3889hx3b3dw0000gn/T//ccd9mi5J.s:385    .bss.g_yaw:00000000 g_yaw
/var/folders/sg/pxk9dyzj7jz_x3889hx3b3dw0000gn/T//ccd9mi5J.s:378    .bss.g_pitch:00000000 g_pitch
/var/folders/sg/pxk9dyzj7jz_x3889hx3b3dw0000gn/T//ccd9mi5J.s:160    .text.Gimbal_Ctrl_Loop:00000000 $t
/var/folders/sg/pxk9dyzj7jz_x3889hx3b3dw0000gn/T//ccd9mi5J.s:166    .text.Gimbal_Ctrl_Loop:00000000 Gimbal_Ctrl_Loop
/var/folders/sg/pxk9dyzj7jz_x3889hx3b3dw0000gn/T//ccd9mi5J.s:355    .text.Gimbal_Ctrl_Loop:00000140 $d
/var/folders/sg/pxk9dyzj7jz_x3889hx3b3dw0000gn/T//ccd9mi5J.s:375    .bss.g_pitch:00000000 $d
/var/folders/sg/pxk9dyzj7jz_x3889hx3b3dw0000gn/T//ccd9mi5J.s:382    .bss.g_yaw:00000000 $d

UNDEFINED SYMBOLS
memset
DJI_Motor_Init
g_imu
__aeabi_f2d
__aeabi_dmul
__aeabi_dadd
__aeabi_d2f
fmod
DJI_Motor_Set_Angle
g_robot_state
g_orin_data
