ARM GAS  /var/folders/sg/pxk9dyzj7jz_x3889hx3b3dw0000gn/T//ccZMGsOM.s 			page 1


   1              		.cpu cortex-m4
   2              		.arch armv7e-m
   3              		.fpu fpv4-sp-d16
   4              		.eabi_attribute 27, 1
   5              		.eabi_attribute 28, 1
   6              		.eabi_attribute 20, 1
   7              		.eabi_attribute 21, 1
   8              		.eabi_attribute 23, 3
   9              		.eabi_attribute 24, 1
  10              		.eabi_attribute 25, 1
  11              		.eabi_attribute 26, 1
  12              		.eabi_attribute 30, 1
  13              		.eabi_attribute 34, 1
  14              		.eabi_attribute 18, 4
  15              		.file	"motor_task.c"
  16              		.text
  17              	.Ltext0:
  18              		.cfi_sections	.debug_frame
  19              		.file 1 "Swerve-Standard/src/motor_task.c"
  20              		.section	.text.Motor_Task_Loop,"ax",%progbits
  21              		.align	1
  22              		.global	Motor_Task_Loop
  23              		.syntax unified
  24              		.thumb
  25              		.thumb_func
  27              	Motor_Task_Loop:
  28              	.LFB142:
   1:Swerve-Standard/src/motor_task.c **** #include "motor_task.h"
   2:Swerve-Standard/src/motor_task.c **** #include "dji_motor.h"
   3:Swerve-Standard/src/motor_task.c **** // #include "dm_motor.h"
   4:Swerve-Standard/src/motor_task.c **** // #include "mf_motor.h"
   5:Swerve-Standard/src/motor_task.c **** #include "supercap.h"
   6:Swerve-Standard/src/motor_task.c **** 
   7:Swerve-Standard/src/motor_task.c **** extern Supercap_t g_supercap;
   8:Swerve-Standard/src/motor_task.c **** 
   9:Swerve-Standard/src/motor_task.c **** void Motor_Task_Loop() {
  29              		.loc 1 9 24 view -0
  30              		.cfi_startproc
  31              		@ args = 0, pretend = 0, frame = 0
  32              		@ frame_needed = 0, uses_anonymous_args = 0
  33 0000 08B5     		push	{r3, lr}
  34              	.LCFI0:
  35              		.cfi_def_cfa_offset 8
  36              		.cfi_offset 3, -8
  37              		.cfi_offset 14, -4
  10:Swerve-Standard/src/motor_task.c ****     DJI_Motor_Send();
  38              		.loc 1 10 5 view .LVU1
  39 0002 FFF7FEFF 		bl	DJI_Motor_Send
  40              	.LVL0:
  11:Swerve-Standard/src/motor_task.c ****     // MF_Motor_Send();
  12:Swerve-Standard/src/motor_task.c ****     // DM_Motor_Send();
  13:Swerve-Standard/src/motor_task.c ****     Supercap_Send();
  41              		.loc 1 13 5 view .LVU2
  42 0006 FFF7FEFF 		bl	Supercap_Send
  43              	.LVL1:
  14:Swerve-Standard/src/motor_task.c **** }
  44              		.loc 1 14 1 is_stmt 0 view .LVU3
ARM GAS  /var/folders/sg/pxk9dyzj7jz_x3889hx3b3dw0000gn/T//ccZMGsOM.s 			page 2


  45 000a 08BD     		pop	{r3, pc}
  46              		.cfi_endproc
  47              	.LFE142:
  49              		.text
  50              	.Letext0:
  51              		.file 2 "control-base/devices/inc/supercap.h"
  52              		.file 3 "control-base/devices/inc/dji_motor.h"
ARM GAS  /var/folders/sg/pxk9dyzj7jz_x3889hx3b3dw0000gn/T//ccZMGsOM.s 			page 3


DEFINED SYMBOLS
                            *ABS*:00000000 motor_task.c
/var/folders/sg/pxk9dyzj7jz_x3889hx3b3dw0000gn/T//ccZMGsOM.s:21     .text.Motor_Task_Loop:00000000 $t
/var/folders/sg/pxk9dyzj7jz_x3889hx3b3dw0000gn/T//ccZMGsOM.s:27     .text.Motor_Task_Loop:00000000 Motor_Task_Loop

UNDEFINED SYMBOLS
DJI_Motor_Send
Supercap_Send
