ARM GAS  /var/folders/sg/pxk9dyzj7jz_x3889hx3b3dw0000gn/T//cckCPQlN.s 			page 1


   1              		.cpu cortex-m4
   2              		.arch armv7e-m
   3              		.fpu fpv4-sp-d16
   4              		.eabi_attribute 27, 1
   5              		.eabi_attribute 28, 1
   6              		.eabi_attribute 20, 1
   7              		.eabi_attribute 21, 1
   8              		.eabi_attribute 23, 3
   9              		.eabi_attribute 24, 1
  10              		.eabi_attribute 25, 1
  11              		.eabi_attribute 26, 1
  12              		.eabi_attribute 30, 1
  13              		.eabi_attribute 34, 1
  14              		.eabi_attribute 18, 4
  15              		.file	"wheel_legged_2d_lqr.c"
  16              		.text
  17              	.Ltext0:
  18              		.cfi_sections	.debug_frame
  19              		.file 1 "control-base/algo/src/wheel_legged_2d_lqr.c"
  20              		.section	.text.LQR_Output,"ax",%progbits
  21              		.align	1
  22              		.global	LQR_Output
  23              		.syntax unified
  24              		.thumb
  25              		.thumb_func
  27              	LQR_Output:
  28              	.LVL0:
  29              	.LFB0:
   1:control-base/algo/src/wheel_legged_2d_lqr.c **** #include "wheel_legged_2d_Lqr.h"
   2:control-base/algo/src/wheel_legged_2d_lqr.c **** #include <stdint.h>
   3:control-base/algo/src/wheel_legged_2d_lqr.c **** #include "robot.h"
   4:control-base/algo/src/wheel_legged_2d_lqr.c **** #define LQR11 (-9.0381f)
   5:control-base/algo/src/wheel_legged_2d_lqr.c **** #define LQR12 (-0.8002f)
   6:control-base/algo/src/wheel_legged_2d_lqr.c **** #define LQR13 (-1.5454f)
   7:control-base/algo/src/wheel_legged_2d_lqr.c **** #define LQR14 (-1.8952f)
   8:control-base/algo/src/wheel_legged_2d_lqr.c **** #define LQR15 (7.0606f)
   9:control-base/algo/src/wheel_legged_2d_lqr.c **** #define LQR16 (0.8181f)
  10:control-base/algo/src/wheel_legged_2d_lqr.c **** #define LQR21 (29.8781f)
  11:control-base/algo/src/wheel_legged_2d_lqr.c **** #define LQR22 (3.7447f)
  12:control-base/algo/src/wheel_legged_2d_lqr.c **** #define LQR23 (11.3292f)
  13:control-base/algo/src/wheel_legged_2d_lqr.c **** #define LQR24 (12.9867f)
  14:control-base/algo/src/wheel_legged_2d_lqr.c **** #define LQR25 (25.9207f)
  15:control-base/algo/src/wheel_legged_2d_lqr.c **** #define LQR26 (0.8019f)
  16:control-base/algo/src/wheel_legged_2d_lqr.c **** 
  17:control-base/algo/src/wheel_legged_2d_lqr.c **** #define OPENSOURCE_COORDINATE
  18:control-base/algo/src/wheel_legged_2d_lqr.c **** //    Q=diag([0.1 0.1 100 50 5000 1]);
  19:control-base/algo/src/wheel_legged_2d_lqr.c **** //    R=diag([150 5]);  
  20:control-base/algo/src/wheel_legged_2d_lqr.c **** // float lqr_poly_fit_param[12][4] = 
  21:control-base/algo/src/wheel_legged_2d_lqr.c **** // {{-146.8397,178.1973,-83.7881,2.8443},
  22:control-base/algo/src/wheel_legged_2d_lqr.c **** // {8.5304,-3.7974,-3.5802,0.2173},
  23:control-base/algo/src/wheel_legged_2d_lqr.c **** // {-40.5217,39.2950,-13.5266,0.9230},
  24:control-base/algo/src/wheel_legged_2d_lqr.c **** // {-57.9757,56.6803,-19.9446,1.3387},
  25:control-base/algo/src/wheel_legged_2d_lqr.c **** // {195.0357,-122.9509,9.7593,6.2244},
  26:control-base/algo/src/wheel_legged_2d_lqr.c **** // {28.3143,-20.0813,3.1549,0.5661},
  27:control-base/algo/src/wheel_legged_2d_lqr.c **** // {1473.2038,-1142.9067,247.5109,5.8574},
  28:control-base/algo/src/wheel_legged_2d_lqr.c **** // {105.5269,-94.7226,27.2942,-0.5018},
  29:control-base/algo/src/wheel_legged_2d_lqr.c **** // {135.5466,-83.0411,4.9135,4.6654},
ARM GAS  /var/folders/sg/pxk9dyzj7jz_x3889hx3b3dw0000gn/T//cckCPQlN.s 			page 2


  30:control-base/algo/src/wheel_legged_2d_lqr.c **** // {206.4120,-129.2789,9.6747,6.7037},
  31:control-base/algo/src/wheel_legged_2d_lqr.c **** // {1603.1755,-1567.6944,545.5435,-38.7507},
  32:control-base/algo/src/wheel_legged_2d_lqr.c **** // {130.3261,-137.4586,52.2075,-5.0431}};
  33:control-base/algo/src/wheel_legged_2d_lqr.c **** 
  34:control-base/algo/src/wheel_legged_2d_lqr.c **** // Q=diag([0.1 0.1 100 50 5000 1]);
  35:control-base/algo/src/wheel_legged_2d_lqr.c **** // R=[150 0;0 5];
  36:control-base/algo/src/wheel_legged_2d_lqr.c **** // float lqr_poly_fit_param[12][4] = 
  37:control-base/algo/src/wheel_legged_2d_lqr.c **** // {{-135.3453,158.9821,-75.0086,2.0930},
  38:control-base/algo/src/wheel_legged_2d_lqr.c **** // {4.8803,-1.4456,-3.8973,0.1909},
  39:control-base/algo/src/wheel_legged_2d_lqr.c **** // {-37.5561,35.2304,-11.7066,0.6412},
  40:control-base/algo/src/wheel_legged_2d_lqr.c **** // {-54.4328,51.3769,-17.4431,0.9291},
  41:control-base/algo/src/wheel_legged_2d_lqr.c **** // {138.9470,-77.9373,-2.4892,7.9823},
  42:control-base/algo/src/wheel_legged_2d_lqr.c **** // {21.5725,-14.9521,2.0154,0.6933},
  43:control-base/algo/src/wheel_legged_2d_lqr.c **** // {1117.0967,-875.1741,193.5456,7.1032},
  44:control-base/algo/src/wheel_legged_2d_lqr.c **** // {85.3890,-76.2583,21.8655,-0.1857},
  45:control-base/algo/src/wheel_legged_2d_lqr.c **** // {65.3828,-28.1241,-8.2274,5.3604},
  46:control-base/algo/src/wheel_legged_2d_lqr.c **** // {103.0676,-47.8553,-10.0767,7.8005},
  47:control-base/algo/src/wheel_legged_2d_lqr.c **** // {1622.2835,-1555.2473,533.1584,-34.9396},
  48:control-base/algo/src/wheel_legged_2d_lqr.c **** // {129.6584,-132.4556,49.3328,-4.6592}};
  49:control-base/algo/src/wheel_legged_2d_lqr.c **** 
  50:control-base/algo/src/wheel_legged_2d_lqr.c **** 
  51:control-base/algo/src/wheel_legged_2d_lqr.c **** //    Q=diag([0.1 0.1 100 500 5000 1]);
  52:control-base/algo/src/wheel_legged_2d_lqr.c **** //    R=[150 0;0 5];
  53:control-base/algo/src/wheel_legged_2d_lqr.c **** // float lqr_poly_fit_param[12][4] = 
  54:control-base/algo/src/wheel_legged_2d_lqr.c **** // {{-75.0118,112.1647,-70.4753,1.8061},
  55:control-base/algo/src/wheel_legged_2d_lqr.c **** // {12.9513,-8.7708,-3.6872,0.1924},
  56:control-base/algo/src/wheel_legged_2d_lqr.c **** // {-26.5521,26.3310,-9.4944,0.5264},
  57:control-base/algo/src/wheel_legged_2d_lqr.c **** // {-68.3177,68.2261,-25.1308,1.3668},
  58:control-base/algo/src/wheel_legged_2d_lqr.c **** // {130.5731,-82.6278,3.4079,7.5875},
  59:control-base/algo/src/wheel_legged_2d_lqr.c **** // {18.2980,-13.4825,2.1852,0.6954},
  60:control-base/algo/src/wheel_legged_2d_lqr.c **** // {1191.5062,-1006.2760,259.2660,5.5796},
  61:control-base/algo/src/wheel_legged_2d_lqr.c **** // {96.2733,-95.5380,33.4083,-0.3565},
  62:control-base/algo/src/wheel_legged_2d_lqr.c **** // {65.3363,-35.3815,-3.4411,4.9918},
  63:control-base/algo/src/wheel_legged_2d_lqr.c **** // {179.6229,-101.0996,-6.1644,13.0344},
  64:control-base/algo/src/wheel_legged_2d_lqr.c **** // {1158.9919,-1180.8042,442.3189,-31.6758},
  65:control-base/algo/src/wheel_legged_2d_lqr.c **** // {93.3741,-102.2150,41.9548,-4.6102}};
  66:control-base/algo/src/wheel_legged_2d_lqr.c **** 
  67:control-base/algo/src/wheel_legged_2d_lqr.c **** 
  68:control-base/algo/src/wheel_legged_2d_lqr.c **** //    Q=diag([0.1 0.1 100 1600 5000 1]);
  69:control-base/algo/src/wheel_legged_2d_lqr.c **** //    R=[100 0;0 5];
  70:control-base/algo/src/wheel_legged_2d_lqr.c **** 
  71:control-base/algo/src/wheel_legged_2d_lqr.c **** extern Robot_State_t g_robot_state;
  72:control-base/algo/src/wheel_legged_2d_lqr.c **** float lqr_poly_fit_param[12][4] = 
  73:control-base/algo/src/wheel_legged_2d_lqr.c **** {{-40.4426,92.2805,-83.0307,1.9406},
  74:control-base/algo/src/wheel_legged_2d_lqr.c **** {22.7498,-17.8524,-5.2327,0.2516},
  75:control-base/algo/src/wheel_legged_2d_lqr.c **** {-25.5025,25.6231,-9.5258,0.4409},
  76:control-base/algo/src/wheel_legged_2d_lqr.c **** {-106.6486,107.8056,-40.8232,1.8520},
  77:control-base/algo/src/wheel_legged_2d_lqr.c **** {115.6430,-73.3241,0.9146,9.4114},
  78:control-base/algo/src/wheel_legged_2d_lqr.c **** {16.9954,-12.9700,2.2799,0.8896},
  79:control-base/algo/src/wheel_legged_2d_lqr.c **** {1188.7971,-1067.5053,309.3857,5.7028},
  80:control-base/algo/src/wheel_legged_2d_lqr.c **** {104.6622,-112.2293,45.3611,-0.3419},
  81:control-base/algo/src/wheel_legged_2d_lqr.c **** {42.0172,-20.5095,-5.3839,4.9969},
  82:control-base/algo/src/wheel_legged_2d_lqr.c **** {187.4530,-96.2940,-19.6252,21.2350},
  83:control-base/algo/src/wheel_legged_2d_lqr.c **** {942.3723,-975.0634,379.1022,-27.2181},
  84:control-base/algo/src/wheel_legged_2d_lqr.c **** {80.8579,-89.0861,37.8765,-4.6313}};
  85:control-base/algo/src/wheel_legged_2d_lqr.c **** void LQR_Output(lqr_u_t *u, lqr_ss_t *state)
  86:control-base/algo/src/wheel_legged_2d_lqr.c **** {
ARM GAS  /var/folders/sg/pxk9dyzj7jz_x3889hx3b3dw0000gn/T//cckCPQlN.s 			page 3


  30              		.loc 1 86 1 view -0
  31              		.cfi_startproc
  32              		@ args = 0, pretend = 0, frame = 0
  33              		@ frame_needed = 0, uses_anonymous_args = 0
  34              		@ link register save eliminated.
  87:control-base/algo/src/wheel_legged_2d_lqr.c **** float len = state->leg_len;
  35              		.loc 1 87 1 view .LVU1
  36              		.loc 1 87 7 is_stmt 0 view .LVU2
  37 0000 D1ED087A 		vldr.32	s15, [r1, #32]
  38              	.LVL1:
  88:control-base/algo/src/wheel_legged_2d_lqr.c **** float len_sqrt = len * len;
  39              		.loc 1 88 1 is_stmt 1 view .LVU3
  40              		.loc 1 88 7 is_stmt 0 view .LVU4
  41 0004 67EEA76A 		vmul.f32	s13, s15, s15
  42              	.LVL2:
  89:control-base/algo/src/wheel_legged_2d_lqr.c **** float len_cub = len * len * len;
  43              		.loc 1 89 1 is_stmt 1 view .LVU5
  44              		.loc 1 89 7 is_stmt 0 view .LVU6
  45 0008 27EEA66A 		vmul.f32	s12, s15, s13
  46              	.LVL3:
  90:control-base/algo/src/wheel_legged_2d_lqr.c **** // if (g_robot_state.spintop_mode){
  91:control-base/algo/src/wheel_legged_2d_lqr.c **** //     u->T_A = (lqr_poly_fit_param[0 ][0] * len_cub + lqr_poly_fit_param[0 ][1] * len_sqrt + lqr_p
  92:control-base/algo/src/wheel_legged_2d_lqr.c **** //              (lqr_poly_fit_param[1 ][0] * len_cub + lqr_poly_fit_param[1 ][1] * len_sqrt + lqr_p
  93:control-base/algo/src/wheel_legged_2d_lqr.c **** //              (lqr_poly_fit_param[2 ][0] * len_cub + lqr_poly_fit_param[2 ][1] * len_sqrt + lqr_p
  94:control-base/algo/src/wheel_legged_2d_lqr.c **** //              (lqr_poly_fit_param[3 ][0] * len_cub + lqr_poly_fit_param[3 ][1] * len_sqrt + lqr_p
  95:control-base/algo/src/wheel_legged_2d_lqr.c **** //              (lqr_poly_fit_param[4 ][0] * len_cub + lqr_poly_fit_param[4 ][1] * len_sqrt + lqr_p
  96:control-base/algo/src/wheel_legged_2d_lqr.c **** //              (lqr_poly_fit_param[5 ][0] * len_cub + lqr_poly_fit_param[5 ][1] * len_sqrt + lqr_p
  97:control-base/algo/src/wheel_legged_2d_lqr.c **** //     u->T_B = (lqr_poly_fit_param[6 ][0] * len_cub + lqr_poly_fit_param[6 ][1] * len_sqrt + lqr_p
  98:control-base/algo/src/wheel_legged_2d_lqr.c **** //              (lqr_poly_fit_param[7 ][0] * len_cub + lqr_poly_fit_param[7 ][1] * len_sqrt + lqr_p
  99:control-base/algo/src/wheel_legged_2d_lqr.c **** //              (lqr_poly_fit_param[8 ][0] * len_cub + lqr_poly_fit_param[8 ][1] * len_sqrt + lqr_p
 100:control-base/algo/src/wheel_legged_2d_lqr.c **** //              (lqr_poly_fit_param[9 ][0] * len_cub + lqr_poly_fit_param[9 ][1] * len_sqrt + lqr_p
 101:control-base/algo/src/wheel_legged_2d_lqr.c **** //              (lqr_poly_fit_param[10][0] * len_cub + lqr_poly_fit_param[10][1] * len_sqrt + lqr_p
 102:control-base/algo/src/wheel_legged_2d_lqr.c **** //              (lqr_poly_fit_param[11][0] * len_cub + lqr_poly_fit_param[11][1] * len_sqrt + lqr_p
 103:control-base/algo/src/wheel_legged_2d_lqr.c **** 
 104:control-base/algo/src/wheel_legged_2d_lqr.c **** // }
 105:control-base/algo/src/wheel_legged_2d_lqr.c **** // else
 106:control-base/algo/src/wheel_legged_2d_lqr.c **** // {
 107:control-base/algo/src/wheel_legged_2d_lqr.c ****     u->T_A = (lqr_poly_fit_param[0 ][0] * len_cub + lqr_poly_fit_param[0 ][1] * len_sqrt + lqr_poly
  47              		.loc 1 107 5 is_stmt 1 view .LVU7
  48              		.loc 1 107 37 is_stmt 0 view .LVU8
  49 000c A44B     		ldr	r3, .L2
  50 000e D3ED005A 		vldr.32	s11, [r3]
  51              		.loc 1 107 41 view .LVU9
  52 0012 65EE865A 		vmul.f32	s11, s11, s12
  53              		.loc 1 107 75 view .LVU10
  54 0016 93ED017A 		vldr.32	s14, [r3, #4]
  55              		.loc 1 107 79 view .LVU11
  56 001a 27EE267A 		vmul.f32	s14, s14, s13
  57              		.loc 1 107 51 view .LVU12
  58 001e 75EE875A 		vadd.f32	s11, s11, s14
  59              		.loc 1 107 114 view .LVU13
  60 0022 93ED027A 		vldr.32	s14, [r3, #8]
  61              		.loc 1 107 118 view .LVU14
  62 0026 27EE277A 		vmul.f32	s14, s14, s15
  63              		.loc 1 107 90 view .LVU15
  64 002a 75EE875A 		vadd.f32	s11, s11, s14
  65              		.loc 1 107 148 view .LVU16
ARM GAS  /var/folders/sg/pxk9dyzj7jz_x3889hx3b3dw0000gn/T//cckCPQlN.s 			page 4


  66 002e 93ED037A 		vldr.32	s14, [r3, #12]
  67              		.loc 1 107 124 view .LVU17
  68 0032 75EE875A 		vadd.f32	s11, s11, s14
  69              		.loc 1 107 161 view .LVU18
  70 0036 91ED047A 		vldr.32	s14, [r1, #16]
  71              		.loc 1 107 153 view .LVU19
  72 003a 27EE657A 		vnmul.f32	s14, s14, s11
 108:control-base/algo/src/wheel_legged_2d_lqr.c ****              (lqr_poly_fit_param[1 ][0] * len_cub + lqr_poly_fit_param[1 ][1] * len_sqrt + lqr_poly
  73              		.loc 1 108 37 view .LVU20
  74 003e D3ED045A 		vldr.32	s11, [r3, #16]
  75              		.loc 1 108 41 view .LVU21
  76 0042 65EE865A 		vmul.f32	s11, s11, s12
  77              		.loc 1 108 75 view .LVU22
  78 0046 93ED055A 		vldr.32	s10, [r3, #20]
  79              		.loc 1 108 79 view .LVU23
  80 004a 25EE265A 		vmul.f32	s10, s10, s13
  81              		.loc 1 108 51 view .LVU24
  82 004e 75EE855A 		vadd.f32	s11, s11, s10
  83              		.loc 1 108 114 view .LVU25
  84 0052 93ED065A 		vldr.32	s10, [r3, #24]
  85              		.loc 1 108 118 view .LVU26
  86 0056 25EE275A 		vmul.f32	s10, s10, s15
  87              		.loc 1 108 90 view .LVU27
  88 005a 75EE855A 		vadd.f32	s11, s11, s10
  89              		.loc 1 108 148 view .LVU28
  90 005e 93ED075A 		vldr.32	s10, [r3, #28]
  91              		.loc 1 108 124 view .LVU29
  92 0062 75EE855A 		vadd.f32	s11, s11, s10
  93              		.loc 1 108 161 view .LVU30
  94 0066 91ED055A 		vldr.32	s10, [r1, #20]
  95              		.loc 1 108 153 view .LVU31
  96 006a 65EE655A 		vnmul.f32	s11, s10, s11
 107:control-base/algo/src/wheel_legged_2d_lqr.c ****              (lqr_poly_fit_param[1 ][0] * len_cub + lqr_poly_fit_param[1 ][1] * len_sqrt + lqr_poly
  97              		.loc 1 107 169 view .LVU32
  98 006e 37EE257A 		vadd.f32	s14, s14, s11
 109:control-base/algo/src/wheel_legged_2d_lqr.c ****              (lqr_poly_fit_param[2 ][0] * len_cub + lqr_poly_fit_param[2 ][1] * len_sqrt + lqr_poly
  99              		.loc 1 109 37 view .LVU33
 100 0072 D3ED085A 		vldr.32	s11, [r3, #32]
 101              		.loc 1 109 41 view .LVU34
 102 0076 65EE865A 		vmul.f32	s11, s11, s12
 103              		.loc 1 109 75 view .LVU35
 104 007a 93ED095A 		vldr.32	s10, [r3, #36]
 105              		.loc 1 109 79 view .LVU36
 106 007e 25EE265A 		vmul.f32	s10, s10, s13
 107              		.loc 1 109 51 view .LVU37
 108 0082 75EE855A 		vadd.f32	s11, s11, s10
 109              		.loc 1 109 114 view .LVU38
 110 0086 93ED0A5A 		vldr.32	s10, [r3, #40]
 111              		.loc 1 109 118 view .LVU39
 112 008a 25EE275A 		vmul.f32	s10, s10, s15
 113              		.loc 1 109 90 view .LVU40
 114 008e 75EE855A 		vadd.f32	s11, s11, s10
 115              		.loc 1 109 148 view .LVU41
 116 0092 93ED0B5A 		vldr.32	s10, [r3, #44]
 117              		.loc 1 109 124 view .LVU42
 118 0096 75EE855A 		vadd.f32	s11, s11, s10
 119              		.loc 1 109 161 view .LVU43
ARM GAS  /var/folders/sg/pxk9dyzj7jz_x3889hx3b3dw0000gn/T//cckCPQlN.s 			page 5


 120 009a 91ED005A 		vldr.32	s10, [r1]
 121              		.loc 1 109 177 view .LVU44
 122 009e D1ED024A 		vldr.32	s9, [r1, #8]
 123              		.loc 1 109 171 view .LVU45
 124 00a2 35EE645A 		vsub.f32	s10, s10, s9
 125              		.loc 1 109 153 view .LVU46
 126 00a6 65EE855A 		vmul.f32	s11, s11, s10
 108:control-base/algo/src/wheel_legged_2d_lqr.c ****              (lqr_poly_fit_param[1 ][0] * len_cub + lqr_poly_fit_param[1 ][1] * len_sqrt + lqr_poly
 127              		.loc 1 108 173 view .LVU47
 128 00aa 37EE257A 		vadd.f32	s14, s14, s11
 110:control-base/algo/src/wheel_legged_2d_lqr.c ****              (lqr_poly_fit_param[3 ][0] * len_cub + lqr_poly_fit_param[3 ][1] * len_sqrt + lqr_poly
 129              		.loc 1 110 37 view .LVU48
 130 00ae D3ED0C5A 		vldr.32	s11, [r3, #48]
 131              		.loc 1 110 41 view .LVU49
 132 00b2 65EE865A 		vmul.f32	s11, s11, s12
 133              		.loc 1 110 75 view .LVU50
 134 00b6 93ED0D5A 		vldr.32	s10, [r3, #52]
 135              		.loc 1 110 79 view .LVU51
 136 00ba 25EE265A 		vmul.f32	s10, s10, s13
 137              		.loc 1 110 51 view .LVU52
 138 00be 75EE855A 		vadd.f32	s11, s11, s10
 139              		.loc 1 110 114 view .LVU53
 140 00c2 93ED0E5A 		vldr.32	s10, [r3, #56]
 141              		.loc 1 110 118 view .LVU54
 142 00c6 25EE275A 		vmul.f32	s10, s10, s15
 143              		.loc 1 110 90 view .LVU55
 144 00ca 75EE855A 		vadd.f32	s11, s11, s10
 145              		.loc 1 110 148 view .LVU56
 146 00ce 93ED0F5A 		vldr.32	s10, [r3, #60]
 147              		.loc 1 110 124 view .LVU57
 148 00d2 75EE855A 		vadd.f32	s11, s11, s10
 149              		.loc 1 110 161 view .LVU58
 150 00d6 91ED015A 		vldr.32	s10, [r1, #4]
 151              		.loc 1 110 183 view .LVU59
 152 00da D1ED034A 		vldr.32	s9, [r1, #12]
 153              		.loc 1 110 176 view .LVU60
 154 00de 35EE645A 		vsub.f32	s10, s10, s9
 155              		.loc 1 110 153 view .LVU61
 156 00e2 65EE855A 		vmul.f32	s11, s11, s10
 109:control-base/algo/src/wheel_legged_2d_lqr.c ****              (lqr_poly_fit_param[2 ][0] * len_cub + lqr_poly_fit_param[2 ][1] * len_sqrt + lqr_poly
 157              		.loc 1 109 182 view .LVU62
 158 00e6 37EE257A 		vadd.f32	s14, s14, s11
 111:control-base/algo/src/wheel_legged_2d_lqr.c ****              (lqr_poly_fit_param[4 ][0] * len_cub + lqr_poly_fit_param[4 ][1] * len_sqrt + lqr_poly
 159              		.loc 1 111 37 view .LVU63
 160 00ea D3ED105A 		vldr.32	s11, [r3, #64]
 161              		.loc 1 111 41 view .LVU64
 162 00ee 65EE865A 		vmul.f32	s11, s11, s12
 163              		.loc 1 111 75 view .LVU65
 164 00f2 93ED115A 		vldr.32	s10, [r3, #68]
 165              		.loc 1 111 79 view .LVU66
 166 00f6 25EE265A 		vmul.f32	s10, s10, s13
 167              		.loc 1 111 51 view .LVU67
 168 00fa 75EE855A 		vadd.f32	s11, s11, s10
 169              		.loc 1 111 114 view .LVU68
 170 00fe 93ED125A 		vldr.32	s10, [r3, #72]
 171              		.loc 1 111 118 view .LVU69
 172 0102 25EE275A 		vmul.f32	s10, s10, s15
ARM GAS  /var/folders/sg/pxk9dyzj7jz_x3889hx3b3dw0000gn/T//cckCPQlN.s 			page 6


 173              		.loc 1 111 90 view .LVU70
 174 0106 75EE855A 		vadd.f32	s11, s11, s10
 175              		.loc 1 111 148 view .LVU71
 176 010a 93ED135A 		vldr.32	s10, [r3, #76]
 177              		.loc 1 111 124 view .LVU72
 178 010e 75EE855A 		vadd.f32	s11, s11, s10
 179              		.loc 1 111 162 view .LVU73
 180 0112 91ED065A 		vldr.32	s10, [r1, #24]
 181              		.loc 1 111 153 view .LVU74
 182 0116 65EE655A 		vnmul.f32	s11, s10, s11
 110:control-base/algo/src/wheel_legged_2d_lqr.c ****              (lqr_poly_fit_param[3 ][0] * len_cub + lqr_poly_fit_param[3 ][1] * len_sqrt + lqr_poly
 183              		.loc 1 110 192 view .LVU75
 184 011a 37EE257A 		vadd.f32	s14, s14, s11
 112:control-base/algo/src/wheel_legged_2d_lqr.c ****              (lqr_poly_fit_param[5 ][0] * len_cub + lqr_poly_fit_param[5 ][1] * len_sqrt + lqr_poly
 185              		.loc 1 112 37 view .LVU76
 186 011e D3ED145A 		vldr.32	s11, [r3, #80]
 187              		.loc 1 112 41 view .LVU77
 188 0122 65EE865A 		vmul.f32	s11, s11, s12
 189              		.loc 1 112 75 view .LVU78
 190 0126 93ED155A 		vldr.32	s10, [r3, #84]
 191              		.loc 1 112 79 view .LVU79
 192 012a 25EE265A 		vmul.f32	s10, s10, s13
 193              		.loc 1 112 51 view .LVU80
 194 012e 75EE855A 		vadd.f32	s11, s11, s10
 195              		.loc 1 112 114 view .LVU81
 196 0132 93ED165A 		vldr.32	s10, [r3, #88]
 197              		.loc 1 112 118 view .LVU82
 198 0136 25EE275A 		vmul.f32	s10, s10, s15
 199              		.loc 1 112 90 view .LVU83
 200 013a 75EE855A 		vadd.f32	s11, s11, s10
 201              		.loc 1 112 148 view .LVU84
 202 013e 93ED175A 		vldr.32	s10, [r3, #92]
 203              		.loc 1 112 124 view .LVU85
 204 0142 75EE855A 		vadd.f32	s11, s11, s10
 205              		.loc 1 112 161 view .LVU86
 206 0146 91ED075A 		vldr.32	s10, [r1, #28]
 207              		.loc 1 112 153 view .LVU87
 208 014a 65EE655A 		vnmul.f32	s11, s10, s11
 111:control-base/algo/src/wheel_legged_2d_lqr.c ****              (lqr_poly_fit_param[4 ][0] * len_cub + lqr_poly_fit_param[4 ][1] * len_sqrt + lqr_poly
 209              		.loc 1 111 169 view .LVU88
 210 014e 37EE257A 		vadd.f32	s14, s14, s11
 107:control-base/algo/src/wheel_legged_2d_lqr.c ****              (lqr_poly_fit_param[1 ][0] * len_cub + lqr_poly_fit_param[1 ][1] * len_sqrt + lqr_poly
 211              		.loc 1 107 12 view .LVU89
 212 0152 80ED007A 		vstr.32	s14, [r0]
 113:control-base/algo/src/wheel_legged_2d_lqr.c ****     u->T_B = (lqr_poly_fit_param[6 ][0] * len_cub + lqr_poly_fit_param[6 ][1] * len_sqrt + lqr_poly
 213              		.loc 1 113 5 is_stmt 1 view .LVU90
 214              		.loc 1 113 37 is_stmt 0 view .LVU91
 215 0156 D3ED185A 		vldr.32	s11, [r3, #96]
 216              		.loc 1 113 41 view .LVU92
 217 015a 65EE865A 		vmul.f32	s11, s11, s12
 218              		.loc 1 113 75 view .LVU93
 219 015e 93ED197A 		vldr.32	s14, [r3, #100]
 220              		.loc 1 113 79 view .LVU94
 221 0162 27EE267A 		vmul.f32	s14, s14, s13
 222              		.loc 1 113 51 view .LVU95
 223 0166 75EE875A 		vadd.f32	s11, s11, s14
 224              		.loc 1 113 114 view .LVU96
ARM GAS  /var/folders/sg/pxk9dyzj7jz_x3889hx3b3dw0000gn/T//cckCPQlN.s 			page 7


 225 016a 93ED1A7A 		vldr.32	s14, [r3, #104]
 226              		.loc 1 113 118 view .LVU97
 227 016e 27EE277A 		vmul.f32	s14, s14, s15
 228              		.loc 1 113 90 view .LVU98
 229 0172 75EE875A 		vadd.f32	s11, s11, s14
 230              		.loc 1 113 148 view .LVU99
 231 0176 93ED1B7A 		vldr.32	s14, [r3, #108]
 232              		.loc 1 113 124 view .LVU100
 233 017a 75EE875A 		vadd.f32	s11, s11, s14
 234              		.loc 1 113 161 view .LVU101
 235 017e 91ED047A 		vldr.32	s14, [r1, #16]
 236              		.loc 1 113 153 view .LVU102
 237 0182 27EE657A 		vnmul.f32	s14, s14, s11
 114:control-base/algo/src/wheel_legged_2d_lqr.c ****              (lqr_poly_fit_param[7 ][0] * len_cub + lqr_poly_fit_param[7 ][1] * len_sqrt + lqr_poly
 238              		.loc 1 114 37 view .LVU103
 239 0186 D3ED1C5A 		vldr.32	s11, [r3, #112]
 240              		.loc 1 114 41 view .LVU104
 241 018a 65EE865A 		vmul.f32	s11, s11, s12
 242              		.loc 1 114 75 view .LVU105
 243 018e 93ED1D5A 		vldr.32	s10, [r3, #116]
 244              		.loc 1 114 79 view .LVU106
 245 0192 25EE265A 		vmul.f32	s10, s10, s13
 246              		.loc 1 114 51 view .LVU107
 247 0196 75EE855A 		vadd.f32	s11, s11, s10
 248              		.loc 1 114 114 view .LVU108
 249 019a 93ED1E5A 		vldr.32	s10, [r3, #120]
 250              		.loc 1 114 118 view .LVU109
 251 019e 25EE275A 		vmul.f32	s10, s10, s15
 252              		.loc 1 114 90 view .LVU110
 253 01a2 75EE855A 		vadd.f32	s11, s11, s10
 254              		.loc 1 114 148 view .LVU111
 255 01a6 93ED1F5A 		vldr.32	s10, [r3, #124]
 256              		.loc 1 114 124 view .LVU112
 257 01aa 75EE855A 		vadd.f32	s11, s11, s10
 258              		.loc 1 114 161 view .LVU113
 259 01ae 91ED055A 		vldr.32	s10, [r1, #20]
 260              		.loc 1 114 153 view .LVU114
 261 01b2 65EE655A 		vnmul.f32	s11, s10, s11
 113:control-base/algo/src/wheel_legged_2d_lqr.c ****     u->T_B = (lqr_poly_fit_param[6 ][0] * len_cub + lqr_poly_fit_param[6 ][1] * len_sqrt + lqr_poly
 262              		.loc 1 113 169 view .LVU115
 263 01b6 37EE257A 		vadd.f32	s14, s14, s11
 115:control-base/algo/src/wheel_legged_2d_lqr.c ****              (lqr_poly_fit_param[8 ][0] * len_cub + lqr_poly_fit_param[8 ][1] * len_sqrt + lqr_poly
 264              		.loc 1 115 37 view .LVU116
 265 01ba D3ED205A 		vldr.32	s11, [r3, #128]
 266              		.loc 1 115 41 view .LVU117
 267 01be 65EE865A 		vmul.f32	s11, s11, s12
 268              		.loc 1 115 75 view .LVU118
 269 01c2 93ED215A 		vldr.32	s10, [r3, #132]
 270              		.loc 1 115 79 view .LVU119
 271 01c6 25EE265A 		vmul.f32	s10, s10, s13
 272              		.loc 1 115 51 view .LVU120
 273 01ca 75EE855A 		vadd.f32	s11, s11, s10
 274              		.loc 1 115 114 view .LVU121
 275 01ce 93ED225A 		vldr.32	s10, [r3, #136]
 276              		.loc 1 115 118 view .LVU122
 277 01d2 25EE275A 		vmul.f32	s10, s10, s15
 278              		.loc 1 115 90 view .LVU123
ARM GAS  /var/folders/sg/pxk9dyzj7jz_x3889hx3b3dw0000gn/T//cckCPQlN.s 			page 8


 279 01d6 75EE855A 		vadd.f32	s11, s11, s10
 280              		.loc 1 115 148 view .LVU124
 281 01da 93ED235A 		vldr.32	s10, [r3, #140]
 282              		.loc 1 115 124 view .LVU125
 283 01de 75EE855A 		vadd.f32	s11, s11, s10
 284              		.loc 1 115 161 view .LVU126
 285 01e2 91ED005A 		vldr.32	s10, [r1]
 286              		.loc 1 115 177 view .LVU127
 287 01e6 D1ED024A 		vldr.32	s9, [r1, #8]
 288              		.loc 1 115 171 view .LVU128
 289 01ea 35EE645A 		vsub.f32	s10, s10, s9
 290              		.loc 1 115 153 view .LVU129
 291 01ee 65EE855A 		vmul.f32	s11, s11, s10
 114:control-base/algo/src/wheel_legged_2d_lqr.c ****              (lqr_poly_fit_param[7 ][0] * len_cub + lqr_poly_fit_param[7 ][1] * len_sqrt + lqr_poly
 292              		.loc 1 114 173 view .LVU130
 293 01f2 37EE257A 		vadd.f32	s14, s14, s11
 116:control-base/algo/src/wheel_legged_2d_lqr.c ****              (lqr_poly_fit_param[9 ][0] * len_cub + lqr_poly_fit_param[9 ][1] * len_sqrt + lqr_poly
 294              		.loc 1 116 37 view .LVU131
 295 01f6 D3ED245A 		vldr.32	s11, [r3, #144]
 296              		.loc 1 116 41 view .LVU132
 297 01fa 65EE865A 		vmul.f32	s11, s11, s12
 298              		.loc 1 116 75 view .LVU133
 299 01fe 93ED255A 		vldr.32	s10, [r3, #148]
 300              		.loc 1 116 79 view .LVU134
 301 0202 25EE265A 		vmul.f32	s10, s10, s13
 302              		.loc 1 116 51 view .LVU135
 303 0206 75EE855A 		vadd.f32	s11, s11, s10
 304              		.loc 1 116 114 view .LVU136
 305 020a 93ED265A 		vldr.32	s10, [r3, #152]
 306              		.loc 1 116 118 view .LVU137
 307 020e 25EE275A 		vmul.f32	s10, s10, s15
 308              		.loc 1 116 90 view .LVU138
 309 0212 75EE855A 		vadd.f32	s11, s11, s10
 310              		.loc 1 116 148 view .LVU139
 311 0216 93ED275A 		vldr.32	s10, [r3, #156]
 312              		.loc 1 116 124 view .LVU140
 313 021a 75EE855A 		vadd.f32	s11, s11, s10
 314              		.loc 1 116 161 view .LVU141
 315 021e 91ED015A 		vldr.32	s10, [r1, #4]
 316              		.loc 1 116 181 view .LVU142
 317 0222 D1ED034A 		vldr.32	s9, [r1, #12]
 318              		.loc 1 116 175 view .LVU143
 319 0226 35EE645A 		vsub.f32	s10, s10, s9
 320              		.loc 1 116 153 view .LVU144
 321 022a 65EE855A 		vmul.f32	s11, s11, s10
 115:control-base/algo/src/wheel_legged_2d_lqr.c ****              (lqr_poly_fit_param[8 ][0] * len_cub + lqr_poly_fit_param[8 ][1] * len_sqrt + lqr_poly
 322              		.loc 1 115 182 view .LVU145
 323 022e 37EE257A 		vadd.f32	s14, s14, s11
 117:control-base/algo/src/wheel_legged_2d_lqr.c ****              (lqr_poly_fit_param[10][0] * len_cub + lqr_poly_fit_param[10][1] * len_sqrt + lqr_poly
 324              		.loc 1 117 37 view .LVU146
 325 0232 D3ED285A 		vldr.32	s11, [r3, #160]
 326              		.loc 1 117 41 view .LVU147
 327 0236 65EE865A 		vmul.f32	s11, s11, s12
 328              		.loc 1 117 75 view .LVU148
 329 023a 93ED295A 		vldr.32	s10, [r3, #164]
 330              		.loc 1 117 79 view .LVU149
 331 023e 25EE265A 		vmul.f32	s10, s10, s13
ARM GAS  /var/folders/sg/pxk9dyzj7jz_x3889hx3b3dw0000gn/T//cckCPQlN.s 			page 9


 332              		.loc 1 117 51 view .LVU150
 333 0242 75EE855A 		vadd.f32	s11, s11, s10
 334              		.loc 1 117 114 view .LVU151
 335 0246 93ED2A5A 		vldr.32	s10, [r3, #168]
 336              		.loc 1 117 118 view .LVU152
 337 024a 25EE275A 		vmul.f32	s10, s10, s15
 338              		.loc 1 117 90 view .LVU153
 339 024e 75EE855A 		vadd.f32	s11, s11, s10
 340              		.loc 1 117 148 view .LVU154
 341 0252 93ED2B5A 		vldr.32	s10, [r3, #172]
 342              		.loc 1 117 124 view .LVU155
 343 0256 75EE855A 		vadd.f32	s11, s11, s10
 344              		.loc 1 117 162 view .LVU156
 345 025a 91ED065A 		vldr.32	s10, [r1, #24]
 346              		.loc 1 117 153 view .LVU157
 347 025e 65EE655A 		vnmul.f32	s11, s10, s11
 116:control-base/algo/src/wheel_legged_2d_lqr.c ****              (lqr_poly_fit_param[9 ][0] * len_cub + lqr_poly_fit_param[9 ][1] * len_sqrt + lqr_poly
 348              		.loc 1 116 190 view .LVU158
 349 0262 37EE257A 		vadd.f32	s14, s14, s11
 118:control-base/algo/src/wheel_legged_2d_lqr.c ****              (lqr_poly_fit_param[11][0] * len_cub + lqr_poly_fit_param[11][1] * len_sqrt + lqr_poly
 350              		.loc 1 118 37 view .LVU159
 351 0266 D3ED2C5A 		vldr.32	s11, [r3, #176]
 352              		.loc 1 118 41 view .LVU160
 353 026a 25EE866A 		vmul.f32	s12, s11, s12
 354              	.LVL4:
 355              		.loc 1 118 75 view .LVU161
 356 026e D3ED2D5A 		vldr.32	s11, [r3, #180]
 357              		.loc 1 118 79 view .LVU162
 358 0272 65EEA66A 		vmul.f32	s13, s11, s13
 359              	.LVL5:
 360              		.loc 1 118 51 view .LVU163
 361 0276 76EE266A 		vadd.f32	s13, s12, s13
 362              		.loc 1 118 114 view .LVU164
 363 027a 93ED2E6A 		vldr.32	s12, [r3, #184]
 364              		.loc 1 118 118 view .LVU165
 365 027e 66EE277A 		vmul.f32	s15, s12, s15
 366              	.LVL6:
 367              		.loc 1 118 90 view .LVU166
 368 0282 76EEA77A 		vadd.f32	s15, s13, s15
 369              		.loc 1 118 148 view .LVU167
 370 0286 D3ED2F6A 		vldr.32	s13, [r3, #188]
 371              		.loc 1 118 124 view .LVU168
 372 028a 77EEA67A 		vadd.f32	s15, s15, s13
 373              		.loc 1 118 161 view .LVU169
 374 028e D1ED076A 		vldr.32	s13, [r1, #28]
 375              		.loc 1 118 153 view .LVU170
 376 0292 66EEE77A 		vnmul.f32	s15, s13, s15
 117:control-base/algo/src/wheel_legged_2d_lqr.c ****              (lqr_poly_fit_param[10][0] * len_cub + lqr_poly_fit_param[10][1] * len_sqrt + lqr_poly
 377              		.loc 1 117 169 view .LVU171
 378 0296 77EE277A 		vadd.f32	s15, s14, s15
 113:control-base/algo/src/wheel_legged_2d_lqr.c ****              (lqr_poly_fit_param[7 ][0] * len_cub + lqr_poly_fit_param[7 ][1] * len_sqrt + lqr_poly
 379              		.loc 1 113 12 view .LVU172
 380 029a C0ED017A 		vstr.32	s15, [r0, #4]
 119:control-base/algo/src/wheel_legged_2d_lqr.c **** // }
 120:control-base/algo/src/wheel_legged_2d_lqr.c **** }...
 381              		.loc 1 120 1 view .LVU173
 382 029e 7047     		bx	lr
ARM GAS  /var/folders/sg/pxk9dyzj7jz_x3889hx3b3dw0000gn/T//cckCPQlN.s 			page 10


 383              	.L3:
 384              		.align	2
 385              	.L2:
 386 02a0 00000000 		.word	lqr_poly_fit_param
 387              		.cfi_endproc
 388              	.LFE0:
 390              		.global	lqr_poly_fit_param
 391              		.section	.data.lqr_poly_fit_param,"aw"
 392              		.align	2
 395              	lqr_poly_fit_param:
 396 0000 39C521C2 		.word	-1037974215
 397 0004 9E8FB842 		.word	1119391646
 398 0008 B80FA6C2 		.word	-1029304392
 399 000c 9565F83F 		.word	1073243541
 400 0010 97FFB541 		.word	1102446487
 401 0014 B7D18EC1 		.word	-1047604809
 402 0018 4772A7C0 		.word	-1062768057
 403 001c B7D1803E 		.word	1048629687
 404 0020 1F05CCC1 		.word	-1043593953
 405 0024 1CFCCC41 		.word	1103952924
 406 0028 AD6918C1 		.word	-1055364691
 407 002c A5BDE13E 		.word	1054981541
 408 0030 154CD5C2 		.word	-1026208747
 409 0034 789CD742 		.word	1121426552
 410 0038 F54A23C2 		.word	-1037874443
 411 003c 560EED3F 		.word	1072500310
 412 0040 3749E742 		.word	1122453815
 413 0044 F0A592C2 		.word	-1030576656
 414 0048 3A236A3F 		.word	1063920442
 415 004c 18951641 		.word	1091999000
 416 0050 94F68741 		.word	1099429524
 417 0054 1F854FC1 		.word	-1051753185
 418 0058 E2E91140 		.word	1074915810
 419 005c D3BC633F 		.word	1063501011
 420 0060 82999444 		.word	1150589314
 421 0064 2B7085C4 		.word	-997887957
 422 0068 5FB19A43 		.word	1134211423
 423 006c 567DB640 		.word	1085701462
 424 0070 0C53D142 		.word	1121014540
 425 0074 6775E0C2 		.word	-1025477273
 426 0078 C4713542 		.word	1110798788
 427 007c 840DAFBE 		.word	-1095823996
 428 0080 9D112842 		.word	1109922205
 429 0084 7513A4C1 		.word	-1046211723
 430 0088 E948ACC0 		.word	-1062450967
 431 008c 9BE69F40 		.word	1084221083
 432 0090 F8733B43 		.word	1127969784
 433 0094 8796C0C2 		.word	-1027565945
 434 0098 69009DC1 		.word	-1046675351
 435 009c 48E1A941 		.word	1101652296
 436 00a0 D4976B44 		.word	1147901908
 437 00a4 0FC473C4 		.word	-999046129
 438 00a8 158DBD43 		.word	1136495893
 439 00ac ABBED9C1 		.word	-1042694485
 440 00b0 3FB7A142 		.word	1117894463
 441 00b4 152CB2C2 		.word	-1028510699
 442 00b8 89811742 		.word	1108836745
ARM GAS  /var/folders/sg/pxk9dyzj7jz_x3889hx3b3dw0000gn/T//cckCPQlN.s 			page 11


 443 00bc 9C3394C0 		.word	-1064029284
 444              		.text
 445              	.Letext0:
 446              		.file 2 "control-base/algo/inc/wheel_legged_2d_Lqr.h"
ARM GAS  /var/folders/sg/pxk9dyzj7jz_x3889hx3b3dw0000gn/T//cckCPQlN.s 			page 12


DEFINED SYMBOLS
                            *ABS*:00000000 wheel_legged_2d_lqr.c
/var/folders/sg/pxk9dyzj7jz_x3889hx3b3dw0000gn/T//cckCPQlN.s:21     .text.LQR_Output:00000000 $t
/var/folders/sg/pxk9dyzj7jz_x3889hx3b3dw0000gn/T//cckCPQlN.s:27     .text.LQR_Output:00000000 LQR_Output
/var/folders/sg/pxk9dyzj7jz_x3889hx3b3dw0000gn/T//cckCPQlN.s:386    .text.LQR_Output:000002a0 $d
/var/folders/sg/pxk9dyzj7jz_x3889hx3b3dw0000gn/T//cckCPQlN.s:395    .data.lqr_poly_fit_param:00000000 lqr_poly_fit_param
/var/folders/sg/pxk9dyzj7jz_x3889hx3b3dw0000gn/T//cckCPQlN.s:392    .data.lqr_poly_fit_param:00000000 $d

NO UNDEFINED SYMBOLS
